[7.503s] Invoking command in '/home/ubuntu/ros2_ws/src/tb_04': PYTHONPATH=/home/ubuntu/ros2_ws/src/build/tb_04/prefix_override:/usr/lib/python3/dist-packages/colcon_core/task/python/colcon_distutils_commands:/home/ubuntu/ros2_ws/src/install/tb_04/lib/python3.10/site-packages:${PYTHONPATH} /usr/bin/python3 -W ignore:setup.py install is deprecated -W ignore:easy_install command is deprecated setup.py egg_info --egg-base ../build/tb_04 build --build-base /home/ubuntu/ros2_ws/src/build/tb_04/build install --record /home/ubuntu/ros2_ws/src/build/tb_04/install.log --single-version-externally-managed install_data
[9.412s] running egg_info
[9.416s] writing ../build/tb_04/tb_04.egg-info/PKG-INFO
[9.418s] writing dependency_links to ../build/tb_04/tb_04.egg-info/dependency_links.txt
[9.421s] writing entry points to ../build/tb_04/tb_04.egg-info/entry_points.txt
[9.423s] writing requirements to ../build/tb_04/tb_04.egg-info/requires.txt
[9.425s] writing top-level names to ../build/tb_04/tb_04.egg-info/top_level.txt
[9.446s] reading manifest file '../build/tb_04/tb_04.egg-info/SOURCES.txt'
[9.453s] writing manifest file '../build/tb_04/tb_04.egg-info/SOURCES.txt'
[9.455s] running build
[9.456s] running build_py
[9.458s] copying tb_04/camera_drive.py -> /home/ubuntu/ros2_ws/src/build/tb_04/build/lib/tb_04
[9.461s] running install
[9.464s] running install_lib
[9.471s] copying /home/ubuntu/ros2_ws/src/build/tb_04/build/lib/tb_04/camera_drive.py -> /home/ubuntu/ros2_ws/src/install/tb_04/lib/python3.10/site-packages/tb_04
[9.477s] byte-compiling /home/ubuntu/ros2_ws/src/install/tb_04/lib/python3.10/site-packages/tb_04/camera_drive.py to camera_drive.cpython-310.pyc
[9.483s] running install_data
[9.485s] running install_egg_info
[9.494s] removing '/home/ubuntu/ros2_ws/src/install/tb_04/lib/python3.10/site-packages/tb_04-0.0.0-py3.10.egg-info' (and everything under it)
[9.497s] Copying ../build/tb_04/tb_04.egg-info to /home/ubuntu/ros2_ws/src/install/tb_04/lib/python3.10/site-packages/tb_04-0.0.0-py3.10.egg-info
[9.508s] running install_scripts
[9.707s] Installing camera script to /home/ubuntu/ros2_ws/src/install/tb_04/lib/tb_04
[9.711s] Installing drive script to /home/ubuntu/ros2_ws/src/install/tb_04/lib/tb_04
[9.714s] Installing wheels script to /home/ubuntu/ros2_ws/src/install/tb_04/lib/tb_04
[9.717s] writing list of installed files to '/home/ubuntu/ros2_ws/src/build/tb_04/install.log'
[9.904s] Invoked command in '/home/ubuntu/ros2_ws/src/tb_04' returned '0': PYTHONPATH=/home/ubuntu/ros2_ws/src/build/tb_04/prefix_override:/usr/lib/python3/dist-packages/colcon_core/task/python/colcon_distutils_commands:/home/ubuntu/ros2_ws/src/install/tb_04/lib/python3.10/site-packages:${PYTHONPATH} /usr/bin/python3 -W ignore:setup.py install is deprecated -W ignore:easy_install command is deprecated setup.py egg_info --egg-base ../build/tb_04 build --build-base /home/ubuntu/ros2_ws/src/build/tb_04/build install --record /home/ubuntu/ros2_ws/src/build/tb_04/install.log --single-version-externally-managed install_data
