[17.814s] Invoking command in '/home/ubuntu/ros2_ws/src/wheels': PYTHONPATH=/home/ubuntu/ros2_ws/src/build/wheels/prefix_override:/usr/lib/python3/dist-packages/colcon_core/task/python/colcon_distutils_commands:/home/ubuntu/ros2_ws/src/install/wheels/lib/python3.10/site-packages:${PYTHONPATH} /usr/bin/python3 -W ignore:setup.py install is deprecated -W ignore:easy_install command is deprecated setup.py egg_info --egg-base ../build/wheels build --build-base /home/ubuntu/ros2_ws/src/build/wheels/build install --record /home/ubuntu/ros2_ws/src/build/wheels/install.log --single-version-externally-managed install_data
[20.447s] running egg_info
[20.452s] writing ../build/wheels/wheels.egg-info/PKG-INFO
[20.456s] writing dependency_links to ../build/wheels/wheels.egg-info/dependency_links.txt
[20.458s] writing entry points to ../build/wheels/wheels.egg-info/entry_points.txt
[20.459s] writing requirements to ../build/wheels/wheels.egg-info/requires.txt
[20.461s] writing top-level names to ../build/wheels/wheels.egg-info/top_level.txt
[20.482s] reading manifest file '../build/wheels/wheels.egg-info/SOURCES.txt'
[20.492s] writing manifest file '../build/wheels/wheels.egg-info/SOURCES.txt'
[20.494s] running build
[20.496s] running build_py
[20.497s] running install
[20.498s] running install_lib
[20.527s] running install_data
[20.528s] running install_egg_info
[20.552s] removing '/home/ubuntu/ros2_ws/src/install/wheels/lib/python3.10/site-packages/wheels-0.0.0-py3.10.egg-info' (and everything under it)
[20.574s] Copying ../build/wheels/wheels.egg-info to /home/ubuntu/ros2_ws/src/install/wheels/lib/python3.10/site-packages/wheels-0.0.0-py3.10.egg-info
[20.589s] running install_scripts
[20.842s] Installing wheels script to /home/ubuntu/ros2_ws/src/install/wheels/lib/wheels
[20.859s] writing list of installed files to '/home/ubuntu/ros2_ws/src/build/wheels/install.log'
[21.155s] Invoked command in '/home/ubuntu/ros2_ws/src/wheels' returned '0': PYTHONPATH=/home/ubuntu/ros2_ws/src/build/wheels/prefix_override:/usr/lib/python3/dist-packages/colcon_core/task/python/colcon_distutils_commands:/home/ubuntu/ros2_ws/src/install/wheels/lib/python3.10/site-packages:${PYTHONPATH} /usr/bin/python3 -W ignore:setup.py install is deprecated -W ignore:easy_install command is deprecated setup.py egg_info --egg-base ../build/wheels build --build-base /home/ubuntu/ros2_ws/src/build/wheels/build install --record /home/ubuntu/ros2_ws/src/build/wheels/install.log --single-version-externally-managed install_data
