[4.101s] Invoking command in '/home/ubuntu/ros2_ws/src/wheels': PYTHONPATH=/home/ubuntu/ros2_ws/src/build/wheels/prefix_override:/usr/lib/python3/dist-packages/colcon_core/task/python/colcon_distutils_commands:/home/ubuntu/ros2_ws/src/install/wheels/lib/python3.10/site-packages:${PYTHONPATH} /usr/bin/python3 -W ignore:setup.py install is deprecated -W ignore:easy_install command is deprecated setup.py egg_info --egg-base ../build/wheels build --build-base /home/ubuntu/ros2_ws/src/build/wheels/build install --record /home/ubuntu/ros2_ws/src/build/wheels/install.log --single-version-externally-managed install_data
[5.255s] running egg_info
[5.258s] writing ../build/wheels/wheels.egg-info/PKG-INFO
[5.259s] writing dependency_links to ../build/wheels/wheels.egg-info/dependency_links.txt
[5.260s] writing entry points to ../build/wheels/wheels.egg-info/entry_points.txt
[5.263s] writing requirements to ../build/wheels/wheels.egg-info/requires.txt
[5.264s] writing top-level names to ../build/wheels/wheels.egg-info/top_level.txt
[5.272s] reading manifest file '../build/wheels/wheels.egg-info/SOURCES.txt'
[5.276s] writing manifest file '../build/wheels/wheels.egg-info/SOURCES.txt'
[5.277s] running build
[5.277s] running build_py
[5.280s] running install
[5.281s] running install_lib
[5.285s] running install_data
[5.286s] running install_egg_info
[5.295s] removing '/home/ubuntu/ros2_ws/src/install/wheels/lib/python3.10/site-packages/wheels-0.0.0-py3.10.egg-info' (and everything under it)
[5.296s] Copying ../build/wheels/wheels.egg-info to /home/ubuntu/ros2_ws/src/install/wheels/lib/python3.10/site-packages/wheels-0.0.0-py3.10.egg-info
[5.303s] running install_scripts
[5.392s] Installing wheels script to /home/ubuntu/ros2_ws/src/install/wheels/lib/wheels
[5.394s] writing list of installed files to '/home/ubuntu/ros2_ws/src/build/wheels/install.log'
[5.562s] Invoked command in '/home/ubuntu/ros2_ws/src/wheels' returned '0': PYTHONPATH=/home/ubuntu/ros2_ws/src/build/wheels/prefix_override:/usr/lib/python3/dist-packages/colcon_core/task/python/colcon_distutils_commands:/home/ubuntu/ros2_ws/src/install/wheels/lib/python3.10/site-packages:${PYTHONPATH} /usr/bin/python3 -W ignore:setup.py install is deprecated -W ignore:easy_install command is deprecated setup.py egg_info --egg-base ../build/wheels build --build-base /home/ubuntu/ros2_ws/src/build/wheels/build install --record /home/ubuntu/ros2_ws/src/build/wheels/install.log --single-version-externally-managed install_data
