[5.696s] Invoking command in '/home/ubuntu/ros2_ws/src/camera_drive': PYTHONPATH=/home/ubuntu/ros2_ws/src/build/camera_drive/prefix_override:/usr/lib/python3/dist-packages/colcon_core/task/python/colcon_distutils_commands:/home/ubuntu/ros2_ws/src/install/camera_drive/lib/python3.10/site-packages:${PYTHONPATH} /usr/bin/python3 -W ignore:setup.py install is deprecated -W ignore:easy_install command is deprecated setup.py egg_info --egg-base ../build/camera_drive build --build-base /home/ubuntu/ros2_ws/src/build/camera_drive/build install --record /home/ubuntu/ros2_ws/src/build/camera_drive/install.log --single-version-externally-managed install_data
[7.055s] running egg_info
[7.062s] writing ../build/camera_drive/camera_drive.egg-info/PKG-INFO
[7.065s] writing dependency_links to ../build/camera_drive/camera_drive.egg-info/dependency_links.txt
[7.068s] writing entry points to ../build/camera_drive/camera_drive.egg-info/entry_points.txt
[7.070s] writing requirements to ../build/camera_drive/camera_drive.egg-info/requires.txt
[7.071s] writing top-level names to ../build/camera_drive/camera_drive.egg-info/top_level.txt
[7.083s] reading manifest file '../build/camera_drive/camera_drive.egg-info/SOURCES.txt'
[7.089s] writing manifest file '../build/camera_drive/camera_drive.egg-info/SOURCES.txt'
[7.091s] running build
[7.092s] running build_py
[7.093s] running install
[7.095s] running install_lib
[7.104s] running install_data
[7.105s] running install_egg_info
[7.118s] removing '/home/ubuntu/ros2_ws/src/install/camera_drive/lib/python3.10/site-packages/camera_drive-0.0.0-py3.10.egg-info' (and everything under it)
[7.121s] Copying ../build/camera_drive/camera_drive.egg-info to /home/ubuntu/ros2_ws/src/install/camera_drive/lib/python3.10/site-packages/camera_drive-0.0.0-py3.10.egg-info
[7.137s] running install_scripts
[7.280s] Installing camera_dive script to /home/ubuntu/ros2_ws/src/install/camera_drive/lib/camera_drive
[7.281s] writing list of installed files to '/home/ubuntu/ros2_ws/src/build/camera_drive/install.log'
[7.402s] Invoked command in '/home/ubuntu/ros2_ws/src/camera_drive' returned '0': PYTHONPATH=/home/ubuntu/ros2_ws/src/build/camera_drive/prefix_override:/usr/lib/python3/dist-packages/colcon_core/task/python/colcon_distutils_commands:/home/ubuntu/ros2_ws/src/install/camera_drive/lib/python3.10/site-packages:${PYTHONPATH} /usr/bin/python3 -W ignore:setup.py install is deprecated -W ignore:easy_install command is deprecated setup.py egg_info --egg-base ../build/camera_drive build --build-base /home/ubuntu/ros2_ws/src/build/camera_drive/build install --record /home/ubuntu/ros2_ws/src/build/camera_drive/install.log --single-version-externally-managed install_data
