[16.856s] Invoking command in '/home/ubuntu/ros2_ws/src/wheels': PYTHONPATH=/home/ubuntu/ros2_ws/src/build/wheels/prefix_override:/usr/lib/python3/dist-packages/colcon_core/task/python/colcon_distutils_commands:/home/ubuntu/ros2_ws/src/install/wheels/lib/python3.10/site-packages:${PYTHONPATH} /usr/bin/python3 -W ignore:setup.py install is deprecated -W ignore:easy_install command is deprecated setup.py egg_info --egg-base ../build/wheels build --build-base /home/ubuntu/ros2_ws/src/build/wheels/build install --record /home/ubuntu/ros2_ws/src/build/wheels/install.log --single-version-externally-managed install_data
[19.775s] running egg_info
[19.786s] writing ../build/wheels/wheels.egg-info/PKG-INFO
[19.796s] writing dependency_links to ../build/wheels/wheels.egg-info/dependency_links.txt
[19.801s] writing entry points to ../build/wheels/wheels.egg-info/entry_points.txt
[19.813s] writing requirements to ../build/wheels/wheels.egg-info/requires.txt
[19.820s] writing top-level names to ../build/wheels/wheels.egg-info/top_level.txt
[19.854s] reading manifest file '../build/wheels/wheels.egg-info/SOURCES.txt'
[19.861s] writing manifest file '../build/wheels/wheels.egg-info/SOURCES.txt'
[19.862s] running build
[19.863s] running build_py
[19.866s] running install
[19.867s] running install_lib
[19.873s] running install_data
[19.874s] running install_egg_info
[19.898s] removing '/home/ubuntu/ros2_ws/src/install/wheels/lib/python3.10/site-packages/wheels-0.0.0-py3.10.egg-info' (and everything under it)
[19.929s] Copying ../build/wheels/wheels.egg-info to /home/ubuntu/ros2_ws/src/install/wheels/lib/python3.10/site-packages/wheels-0.0.0-py3.10.egg-info
[19.938s] running install_scripts
[20.277s] Installing wheels script to /home/ubuntu/ros2_ws/src/install/wheels/lib/wheels
[20.290s] writing list of installed files to '/home/ubuntu/ros2_ws/src/build/wheels/install.log'
[20.932s] Invoked command in '/home/ubuntu/ros2_ws/src/wheels' returned '0': PYTHONPATH=/home/ubuntu/ros2_ws/src/build/wheels/prefix_override:/usr/lib/python3/dist-packages/colcon_core/task/python/colcon_distutils_commands:/home/ubuntu/ros2_ws/src/install/wheels/lib/python3.10/site-packages:${PYTHONPATH} /usr/bin/python3 -W ignore:setup.py install is deprecated -W ignore:easy_install command is deprecated setup.py egg_info --egg-base ../build/wheels build --build-base /home/ubuntu/ros2_ws/src/build/wheels/build install --record /home/ubuntu/ros2_ws/src/build/wheels/install.log --single-version-externally-managed install_data
