[5.370s] Invoking command in '/home/ubuntu/ros2_ws/src/wheels': PYTHONPATH=/home/ubuntu/ros2_ws/src/build/wheels/prefix_override:/usr/lib/python3/dist-packages/colcon_core/task/python/colcon_distutils_commands:/home/ubuntu/ros2_ws/src/install/wheels/lib/python3.10/site-packages:${PYTHONPATH} /usr/bin/python3 -W ignore:setup.py install is deprecated -W ignore:easy_install command is deprecated setup.py egg_info --egg-base ../build/wheels build --build-base /home/ubuntu/ros2_ws/src/build/wheels/build install --record /home/ubuntu/ros2_ws/src/build/wheels/install.log --single-version-externally-managed install_data
[6.921s] running egg_info
[6.929s] writing ../build/wheels/wheels.egg-info/PKG-INFO
[6.934s] writing dependency_links to ../build/wheels/wheels.egg-info/dependency_links.txt
[6.935s] writing entry points to ../build/wheels/wheels.egg-info/entry_points.txt
[6.936s] writing requirements to ../build/wheels/wheels.egg-info/requires.txt
[6.939s] writing top-level names to ../build/wheels/wheels.egg-info/top_level.txt
[6.953s] reading manifest file '../build/wheels/wheels.egg-info/SOURCES.txt'
[6.955s] writing manifest file '../build/wheels/wheels.egg-info/SOURCES.txt'
[6.958s] running build
[6.959s] running build_py
[6.960s] running install
[6.963s] running install_lib
[6.968s] running install_data
[6.969s] running install_egg_info
[6.979s] removing '/home/ubuntu/ros2_ws/src/install/wheels/lib/python3.10/site-packages/wheels-0.0.0-py3.10.egg-info' (and everything under it)
[6.982s] Copying ../build/wheels/wheels.egg-info to /home/ubuntu/ros2_ws/src/install/wheels/lib/python3.10/site-packages/wheels-0.0.0-py3.10.egg-info
[6.995s] running install_scripts
[7.139s] Installing wheels script to /home/ubuntu/ros2_ws/src/install/wheels/lib/wheels
[7.142s] writing list of installed files to '/home/ubuntu/ros2_ws/src/build/wheels/install.log'
[7.367s] Invoked command in '/home/ubuntu/ros2_ws/src/wheels' returned '0': PYTHONPATH=/home/ubuntu/ros2_ws/src/build/wheels/prefix_override:/usr/lib/python3/dist-packages/colcon_core/task/python/colcon_distutils_commands:/home/ubuntu/ros2_ws/src/install/wheels/lib/python3.10/site-packages:${PYTHONPATH} /usr/bin/python3 -W ignore:setup.py install is deprecated -W ignore:easy_install command is deprecated setup.py egg_info --egg-base ../build/wheels build --build-base /home/ubuntu/ros2_ws/src/build/wheels/build install --record /home/ubuntu/ros2_ws/src/build/wheels/install.log --single-version-externally-managed install_data
