[5.384s] Invoking command in '/home/ubuntu/ros2_ws/src/camera': PYTHONPATH=/home/ubuntu/ros2_ws/src/build/camera/prefix_override:/usr/lib/python3/dist-packages/colcon_core/task/python/colcon_distutils_commands:/home/ubuntu/ros2_ws/src/install/camera/lib/python3.10/site-packages:${PYTHONPATH} /usr/bin/python3 -W ignore:setup.py install is deprecated -W ignore:easy_install command is deprecated setup.py egg_info --egg-base ../build/camera build --build-base /home/ubuntu/ros2_ws/src/build/camera/build install --record /home/ubuntu/ros2_ws/src/build/camera/install.log --single-version-externally-managed install_data
[6.924s] running egg_info
[6.927s] writing ../build/camera/camera.egg-info/PKG-INFO
[6.929s] writing dependency_links to ../build/camera/camera.egg-info/dependency_links.txt
[6.930s] writing entry points to ../build/camera/camera.egg-info/entry_points.txt
[6.930s] writing requirements to ../build/camera/camera.egg-info/requires.txt
[6.931s] writing top-level names to ../build/camera/camera.egg-info/top_level.txt
[6.952s] reading manifest file '../build/camera/camera.egg-info/SOURCES.txt'
[6.953s] writing manifest file '../build/camera/camera.egg-info/SOURCES.txt'
[6.954s] running build
[6.954s] running build_py
[6.955s] copying camera/camera.py -> /home/ubuntu/ros2_ws/src/build/camera/build/lib/camera
[6.956s] running install
[6.959s] running install_lib
[6.962s] copying /home/ubuntu/ros2_ws/src/build/camera/build/lib/camera/camera.py -> /home/ubuntu/ros2_ws/src/install/camera/lib/python3.10/site-packages/camera
[6.965s] byte-compiling /home/ubuntu/ros2_ws/src/install/camera/lib/python3.10/site-packages/camera/camera.py to camera.cpython-310.pyc
[6.973s] running install_data
[6.974s] running install_egg_info
[6.991s] removing '/home/ubuntu/ros2_ws/src/install/camera/lib/python3.10/site-packages/camera-0.0.0-py3.10.egg-info' (and everything under it)
[6.992s] Copying ../build/camera/camera.egg-info to /home/ubuntu/ros2_ws/src/install/camera/lib/python3.10/site-packages/camera-0.0.0-py3.10.egg-info
[6.999s] running install_scripts
[7.154s] Installing camera script to /home/ubuntu/ros2_ws/src/install/camera/lib/camera
[7.157s] writing list of installed files to '/home/ubuntu/ros2_ws/src/build/camera/install.log'
[7.323s] Invoked command in '/home/ubuntu/ros2_ws/src/camera' returned '0': PYTHONPATH=/home/ubuntu/ros2_ws/src/build/camera/prefix_override:/usr/lib/python3/dist-packages/colcon_core/task/python/colcon_distutils_commands:/home/ubuntu/ros2_ws/src/install/camera/lib/python3.10/site-packages:${PYTHONPATH} /usr/bin/python3 -W ignore:setup.py install is deprecated -W ignore:easy_install command is deprecated setup.py egg_info --egg-base ../build/camera build --build-base /home/ubuntu/ros2_ws/src/build/camera/build install --record /home/ubuntu/ros2_ws/src/build/camera/install.log --single-version-externally-managed install_data
