[7.077s] Invoking command in '/home/ubuntu/ros2_ws/src/camera_drive': PYTHONPATH=/home/ubuntu/ros2_ws/src/build/camera_drive/prefix_override:/usr/lib/python3/dist-packages/colcon_core/task/python/colcon_distutils_commands:/home/ubuntu/ros2_ws/src/install/camera_drive/lib/python3.10/site-packages:${PYTHONPATH} /usr/bin/python3 -W ignore:setup.py install is deprecated -W ignore:easy_install command is deprecated setup.py egg_info --egg-base ../build/camera_drive build --build-base /home/ubuntu/ros2_ws/src/build/camera_drive/build install --record /home/ubuntu/ros2_ws/src/build/camera_drive/install.log --single-version-externally-managed install_data
[8.384s] running egg_info
[8.387s] writing ../build/camera_drive/camera_drive.egg-info/PKG-INFO
[8.388s] writing dependency_links to ../build/camera_drive/camera_drive.egg-info/dependency_links.txt
[8.391s] writing entry points to ../build/camera_drive/camera_drive.egg-info/entry_points.txt
[8.393s] writing requirements to ../build/camera_drive/camera_drive.egg-info/requires.txt
[8.394s] writing top-level names to ../build/camera_drive/camera_drive.egg-info/top_level.txt
[8.402s] reading manifest file '../build/camera_drive/camera_drive.egg-info/SOURCES.txt'
[8.406s] writing manifest file '../build/camera_drive/camera_drive.egg-info/SOURCES.txt'
[8.408s] running build
[8.408s] running build_py
[8.409s] running install
[8.410s] running install_lib
[8.416s] running install_data
[8.417s] running install_egg_info
[8.426s] removing '/home/ubuntu/ros2_ws/src/install/camera_drive/lib/python3.10/site-packages/camera_drive-0.0.0-py3.10.egg-info' (and everything under it)
[8.428s] Copying ../build/camera_drive/camera_drive.egg-info to /home/ubuntu/ros2_ws/src/install/camera_drive/lib/python3.10/site-packages/camera_drive-0.0.0-py3.10.egg-info
[8.436s] running install_scripts
[8.535s] Installing camera_dive script to /home/ubuntu/ros2_ws/src/install/camera_drive/lib/camera_drive
[8.538s] writing list of installed files to '/home/ubuntu/ros2_ws/src/build/camera_drive/install.log'
[8.730s] Invoked command in '/home/ubuntu/ros2_ws/src/camera_drive' returned '0': PYTHONPATH=/home/ubuntu/ros2_ws/src/build/camera_drive/prefix_override:/usr/lib/python3/dist-packages/colcon_core/task/python/colcon_distutils_commands:/home/ubuntu/ros2_ws/src/install/camera_drive/lib/python3.10/site-packages:${PYTHONPATH} /usr/bin/python3 -W ignore:setup.py install is deprecated -W ignore:easy_install command is deprecated setup.py egg_info --egg-base ../build/camera_drive build --build-base /home/ubuntu/ros2_ws/src/build/camera_drive/build install --record /home/ubuntu/ros2_ws/src/build/camera_drive/install.log --single-version-externally-managed install_data
