[9.043s] Invoking command in '/home/ubuntu/ros2_ws/src/wheels': PYTHONPATH=/home/ubuntu/ros2_ws/src/build/wheels/prefix_override:/usr/lib/python3/dist-packages/colcon_core/task/python/colcon_distutils_commands:/home/ubuntu/ros2_ws/src/install/wheels/lib/python3.10/site-packages:${PYTHONPATH} /usr/bin/python3 -W ignore:setup.py install is deprecated -W ignore:easy_install command is deprecated setup.py egg_info --egg-base ../build/wheels build --build-base /home/ubuntu/ros2_ws/src/build/wheels/build install --record /home/ubuntu/ros2_ws/src/build/wheels/install.log --single-version-externally-managed install_data
[11.160s] running egg_info
[11.166s] writing ../build/wheels/wheels.egg-info/PKG-INFO
[11.483s] writing dependency_links to ../build/wheels/wheels.egg-info/dependency_links.txt
[11.486s] writing entry points to ../build/wheels/wheels.egg-info/entry_points.txt
[11.488s] writing requirements to ../build/wheels/wheels.egg-info/requires.txt
[11.491s] writing top-level names to ../build/wheels/wheels.egg-info/top_level.txt
[11.504s] reading manifest file '../build/wheels/wheels.egg-info/SOURCES.txt'
[11.523s] writing manifest file '../build/wheels/wheels.egg-info/SOURCES.txt'
[11.523s] running build
[11.528s] running build_py
[11.529s] running install
[11.532s] running install_lib
[11.541s] running install_data
[11.542s] running install_egg_info
[11.553s] removing '/home/ubuntu/ros2_ws/src/install/wheels/lib/python3.10/site-packages/wheels-0.0.0-py3.10.egg-info' (and everything under it)
[11.555s] Copying ../build/wheels/wheels.egg-info to /home/ubuntu/ros2_ws/src/install/wheels/lib/python3.10/site-packages/wheels-0.0.0-py3.10.egg-info
[11.567s] running install_scripts
[11.739s] Installing wheels script to /home/ubuntu/ros2_ws/src/install/wheels/lib/wheels
[11.742s] writing list of installed files to '/home/ubuntu/ros2_ws/src/build/wheels/install.log'
[11.982s] Invoked command in '/home/ubuntu/ros2_ws/src/wheels' returned '0': PYTHONPATH=/home/ubuntu/ros2_ws/src/build/wheels/prefix_override:/usr/lib/python3/dist-packages/colcon_core/task/python/colcon_distutils_commands:/home/ubuntu/ros2_ws/src/install/wheels/lib/python3.10/site-packages:${PYTHONPATH} /usr/bin/python3 -W ignore:setup.py install is deprecated -W ignore:easy_install command is deprecated setup.py egg_info --egg-base ../build/wheels build --build-base /home/ubuntu/ros2_ws/src/build/wheels/build install --record /home/ubuntu/ros2_ws/src/build/wheels/install.log --single-version-externally-managed install_data
