[7.625s] Invoking command in '/home/ubuntu/ros2_ws/src/camera_drive': PYTHONPATH=/home/ubuntu/ros2_ws/src/build/camera_drive/prefix_override:/usr/lib/python3/dist-packages/colcon_core/task/python/colcon_distutils_commands:/home/ubuntu/ros2_ws/src/install/camera_drive/lib/python3.10/site-packages:${PYTHONPATH} /usr/bin/python3 -W ignore:setup.py install is deprecated -W ignore:easy_install command is deprecated setup.py egg_info --egg-base ../build/camera_drive build --build-base /home/ubuntu/ros2_ws/src/build/camera_drive/build install --record /home/ubuntu/ros2_ws/src/build/camera_drive/install.log --single-version-externally-managed install_data
[9.607s] running egg_info
[9.609s] writing ../build/camera_drive/camera_drive.egg-info/PKG-INFO
[9.611s] writing dependency_links to ../build/camera_drive/camera_drive.egg-info/dependency_links.txt
[9.612s] writing entry points to ../build/camera_drive/camera_drive.egg-info/entry_points.txt
[9.625s] writing requirements to ../build/camera_drive/camera_drive.egg-info/requires.txt
[9.626s] writing top-level names to ../build/camera_drive/camera_drive.egg-info/top_level.txt
[9.635s] reading manifest file '../build/camera_drive/camera_drive.egg-info/SOURCES.txt'
[9.639s] writing manifest file '../build/camera_drive/camera_drive.egg-info/SOURCES.txt'
[9.640s] running build
[9.640s] running build_py
[9.641s] running install
[9.643s] running install_lib
[9.653s] running install_data
[9.665s] running install_egg_info
[9.671s] removing '/home/ubuntu/ros2_ws/src/install/camera_drive/lib/python3.10/site-packages/camera_drive-0.0.0-py3.10.egg-info' (and everything under it)
[9.676s] Copying ../build/camera_drive/camera_drive.egg-info to /home/ubuntu/ros2_ws/src/install/camera_drive/lib/python3.10/site-packages/camera_drive-0.0.0-py3.10.egg-info
[9.686s] running install_scripts
[9.808s] Installing camera_dive script to /home/ubuntu/ros2_ws/src/install/camera_drive/lib/camera_drive
[9.812s] writing list of installed files to '/home/ubuntu/ros2_ws/src/build/camera_drive/install.log'
[10.187s] Invoked command in '/home/ubuntu/ros2_ws/src/camera_drive' returned '0': PYTHONPATH=/home/ubuntu/ros2_ws/src/build/camera_drive/prefix_override:/usr/lib/python3/dist-packages/colcon_core/task/python/colcon_distutils_commands:/home/ubuntu/ros2_ws/src/install/camera_drive/lib/python3.10/site-packages:${PYTHONPATH} /usr/bin/python3 -W ignore:setup.py install is deprecated -W ignore:easy_install command is deprecated setup.py egg_info --egg-base ../build/camera_drive build --build-base /home/ubuntu/ros2_ws/src/build/camera_drive/build install --record /home/ubuntu/ros2_ws/src/build/camera_drive/install.log --single-version-externally-managed install_data
