[9.047s] Invoking command in '/home/ubuntu/ros2_ws/src/tb_04': PYTHONPATH=/home/ubuntu/ros2_ws/src/build/tb_04/prefix_override:/usr/lib/python3/dist-packages/colcon_core/task/python/colcon_distutils_commands:/home/ubuntu/ros2_ws/src/install/tb_04/lib/python3.10/site-packages:${PYTHONPATH} /usr/bin/python3 -W ignore:setup.py install is deprecated -W ignore:easy_install command is deprecated setup.py egg_info --egg-base ../build/tb_04 build --build-base /home/ubuntu/ros2_ws/src/build/tb_04/build install --record /home/ubuntu/ros2_ws/src/build/tb_04/install.log --single-version-externally-managed install_data
[11.085s] running egg_info
[11.088s] writing ../build/tb_04/tb_04.egg-info/PKG-INFO
[11.534s] writing dependency_links to ../build/tb_04/tb_04.egg-info/dependency_links.txt
[11.551s] writing entry points to ../build/tb_04/tb_04.egg-info/entry_points.txt
[11.554s] writing requirements to ../build/tb_04/tb_04.egg-info/requires.txt
[11.555s] writing top-level names to ../build/tb_04/tb_04.egg-info/top_level.txt
[11.565s] reading manifest file '../build/tb_04/tb_04.egg-info/SOURCES.txt'
[11.587s] writing manifest file '../build/tb_04/tb_04.egg-info/SOURCES.txt'
[11.589s] running build
[11.595s] running build_py
[11.601s] copying tb_04/camera.py -> /home/ubuntu/ros2_ws/src/build/tb_04/build/lib/tb_04
[11.602s] running install
[11.609s] running install_lib
[11.626s] copying /home/ubuntu/ros2_ws/src/build/tb_04/build/lib/tb_04/camera.py -> /home/ubuntu/ros2_ws/src/install/tb_04/lib/python3.10/site-packages/tb_04
[11.647s] byte-compiling /home/ubuntu/ros2_ws/src/install/tb_04/lib/python3.10/site-packages/tb_04/camera.py to camera.cpython-310.pyc
[11.664s] running install_data
[11.666s] running install_egg_info
[11.710s] removing '/home/ubuntu/ros2_ws/src/install/tb_04/lib/python3.10/site-packages/tb_04-0.0.0-py3.10.egg-info' (and everything under it)
[11.728s] Copying ../build/tb_04/tb_04.egg-info to /home/ubuntu/ros2_ws/src/install/tb_04/lib/python3.10/site-packages/tb_04-0.0.0-py3.10.egg-info
[11.747s] running install_scripts
[12.137s] Installing camera script to /home/ubuntu/ros2_ws/src/install/tb_04/lib/tb_04
[12.140s] Installing drive script to /home/ubuntu/ros2_ws/src/install/tb_04/lib/tb_04
[12.142s] Installing wheels script to /home/ubuntu/ros2_ws/src/install/tb_04/lib/tb_04
[12.160s] writing list of installed files to '/home/ubuntu/ros2_ws/src/build/tb_04/install.log'
[12.391s] Invoked command in '/home/ubuntu/ros2_ws/src/tb_04' returned '0': PYTHONPATH=/home/ubuntu/ros2_ws/src/build/tb_04/prefix_override:/usr/lib/python3/dist-packages/colcon_core/task/python/colcon_distutils_commands:/home/ubuntu/ros2_ws/src/install/tb_04/lib/python3.10/site-packages:${PYTHONPATH} /usr/bin/python3 -W ignore:setup.py install is deprecated -W ignore:easy_install command is deprecated setup.py egg_info --egg-base ../build/tb_04 build --build-base /home/ubuntu/ros2_ws/src/build/tb_04/build install --record /home/ubuntu/ros2_ws/src/build/tb_04/install.log --single-version-externally-managed install_data
