[5.936s] Invoking command in '/home/ubuntu/ros2_ws/src/tb_04': PYTHONPATH=/home/ubuntu/ros2_ws/src/build/tb_04/prefix_override:/usr/lib/python3/dist-packages/colcon_core/task/python/colcon_distutils_commands:/home/ubuntu/ros2_ws/src/install/tb_04/lib/python3.10/site-packages:${PYTHONPATH} /usr/bin/python3 -W ignore:setup.py install is deprecated -W ignore:easy_install command is deprecated setup.py egg_info --egg-base ../build/tb_04 build --build-base /home/ubuntu/ros2_ws/src/build/tb_04/build install --record /home/ubuntu/ros2_ws/src/build/tb_04/install.log --single-version-externally-managed install_data
[7.244s] running egg_info
[7.248s] writing ../build/tb_04/tb_04.egg-info/PKG-INFO
[7.250s] writing dependency_links to ../build/tb_04/tb_04.egg-info/dependency_links.txt
[7.252s] writing entry points to ../build/tb_04/tb_04.egg-info/entry_points.txt
[7.254s] writing requirements to ../build/tb_04/tb_04.egg-info/requires.txt
[7.256s] writing top-level names to ../build/tb_04/tb_04.egg-info/top_level.txt
[7.265s] reading manifest file '../build/tb_04/tb_04.egg-info/SOURCES.txt'
[7.270s] writing manifest file '../build/tb_04/tb_04.egg-info/SOURCES.txt'
[7.272s] running build
[7.273s] running build_py
[7.277s] running install
[7.279s] running install_lib
[7.288s] running install_data
[7.291s] running install_egg_info
[7.300s] removing '/home/ubuntu/ros2_ws/src/install/tb_04/lib/python3.10/site-packages/tb_04-0.0.0-py3.10.egg-info' (and everything under it)
[7.302s] Copying ../build/tb_04/tb_04.egg-info to /home/ubuntu/ros2_ws/src/install/tb_04/lib/python3.10/site-packages/tb_04-0.0.0-py3.10.egg-info
[7.311s] running install_scripts
[7.447s] Installing camera script to /home/ubuntu/ros2_ws/src/install/tb_04/lib/tb_04
[7.450s] Installing drive script to /home/ubuntu/ros2_ws/src/install/tb_04/lib/tb_04
[7.453s] Installing wheels script to /home/ubuntu/ros2_ws/src/install/tb_04/lib/tb_04
[7.458s] writing list of installed files to '/home/ubuntu/ros2_ws/src/build/tb_04/install.log'
[7.757s] Invoked command in '/home/ubuntu/ros2_ws/src/tb_04' returned '0': PYTHONPATH=/home/ubuntu/ros2_ws/src/build/tb_04/prefix_override:/usr/lib/python3/dist-packages/colcon_core/task/python/colcon_distutils_commands:/home/ubuntu/ros2_ws/src/install/tb_04/lib/python3.10/site-packages:${PYTHONPATH} /usr/bin/python3 -W ignore:setup.py install is deprecated -W ignore:easy_install command is deprecated setup.py egg_info --egg-base ../build/tb_04 build --build-base /home/ubuntu/ros2_ws/src/build/tb_04/build install --record /home/ubuntu/ros2_ws/src/build/tb_04/install.log --single-version-externally-managed install_data
