[5.713s] Invoking command in '/home/ubuntu/ros2_ws/src/camera_drive': PYTHONPATH=/home/ubuntu/ros2_ws/src/build/camera_drive/prefix_override:/usr/lib/python3/dist-packages/colcon_core/task/python/colcon_distutils_commands:/home/ubuntu/ros2_ws/src/install/camera_drive/lib/python3.10/site-packages:${PYTHONPATH} /usr/bin/python3 -W ignore:setup.py install is deprecated -W ignore:easy_install command is deprecated setup.py egg_info --egg-base ../build/camera_drive build --build-base /home/ubuntu/ros2_ws/src/build/camera_drive/build install --record /home/ubuntu/ros2_ws/src/build/camera_drive/install.log --single-version-externally-managed install_data
[7.096s] running egg_info
[7.099s] writing ../build/camera_drive/camera_drive.egg-info/PKG-INFO
[7.100s] writing dependency_links to ../build/camera_drive/camera_drive.egg-info/dependency_links.txt
[7.102s] writing entry points to ../build/camera_drive/camera_drive.egg-info/entry_points.txt
[7.103s] writing requirements to ../build/camera_drive/camera_drive.egg-info/requires.txt
[7.105s] writing top-level names to ../build/camera_drive/camera_drive.egg-info/top_level.txt
[7.115s] reading manifest file '../build/camera_drive/camera_drive.egg-info/SOURCES.txt'
[7.119s] writing manifest file '../build/camera_drive/camera_drive.egg-info/SOURCES.txt'
[7.120s] running build
[7.121s] running build_py
[7.122s] running install
[7.123s] running install_lib
[7.130s] running install_data
[7.132s] running install_egg_info
[7.142s] removing '/home/ubuntu/ros2_ws/src/install/camera_drive/lib/python3.10/site-packages/camera_drive-0.0.0-py3.10.egg-info' (and everything under it)
[7.143s] Copying ../build/camera_drive/camera_drive.egg-info to /home/ubuntu/ros2_ws/src/install/camera_drive/lib/python3.10/site-packages/camera_drive-0.0.0-py3.10.egg-info
[7.150s] running install_scripts
[7.276s] Installing camera_dive script to /home/ubuntu/ros2_ws/src/install/camera_drive/lib/camera_drive
[7.283s] writing list of installed files to '/home/ubuntu/ros2_ws/src/build/camera_drive/install.log'
[7.498s] Invoked command in '/home/ubuntu/ros2_ws/src/camera_drive' returned '0': PYTHONPATH=/home/ubuntu/ros2_ws/src/build/camera_drive/prefix_override:/usr/lib/python3/dist-packages/colcon_core/task/python/colcon_distutils_commands:/home/ubuntu/ros2_ws/src/install/camera_drive/lib/python3.10/site-packages:${PYTHONPATH} /usr/bin/python3 -W ignore:setup.py install is deprecated -W ignore:easy_install command is deprecated setup.py egg_info --egg-base ../build/camera_drive build --build-base /home/ubuntu/ros2_ws/src/build/camera_drive/build install --record /home/ubuntu/ros2_ws/src/build/camera_drive/install.log --single-version-externally-managed install_data
