[5.588s] Invoking command in '/home/ubuntu/ros2_ws/src/tb_04': PYTHONPATH=/home/ubuntu/ros2_ws/src/build/tb_04/prefix_override:/usr/lib/python3/dist-packages/colcon_core/task/python/colcon_distutils_commands:/home/ubuntu/ros2_ws/src/install/tb_04/lib/python3.10/site-packages:${PYTHONPATH} /usr/bin/python3 -W ignore:setup.py install is deprecated -W ignore:easy_install command is deprecated setup.py egg_info --egg-base ../build/tb_04 build --build-base /home/ubuntu/ros2_ws/src/build/tb_04/build install --record /home/ubuntu/ros2_ws/src/build/tb_04/install.log --single-version-externally-managed install_data
[7.045s] running egg_info
[7.048s] writing ../build/tb_04/tb_04.egg-info/PKG-INFO
[7.050s] writing dependency_links to ../build/tb_04/tb_04.egg-info/dependency_links.txt
[7.052s] writing entry points to ../build/tb_04/tb_04.egg-info/entry_points.txt
[7.053s] writing requirements to ../build/tb_04/tb_04.egg-info/requires.txt
[7.054s] writing top-level names to ../build/tb_04/tb_04.egg-info/top_level.txt
[7.064s] reading manifest file '../build/tb_04/tb_04.egg-info/SOURCES.txt'
[7.068s] writing manifest file '../build/tb_04/tb_04.egg-info/SOURCES.txt'
[7.069s] running build
[7.070s] running build_py
[7.071s] copying tb_04/camera_drive.py -> /home/ubuntu/ros2_ws/src/build/tb_04/build/lib/tb_04
[7.073s] running install
[7.074s] running install_lib
[7.079s] copying /home/ubuntu/ros2_ws/src/build/tb_04/build/lib/tb_04/camera_drive.py -> /home/ubuntu/ros2_ws/src/install/tb_04/lib/python3.10/site-packages/tb_04
[7.083s] byte-compiling /home/ubuntu/ros2_ws/src/install/tb_04/lib/python3.10/site-packages/tb_04/camera_drive.py to camera_drive.cpython-310.pyc
[7.090s] running install_data
[7.092s] running install_egg_info
[7.100s] removing '/home/ubuntu/ros2_ws/src/install/tb_04/lib/python3.10/site-packages/tb_04-0.0.0-py3.10.egg-info' (and everything under it)
[7.102s] Copying ../build/tb_04/tb_04.egg-info to /home/ubuntu/ros2_ws/src/install/tb_04/lib/python3.10/site-packages/tb_04-0.0.0-py3.10.egg-info
[7.110s] running install_scripts
[7.255s] Installing camera script to /home/ubuntu/ros2_ws/src/install/tb_04/lib/tb_04
[7.259s] Installing drive script to /home/ubuntu/ros2_ws/src/install/tb_04/lib/tb_04
[7.260s] Installing wheels script to /home/ubuntu/ros2_ws/src/install/tb_04/lib/tb_04
[7.263s] writing list of installed files to '/home/ubuntu/ros2_ws/src/build/tb_04/install.log'
[7.469s] Invoked command in '/home/ubuntu/ros2_ws/src/tb_04' returned '0': PYTHONPATH=/home/ubuntu/ros2_ws/src/build/tb_04/prefix_override:/usr/lib/python3/dist-packages/colcon_core/task/python/colcon_distutils_commands:/home/ubuntu/ros2_ws/src/install/tb_04/lib/python3.10/site-packages:${PYTHONPATH} /usr/bin/python3 -W ignore:setup.py install is deprecated -W ignore:easy_install command is deprecated setup.py egg_info --egg-base ../build/tb_04 build --build-base /home/ubuntu/ros2_ws/src/build/tb_04/build install --record /home/ubuntu/ros2_ws/src/build/tb_04/install.log --single-version-externally-managed install_data
