[5.550s] Invoking command in '/home/ubuntu/ros2_ws/src/camera_drive': PYTHONPATH=/home/ubuntu/ros2_ws/src/build/camera_drive/prefix_override:/usr/lib/python3/dist-packages/colcon_core/task/python/colcon_distutils_commands:/home/ubuntu/ros2_ws/src/install/camera_drive/lib/python3.10/site-packages:${PYTHONPATH} /usr/bin/python3 -W ignore:setup.py install is deprecated -W ignore:easy_install command is deprecated setup.py egg_info --egg-base ../build/camera_drive build --build-base /home/ubuntu/ros2_ws/src/build/camera_drive/build install --record /home/ubuntu/ros2_ws/src/build/camera_drive/install.log --single-version-externally-managed install_data
[7.008s] running egg_info
[7.011s] writing ../build/camera_drive/camera_drive.egg-info/PKG-INFO
[7.013s] writing dependency_links to ../build/camera_drive/camera_drive.egg-info/dependency_links.txt
[7.014s] writing entry points to ../build/camera_drive/camera_drive.egg-info/entry_points.txt
[7.015s] writing requirements to ../build/camera_drive/camera_drive.egg-info/requires.txt
[7.016s] writing top-level names to ../build/camera_drive/camera_drive.egg-info/top_level.txt
[7.025s] reading manifest file '../build/camera_drive/camera_drive.egg-info/SOURCES.txt'
[7.030s] writing manifest file '../build/camera_drive/camera_drive.egg-info/SOURCES.txt'
[7.030s] running build
[7.031s] running build_py
[7.034s] running install
[7.034s] running install_lib
[7.041s] running install_data
[7.042s] running install_egg_info
[7.051s] removing '/home/ubuntu/ros2_ws/src/install/camera_drive/lib/python3.10/site-packages/camera_drive-0.0.0-py3.10.egg-info' (and everything under it)
[7.054s] Copying ../build/camera_drive/camera_drive.egg-info to /home/ubuntu/ros2_ws/src/install/camera_drive/lib/python3.10/site-packages/camera_drive-0.0.0-py3.10.egg-info
[7.061s] running install_scripts
[7.163s] Installing camera_dive script to /home/ubuntu/ros2_ws/src/install/camera_drive/lib/camera_drive
[7.165s] writing list of installed files to '/home/ubuntu/ros2_ws/src/build/camera_drive/install.log'
[7.389s] Invoked command in '/home/ubuntu/ros2_ws/src/camera_drive' returned '0': PYTHONPATH=/home/ubuntu/ros2_ws/src/build/camera_drive/prefix_override:/usr/lib/python3/dist-packages/colcon_core/task/python/colcon_distutils_commands:/home/ubuntu/ros2_ws/src/install/camera_drive/lib/python3.10/site-packages:${PYTHONPATH} /usr/bin/python3 -W ignore:setup.py install is deprecated -W ignore:easy_install command is deprecated setup.py egg_info --egg-base ../build/camera_drive build --build-base /home/ubuntu/ros2_ws/src/build/camera_drive/build install --record /home/ubuntu/ros2_ws/src/build/camera_drive/install.log --single-version-externally-managed install_data
