[8.100s] Invoking command in '/home/ubuntu/ros2_ws/src/wheels': PYTHONPATH=/home/ubuntu/ros2_ws/src/build/wheels/prefix_override:/usr/lib/python3/dist-packages/colcon_core/task/python/colcon_distutils_commands:/home/ubuntu/ros2_ws/src/install/wheels/lib/python3.10/site-packages:${PYTHONPATH} /usr/bin/python3 -W ignore:setup.py install is deprecated -W ignore:easy_install command is deprecated setup.py egg_info --egg-base ../build/wheels build --build-base /home/ubuntu/ros2_ws/src/build/wheels/build install --record /home/ubuntu/ros2_ws/src/build/wheels/install.log --single-version-externally-managed install_data
[9.979s] running egg_info
[9.985s] writing ../build/wheels/wheels.egg-info/PKG-INFO
[9.988s] writing dependency_links to ../build/wheels/wheels.egg-info/dependency_links.txt
[9.990s] writing entry points to ../build/wheels/wheels.egg-info/entry_points.txt
[9.991s] writing requirements to ../build/wheels/wheels.egg-info/requires.txt
[9.992s] writing top-level names to ../build/wheels/wheels.egg-info/top_level.txt
[10.011s] reading manifest file '../build/wheels/wheels.egg-info/SOURCES.txt'
[10.019s] writing manifest file '../build/wheels/wheels.egg-info/SOURCES.txt'
[10.021s] running build
[10.022s] running build_py
[10.028s] running install
[10.029s] running install_lib
[10.037s] running install_data
[10.038s] running install_egg_info
[10.047s] removing '/home/ubuntu/ros2_ws/src/install/wheels/lib/python3.10/site-packages/wheels-0.0.0-py3.10.egg-info' (and everything under it)
[10.049s] Copying ../build/wheels/wheels.egg-info to /home/ubuntu/ros2_ws/src/install/wheels/lib/python3.10/site-packages/wheels-0.0.0-py3.10.egg-info
[10.062s] running install_scripts
[10.210s] Installing wheels script to /home/ubuntu/ros2_ws/src/install/wheels/lib/wheels
[10.219s] writing list of installed files to '/home/ubuntu/ros2_ws/src/build/wheels/install.log'
[10.450s] Invoked command in '/home/ubuntu/ros2_ws/src/wheels' returned '0': PYTHONPATH=/home/ubuntu/ros2_ws/src/build/wheels/prefix_override:/usr/lib/python3/dist-packages/colcon_core/task/python/colcon_distutils_commands:/home/ubuntu/ros2_ws/src/install/wheels/lib/python3.10/site-packages:${PYTHONPATH} /usr/bin/python3 -W ignore:setup.py install is deprecated -W ignore:easy_install command is deprecated setup.py egg_info --egg-base ../build/wheels build --build-base /home/ubuntu/ros2_ws/src/build/wheels/build install --record /home/ubuntu/ros2_ws/src/build/wheels/install.log --single-version-externally-managed install_data
