[5.482s] Invoking command in '/home/ubuntu/ros2_ws/src/wheels': PYTHONPATH=/home/ubuntu/ros2_ws/src/build/wheels/prefix_override:/usr/lib/python3/dist-packages/colcon_core/task/python/colcon_distutils_commands:/home/ubuntu/ros2_ws/src/install/wheels/lib/python3.10/site-packages:${PYTHONPATH} /usr/bin/python3 -W ignore:setup.py install is deprecated -W ignore:easy_install command is deprecated setup.py egg_info --egg-base ../build/wheels build --build-base /home/ubuntu/ros2_ws/src/build/wheels/build install --record /home/ubuntu/ros2_ws/src/build/wheels/install.log --single-version-externally-managed install_data
[6.900s] running egg_info
[6.905s] writing ../build/wheels/wheels.egg-info/PKG-INFO
[6.908s] writing dependency_links to ../build/wheels/wheels.egg-info/dependency_links.txt
[6.909s] writing entry points to ../build/wheels/wheels.egg-info/entry_points.txt
[6.910s] writing requirements to ../build/wheels/wheels.egg-info/requires.txt
[6.913s] writing top-level names to ../build/wheels/wheels.egg-info/top_level.txt
[6.922s] reading manifest file '../build/wheels/wheels.egg-info/SOURCES.txt'
[6.926s] writing manifest file '../build/wheels/wheels.egg-info/SOURCES.txt'
[6.928s] running build
[6.929s] running build_py
[6.930s] running install
[6.931s] running install_lib
[6.938s] running install_data
[6.939s] running install_egg_info
[6.948s] removing '/home/ubuntu/ros2_ws/src/install/wheels/lib/python3.10/site-packages/wheels-0.0.0-py3.10.egg-info' (and everything under it)
[6.950s] Copying ../build/wheels/wheels.egg-info to /home/ubuntu/ros2_ws/src/install/wheels/lib/python3.10/site-packages/wheels-0.0.0-py3.10.egg-info
[6.959s] running install_scripts
[7.100s] Installing wheels script to /home/ubuntu/ros2_ws/src/install/wheels/lib/wheels
[7.103s] writing list of installed files to '/home/ubuntu/ros2_ws/src/build/wheels/install.log'
[7.272s] Invoked command in '/home/ubuntu/ros2_ws/src/wheels' returned '0': PYTHONPATH=/home/ubuntu/ros2_ws/src/build/wheels/prefix_override:/usr/lib/python3/dist-packages/colcon_core/task/python/colcon_distutils_commands:/home/ubuntu/ros2_ws/src/install/wheels/lib/python3.10/site-packages:${PYTHONPATH} /usr/bin/python3 -W ignore:setup.py install is deprecated -W ignore:easy_install command is deprecated setup.py egg_info --egg-base ../build/wheels build --build-base /home/ubuntu/ros2_ws/src/build/wheels/build install --record /home/ubuntu/ros2_ws/src/build/wheels/install.log --single-version-externally-managed install_data
