[5.501s] Invoking command in '/home/ubuntu/ros2_ws/src/tb_04': PYTHONPATH=/home/ubuntu/ros2_ws/src/build/tb_04/prefix_override:/usr/lib/python3/dist-packages/colcon_core/task/python/colcon_distutils_commands:/home/ubuntu/ros2_ws/src/install/tb_04/lib/python3.10/site-packages:${PYTHONPATH} /usr/bin/python3 -W ignore:setup.py install is deprecated -W ignore:easy_install command is deprecated setup.py egg_info --egg-base ../build/tb_04 build --build-base /home/ubuntu/ros2_ws/src/build/tb_04/build install --record /home/ubuntu/ros2_ws/src/build/tb_04/install.log --single-version-externally-managed install_data
[6.842s] /usr/lib/python3.10/distutils/dist.py:274: UserWarning: Unknown distribution option: 'zinstall_requires'
[6.842s]   warnings.warn(msg)
[6.843s] /usr/lib/python3.10/distutils/dist.py:274: UserWarning: Unknown distribution option: 'ip_safe'
[6.843s]   warnings.warn(msg)
[6.879s] running egg_info
[6.883s] writing ../build/tb_04/tb_04.egg-info/PKG-INFO
[6.886s] writing dependency_links to ../build/tb_04/tb_04.egg-info/dependency_links.txt
[6.887s] writing entry points to ../build/tb_04/tb_04.egg-info/entry_points.txt
[6.888s] deleting ../build/tb_04/tb_04.egg-info/requires.txt
[6.889s] writing top-level names to ../build/tb_04/tb_04.egg-info/top_level.txt
[6.895s] reading manifest file '../build/tb_04/tb_04.egg-info/SOURCES.txt'
[6.899s] writing manifest file '../build/tb_04/tb_04.egg-info/SOURCES.txt'
[6.901s] running build
[6.901s] running build_py
[6.903s] running install
[6.904s] running install_lib
[6.911s] running install_data
[6.912s] running install_egg_info
[6.920s] removing '/home/ubuntu/ros2_ws/src/install/tb_04/lib/python3.10/site-packages/tb_04-0.0.0-py3.10.egg-info' (and everything under it)
[6.924s] Copying ../build/tb_04/tb_04.egg-info to /home/ubuntu/ros2_ws/src/install/tb_04/lib/python3.10/site-packages/tb_04-0.0.0-py3.10.egg-info
[6.928s] running install_scripts
[7.034s] Installing camera script to /home/ubuntu/ros2_ws/src/install/tb_04/lib/tb_04
[7.041s] Installing drive script to /home/ubuntu/ros2_ws/src/install/tb_04/lib/tb_04
[7.041s] Installing wheels script to /home/ubuntu/ros2_ws/src/install/tb_04/lib/tb_04
[7.043s] writing list of installed files to '/home/ubuntu/ros2_ws/src/build/tb_04/install.log'
[7.264s] Invoked command in '/home/ubuntu/ros2_ws/src/tb_04' returned '0': PYTHONPATH=/home/ubuntu/ros2_ws/src/build/tb_04/prefix_override:/usr/lib/python3/dist-packages/colcon_core/task/python/colcon_distutils_commands:/home/ubuntu/ros2_ws/src/install/tb_04/lib/python3.10/site-packages:${PYTHONPATH} /usr/bin/python3 -W ignore:setup.py install is deprecated -W ignore:easy_install command is deprecated setup.py egg_info --egg-base ../build/tb_04 build --build-base /home/ubuntu/ros2_ws/src/build/tb_04/build install --record /home/ubuntu/ros2_ws/src/build/tb_04/install.log --single-version-externally-managed install_data
