running egg_info
writing ../build/tb_04/tb_04.egg-info/PKG-INFO
writing dependency_links to ../build/tb_04/tb_04.egg-info/dependency_links.txt
writing entry points to ../build/tb_04/tb_04.egg-info/entry_points.txt
writing requirements to ../build/tb_04/tb_04.egg-info/requires.txt
writing top-level names to ../build/tb_04/tb_04.egg-info/top_level.txt
reading manifest file '../build/tb_04/tb_04.egg-info/SOURCES.txt'
writing manifest file '../build/tb_04/tb_04.egg-info/SOURCES.txt'
running build
running build_py
copying tb_04/camera.py -> /home/ubuntu/ros2_ws/src/build/tb_04/build/lib/tb_04
running install
running install_lib
copying /home/ubuntu/ros2_ws/src/build/tb_04/build/lib/tb_04/camera.py -> /home/ubuntu/ros2_ws/src/install/tb_04/lib/python3.10/site-packages/tb_04
byte-compiling /home/ubuntu/ros2_ws/src/install/tb_04/lib/python3.10/site-packages/tb_04/camera.py to camera.cpython-310.pyc
running install_data
running install_egg_info
removing '/home/ubuntu/ros2_ws/src/install/tb_04/lib/python3.10/site-packages/tb_04-0.0.0-py3.10.egg-info' (and everything under it)
Copying ../build/tb_04/tb_04.egg-info to /home/ubuntu/ros2_ws/src/install/tb_04/lib/python3.10/site-packages/tb_04-0.0.0-py3.10.egg-info
running install_scripts
Installing camera script to /home/ubuntu/ros2_ws/src/install/tb_04/lib/tb_04
Installing drive script to /home/ubuntu/ros2_ws/src/install/tb_04/lib/tb_04
Installing wheels script to /home/ubuntu/ros2_ws/src/install/tb_04/lib/tb_04
writing list of installed files to '/home/ubuntu/ros2_ws/src/build/tb_04/install.log'
