[8.048s] Invoking command in '/home/ubuntu/ros2_ws/src/tb_04': PYTHONPATH=/home/ubuntu/ros2_ws/src/build/tb_04/prefix_override:/usr/lib/python3/dist-packages/colcon_core/task/python/colcon_distutils_commands:/home/ubuntu/ros2_ws/src/install/tb_04/lib/python3.10/site-packages:${PYTHONPATH} /usr/bin/python3 -W ignore:setup.py install is deprecated -W ignore:easy_install command is deprecated setup.py egg_info --egg-base ../build/tb_04 build --build-base /home/ubuntu/ros2_ws/src/build/tb_04/build install --record /home/ubuntu/ros2_ws/src/build/tb_04/install.log --single-version-externally-managed install_data
[9.984s] running egg_info
[9.988s] writing ../build/tb_04/tb_04.egg-info/PKG-INFO
[9.990s] writing dependency_links to ../build/tb_04/tb_04.egg-info/dependency_links.txt
[9.993s] writing entry points to ../build/tb_04/tb_04.egg-info/entry_points.txt
[9.995s] writing requirements to ../build/tb_04/tb_04.egg-info/requires.txt
[9.996s] writing top-level names to ../build/tb_04/tb_04.egg-info/top_level.txt
[10.004s] reading manifest file '../build/tb_04/tb_04.egg-info/SOURCES.txt'
[10.014s] writing manifest file '../build/tb_04/tb_04.egg-info/SOURCES.txt'
[10.022s] running build
[10.023s] running build_py
[10.023s] copying tb_04/camera.py -> /home/ubuntu/ros2_ws/src/build/tb_04/build/lib/tb_04
[10.024s] running install
[10.024s] running install_lib
[10.025s] copying /home/ubuntu/ros2_ws/src/build/tb_04/build/lib/tb_04/camera.py -> /home/ubuntu/ros2_ws/src/install/tb_04/lib/python3.10/site-packages/tb_04
[10.033s] byte-compiling /home/ubuntu/ros2_ws/src/install/tb_04/lib/python3.10/site-packages/tb_04/camera.py to camera.cpython-310.pyc
[10.048s] running install_data
[10.054s] running install_egg_info
[10.055s] removing '/home/ubuntu/ros2_ws/src/install/tb_04/lib/python3.10/site-packages/tb_04-0.0.0-py3.10.egg-info' (and everything under it)
[10.060s] Copying ../build/tb_04/tb_04.egg-info to /home/ubuntu/ros2_ws/src/install/tb_04/lib/python3.10/site-packages/tb_04-0.0.0-py3.10.egg-info
[10.080s] running install_scripts
[10.276s] Installing camera script to /home/ubuntu/ros2_ws/src/install/tb_04/lib/tb_04
[10.277s] Installing drive script to /home/ubuntu/ros2_ws/src/install/tb_04/lib/tb_04
[10.279s] Installing wheels script to /home/ubuntu/ros2_ws/src/install/tb_04/lib/tb_04
[10.284s] writing list of installed files to '/home/ubuntu/ros2_ws/src/build/tb_04/install.log'
[10.557s] Invoked command in '/home/ubuntu/ros2_ws/src/tb_04' returned '0': PYTHONPATH=/home/ubuntu/ros2_ws/src/build/tb_04/prefix_override:/usr/lib/python3/dist-packages/colcon_core/task/python/colcon_distutils_commands:/home/ubuntu/ros2_ws/src/install/tb_04/lib/python3.10/site-packages:${PYTHONPATH} /usr/bin/python3 -W ignore:setup.py install is deprecated -W ignore:easy_install command is deprecated setup.py egg_info --egg-base ../build/tb_04 build --build-base /home/ubuntu/ros2_ws/src/build/tb_04/build install --record /home/ubuntu/ros2_ws/src/build/tb_04/install.log --single-version-externally-managed install_data
