[7.407s] Invoking command in '/home/ubuntu/ros2_ws/src/tb_04': PYTHONPATH=/home/ubuntu/ros2_ws/src/build/tb_04/prefix_override:/usr/lib/python3/dist-packages/colcon_core/task/python/colcon_distutils_commands:/home/ubuntu/ros2_ws/src/install/tb_04/lib/python3.10/site-packages:${PYTHONPATH} /usr/bin/python3 -W ignore:setup.py install is deprecated -W ignore:easy_install command is deprecated setup.py egg_info --egg-base ../build/tb_04 build --build-base /home/ubuntu/ros2_ws/src/build/tb_04/build install --record /home/ubuntu/ros2_ws/src/build/tb_04/install.log --single-version-externally-managed install_data
[8.811s] running egg_info
[8.815s] writing ../build/tb_04/tb_04.egg-info/PKG-INFO
[8.816s] writing dependency_links to ../build/tb_04/tb_04.egg-info/dependency_links.txt
[8.818s] writing entry points to ../build/tb_04/tb_04.egg-info/entry_points.txt
[8.819s] writing requirements to ../build/tb_04/tb_04.egg-info/requires.txt
[8.820s] writing top-level names to ../build/tb_04/tb_04.egg-info/top_level.txt
[8.829s] reading manifest file '../build/tb_04/tb_04.egg-info/SOURCES.txt'
[8.835s] writing manifest file '../build/tb_04/tb_04.egg-info/SOURCES.txt'
[8.836s] running build
[8.836s] running build_py
[8.839s] running install
[8.840s] running install_lib
[8.851s] running install_data
[8.851s] running install_egg_info
[8.861s] removing '/home/ubuntu/ros2_ws/src/install/tb_04/lib/python3.10/site-packages/tb_04-0.0.0-py3.10.egg-info' (and everything under it)
[8.863s] Copying ../build/tb_04/tb_04.egg-info to /home/ubuntu/ros2_ws/src/install/tb_04/lib/python3.10/site-packages/tb_04-0.0.0-py3.10.egg-info
[8.872s] running install_scripts
[9.121s] Installing camera script to /home/ubuntu/ros2_ws/src/install/tb_04/lib/tb_04
[9.136s] Installing drive script to /home/ubuntu/ros2_ws/src/install/tb_04/lib/tb_04
[9.140s] Installing wheels script to /home/ubuntu/ros2_ws/src/install/tb_04/lib/tb_04
[9.141s] writing list of installed files to '/home/ubuntu/ros2_ws/src/build/tb_04/install.log'
[9.261s] Invoked command in '/home/ubuntu/ros2_ws/src/tb_04' returned '0': PYTHONPATH=/home/ubuntu/ros2_ws/src/build/tb_04/prefix_override:/usr/lib/python3/dist-packages/colcon_core/task/python/colcon_distutils_commands:/home/ubuntu/ros2_ws/src/install/tb_04/lib/python3.10/site-packages:${PYTHONPATH} /usr/bin/python3 -W ignore:setup.py install is deprecated -W ignore:easy_install command is deprecated setup.py egg_info --egg-base ../build/tb_04 build --build-base /home/ubuntu/ros2_ws/src/build/tb_04/build install --record /home/ubuntu/ros2_ws/src/build/tb_04/install.log --single-version-externally-managed install_data
