[6.369s] Invoking command in '/home/ubuntu/ros2_ws/src/camera': PYTHONPATH=/home/ubuntu/ros2_ws/src/build/camera/prefix_override:/usr/lib/python3/dist-packages/colcon_core/task/python/colcon_distutils_commands:/home/ubuntu/ros2_ws/src/install/camera/lib/python3.10/site-packages:${PYTHONPATH} /usr/bin/python3 -W ignore:setup.py install is deprecated -W ignore:easy_install command is deprecated setup.py egg_info --egg-base ../build/camera build --build-base /home/ubuntu/ros2_ws/src/build/camera/build install --record /home/ubuntu/ros2_ws/src/build/camera/install.log --single-version-externally-managed install_data
[8.064s] running egg_info
[8.066s] writing ../build/camera/camera.egg-info/PKG-INFO
[8.069s] writing dependency_links to ../build/camera/camera.egg-info/dependency_links.txt
[8.070s] writing entry points to ../build/camera/camera.egg-info/entry_points.txt
[8.070s] writing requirements to ../build/camera/camera.egg-info/requires.txt
[8.072s] writing top-level names to ../build/camera/camera.egg-info/top_level.txt
[8.081s] reading manifest file '../build/camera/camera.egg-info/SOURCES.txt'
[8.087s] writing manifest file '../build/camera/camera.egg-info/SOURCES.txt'
[8.090s] running build
[8.092s] running build_py
[8.095s] running install
[8.096s] running install_lib
[8.110s] running install_data
[8.110s] running install_egg_info
[8.120s] removing '/home/ubuntu/ros2_ws/src/install/camera/lib/python3.10/site-packages/camera-0.0.0-py3.10.egg-info' (and everything under it)
[8.131s] Copying ../build/camera/camera.egg-info to /home/ubuntu/ros2_ws/src/install/camera/lib/python3.10/site-packages/camera-0.0.0-py3.10.egg-info
[8.137s] running install_scripts
[8.245s] Installing camera script to /home/ubuntu/ros2_ws/src/install/camera/lib/camera
[8.249s] writing list of installed files to '/home/ubuntu/ros2_ws/src/build/camera/install.log'
[8.462s] Invoked command in '/home/ubuntu/ros2_ws/src/camera' returned '0': PYTHONPATH=/home/ubuntu/ros2_ws/src/build/camera/prefix_override:/usr/lib/python3/dist-packages/colcon_core/task/python/colcon_distutils_commands:/home/ubuntu/ros2_ws/src/install/camera/lib/python3.10/site-packages:${PYTHONPATH} /usr/bin/python3 -W ignore:setup.py install is deprecated -W ignore:easy_install command is deprecated setup.py egg_info --egg-base ../build/camera build --build-base /home/ubuntu/ros2_ws/src/build/camera/build install --record /home/ubuntu/ros2_ws/src/build/camera/install.log --single-version-externally-managed install_data
