[5.573s] Invoking command in '/home/ubuntu/ros2_ws/src/camera': PYTHONPATH=/home/ubuntu/ros2_ws/src/build/camera/prefix_override:/usr/lib/python3/dist-packages/colcon_core/task/python/colcon_distutils_commands:/home/ubuntu/ros2_ws/src/install/camera/lib/python3.10/site-packages:${PYTHONPATH} /usr/bin/python3 -W ignore:setup.py install is deprecated -W ignore:easy_install command is deprecated setup.py egg_info --egg-base ../build/camera build --build-base /home/ubuntu/ros2_ws/src/build/camera/build install --record /home/ubuntu/ros2_ws/src/build/camera/install.log --single-version-externally-managed install_data
[6.968s] running egg_info
[6.972s] writing ../build/camera/camera.egg-info/PKG-INFO
[6.973s] writing dependency_links to ../build/camera/camera.egg-info/dependency_links.txt
[6.974s] writing entry points to ../build/camera/camera.egg-info/entry_points.txt
[6.976s] writing requirements to ../build/camera/camera.egg-info/requires.txt
[6.978s] writing top-level names to ../build/camera/camera.egg-info/top_level.txt
[6.988s] reading manifest file '../build/camera/camera.egg-info/SOURCES.txt'
[6.992s] writing manifest file '../build/camera/camera.egg-info/SOURCES.txt'
[6.993s] running build
[6.994s] running build_py
[6.995s] running install
[6.996s] running install_lib
[7.001s] running install_data
[7.002s] running install_egg_info
[7.010s] removing '/home/ubuntu/ros2_ws/src/install/camera/lib/python3.10/site-packages/camera-0.0.0-py3.10.egg-info' (and everything under it)
[7.012s] Copying ../build/camera/camera.egg-info to /home/ubuntu/ros2_ws/src/install/camera/lib/python3.10/site-packages/camera-0.0.0-py3.10.egg-info
[7.019s] running install_scripts
[7.122s] Installing camera script to /home/ubuntu/ros2_ws/src/install/camera/lib/camera
[7.125s] writing list of installed files to '/home/ubuntu/ros2_ws/src/build/camera/install.log'
[7.396s] Invoked command in '/home/ubuntu/ros2_ws/src/camera' returned '0': PYTHONPATH=/home/ubuntu/ros2_ws/src/build/camera/prefix_override:/usr/lib/python3/dist-packages/colcon_core/task/python/colcon_distutils_commands:/home/ubuntu/ros2_ws/src/install/camera/lib/python3.10/site-packages:${PYTHONPATH} /usr/bin/python3 -W ignore:setup.py install is deprecated -W ignore:easy_install command is deprecated setup.py egg_info --egg-base ../build/camera build --build-base /home/ubuntu/ros2_ws/src/build/camera/build install --record /home/ubuntu/ros2_ws/src/build/camera/install.log --single-version-externally-managed install_data
