[12.147s] Invoking command in '/home/ubuntu/ros2_ws/src/tb_04': PYTHONPATH=/home/ubuntu/ros2_ws/src/build/tb_04/prefix_override:/usr/lib/python3/dist-packages/colcon_core/task/python/colcon_distutils_commands:/home/ubuntu/ros2_ws/src/install/tb_04/lib/python3.10/site-packages:${PYTHONPATH} /usr/bin/python3 -W ignore:setup.py install is deprecated -W ignore:easy_install command is deprecated setup.py egg_info --egg-base ../build/tb_04 build --build-base /home/ubuntu/ros2_ws/src/build/tb_04/build install --record /home/ubuntu/ros2_ws/src/build/tb_04/install.log --single-version-externally-managed install_data
[14.406s] running egg_info
[14.410s] writing ../build/tb_04/tb_04.egg-info/PKG-INFO
[14.412s] writing dependency_links to ../build/tb_04/tb_04.egg-info/dependency_links.txt
[14.414s] writing entry points to ../build/tb_04/tb_04.egg-info/entry_points.txt
[14.419s] writing requirements to ../build/tb_04/tb_04.egg-info/requires.txt
[14.419s] writing top-level names to ../build/tb_04/tb_04.egg-info/top_level.txt
[14.429s] reading manifest file '../build/tb_04/tb_04.egg-info/SOURCES.txt'
[14.436s] writing manifest file '../build/tb_04/tb_04.egg-info/SOURCES.txt'
[14.437s] running build
[14.438s] running build_py
[14.439s] copying tb_04/camera_drive.py -> /home/ubuntu/ros2_ws/src/build/tb_04/build/lib/tb_04
[14.441s] running install
[14.443s] running install_lib
[14.449s] copying /home/ubuntu/ros2_ws/src/build/tb_04/build/lib/tb_04/camera_drive.py -> /home/ubuntu/ros2_ws/src/install/tb_04/lib/python3.10/site-packages/tb_04
[14.455s] byte-compiling /home/ubuntu/ros2_ws/src/install/tb_04/lib/python3.10/site-packages/tb_04/camera_drive.py to camera_drive.cpython-310.pyc
[14.460s] running install_data
[14.461s] running install_egg_info
[14.472s] removing '/home/ubuntu/ros2_ws/src/install/tb_04/lib/python3.10/site-packages/tb_04-0.0.0-py3.10.egg-info' (and everything under it)
[14.477s] Copying ../build/tb_04/tb_04.egg-info to /home/ubuntu/ros2_ws/src/install/tb_04/lib/python3.10/site-packages/tb_04-0.0.0-py3.10.egg-info
[14.489s] running install_scripts
[14.643s] Installing camera script to /home/ubuntu/ros2_ws/src/install/tb_04/lib/tb_04
[14.650s] Installing drive script to /home/ubuntu/ros2_ws/src/install/tb_04/lib/tb_04
[14.660s] Installing wheels script to /home/ubuntu/ros2_ws/src/install/tb_04/lib/tb_04
[14.662s] writing list of installed files to '/home/ubuntu/ros2_ws/src/build/tb_04/install.log'
[15.007s] Invoked command in '/home/ubuntu/ros2_ws/src/tb_04' returned '0': PYTHONPATH=/home/ubuntu/ros2_ws/src/build/tb_04/prefix_override:/usr/lib/python3/dist-packages/colcon_core/task/python/colcon_distutils_commands:/home/ubuntu/ros2_ws/src/install/tb_04/lib/python3.10/site-packages:${PYTHONPATH} /usr/bin/python3 -W ignore:setup.py install is deprecated -W ignore:easy_install command is deprecated setup.py egg_info --egg-base ../build/tb_04 build --build-base /home/ubuntu/ros2_ws/src/build/tb_04/build install --record /home/ubuntu/ros2_ws/src/build/tb_04/install.log --single-version-externally-managed install_data
