[5.677s] Invoking command in '/home/ubuntu/ros2_ws/src/tb_04': PYTHONPATH=/home/ubuntu/ros2_ws/src/build/tb_04/prefix_override:/usr/lib/python3/dist-packages/colcon_core/task/python/colcon_distutils_commands:/home/ubuntu/ros2_ws/src/install/tb_04/lib/python3.10/site-packages:${PYTHONPATH} /usr/bin/python3 -W ignore:setup.py install is deprecated -W ignore:easy_install command is deprecated setup.py egg_info --egg-base ../build/tb_04 build --build-base /home/ubuntu/ros2_ws/src/build/tb_04/build install --record /home/ubuntu/ros2_ws/src/build/tb_04/install.log --single-version-externally-managed install_data
[6.982s] running egg_info
[6.989s] creating ../build/tb_04/tb_04.egg-info
[6.990s] writing ../build/tb_04/tb_04.egg-info/PKG-INFO
[6.990s] writing dependency_links to ../build/tb_04/tb_04.egg-info/dependency_links.txt
[6.991s] writing entry points to ../build/tb_04/tb_04.egg-info/entry_points.txt
[6.992s] writing requirements to ../build/tb_04/tb_04.egg-info/requires.txt
[6.993s] writing top-level names to ../build/tb_04/tb_04.egg-info/top_level.txt
[6.995s] writing manifest file '../build/tb_04/tb_04.egg-info/SOURCES.txt'
[7.007s] reading manifest file '../build/tb_04/tb_04.egg-info/SOURCES.txt'
[7.010s] writing manifest file '../build/tb_04/tb_04.egg-info/SOURCES.txt'
[7.011s] running build
[7.013s] running build_py
[7.014s] copying tb_04/camera_drive.py -> /home/ubuntu/ros2_ws/src/build/tb_04/build/lib/tb_04
[7.016s] running install
[7.018s] running install_lib
[7.022s] copying /home/ubuntu/ros2_ws/src/build/tb_04/build/lib/tb_04/camera_drive.py -> /home/ubuntu/ros2_ws/src/install/tb_04/lib/python3.10/site-packages/tb_04
[7.026s] byte-compiling /home/ubuntu/ros2_ws/src/install/tb_04/lib/python3.10/site-packages/tb_04/camera_drive.py to camera_drive.cpython-310.pyc
[7.032s] running install_data
[7.034s] error: can't copy 'resource/tb_04': doesn't exist or not a regular file
[7.166s] Invoked command in '/home/ubuntu/ros2_ws/src/tb_04' returned '1': PYTHONPATH=/home/ubuntu/ros2_ws/src/build/tb_04/prefix_override:/usr/lib/python3/dist-packages/colcon_core/task/python/colcon_distutils_commands:/home/ubuntu/ros2_ws/src/install/tb_04/lib/python3.10/site-packages:${PYTHONPATH} /usr/bin/python3 -W ignore:setup.py install is deprecated -W ignore:easy_install command is deprecated setup.py egg_info --egg-base ../build/tb_04 build --build-base /home/ubuntu/ros2_ws/src/build/tb_04/build install --record /home/ubuntu/ros2_ws/src/build/tb_04/install.log --single-version-externally-managed install_data
