[17.536s] Invoking command in '/home/ubuntu/ros2_ws/src/wheels': PYTHONPATH=/home/ubuntu/ros2_ws/src/build/wheels/prefix_override:/usr/lib/python3/dist-packages/colcon_core/task/python/colcon_distutils_commands:/home/ubuntu/ros2_ws/src/install/wheels/lib/python3.10/site-packages:${PYTHONPATH} /usr/bin/python3 -W ignore:setup.py install is deprecated -W ignore:easy_install command is deprecated setup.py egg_info --egg-base ../build/wheels build --build-base /home/ubuntu/ros2_ws/src/build/wheels/build install --record /home/ubuntu/ros2_ws/src/build/wheels/install.log --single-version-externally-managed install_data
[22.479s] running egg_info
[22.485s] writing ../build/wheels/wheels.egg-info/PKG-INFO
[22.487s] writing dependency_links to ../build/wheels/wheels.egg-info/dependency_links.txt
[22.491s] writing entry points to ../build/wheels/wheels.egg-info/entry_points.txt
[22.493s] writing requirements to ../build/wheels/wheels.egg-info/requires.txt
[22.495s] writing top-level names to ../build/wheels/wheels.egg-info/top_level.txt
[22.518s] reading manifest file '../build/wheels/wheels.egg-info/SOURCES.txt'
[22.525s] writing manifest file '../build/wheels/wheels.egg-info/SOURCES.txt'
[22.527s] running build
[22.527s] running build_py
[22.530s] running install
[22.534s] running install_lib
[22.543s] running install_data
[22.544s] running install_egg_info
[22.561s] removing '/home/ubuntu/ros2_ws/src/install/wheels/lib/python3.10/site-packages/wheels-0.0.0-py3.10.egg-info' (and everything under it)
[22.565s] Copying ../build/wheels/wheels.egg-info to /home/ubuntu/ros2_ws/src/install/wheels/lib/python3.10/site-packages/wheels-0.0.0-py3.10.egg-info
[22.581s] running install_scripts
[22.772s] Installing wheels script to /home/ubuntu/ros2_ws/src/install/wheels/lib/wheels
[22.775s] writing list of installed files to '/home/ubuntu/ros2_ws/src/build/wheels/install.log'
[23.070s] Invoked command in '/home/ubuntu/ros2_ws/src/wheels' returned '0': PYTHONPATH=/home/ubuntu/ros2_ws/src/build/wheels/prefix_override:/usr/lib/python3/dist-packages/colcon_core/task/python/colcon_distutils_commands:/home/ubuntu/ros2_ws/src/install/wheels/lib/python3.10/site-packages:${PYTHONPATH} /usr/bin/python3 -W ignore:setup.py install is deprecated -W ignore:easy_install command is deprecated setup.py egg_info --egg-base ../build/wheels build --build-base /home/ubuntu/ros2_ws/src/build/wheels/build install --record /home/ubuntu/ros2_ws/src/build/wheels/install.log --single-version-externally-managed install_data
