[5.517s] Invoking command in '/home/ubuntu/ros2_ws/src/camera_drive': PYTHONPATH=/home/ubuntu/ros2_ws/src/build/camera_drive/prefix_override:/usr/lib/python3/dist-packages/colcon_core/task/python/colcon_distutils_commands:/home/ubuntu/ros2_ws/src/install/camera_drive/lib/python3.10/site-packages:${PYTHONPATH} /usr/bin/python3 -W ignore:setup.py install is deprecated -W ignore:easy_install command is deprecated setup.py egg_info --egg-base ../build/camera_drive build --build-base /home/ubuntu/ros2_ws/src/build/camera_drive/build install --record /home/ubuntu/ros2_ws/src/build/camera_drive/install.log --single-version-externally-managed install_data
[6.904s] running egg_info
[6.907s] writing ../build/camera_drive/camera_drive.egg-info/PKG-INFO
[6.908s] writing dependency_links to ../build/camera_drive/camera_drive.egg-info/dependency_links.txt
[6.910s] writing entry points to ../build/camera_drive/camera_drive.egg-info/entry_points.txt
[6.911s] writing requirements to ../build/camera_drive/camera_drive.egg-info/requires.txt
[6.912s] writing top-level names to ../build/camera_drive/camera_drive.egg-info/top_level.txt
[6.924s] reading manifest file '../build/camera_drive/camera_drive.egg-info/SOURCES.txt'
[6.928s] writing manifest file '../build/camera_drive/camera_drive.egg-info/SOURCES.txt'
[6.930s] running build
[6.930s] running build_py
[6.931s] running install
[6.933s] running install_lib
[6.940s] running install_data
[6.942s] running install_egg_info
[6.951s] removing '/home/ubuntu/ros2_ws/src/install/camera_drive/lib/python3.10/site-packages/camera_drive-0.0.0-py3.10.egg-info' (and everything under it)
[6.953s] Copying ../build/camera_drive/camera_drive.egg-info to /home/ubuntu/ros2_ws/src/install/camera_drive/lib/python3.10/site-packages/camera_drive-0.0.0-py3.10.egg-info
[6.961s] running install_scripts
[7.057s] Installing camera_dive script to /home/ubuntu/ros2_ws/src/install/camera_drive/lib/camera_drive
[7.059s] writing list of installed files to '/home/ubuntu/ros2_ws/src/build/camera_drive/install.log'
[7.277s] Invoked command in '/home/ubuntu/ros2_ws/src/camera_drive' returned '0': PYTHONPATH=/home/ubuntu/ros2_ws/src/build/camera_drive/prefix_override:/usr/lib/python3/dist-packages/colcon_core/task/python/colcon_distutils_commands:/home/ubuntu/ros2_ws/src/install/camera_drive/lib/python3.10/site-packages:${PYTHONPATH} /usr/bin/python3 -W ignore:setup.py install is deprecated -W ignore:easy_install command is deprecated setup.py egg_info --egg-base ../build/camera_drive build --build-base /home/ubuntu/ros2_ws/src/build/camera_drive/build install --record /home/ubuntu/ros2_ws/src/build/camera_drive/install.log --single-version-externally-managed install_data
