[7.818s] Invoking command in '/home/ubuntu/ros2_ws/src/camera': PYTHONPATH=/home/ubuntu/ros2_ws/src/build/camera/prefix_override:/usr/lib/python3/dist-packages/colcon_core/task/python/colcon_distutils_commands:/home/ubuntu/ros2_ws/src/install/camera/lib/python3.10/site-packages:${PYTHONPATH} /usr/bin/python3 -W ignore:setup.py install is deprecated -W ignore:easy_install command is deprecated setup.py egg_info --egg-base ../build/camera build --build-base /home/ubuntu/ros2_ws/src/build/camera/build install --record /home/ubuntu/ros2_ws/src/build/camera/install.log --single-version-externally-managed install_data
[9.766s] running egg_info
[9.774s] writing ../build/camera/camera.egg-info/PKG-INFO
[9.776s] writing dependency_links to ../build/camera/camera.egg-info/dependency_links.txt
[9.779s] writing entry points to ../build/camera/camera.egg-info/entry_points.txt
[9.780s] writing requirements to ../build/camera/camera.egg-info/requires.txt
[9.782s] writing top-level names to ../build/camera/camera.egg-info/top_level.txt
[9.793s] reading manifest file '../build/camera/camera.egg-info/SOURCES.txt'
[9.800s] writing manifest file '../build/camera/camera.egg-info/SOURCES.txt'
[9.804s] running build
[9.806s] running build_py
[9.811s] copying camera/camera.py -> /home/ubuntu/ros2_ws/src/build/camera/build/lib/camera
[9.818s] running install
[9.823s] running install_lib
[9.833s] copying /home/ubuntu/ros2_ws/src/build/camera/build/lib/camera/camera.py -> /home/ubuntu/ros2_ws/src/install/camera/lib/python3.10/site-packages/camera
[9.839s] byte-compiling /home/ubuntu/ros2_ws/src/install/camera/lib/python3.10/site-packages/camera/camera.py to camera.cpython-310.pyc
[9.852s] running install_data
[9.852s] running install_egg_info
[9.881s] removing '/home/ubuntu/ros2_ws/src/install/camera/lib/python3.10/site-packages/camera-0.0.0-py3.10.egg-info' (and everything under it)
[9.888s] Copying ../build/camera/camera.egg-info to /home/ubuntu/ros2_ws/src/install/camera/lib/python3.10/site-packages/camera-0.0.0-py3.10.egg-info
[9.911s] running install_scripts
[10.062s] Installing camera script to /home/ubuntu/ros2_ws/src/install/camera/lib/camera
[10.064s] writing list of installed files to '/home/ubuntu/ros2_ws/src/build/camera/install.log'
[10.260s] Invoked command in '/home/ubuntu/ros2_ws/src/camera' returned '0': PYTHONPATH=/home/ubuntu/ros2_ws/src/build/camera/prefix_override:/usr/lib/python3/dist-packages/colcon_core/task/python/colcon_distutils_commands:/home/ubuntu/ros2_ws/src/install/camera/lib/python3.10/site-packages:${PYTHONPATH} /usr/bin/python3 -W ignore:setup.py install is deprecated -W ignore:easy_install command is deprecated setup.py egg_info --egg-base ../build/camera build --build-base /home/ubuntu/ros2_ws/src/build/camera/build install --record /home/ubuntu/ros2_ws/src/build/camera/install.log --single-version-externally-managed install_data
