running egg_info
creating ../build/camera/camera.egg-info
writing ../build/camera/camera.egg-info/PKG-INFO
writing dependency_links to ../build/camera/camera.egg-info/dependency_links.txt
writing entry points to ../build/camera/camera.egg-info/entry_points.txt
writing requirements to ../build/camera/camera.egg-info/requires.txt
writing top-level names to ../build/camera/camera.egg-info/top_level.txt
writing manifest file '../build/camera/camera.egg-info/SOURCES.txt'
reading manifest file '../build/camera/camera.egg-info/SOURCES.txt'
writing manifest file '../build/camera/camera.egg-info/SOURCES.txt'
running build
running build_py
creating /home/ubuntu/ros2_ws/src/build/camera/build
creating /home/ubuntu/ros2_ws/src/build/camera/build/lib
creating /home/ubuntu/ros2_ws/src/build/camera/build/lib/camera
copying camera/__init__.py -> /home/ubuntu/ros2_ws/src/build/camera/build/lib/camera
copying camera/camera.py -> /home/ubuntu/ros2_ws/src/build/camera/build/lib/camera
running install
running install_lib
creating /home/ubuntu/ros2_ws/src/install/camera/lib/python3.10/site-packages/camera
copying /home/ubuntu/ros2_ws/src/build/camera/build/lib/camera/__init__.py -> /home/ubuntu/ros2_ws/src/install/camera/lib/python3.10/site-packages/camera
copying /home/ubuntu/ros2_ws/src/build/camera/build/lib/camera/camera.py -> /home/ubuntu/ros2_ws/src/install/camera/lib/python3.10/site-packages/camera
byte-compiling /home/ubuntu/ros2_ws/src/install/camera/lib/python3.10/site-packages/camera/__init__.py to __init__.cpython-310.pyc
byte-compiling /home/ubuntu/ros2_ws/src/install/camera/lib/python3.10/site-packages/camera/camera.py to camera.cpython-310.pyc
running install_data
creating /home/ubuntu/ros2_ws/src/install/camera/share/ament_index
creating /home/ubuntu/ros2_ws/src/install/camera/share/ament_index/resource_index
creating /home/ubuntu/ros2_ws/src/install/camera/share/ament_index/resource_index/packages
copying resource/camera -> /home/ubuntu/ros2_ws/src/install/camera/share/ament_index/resource_index/packages
copying package.xml -> /home/ubuntu/ros2_ws/src/install/camera/share/camera
running install_egg_info
Copying ../build/camera/camera.egg-info to /home/ubuntu/ros2_ws/src/install/camera/lib/python3.10/site-packages/camera-0.0.0-py3.10.egg-info
running install_scripts
Installing camera script to /home/ubuntu/ros2_ws/src/install/camera/lib/camera
writing list of installed files to '/home/ubuntu/ros2_ws/src/build/camera/install.log'
