[5.813s] Invoking command in '/home/ubuntu/ros2_ws/src/camera': PYTHONPATH=/home/ubuntu/ros2_ws/src/build/camera/prefix_override:/usr/lib/python3/dist-packages/colcon_core/task/python/colcon_distutils_commands:/home/ubuntu/ros2_ws/src/install/camera/lib/python3.10/site-packages:${PYTHONPATH} /usr/bin/python3 -W ignore:setup.py install is deprecated -W ignore:easy_install command is deprecated setup.py egg_info --egg-base ../build/camera build --build-base /home/ubuntu/ros2_ws/src/build/camera/build install --record /home/ubuntu/ros2_ws/src/build/camera/install.log --single-version-externally-managed install_data
[7.365s] running egg_info
[7.373s] creating ../build/camera/camera.egg-info
[7.383s] writing ../build/camera/camera.egg-info/PKG-INFO
[7.383s] writing dependency_links to ../build/camera/camera.egg-info/dependency_links.txt
[7.384s] writing entry points to ../build/camera/camera.egg-info/entry_points.txt
[7.388s] writing requirements to ../build/camera/camera.egg-info/requires.txt
[7.389s] writing top-level names to ../build/camera/camera.egg-info/top_level.txt
[7.390s] writing manifest file '../build/camera/camera.egg-info/SOURCES.txt'
[7.396s] reading manifest file '../build/camera/camera.egg-info/SOURCES.txt'
[7.399s] writing manifest file '../build/camera/camera.egg-info/SOURCES.txt'
[7.401s] running build
[7.402s] running build_py
[7.406s] creating /home/ubuntu/ros2_ws/src/build/camera/build
[7.407s] creating /home/ubuntu/ros2_ws/src/build/camera/build/lib
[7.408s] creating /home/ubuntu/ros2_ws/src/build/camera/build/lib/camera
[7.409s] copying camera/__init__.py -> /home/ubuntu/ros2_ws/src/build/camera/build/lib/camera
[7.410s] copying camera/camera.py -> /home/ubuntu/ros2_ws/src/build/camera/build/lib/camera
[7.413s] running install
[7.415s] running install_lib
[7.424s] creating /home/ubuntu/ros2_ws/src/install/camera/lib/python3.10/site-packages/camera
[7.432s] copying /home/ubuntu/ros2_ws/src/build/camera/build/lib/camera/__init__.py -> /home/ubuntu/ros2_ws/src/install/camera/lib/python3.10/site-packages/camera
[7.440s] copying /home/ubuntu/ros2_ws/src/build/camera/build/lib/camera/camera.py -> /home/ubuntu/ros2_ws/src/install/camera/lib/python3.10/site-packages/camera
[7.455s] byte-compiling /home/ubuntu/ros2_ws/src/install/camera/lib/python3.10/site-packages/camera/__init__.py to __init__.cpython-310.pyc
[7.463s] byte-compiling /home/ubuntu/ros2_ws/src/install/camera/lib/python3.10/site-packages/camera/camera.py to camera.cpython-310.pyc
[7.464s] running install_data
[7.465s] creating /home/ubuntu/ros2_ws/src/install/camera/share/ament_index
[7.466s] creating /home/ubuntu/ros2_ws/src/install/camera/share/ament_index/resource_index
[7.467s] creating /home/ubuntu/ros2_ws/src/install/camera/share/ament_index/resource_index/packages
[7.468s] copying resource/camera -> /home/ubuntu/ros2_ws/src/install/camera/share/ament_index/resource_index/packages
[7.469s] copying package.xml -> /home/ubuntu/ros2_ws/src/install/camera/share/camera
[7.471s] running install_egg_info
[7.478s] Copying ../build/camera/camera.egg-info to /home/ubuntu/ros2_ws/src/install/camera/lib/python3.10/site-packages/camera-0.0.0-py3.10.egg-info
[7.491s] running install_scripts
[7.628s] Installing camera script to /home/ubuntu/ros2_ws/src/install/camera/lib/camera
[7.629s] writing list of installed files to '/home/ubuntu/ros2_ws/src/build/camera/install.log'
[7.794s] Invoked command in '/home/ubuntu/ros2_ws/src/camera' returned '0': PYTHONPATH=/home/ubuntu/ros2_ws/src/build/camera/prefix_override:/usr/lib/python3/dist-packages/colcon_core/task/python/colcon_distutils_commands:/home/ubuntu/ros2_ws/src/install/camera/lib/python3.10/site-packages:${PYTHONPATH} /usr/bin/python3 -W ignore:setup.py install is deprecated -W ignore:easy_install command is deprecated setup.py egg_info --egg-base ../build/camera build --build-base /home/ubuntu/ros2_ws/src/build/camera/build install --record /home/ubuntu/ros2_ws/src/build/camera/install.log --single-version-externally-managed install_data
