[5.572s] Invoking command in '/home/ubuntu/ros2_ws/src/camera_drive': PYTHONPATH=/home/ubuntu/ros2_ws/src/build/camera_drive/prefix_override:/usr/lib/python3/dist-packages/colcon_core/task/python/colcon_distutils_commands:/home/ubuntu/ros2_ws/src/install/camera_drive/lib/python3.10/site-packages:${PYTHONPATH} /usr/bin/python3 -W ignore:setup.py install is deprecated -W ignore:easy_install command is deprecated setup.py egg_info --egg-base ../build/camera_drive build --build-base /home/ubuntu/ros2_ws/src/build/camera_drive/build install --record /home/ubuntu/ros2_ws/src/build/camera_drive/install.log --single-version-externally-managed install_data
[6.901s] running egg_info
[6.903s] creating ../build/camera_drive/camera_drive.egg-info
[6.904s] writing ../build/camera_drive/camera_drive.egg-info/PKG-INFO
[6.905s] writing dependency_links to ../build/camera_drive/camera_drive.egg-info/dependency_links.txt
[6.906s] writing entry points to ../build/camera_drive/camera_drive.egg-info/entry_points.txt
[6.907s] writing requirements to ../build/camera_drive/camera_drive.egg-info/requires.txt
[6.909s] writing top-level names to ../build/camera_drive/camera_drive.egg-info/top_level.txt
[6.911s] writing manifest file '../build/camera_drive/camera_drive.egg-info/SOURCES.txt'
[6.916s] reading manifest file '../build/camera_drive/camera_drive.egg-info/SOURCES.txt'
[6.920s] writing manifest file '../build/camera_drive/camera_drive.egg-info/SOURCES.txt'
[6.921s] running build
[6.922s] running build_py
[6.924s] creating /home/ubuntu/ros2_ws/src/build/camera_drive/build
[6.925s] creating /home/ubuntu/ros2_ws/src/build/camera_drive/build/lib
[6.925s] creating /home/ubuntu/ros2_ws/src/build/camera_drive/build/lib/camera_drive
[6.926s] copying camera_drive/__init__.py -> /home/ubuntu/ros2_ws/src/build/camera_drive/build/lib/camera_drive
[6.927s] copying camera_drive/camera_drive.py -> /home/ubuntu/ros2_ws/src/build/camera_drive/build/lib/camera_drive
[6.927s] running install
[6.928s] running install_lib
[6.930s] creating /home/ubuntu/ros2_ws/src/install/camera_drive/lib/python3.10/site-packages/camera_drive
[6.931s] copying /home/ubuntu/ros2_ws/src/build/camera_drive/build/lib/camera_drive/__init__.py -> /home/ubuntu/ros2_ws/src/install/camera_drive/lib/python3.10/site-packages/camera_drive
[6.932s] copying /home/ubuntu/ros2_ws/src/build/camera_drive/build/lib/camera_drive/camera_drive.py -> /home/ubuntu/ros2_ws/src/install/camera_drive/lib/python3.10/site-packages/camera_drive
[6.935s] byte-compiling /home/ubuntu/ros2_ws/src/install/camera_drive/lib/python3.10/site-packages/camera_drive/__init__.py to __init__.cpython-310.pyc
[6.937s] byte-compiling /home/ubuntu/ros2_ws/src/install/camera_drive/lib/python3.10/site-packages/camera_drive/camera_drive.py to camera_drive.cpython-310.pyc
[6.943s] running install_data
[6.944s] creating /home/ubuntu/ros2_ws/src/install/camera_drive/share/ament_index
[6.945s] creating /home/ubuntu/ros2_ws/src/install/camera_drive/share/ament_index/resource_index
[6.946s] creating /home/ubuntu/ros2_ws/src/install/camera_drive/share/ament_index/resource_index/packages
[6.948s] copying resource/camera_drive -> /home/ubuntu/ros2_ws/src/install/camera_drive/share/ament_index/resource_index/packages
[6.949s] copying package.xml -> /home/ubuntu/ros2_ws/src/install/camera_drive/share/camera_drive
[6.950s] running install_egg_info
[6.956s] Copying ../build/camera_drive/camera_drive.egg-info to /home/ubuntu/ros2_ws/src/install/camera_drive/lib/python3.10/site-packages/camera_drive-0.0.0-py3.10.egg-info
[6.964s] running install_scripts
[7.082s] Installing camera_dive script to /home/ubuntu/ros2_ws/src/install/camera_drive/lib/camera_drive
[7.087s] writing list of installed files to '/home/ubuntu/ros2_ws/src/build/camera_drive/install.log'
[7.287s] Invoked command in '/home/ubuntu/ros2_ws/src/camera_drive' returned '0': PYTHONPATH=/home/ubuntu/ros2_ws/src/build/camera_drive/prefix_override:/usr/lib/python3/dist-packages/colcon_core/task/python/colcon_distutils_commands:/home/ubuntu/ros2_ws/src/install/camera_drive/lib/python3.10/site-packages:${PYTHONPATH} /usr/bin/python3 -W ignore:setup.py install is deprecated -W ignore:easy_install command is deprecated setup.py egg_info --egg-base ../build/camera_drive build --build-base /home/ubuntu/ros2_ws/src/build/camera_drive/build install --record /home/ubuntu/ros2_ws/src/build/camera_drive/install.log --single-version-externally-managed install_data
