[4.050s] Invoking command in '/home/ubuntu/ros2_ws/src/wheels': PYTHONPATH=/home/ubuntu/ros2_ws/src/build/wheels/prefix_override:/usr/lib/python3/dist-packages/colcon_core/task/python/colcon_distutils_commands:/home/ubuntu/ros2_ws/src/install/wheels/lib/python3.10/site-packages:${PYTHONPATH} /usr/bin/python3 -W ignore:setup.py install is deprecated -W ignore:easy_install command is deprecated setup.py egg_info --egg-base ../build/wheels build --build-base /home/ubuntu/ros2_ws/src/build/wheels/build install --record /home/ubuntu/ros2_ws/src/build/wheels/install.log --single-version-externally-managed install_data
[5.208s] running egg_info
[5.211s] writing ../build/wheels/wheels.egg-info/PKG-INFO
[5.212s] writing dependency_links to ../build/wheels/wheels.egg-info/dependency_links.txt
[5.213s] writing entry points to ../build/wheels/wheels.egg-info/entry_points.txt
[5.214s] writing requirements to ../build/wheels/wheels.egg-info/requires.txt
[5.214s] writing top-level names to ../build/wheels/wheels.egg-info/top_level.txt
[5.222s] reading manifest file '../build/wheels/wheels.egg-info/SOURCES.txt'
[5.226s] writing manifest file '../build/wheels/wheels.egg-info/SOURCES.txt'
[5.227s] running build
[5.227s] running build_py
[5.228s] copying wheels/wheel_control.py -> /home/ubuntu/ros2_ws/src/build/wheels/build/lib/wheels
[5.229s] running install
[5.231s] running install_lib
[5.234s] copying /home/ubuntu/ros2_ws/src/build/wheels/build/lib/wheels/wheel_control.py -> /home/ubuntu/ros2_ws/src/install/wheels/lib/python3.10/site-packages/wheels
[5.237s] byte-compiling /home/ubuntu/ros2_ws/src/install/wheels/lib/python3.10/site-packages/wheels/wheel_control.py to wheel_control.cpython-310.pyc
[5.241s] running install_data
[5.241s] running install_egg_info
[5.249s] removing '/home/ubuntu/ros2_ws/src/install/wheels/lib/python3.10/site-packages/wheels-0.0.0-py3.10.egg-info' (and everything under it)
[5.251s] Copying ../build/wheels/wheels.egg-info to /home/ubuntu/ros2_ws/src/install/wheels/lib/python3.10/site-packages/wheels-0.0.0-py3.10.egg-info
[5.257s] running install_scripts
[5.345s] Installing wheels script to /home/ubuntu/ros2_ws/src/install/wheels/lib/wheels
[5.347s] writing list of installed files to '/home/ubuntu/ros2_ws/src/build/wheels/install.log'
[5.474s] Invoked command in '/home/ubuntu/ros2_ws/src/wheels' returned '0': PYTHONPATH=/home/ubuntu/ros2_ws/src/build/wheels/prefix_override:/usr/lib/python3/dist-packages/colcon_core/task/python/colcon_distutils_commands:/home/ubuntu/ros2_ws/src/install/wheels/lib/python3.10/site-packages:${PYTHONPATH} /usr/bin/python3 -W ignore:setup.py install is deprecated -W ignore:easy_install command is deprecated setup.py egg_info --egg-base ../build/wheels build --build-base /home/ubuntu/ros2_ws/src/build/wheels/build install --record /home/ubuntu/ros2_ws/src/build/wheels/install.log --single-version-externally-managed install_data
