[7.524s] Invoking command in '/home/ubuntu/ros2_ws/src/camera': PYTHONPATH=/home/ubuntu/ros2_ws/src/build/camera/prefix_override:/usr/lib/python3/dist-packages/colcon_core/task/python/colcon_distutils_commands:/home/ubuntu/ros2_ws/src/install/camera/lib/python3.10/site-packages:${PYTHONPATH} /usr/bin/python3 -W ignore:setup.py install is deprecated -W ignore:easy_install command is deprecated setup.py egg_info --egg-base ../build/camera build --build-base /home/ubuntu/ros2_ws/src/build/camera/build install --record /home/ubuntu/ros2_ws/src/build/camera/install.log --single-version-externally-managed install_data
[9.315s] running egg_info
[9.321s] writing ../build/camera/camera.egg-info/PKG-INFO
[9.325s] writing dependency_links to ../build/camera/camera.egg-info/dependency_links.txt
[9.326s] writing entry points to ../build/camera/camera.egg-info/entry_points.txt
[9.329s] writing requirements to ../build/camera/camera.egg-info/requires.txt
[9.330s] writing top-level names to ../build/camera/camera.egg-info/top_level.txt
[9.337s] reading manifest file '../build/camera/camera.egg-info/SOURCES.txt'
[9.341s] writing manifest file '../build/camera/camera.egg-info/SOURCES.txt'
[9.343s] running build
[9.344s] running build_py
[9.347s] copying camera/camera.py -> /home/ubuntu/ros2_ws/src/build/camera/build/lib/camera
[9.348s] running install
[9.349s] running install_lib
[9.352s] copying /home/ubuntu/ros2_ws/src/build/camera/build/lib/camera/camera.py -> /home/ubuntu/ros2_ws/src/install/camera/lib/python3.10/site-packages/camera
[9.374s] byte-compiling /home/ubuntu/ros2_ws/src/install/camera/lib/python3.10/site-packages/camera/camera.py to camera.cpython-310.pyc
[9.376s] running install_data
[9.377s] running install_egg_info
[9.386s] removing '/home/ubuntu/ros2_ws/src/install/camera/lib/python3.10/site-packages/camera-0.0.0-py3.10.egg-info' (and everything under it)
[9.388s] Copying ../build/camera/camera.egg-info to /home/ubuntu/ros2_ws/src/install/camera/lib/python3.10/site-packages/camera-0.0.0-py3.10.egg-info
[9.410s] running install_scripts
[9.581s] Installing camera script to /home/ubuntu/ros2_ws/src/install/camera/lib/camera
[9.587s] writing list of installed files to '/home/ubuntu/ros2_ws/src/build/camera/install.log'
[9.975s] Invoked command in '/home/ubuntu/ros2_ws/src/camera' returned '0': PYTHONPATH=/home/ubuntu/ros2_ws/src/build/camera/prefix_override:/usr/lib/python3/dist-packages/colcon_core/task/python/colcon_distutils_commands:/home/ubuntu/ros2_ws/src/install/camera/lib/python3.10/site-packages:${PYTHONPATH} /usr/bin/python3 -W ignore:setup.py install is deprecated -W ignore:easy_install command is deprecated setup.py egg_info --egg-base ../build/camera build --build-base /home/ubuntu/ros2_ws/src/build/camera/build install --record /home/ubuntu/ros2_ws/src/build/camera/install.log --single-version-externally-managed install_data
