[7.793s] Invoking command in '/home/ubuntu/ros2_ws/src/tb_04': PYTHONPATH=/home/ubuntu/ros2_ws/src/build/tb_04/prefix_override:/usr/lib/python3/dist-packages/colcon_core/task/python/colcon_distutils_commands:/home/ubuntu/ros2_ws/src/install/tb_04/lib/python3.10/site-packages:${PYTHONPATH} /usr/bin/python3 -W ignore:setup.py install is deprecated -W ignore:easy_install command is deprecated setup.py egg_info --egg-base ../build/tb_04 build --build-base /home/ubuntu/ros2_ws/src/build/tb_04/build install --record /home/ubuntu/ros2_ws/src/build/tb_04/install.log --single-version-externally-managed install_data
[9.995s] running egg_info
[9.999s] writing ../build/tb_04/tb_04.egg-info/PKG-INFO
[10.002s] writing dependency_links to ../build/tb_04/tb_04.egg-info/dependency_links.txt
[10.012s] writing entry points to ../build/tb_04/tb_04.egg-info/entry_points.txt
[10.012s] writing requirements to ../build/tb_04/tb_04.egg-info/requires.txt
[10.013s] writing top-level names to ../build/tb_04/tb_04.egg-info/top_level.txt
[10.027s] reading manifest file '../build/tb_04/tb_04.egg-info/SOURCES.txt'
[10.036s] writing manifest file '../build/tb_04/tb_04.egg-info/SOURCES.txt'
[10.040s] running build
[10.041s] running build_py
[10.042s] copying tb_04/camera.py -> /home/ubuntu/ros2_ws/src/build/tb_04/build/lib/tb_04
[10.043s] running install
[10.043s] running install_lib
[10.044s] copying /home/ubuntu/ros2_ws/src/build/tb_04/build/lib/tb_04/camera.py -> /home/ubuntu/ros2_ws/src/install/tb_04/lib/python3.10/site-packages/tb_04
[10.053s] byte-compiling /home/ubuntu/ros2_ws/src/install/tb_04/lib/python3.10/site-packages/tb_04/camera.py to camera.cpython-310.pyc
[10.066s] running install_data
[10.069s] running install_egg_info
[10.076s] removing '/home/ubuntu/ros2_ws/src/install/tb_04/lib/python3.10/site-packages/tb_04-0.0.0-py3.10.egg-info' (and everything under it)
[10.079s] Copying ../build/tb_04/tb_04.egg-info to /home/ubuntu/ros2_ws/src/install/tb_04/lib/python3.10/site-packages/tb_04-0.0.0-py3.10.egg-info
[10.089s] running install_scripts
[10.252s] Installing camera script to /home/ubuntu/ros2_ws/src/install/tb_04/lib/tb_04
[10.255s] Installing drive script to /home/ubuntu/ros2_ws/src/install/tb_04/lib/tb_04
[10.262s] Installing wheels script to /home/ubuntu/ros2_ws/src/install/tb_04/lib/tb_04
[10.265s] writing list of installed files to '/home/ubuntu/ros2_ws/src/build/tb_04/install.log'
[10.462s] Invoked command in '/home/ubuntu/ros2_ws/src/tb_04' returned '0': PYTHONPATH=/home/ubuntu/ros2_ws/src/build/tb_04/prefix_override:/usr/lib/python3/dist-packages/colcon_core/task/python/colcon_distutils_commands:/home/ubuntu/ros2_ws/src/install/tb_04/lib/python3.10/site-packages:${PYTHONPATH} /usr/bin/python3 -W ignore:setup.py install is deprecated -W ignore:easy_install command is deprecated setup.py egg_info --egg-base ../build/tb_04 build --build-base /home/ubuntu/ros2_ws/src/build/tb_04/build install --record /home/ubuntu/ros2_ws/src/build/tb_04/install.log --single-version-externally-managed install_data
