[5.396s] Invoking command in '/home/ubuntu/ros2_ws/src/camera': PYTHONPATH=/home/ubuntu/ros2_ws/src/build/camera/prefix_override:/usr/lib/python3/dist-packages/colcon_core/task/python/colcon_distutils_commands:/home/ubuntu/ros2_ws/src/install/camera/lib/python3.10/site-packages:${PYTHONPATH} /usr/bin/python3 -W ignore:setup.py install is deprecated -W ignore:easy_install command is deprecated setup.py egg_info --egg-base ../build/camera build --build-base /home/ubuntu/ros2_ws/src/build/camera/build install --record /home/ubuntu/ros2_ws/src/build/camera/install.log --single-version-externally-managed install_data
[6.967s] running egg_info
[6.970s] writing ../build/camera/camera.egg-info/PKG-INFO
[6.971s] writing dependency_links to ../build/camera/camera.egg-info/dependency_links.txt
[6.974s] writing entry points to ../build/camera/camera.egg-info/entry_points.txt
[6.975s] writing requirements to ../build/camera/camera.egg-info/requires.txt
[6.977s] writing top-level names to ../build/camera/camera.egg-info/top_level.txt
[6.989s] reading manifest file '../build/camera/camera.egg-info/SOURCES.txt'
[6.994s] writing manifest file '../build/camera/camera.egg-info/SOURCES.txt'
[7.013s] running build
[7.013s] running build_py
[7.014s] copying camera/camera.py -> /home/ubuntu/ros2_ws/src/build/camera/build/lib/camera
[7.017s] running install
[7.017s] running install_lib
[7.018s] copying /home/ubuntu/ros2_ws/src/build/camera/build/lib/camera/camera.py -> /home/ubuntu/ros2_ws/src/install/camera/lib/python3.10/site-packages/camera
[7.019s] byte-compiling /home/ubuntu/ros2_ws/src/install/camera/lib/python3.10/site-packages/camera/camera.py to camera.cpython-310.pyc
[7.020s] running install_data
[7.022s] running install_egg_info
[7.041s] removing '/home/ubuntu/ros2_ws/src/install/camera/lib/python3.10/site-packages/camera-0.0.0-py3.10.egg-info' (and everything under it)
[7.042s] Copying ../build/camera/camera.egg-info to /home/ubuntu/ros2_ws/src/install/camera/lib/python3.10/site-packages/camera-0.0.0-py3.10.egg-info
[7.043s] running install_scripts
[7.152s] Installing camera script to /home/ubuntu/ros2_ws/src/install/camera/lib/camera
[7.154s] writing list of installed files to '/home/ubuntu/ros2_ws/src/build/camera/install.log'
[7.447s] Invoked command in '/home/ubuntu/ros2_ws/src/camera' returned '0': PYTHONPATH=/home/ubuntu/ros2_ws/src/build/camera/prefix_override:/usr/lib/python3/dist-packages/colcon_core/task/python/colcon_distutils_commands:/home/ubuntu/ros2_ws/src/install/camera/lib/python3.10/site-packages:${PYTHONPATH} /usr/bin/python3 -W ignore:setup.py install is deprecated -W ignore:easy_install command is deprecated setup.py egg_info --egg-base ../build/camera build --build-base /home/ubuntu/ros2_ws/src/build/camera/build install --record /home/ubuntu/ros2_ws/src/build/camera/install.log --single-version-externally-managed install_data
