[5.466s] Invoking command in '/home/ubuntu/ros2_ws/src/camera_drive': PYTHONPATH=/home/ubuntu/ros2_ws/src/build/camera_drive/prefix_override:/usr/lib/python3/dist-packages/colcon_core/task/python/colcon_distutils_commands:/home/ubuntu/ros2_ws/src/install/camera_drive/lib/python3.10/site-packages:${PYTHONPATH} /usr/bin/python3 -W ignore:setup.py install is deprecated -W ignore:easy_install command is deprecated setup.py egg_info --egg-base ../build/camera_drive build --build-base /home/ubuntu/ros2_ws/src/build/camera_drive/build install --record /home/ubuntu/ros2_ws/src/build/camera_drive/install.log --single-version-externally-managed install_data
[6.839s] running egg_info
[6.843s] writing ../build/camera_drive/camera_drive.egg-info/PKG-INFO
[6.844s] writing dependency_links to ../build/camera_drive/camera_drive.egg-info/dependency_links.txt
[6.846s] writing entry points to ../build/camera_drive/camera_drive.egg-info/entry_points.txt
[6.849s] writing requirements to ../build/camera_drive/camera_drive.egg-info/requires.txt
[6.850s] writing top-level names to ../build/camera_drive/camera_drive.egg-info/top_level.txt
[6.857s] reading manifest file '../build/camera_drive/camera_drive.egg-info/SOURCES.txt'
[6.861s] writing manifest file '../build/camera_drive/camera_drive.egg-info/SOURCES.txt'
[6.862s] running build
[6.863s] running build_py
[6.864s] running install
[6.865s] running install_lib
[6.872s] running install_data
[6.872s] running install_egg_info
[6.880s] removing '/home/ubuntu/ros2_ws/src/install/camera_drive/lib/python3.10/site-packages/camera_drive-0.0.0-py3.10.egg-info' (and everything under it)
[6.882s] Copying ../build/camera_drive/camera_drive.egg-info to /home/ubuntu/ros2_ws/src/install/camera_drive/lib/python3.10/site-packages/camera_drive-0.0.0-py3.10.egg-info
[6.890s] running install_scripts
[6.986s] Installing camera_dive script to /home/ubuntu/ros2_ws/src/install/camera_drive/lib/camera_drive
[6.988s] writing list of installed files to '/home/ubuntu/ros2_ws/src/build/camera_drive/install.log'
[7.148s] Invoked command in '/home/ubuntu/ros2_ws/src/camera_drive' returned '0': PYTHONPATH=/home/ubuntu/ros2_ws/src/build/camera_drive/prefix_override:/usr/lib/python3/dist-packages/colcon_core/task/python/colcon_distutils_commands:/home/ubuntu/ros2_ws/src/install/camera_drive/lib/python3.10/site-packages:${PYTHONPATH} /usr/bin/python3 -W ignore:setup.py install is deprecated -W ignore:easy_install command is deprecated setup.py egg_info --egg-base ../build/camera_drive build --build-base /home/ubuntu/ros2_ws/src/build/camera_drive/build install --record /home/ubuntu/ros2_ws/src/build/camera_drive/install.log --single-version-externally-managed install_data
