[7.855s] Invoking command in '/home/ubuntu/ros2_ws/src/tb_04': PYTHONPATH=/home/ubuntu/ros2_ws/src/build/tb_04/prefix_override:/usr/lib/python3/dist-packages/colcon_core/task/python/colcon_distutils_commands:/home/ubuntu/ros2_ws/src/install/tb_04/lib/python3.10/site-packages:${PYTHONPATH} /usr/bin/python3 -W ignore:setup.py install is deprecated -W ignore:easy_install command is deprecated setup.py egg_info --egg-base ../build/tb_04 build --build-base /home/ubuntu/ros2_ws/src/build/tb_04/build install --record /home/ubuntu/ros2_ws/src/build/tb_04/install.log --single-version-externally-managed install_data
[9.791s] running egg_info
[9.797s] writing ../build/tb_04/tb_04.egg-info/PKG-INFO
[9.800s] writing dependency_links to ../build/tb_04/tb_04.egg-info/dependency_links.txt
[9.802s] writing entry points to ../build/tb_04/tb_04.egg-info/entry_points.txt
[9.805s] writing requirements to ../build/tb_04/tb_04.egg-info/requires.txt
[9.806s] writing top-level names to ../build/tb_04/tb_04.egg-info/top_level.txt
[9.816s] reading manifest file '../build/tb_04/tb_04.egg-info/SOURCES.txt'
[9.821s] writing manifest file '../build/tb_04/tb_04.egg-info/SOURCES.txt'
[9.822s] running build
[9.822s] running build_py
[9.823s] copying tb_04/camera.py -> /home/ubuntu/ros2_ws/src/build/tb_04/build/lib/tb_04
[9.825s] running install
[9.827s] running install_lib
[9.836s] copying /home/ubuntu/ros2_ws/src/build/tb_04/build/lib/tb_04/camera.py -> /home/ubuntu/ros2_ws/src/install/tb_04/lib/python3.10/site-packages/tb_04
[9.840s] byte-compiling /home/ubuntu/ros2_ws/src/install/tb_04/lib/python3.10/site-packages/tb_04/camera.py to camera.cpython-310.pyc
[9.846s] running install_data
[9.848s] running install_egg_info
[9.857s] removing '/home/ubuntu/ros2_ws/src/install/tb_04/lib/python3.10/site-packages/tb_04-0.0.0-py3.10.egg-info' (and everything under it)
[9.859s] Copying ../build/tb_04/tb_04.egg-info to /home/ubuntu/ros2_ws/src/install/tb_04/lib/python3.10/site-packages/tb_04-0.0.0-py3.10.egg-info
[9.867s] running install_scripts
[9.982s] Installing camera script to /home/ubuntu/ros2_ws/src/install/tb_04/lib/tb_04
[9.983s] Installing drive script to /home/ubuntu/ros2_ws/src/install/tb_04/lib/tb_04
[9.985s] Installing wheels script to /home/ubuntu/ros2_ws/src/install/tb_04/lib/tb_04
[9.987s] writing list of installed files to '/home/ubuntu/ros2_ws/src/build/tb_04/install.log'
[10.202s] Invoked command in '/home/ubuntu/ros2_ws/src/tb_04' returned '0': PYTHONPATH=/home/ubuntu/ros2_ws/src/build/tb_04/prefix_override:/usr/lib/python3/dist-packages/colcon_core/task/python/colcon_distutils_commands:/home/ubuntu/ros2_ws/src/install/tb_04/lib/python3.10/site-packages:${PYTHONPATH} /usr/bin/python3 -W ignore:setup.py install is deprecated -W ignore:easy_install command is deprecated setup.py egg_info --egg-base ../build/tb_04 build --build-base /home/ubuntu/ros2_ws/src/build/tb_04/build install --record /home/ubuntu/ros2_ws/src/build/tb_04/install.log --single-version-externally-managed install_data
