[5.572s] Invoking command in '/home/ubuntu/ros2_ws/src/camera': PYTHONPATH=/home/ubuntu/ros2_ws/src/build/camera/prefix_override:/usr/lib/python3/dist-packages/colcon_core/task/python/colcon_distutils_commands:/home/ubuntu/ros2_ws/src/install/camera/lib/python3.10/site-packages:${PYTHONPATH} /usr/bin/python3 -W ignore:setup.py install is deprecated -W ignore:easy_install command is deprecated setup.py egg_info --egg-base ../build/camera build --build-base /home/ubuntu/ros2_ws/src/build/camera/build install --record /home/ubuntu/ros2_ws/src/build/camera/install.log --single-version-externally-managed install_data
[6.904s] running egg_info
[6.908s] writing ../build/camera/camera.egg-info/PKG-INFO
[6.911s] writing dependency_links to ../build/camera/camera.egg-info/dependency_links.txt
[6.913s] writing entry points to ../build/camera/camera.egg-info/entry_points.txt
[6.914s] writing requirements to ../build/camera/camera.egg-info/requires.txt
[6.916s] writing top-level names to ../build/camera/camera.egg-info/top_level.txt
[6.925s] reading manifest file '../build/camera/camera.egg-info/SOURCES.txt'
[6.929s] writing manifest file '../build/camera/camera.egg-info/SOURCES.txt'
[6.930s] running build
[6.930s] running build_py
[6.934s] running install
[6.936s] running install_lib
[6.942s] running install_data
[6.944s] running install_egg_info
[6.955s] removing '/home/ubuntu/ros2_ws/src/install/camera/lib/python3.10/site-packages/camera-0.0.0-py3.10.egg-info' (and everything under it)
[6.957s] Copying ../build/camera/camera.egg-info to /home/ubuntu/ros2_ws/src/install/camera/lib/python3.10/site-packages/camera-0.0.0-py3.10.egg-info
[6.969s] running install_scripts
[7.079s] Installing camera script to /home/ubuntu/ros2_ws/src/install/camera/lib/camera
[7.082s] writing list of installed files to '/home/ubuntu/ros2_ws/src/build/camera/install.log'
[7.295s] Invoked command in '/home/ubuntu/ros2_ws/src/camera' returned '0': PYTHONPATH=/home/ubuntu/ros2_ws/src/build/camera/prefix_override:/usr/lib/python3/dist-packages/colcon_core/task/python/colcon_distutils_commands:/home/ubuntu/ros2_ws/src/install/camera/lib/python3.10/site-packages:${PYTHONPATH} /usr/bin/python3 -W ignore:setup.py install is deprecated -W ignore:easy_install command is deprecated setup.py egg_info --egg-base ../build/camera build --build-base /home/ubuntu/ros2_ws/src/build/camera/build install --record /home/ubuntu/ros2_ws/src/build/camera/install.log --single-version-externally-managed install_data
