[5.359s] Invoking command in '/home/ubuntu/ros2_ws/src/camera': PYTHONPATH=/home/ubuntu/ros2_ws/src/build/camera/prefix_override:/usr/lib/python3/dist-packages/colcon_core/task/python/colcon_distutils_commands:/home/ubuntu/ros2_ws/src/install/camera/lib/python3.10/site-packages:${PYTHONPATH} /usr/bin/python3 -W ignore:setup.py install is deprecated -W ignore:easy_install command is deprecated setup.py egg_info --egg-base ../build/camera build --build-base /home/ubuntu/ros2_ws/src/build/camera/build install --record /home/ubuntu/ros2_ws/src/build/camera/install.log --single-version-externally-managed install_data
[6.985s] running egg_info
[6.990s] writing ../build/camera/camera.egg-info/PKG-INFO
[6.991s] writing dependency_links to ../build/camera/camera.egg-info/dependency_links.txt
[6.992s] writing entry points to ../build/camera/camera.egg-info/entry_points.txt
[6.993s] writing requirements to ../build/camera/camera.egg-info/requires.txt
[6.994s] writing top-level names to ../build/camera/camera.egg-info/top_level.txt
[7.003s] reading manifest file '../build/camera/camera.egg-info/SOURCES.txt'
[7.007s] writing manifest file '../build/camera/camera.egg-info/SOURCES.txt'
[7.008s] running build
[7.009s] running build_py
[7.011s] copying camera/camera.py -> /home/ubuntu/ros2_ws/src/build/camera/build/lib/camera
[7.011s] running install
[7.012s] running install_lib
[7.017s] copying /home/ubuntu/ros2_ws/src/build/camera/build/lib/camera/camera.py -> /home/ubuntu/ros2_ws/src/install/camera/lib/python3.10/site-packages/camera
[7.022s] byte-compiling /home/ubuntu/ros2_ws/src/install/camera/lib/python3.10/site-packages/camera/camera.py to camera.cpython-310.pyc
[7.028s] running install_data
[7.031s] running install_egg_info
[7.049s] removing '/home/ubuntu/ros2_ws/src/install/camera/lib/python3.10/site-packages/camera-0.0.0-py3.10.egg-info' (and everything under it)
[7.050s] Copying ../build/camera/camera.egg-info to /home/ubuntu/ros2_ws/src/install/camera/lib/python3.10/site-packages/camera-0.0.0-py3.10.egg-info
[7.061s] running install_scripts
[7.150s] Installing camera script to /home/ubuntu/ros2_ws/src/install/camera/lib/camera
[7.155s] writing list of installed files to '/home/ubuntu/ros2_ws/src/build/camera/install.log'
[7.331s] Invoked command in '/home/ubuntu/ros2_ws/src/camera' returned '0': PYTHONPATH=/home/ubuntu/ros2_ws/src/build/camera/prefix_override:/usr/lib/python3/dist-packages/colcon_core/task/python/colcon_distutils_commands:/home/ubuntu/ros2_ws/src/install/camera/lib/python3.10/site-packages:${PYTHONPATH} /usr/bin/python3 -W ignore:setup.py install is deprecated -W ignore:easy_install command is deprecated setup.py egg_info --egg-base ../build/camera build --build-base /home/ubuntu/ros2_ws/src/build/camera/build install --record /home/ubuntu/ros2_ws/src/build/camera/install.log --single-version-externally-managed install_data
