[0.469s] DEBUG:colcon:Command line arguments: ['/usr/bin/colcon', 'build']
[0.469s] DEBUG:colcon:Parsed command line arguments: Namespace(log_base=None, log_level=None, verb_name='build', build_base='build', install_base='install', merge_install=False, symlink_install=False, test_result_base=None, continue_on_error=False, executor='parallel', parallel_workers=4, event_handlers=None, ignore_user_meta=False, metas=['./colcon.meta'], base_paths=['.'], packages_ignore=None, packages_ignore_regex=None, paths=None, packages_up_to=None, packages_up_to_regex=None, packages_above=None, packages_above_and_dependencies=None, packages_above_depth=None, packages_select_by_dep=None, packages_skip_by_dep=None, packages_skip_up_to=None, packages_select_build_failed=False, packages_skip_build_finished=False, packages_select_test_failures=False, packages_skip_test_passed=False, packages_select=None, packages_skip=None, packages_select_regex=None, packages_skip_regex=None, packages_start=None, packages_end=None, allow_overriding=[], cmake_args=None, cmake_target=None, cmake_target_skip_unavailable=False, cmake_clean_cache=False, cmake_clean_first=False, cmake_force_configure=False, ament_cmake_args=None, catkin_cmake_args=None, catkin_skip_building_tests=False, mixin_files=None, mixin=None, verb_parser=<colcon_mixin.mixin.mixin_argument.MixinArgumentDecorator object at 0xffff96360400>, verb_extension=<colcon_core.verb.build.BuildVerb object at 0xffff9632fdc0>, main=<bound method BuildVerb.main of <colcon_core.verb.build.BuildVerb object at 0xffff9632fdc0>>, mixin_verb=('build',))
[1.230s] Level 1:colcon.colcon_core.package_discovery:discover_packages(colcon_meta) check parameters
[1.230s] Level 1:colcon.colcon_core.package_discovery:discover_packages(recursive) check parameters
[1.230s] Level 1:colcon.colcon_core.package_discovery:discover_packages(ignore) check parameters
[1.230s] Level 1:colcon.colcon_core.package_discovery:discover_packages(path) check parameters
[1.231s] Level 1:colcon.colcon_core.package_discovery:discover_packages(colcon_meta) discover
[1.231s] Level 1:colcon.colcon_core.package_discovery:discover_packages(recursive) discover
[1.231s] INFO:colcon.colcon_core.package_discovery:Crawling recursively for packages in '/home/ubuntu/ros2_ws/src'
[1.232s] Level 1:colcon.colcon_core.package_identification:_identify(.) by extensions ['ignore', 'ignore_ament_install']
[1.232s] Level 1:colcon.colcon_core.package_identification:_identify(.) by extension 'ignore'
[1.233s] Level 1:colcon.colcon_core.package_identification:_identify(.) by extension 'ignore_ament_install'
[1.233s] Level 1:colcon.colcon_core.package_identification:_identify(.) by extensions ['colcon_pkg']
[1.233s] Level 1:colcon.colcon_core.package_identification:_identify(.) by extension 'colcon_pkg'
[1.233s] Level 1:colcon.colcon_core.package_identification:_identify(.) by extensions ['colcon_meta']
[1.234s] Level 1:colcon.colcon_core.package_identification:_identify(.) by extension 'colcon_meta'
[1.234s] Level 1:colcon.colcon_core.package_identification:_identify(.) by extensions ['ros']
[1.234s] Level 1:colcon.colcon_core.package_identification:_identify(.) by extension 'ros'
[1.283s] Level 1:colcon.colcon_core.package_identification:_identify(.) by extensions ['cmake', 'python']
[1.283s] Level 1:colcon.colcon_core.package_identification:_identify(.) by extension 'cmake'
[1.283s] Level 1:colcon.colcon_core.package_identification:_identify(.) by extension 'python'
[1.283s] Level 1:colcon.colcon_core.package_identification:_identify(.) by extensions ['python_setup_py']
[1.283s] Level 1:colcon.colcon_core.package_identification:_identify(.) by extension 'python_setup_py'
[1.284s] Level 1:colcon.colcon_core.package_identification:_identify(build) by extensions ['ignore', 'ignore_ament_install']
[1.284s] Level 1:colcon.colcon_core.package_identification:_identify(build) by extension 'ignore'
[1.284s] Level 1:colcon.colcon_core.package_identification:_identify(build) ignored
[1.285s] Level 1:colcon.colcon_core.package_identification:_identify(camera) by extensions ['ignore', 'ignore_ament_install']
[1.285s] Level 1:colcon.colcon_core.package_identification:_identify(camera) by extension 'ignore'
[1.285s] Level 1:colcon.colcon_core.package_identification:_identify(camera) by extension 'ignore_ament_install'
[1.286s] Level 1:colcon.colcon_core.package_identification:_identify(camera) by extensions ['colcon_pkg']
[1.286s] Level 1:colcon.colcon_core.package_identification:_identify(camera) by extension 'colcon_pkg'
[1.286s] Level 1:colcon.colcon_core.package_identification:_identify(camera) by extensions ['colcon_meta']
[1.287s] Level 1:colcon.colcon_core.package_identification:_identify(camera) by extension 'colcon_meta'
[1.287s] Level 1:colcon.colcon_core.package_identification:_identify(camera) by extensions ['ros']
[1.287s] Level 1:colcon.colcon_core.package_identification:_identify(camera) by extension 'ros'
[1.295s] DEBUG:colcon.colcon_core.package_identification:Package 'camera' with type 'ros.ament_python' and name 'camera'
[1.296s] Level 1:colcon.colcon_core.package_identification:_identify(install) by extensions ['ignore', 'ignore_ament_install']
[1.296s] Level 1:colcon.colcon_core.package_identification:_identify(install) by extension 'ignore'
[1.296s] Level 1:colcon.colcon_core.package_identification:_identify(install) ignored
[1.297s] Level 1:colcon.colcon_core.package_identification:_identify(log) by extensions ['ignore', 'ignore_ament_install']
[1.297s] Level 1:colcon.colcon_core.package_identification:_identify(log) by extension 'ignore'
[1.297s] Level 1:colcon.colcon_core.package_identification:_identify(log) ignored
[1.298s] Level 1:colcon.colcon_core.package_identification:_identify(wheels) by extensions ['ignore', 'ignore_ament_install']
[1.299s] Level 1:colcon.colcon_core.package_identification:_identify(wheels) by extension 'ignore'
[1.299s] Level 1:colcon.colcon_core.package_identification:_identify(wheels) by extension 'ignore_ament_install'
[1.299s] Level 1:colcon.colcon_core.package_identification:_identify(wheels) by extensions ['colcon_pkg']
[1.299s] Level 1:colcon.colcon_core.package_identification:_identify(wheels) by extension 'colcon_pkg'
[1.299s] Level 1:colcon.colcon_core.package_identification:_identify(wheels) by extensions ['colcon_meta']
[1.300s] Level 1:colcon.colcon_core.package_identification:_identify(wheels) by extension 'colcon_meta'
[1.300s] Level 1:colcon.colcon_core.package_identification:_identify(wheels) by extensions ['ros']
[1.300s] Level 1:colcon.colcon_core.package_identification:_identify(wheels) by extension 'ros'
[1.303s] DEBUG:colcon.colcon_core.package_identification:Package 'wheels' with type 'ros.ament_python' and name 'wheels'
[1.303s] Level 1:colcon.colcon_core.package_discovery:discover_packages(recursive) using defaults
[1.303s] Level 1:colcon.colcon_core.package_discovery:discover_packages(ignore) discover
[1.304s] Level 1:colcon.colcon_core.package_discovery:discover_packages(ignore) using defaults
[1.304s] Level 1:colcon.colcon_core.package_discovery:discover_packages(path) discover
[1.304s] Level 1:colcon.colcon_core.package_discovery:discover_packages(path) using defaults
[1.381s] Level 1:colcon.colcon_core.package_discovery:discover_packages(prefix_path) check parameters
[1.382s] Level 1:colcon.colcon_core.package_discovery:discover_packages(prefix_path) discover
[1.390s] DEBUG:colcon.colcon_installed_package_information.package_discovery:Found 2 installed packages in /home/ubuntu/ros2_ws/src/install
[1.401s] DEBUG:colcon.colcon_installed_package_information.package_discovery:Found 327 installed packages in /opt/ros/humble
[1.449s] Level 1:colcon.colcon_core.package_discovery:discover_packages(prefix_path) using defaults
[1.627s] Level 5:colcon.colcon_core.verb:set package 'camera' build argument 'cmake_args' from command line to 'None'
[1.628s] Level 5:colcon.colcon_core.verb:set package 'camera' build argument 'cmake_target' from command line to 'None'
[1.628s] Level 5:colcon.colcon_core.verb:set package 'camera' build argument 'cmake_target_skip_unavailable' from command line to 'False'
[1.628s] Level 5:colcon.colcon_core.verb:set package 'camera' build argument 'cmake_clean_cache' from command line to 'False'
[1.628s] Level 5:colcon.colcon_core.verb:set package 'camera' build argument 'cmake_clean_first' from command line to 'False'
[1.628s] Level 5:colcon.colcon_core.verb:set package 'camera' build argument 'cmake_force_configure' from command line to 'False'
[1.628s] Level 5:colcon.colcon_core.verb:set package 'camera' build argument 'ament_cmake_args' from command line to 'None'
[1.628s] Level 5:colcon.colcon_core.verb:set package 'camera' build argument 'catkin_cmake_args' from command line to 'None'
[1.629s] Level 5:colcon.colcon_core.verb:set package 'camera' build argument 'catkin_skip_building_tests' from command line to 'False'
[1.629s] DEBUG:colcon.colcon_core.verb:Building package 'camera' with the following arguments: {'ament_cmake_args': None, 'build_base': '/home/ubuntu/ros2_ws/src/build/camera', 'catkin_cmake_args': None, 'catkin_skip_building_tests': False, 'cmake_args': None, 'cmake_clean_cache': False, 'cmake_clean_first': False, 'cmake_force_configure': False, 'cmake_target': None, 'cmake_target_skip_unavailable': False, 'install_base': '/home/ubuntu/ros2_ws/src/install/camera', 'merge_install': False, 'path': '/home/ubuntu/ros2_ws/src/camera', 'symlink_install': False, 'test_result_base': None}
[1.630s] Level 5:colcon.colcon_core.verb:set package 'wheels' build argument 'cmake_args' from command line to 'None'
[1.630s] Level 5:colcon.colcon_core.verb:set package 'wheels' build argument 'cmake_target' from command line to 'None'
[1.630s] Level 5:colcon.colcon_core.verb:set package 'wheels' build argument 'cmake_target_skip_unavailable' from command line to 'False'
[1.630s] Level 5:colcon.colcon_core.verb:set package 'wheels' build argument 'cmake_clean_cache' from command line to 'False'
[1.631s] Level 5:colcon.colcon_core.verb:set package 'wheels' build argument 'cmake_clean_first' from command line to 'False'
[1.631s] Level 5:colcon.colcon_core.verb:set package 'wheels' build argument 'cmake_force_configure' from command line to 'False'
[1.631s] Level 5:colcon.colcon_core.verb:set package 'wheels' build argument 'ament_cmake_args' from command line to 'None'
[1.631s] Level 5:colcon.colcon_core.verb:set package 'wheels' build argument 'catkin_cmake_args' from command line to 'None'
[1.631s] Level 5:colcon.colcon_core.verb:set package 'wheels' build argument 'catkin_skip_building_tests' from command line to 'False'
[1.631s] DEBUG:colcon.colcon_core.verb:Building package 'wheels' with the following arguments: {'ament_cmake_args': None, 'build_base': '/home/ubuntu/ros2_ws/src/build/wheels', 'catkin_cmake_args': None, 'catkin_skip_building_tests': False, 'cmake_args': None, 'cmake_clean_cache': False, 'cmake_clean_first': False, 'cmake_force_configure': False, 'cmake_target': None, 'cmake_target_skip_unavailable': False, 'install_base': '/home/ubuntu/ros2_ws/src/install/wheels', 'merge_install': False, 'path': '/home/ubuntu/ros2_ws/src/wheels', 'symlink_install': False, 'test_result_base': None}
[1.632s] INFO:colcon.colcon_core.executor:Executing jobs using 'parallel' executor
[1.635s] DEBUG:colcon.colcon_parallel_executor.executor.parallel:run_until_complete
[1.636s] INFO:colcon.colcon_ros.task.ament_python.build:Building ROS package in '/home/ubuntu/ros2_ws/src/camera' with build type 'ament_python'
[1.637s] Level 1:colcon.colcon_core.shell:create_environment_hook('camera', 'ament_prefix_path')
[1.646s] INFO:colcon.colcon_core.plugin_system:Skipping extension 'colcon_core.shell.bat': Not used on non-Windows systems
[1.646s] INFO:colcon.colcon_core.shell:Creating environment hook '/home/ubuntu/ros2_ws/src/install/camera/share/camera/hook/ament_prefix_path.ps1'
[1.650s] INFO:colcon.colcon_core.shell:Creating environment descriptor '/home/ubuntu/ros2_ws/src/install/camera/share/camera/hook/ament_prefix_path.dsv'
[1.652s] INFO:colcon.colcon_core.shell:Creating environment hook '/home/ubuntu/ros2_ws/src/install/camera/share/camera/hook/ament_prefix_path.sh'
[1.656s] INFO:colcon.colcon_core.shell:Skip shell extension 'powershell' for command environment: Not usable outside of PowerShell
[1.656s] DEBUG:colcon.colcon_core.shell:Skip shell extension 'dsv' for command environment
[1.676s] INFO:colcon.colcon_ros.task.ament_python.build:Building ROS package in '/home/ubuntu/ros2_ws/src/wheels' with build type 'ament_python'
[1.676s] Level 1:colcon.colcon_core.shell:create_environment_hook('wheels', 'ament_prefix_path')
[1.678s] INFO:colcon.colcon_core.shell:Creating environment hook '/home/ubuntu/ros2_ws/src/install/wheels/share/wheels/hook/ament_prefix_path.ps1'
[1.680s] INFO:colcon.colcon_core.shell:Creating environment descriptor '/home/ubuntu/ros2_ws/src/install/wheels/share/wheels/hook/ament_prefix_path.dsv'
[1.682s] INFO:colcon.colcon_core.shell:Creating environment hook '/home/ubuntu/ros2_ws/src/install/wheels/share/wheels/hook/ament_prefix_path.sh'
[1.685s] INFO:colcon.colcon_core.shell:Skip shell extension 'powershell' for command environment: Not usable outside of PowerShell
[1.685s] DEBUG:colcon.colcon_core.shell:Skip shell extension 'dsv' for command environment
[2.816s] INFO:colcon.colcon_core.task.python.build:Building Python package in '/home/ubuntu/ros2_ws/src/camera'
[2.817s] INFO:colcon.colcon_core.shell:Skip shell extension 'powershell' for command environment: Not usable outside of PowerShell
[2.817s] DEBUG:colcon.colcon_core.shell:Skip shell extension 'dsv' for command environment
[3.941s] INFO:colcon.colcon_core.task.python.build:Building Python package in '/home/ubuntu/ros2_ws/src/wheels'
[3.942s] INFO:colcon.colcon_core.shell:Skip shell extension 'powershell' for command environment: Not usable outside of PowerShell
[3.943s] DEBUG:colcon.colcon_core.shell:Skip shell extension 'dsv' for command environment
[5.746s] DEBUG:colcon.colcon_core.event_handler.log_command:Invoking command in '/home/ubuntu/ros2_ws/src/camera': PYTHONPATH=/home/ubuntu/ros2_ws/src/build/camera/prefix_override:/usr/lib/python3/dist-packages/colcon_core/task/python/colcon_distutils_commands:/home/ubuntu/ros2_ws/src/install/camera/lib/python3.10/site-packages:${PYTHONPATH} /usr/bin/python3 -W ignore:setup.py install is deprecated -W ignore:easy_install command is deprecated setup.py egg_info --egg-base ../build/camera build --build-base /home/ubuntu/ros2_ws/src/build/camera/build install --record /home/ubuntu/ros2_ws/src/build/camera/install.log --single-version-externally-managed install_data
[5.770s] DEBUG:colcon.colcon_core.event_handler.log_command:Invoking command in '/home/ubuntu/ros2_ws/src/wheels': PYTHONPATH=/home/ubuntu/ros2_ws/src/build/wheels/prefix_override:/usr/lib/python3/dist-packages/colcon_core/task/python/colcon_distutils_commands:/home/ubuntu/ros2_ws/src/install/wheels/lib/python3.10/site-packages:${PYTHONPATH} /usr/bin/python3 -W ignore:setup.py install is deprecated -W ignore:easy_install command is deprecated setup.py egg_info --egg-base ../build/wheels build --build-base /home/ubuntu/ros2_ws/src/build/wheels/build install --record /home/ubuntu/ros2_ws/src/build/wheels/install.log --single-version-externally-managed install_data
[7.244s] DEBUG:colcon.colcon_core.event_handler.log_command:Invoked command in '/home/ubuntu/ros2_ws/src/camera' returned '0': PYTHONPATH=/home/ubuntu/ros2_ws/src/build/camera/prefix_override:/usr/lib/python3/dist-packages/colcon_core/task/python/colcon_distutils_commands:/home/ubuntu/ros2_ws/src/install/camera/lib/python3.10/site-packages:${PYTHONPATH} /usr/bin/python3 -W ignore:setup.py install is deprecated -W ignore:easy_install command is deprecated setup.py egg_info --egg-base ../build/camera build --build-base /home/ubuntu/ros2_ws/src/build/camera/build install --record /home/ubuntu/ros2_ws/src/build/camera/install.log --single-version-externally-managed install_data
[7.249s] Level 1:colcon.colcon_core.environment:checking '/home/ubuntu/ros2_ws/src/install/camera' for CMake module files
[7.251s] Level 1:colcon.colcon_core.environment:checking '/home/ubuntu/ros2_ws/src/install/camera' for CMake config files
[7.255s] Level 1:colcon.colcon_core.environment:checking '/home/ubuntu/ros2_ws/src/install/camera/lib'
[7.256s] Level 1:colcon.colcon_core.environment:checking '/home/ubuntu/ros2_ws/src/install/camera/bin'
[7.256s] Level 1:colcon.colcon_core.environment:checking '/home/ubuntu/ros2_ws/src/install/camera/lib/pkgconfig/camera.pc'
[7.257s] Level 1:colcon.colcon_core.environment:checking '/home/ubuntu/ros2_ws/src/install/camera/lib/python3.10/site-packages'
[7.257s] Level 1:colcon.colcon_core.shell:create_environment_hook('camera', 'pythonpath')
[7.258s] INFO:colcon.colcon_core.shell:Creating environment hook '/home/ubuntu/ros2_ws/src/install/camera/share/camera/hook/pythonpath.ps1'
[7.260s] INFO:colcon.colcon_core.shell:Creating environment descriptor '/home/ubuntu/ros2_ws/src/install/camera/share/camera/hook/pythonpath.dsv'
[7.262s] INFO:colcon.colcon_core.shell:Creating environment hook '/home/ubuntu/ros2_ws/src/install/camera/share/camera/hook/pythonpath.sh'
[7.265s] Level 1:colcon.colcon_core.environment:checking '/home/ubuntu/ros2_ws/src/install/camera/bin'
[7.265s] Level 1:colcon.colcon_core.environment:create_environment_scripts_only(camera)
[7.266s] INFO:colcon.colcon_core.shell:Creating package script '/home/ubuntu/ros2_ws/src/install/camera/share/camera/package.ps1'
[7.270s] INFO:colcon.colcon_core.shell:Creating package descriptor '/home/ubuntu/ros2_ws/src/install/camera/share/camera/package.dsv'
[7.272s] INFO:colcon.colcon_core.shell:Creating package script '/home/ubuntu/ros2_ws/src/install/camera/share/camera/package.sh'
[7.275s] INFO:colcon.colcon_core.shell:Creating package script '/home/ubuntu/ros2_ws/src/install/camera/share/camera/package.bash'
[7.278s] INFO:colcon.colcon_core.shell:Creating package script '/home/ubuntu/ros2_ws/src/install/camera/share/camera/package.zsh'
[7.282s] Level 1:colcon.colcon_core.environment:create_file_with_runtime_dependencies(/home/ubuntu/ros2_ws/src/install/camera/share/colcon-core/packages/camera)
[7.287s] Level 1:colcon.colcon_core.environment:checking '/home/ubuntu/ros2_ws/src/install/wheels' for CMake module files
[7.289s] DEBUG:colcon.colcon_core.event_handler.log_command:Invoked command in '/home/ubuntu/ros2_ws/src/wheels' returned '0': PYTHONPATH=/home/ubuntu/ros2_ws/src/build/wheels/prefix_override:/usr/lib/python3/dist-packages/colcon_core/task/python/colcon_distutils_commands:/home/ubuntu/ros2_ws/src/install/wheels/lib/python3.10/site-packages:${PYTHONPATH} /usr/bin/python3 -W ignore:setup.py install is deprecated -W ignore:easy_install command is deprecated setup.py egg_info --egg-base ../build/wheels build --build-base /home/ubuntu/ros2_ws/src/build/wheels/build install --record /home/ubuntu/ros2_ws/src/build/wheels/install.log --single-version-externally-managed install_data
[7.291s] Level 1:colcon.colcon_core.environment:checking '/home/ubuntu/ros2_ws/src/install/wheels' for CMake config files
[7.294s] Level 1:colcon.colcon_core.environment:checking '/home/ubuntu/ros2_ws/src/install/wheels/lib'
[7.295s] Level 1:colcon.colcon_core.environment:checking '/home/ubuntu/ros2_ws/src/install/wheels/bin'
[7.295s] Level 1:colcon.colcon_core.environment:checking '/home/ubuntu/ros2_ws/src/install/wheels/lib/pkgconfig/wheels.pc'
[7.296s] Level 1:colcon.colcon_core.environment:checking '/home/ubuntu/ros2_ws/src/install/wheels/lib/python3.10/site-packages'
[7.296s] Level 1:colcon.colcon_core.shell:create_environment_hook('wheels', 'pythonpath')
[7.298s] INFO:colcon.colcon_core.shell:Creating environment hook '/home/ubuntu/ros2_ws/src/install/wheels/share/wheels/hook/pythonpath.ps1'
[7.301s] INFO:colcon.colcon_core.shell:Creating environment descriptor '/home/ubuntu/ros2_ws/src/install/wheels/share/wheels/hook/pythonpath.dsv'
[7.303s] INFO:colcon.colcon_core.shell:Creating environment hook '/home/ubuntu/ros2_ws/src/install/wheels/share/wheels/hook/pythonpath.sh'
[7.306s] Level 1:colcon.colcon_core.environment:checking '/home/ubuntu/ros2_ws/src/install/wheels/bin'
[7.307s] Level 1:colcon.colcon_core.environment:create_environment_scripts_only(wheels)
[7.308s] INFO:colcon.colcon_core.shell:Creating package script '/home/ubuntu/ros2_ws/src/install/wheels/share/wheels/package.ps1'
[7.311s] INFO:colcon.colcon_core.shell:Creating package descriptor '/home/ubuntu/ros2_ws/src/install/wheels/share/wheels/package.dsv'
[7.313s] INFO:colcon.colcon_core.shell:Creating package script '/home/ubuntu/ros2_ws/src/install/wheels/share/wheels/package.sh'
[7.315s] INFO:colcon.colcon_core.shell:Creating package script '/home/ubuntu/ros2_ws/src/install/wheels/share/wheels/package.bash'
[7.317s] INFO:colcon.colcon_core.shell:Creating package script '/home/ubuntu/ros2_ws/src/install/wheels/share/wheels/package.zsh'
[7.319s] Level 1:colcon.colcon_core.environment:create_file_with_runtime_dependencies(/home/ubuntu/ros2_ws/src/install/wheels/share/colcon-core/packages/wheels)
[7.320s] DEBUG:colcon.colcon_parallel_executor.executor.parallel:closing loop
[7.321s] DEBUG:colcon.colcon_parallel_executor.executor.parallel:loop closed
[7.322s] DEBUG:colcon.colcon_parallel_executor.executor.parallel:run_until_complete finished with '0'
[7.322s] DEBUG:colcon.colcon_core.event_reactor:joining thread
[7.345s] INFO:colcon.colcon_core.plugin_system:Skipping extension 'colcon_notification.desktop_notification.notify_send': Could not find 'notify-send'
[7.345s] INFO:colcon.colcon_core.plugin_system:Skipping extension 'colcon_notification.desktop_notification.terminal_notifier': Not used on non-Darwin systems
[7.345s] INFO:colcon.colcon_core.plugin_system:Skipping extension 'colcon_notification.desktop_notification.win32': Not used on non-Windows systems
[7.346s] INFO:colcon.colcon_notification.desktop_notification:Sending desktop notification using 'notify2'
[7.348s] DEBUG:colcon.colcon_notification.desktop_notification.notify2:Failed to initialize notify2: org.freedesktop.DBus.Error.ServiceUnknown: The name org.freedesktop.Notifications was not provided by any .service files
[7.349s] DEBUG:colcon.colcon_core.event_reactor:joined thread
[7.350s] INFO:colcon.colcon_core.shell:Creating prefix script '/home/ubuntu/ros2_ws/src/install/local_setup.ps1'
[7.354s] INFO:colcon.colcon_core.shell:Creating prefix util module '/home/ubuntu/ros2_ws/src/install/_local_setup_util_ps1.py'
[7.362s] INFO:colcon.colcon_core.shell:Creating prefix chain script '/home/ubuntu/ros2_ws/src/install/setup.ps1'
[7.367s] INFO:colcon.colcon_core.shell:Creating prefix script '/home/ubuntu/ros2_ws/src/install/local_setup.sh'
[7.370s] INFO:colcon.colcon_core.shell:Creating prefix util module '/home/ubuntu/ros2_ws/src/install/_local_setup_util_sh.py'
[7.373s] INFO:colcon.colcon_core.shell:Creating prefix chain script '/home/ubuntu/ros2_ws/src/install/setup.sh'
[7.378s] INFO:colcon.colcon_core.shell:Creating prefix script '/home/ubuntu/ros2_ws/src/install/local_setup.bash'
[7.380s] INFO:colcon.colcon_core.shell:Creating prefix chain script '/home/ubuntu/ros2_ws/src/install/setup.bash'
[7.385s] INFO:colcon.colcon_core.shell:Creating prefix script '/home/ubuntu/ros2_ws/src/install/local_setup.zsh'
[7.388s] INFO:colcon.colcon_core.shell:Creating prefix chain script '/home/ubuntu/ros2_ws/src/install/setup.zsh'
