[12.742s] Invoking command in '/home/ubuntu/ros2_ws/src/camera_drive': PYTHONPATH=/home/ubuntu/ros2_ws/src/build/camera_drive/prefix_override:/usr/lib/python3/dist-packages/colcon_core/task/python/colcon_distutils_commands:/home/ubuntu/ros2_ws/src/install/camera_drive/lib/python3.10/site-packages:${PYTHONPATH} /usr/bin/python3 -W ignore:setup.py install is deprecated -W ignore:easy_install command is deprecated setup.py egg_info --egg-base ../build/camera_drive build --build-base /home/ubuntu/ros2_ws/src/build/camera_drive/build install --record /home/ubuntu/ros2_ws/src/build/camera_drive/install.log --single-version-externally-managed install_data
[15.195s] running egg_info
[15.206s] writing ../build/camera_drive/camera_drive.egg-info/PKG-INFO
[15.207s] writing dependency_links to ../build/camera_drive/camera_drive.egg-info/dependency_links.txt
[15.209s] writing entry points to ../build/camera_drive/camera_drive.egg-info/entry_points.txt
[15.211s] writing requirements to ../build/camera_drive/camera_drive.egg-info/requires.txt
[15.214s] writing top-level names to ../build/camera_drive/camera_drive.egg-info/top_level.txt
[15.225s] reading manifest file '../build/camera_drive/camera_drive.egg-info/SOURCES.txt'
[15.230s] writing manifest file '../build/camera_drive/camera_drive.egg-info/SOURCES.txt'
[15.234s] running build
[15.235s] running build_py
[15.236s] copying camera_drive/camera_drive.py -> /home/ubuntu/ros2_ws/src/build/camera_drive/build/lib/camera_drive
[15.237s] running install
[15.238s] running install_lib
[15.248s] copying /home/ubuntu/ros2_ws/src/build/camera_drive/build/lib/camera_drive/camera_drive.py -> /home/ubuntu/ros2_ws/src/install/camera_drive/lib/python3.10/site-packages/camera_drive
[15.253s] byte-compiling /home/ubuntu/ros2_ws/src/install/camera_drive/lib/python3.10/site-packages/camera_drive/camera_drive.py to camera_drive.cpython-310.pyc
[15.260s] running install_data
[15.262s] running install_egg_info
[15.275s] removing '/home/ubuntu/ros2_ws/src/install/camera_drive/lib/python3.10/site-packages/camera_drive-0.0.0-py3.10.egg-info' (and everything under it)
[15.279s] Copying ../build/camera_drive/camera_drive.egg-info to /home/ubuntu/ros2_ws/src/install/camera_drive/lib/python3.10/site-packages/camera_drive-0.0.0-py3.10.egg-info
[15.288s] running install_scripts
[15.437s] Installing camera_dive script to /home/ubuntu/ros2_ws/src/install/camera_drive/lib/camera_drive
[15.442s] writing list of installed files to '/home/ubuntu/ros2_ws/src/build/camera_drive/install.log'
[15.662s] Invoked command in '/home/ubuntu/ros2_ws/src/camera_drive' returned '0': PYTHONPATH=/home/ubuntu/ros2_ws/src/build/camera_drive/prefix_override:/usr/lib/python3/dist-packages/colcon_core/task/python/colcon_distutils_commands:/home/ubuntu/ros2_ws/src/install/camera_drive/lib/python3.10/site-packages:${PYTHONPATH} /usr/bin/python3 -W ignore:setup.py install is deprecated -W ignore:easy_install command is deprecated setup.py egg_info --egg-base ../build/camera_drive build --build-base /home/ubuntu/ros2_ws/src/build/camera_drive/build install --record /home/ubuntu/ros2_ws/src/build/camera_drive/install.log --single-version-externally-managed install_data
