[16.682s] Invoking command in '/home/ubuntu/ros2_ws/src/camera_drive': PYTHONPATH=/home/ubuntu/ros2_ws/src/build/camera_drive/prefix_override:/usr/lib/python3/dist-packages/colcon_core/task/python/colcon_distutils_commands:/home/ubuntu/ros2_ws/src/install/camera_drive/lib/python3.10/site-packages:${PYTHONPATH} /usr/bin/python3 -W ignore:setup.py install is deprecated -W ignore:easy_install command is deprecated setup.py egg_info --egg-base ../build/camera_drive build --build-base /home/ubuntu/ros2_ws/src/build/camera_drive/build install --record /home/ubuntu/ros2_ws/src/build/camera_drive/install.log --single-version-externally-managed install_data
[20.518s] running egg_info
[20.521s] writing ../build/camera_drive/camera_drive.egg-info/PKG-INFO
[20.523s] writing dependency_links to ../build/camera_drive/camera_drive.egg-info/dependency_links.txt
[20.525s] writing entry points to ../build/camera_drive/camera_drive.egg-info/entry_points.txt
[20.527s] writing requirements to ../build/camera_drive/camera_drive.egg-info/requires.txt
[20.530s] writing top-level names to ../build/camera_drive/camera_drive.egg-info/top_level.txt
[20.545s] reading manifest file '../build/camera_drive/camera_drive.egg-info/SOURCES.txt'
[20.553s] writing manifest file '../build/camera_drive/camera_drive.egg-info/SOURCES.txt'
[20.554s] running build
[20.555s] running build_py
[20.557s] running install
[20.558s] running install_lib
[20.583s] running install_data
[20.583s] running install_egg_info
[20.595s] removing '/home/ubuntu/ros2_ws/src/install/camera_drive/lib/python3.10/site-packages/camera_drive-0.0.0-py3.10.egg-info' (and everything under it)
[20.599s] Copying ../build/camera_drive/camera_drive.egg-info to /home/ubuntu/ros2_ws/src/install/camera_drive/lib/python3.10/site-packages/camera_drive-0.0.0-py3.10.egg-info
[20.638s] running install_scripts
[20.778s] Installing camera_dive script to /home/ubuntu/ros2_ws/src/install/camera_drive/lib/camera_drive
[20.785s] writing list of installed files to '/home/ubuntu/ros2_ws/src/build/camera_drive/install.log'
[21.041s] Invoked command in '/home/ubuntu/ros2_ws/src/camera_drive' returned '0': PYTHONPATH=/home/ubuntu/ros2_ws/src/build/camera_drive/prefix_override:/usr/lib/python3/dist-packages/colcon_core/task/python/colcon_distutils_commands:/home/ubuntu/ros2_ws/src/install/camera_drive/lib/python3.10/site-packages:${PYTHONPATH} /usr/bin/python3 -W ignore:setup.py install is deprecated -W ignore:easy_install command is deprecated setup.py egg_info --egg-base ../build/camera_drive build --build-base /home/ubuntu/ros2_ws/src/build/camera_drive/build install --record /home/ubuntu/ros2_ws/src/build/camera_drive/install.log --single-version-externally-managed install_data
