[9.129s] Invoking command in '/home/ubuntu/ros2_ws/src/camera_drive': PYTHONPATH=/home/ubuntu/ros2_ws/src/build/camera_drive/prefix_override:/usr/lib/python3/dist-packages/colcon_core/task/python/colcon_distutils_commands:/home/ubuntu/ros2_ws/src/install/camera_drive/lib/python3.10/site-packages:${PYTHONPATH} /usr/bin/python3 -W ignore:setup.py install is deprecated -W ignore:easy_install command is deprecated setup.py egg_info --egg-base ../build/camera_drive build --build-base /home/ubuntu/ros2_ws/src/build/camera_drive/build install --record /home/ubuntu/ros2_ws/src/build/camera_drive/install.log --single-version-externally-managed install_data
[11.228s] running egg_info
[11.238s] writing ../build/camera_drive/camera_drive.egg-info/PKG-INFO
[11.600s] writing dependency_links to ../build/camera_drive/camera_drive.egg-info/dependency_links.txt
[11.610s] writing entry points to ../build/camera_drive/camera_drive.egg-info/entry_points.txt
[11.611s] writing requirements to ../build/camera_drive/camera_drive.egg-info/requires.txt
[11.613s] writing top-level names to ../build/camera_drive/camera_drive.egg-info/top_level.txt
[11.619s] reading manifest file '../build/camera_drive/camera_drive.egg-info/SOURCES.txt'
[11.630s] writing manifest file '../build/camera_drive/camera_drive.egg-info/SOURCES.txt'
[11.632s] running build
[11.634s] running build_py
[11.635s] running install
[11.638s] running install_lib
[11.649s] running install_data
[11.652s] running install_egg_info
[11.679s] removing '/home/ubuntu/ros2_ws/src/install/camera_drive/lib/python3.10/site-packages/camera_drive-0.0.0-py3.10.egg-info' (and everything under it)
[11.682s] Copying ../build/camera_drive/camera_drive.egg-info to /home/ubuntu/ros2_ws/src/install/camera_drive/lib/python3.10/site-packages/camera_drive-0.0.0-py3.10.egg-info
[11.704s] running install_scripts
[12.039s] Installing camera_dive script to /home/ubuntu/ros2_ws/src/install/camera_drive/lib/camera_drive
[12.042s] writing list of installed files to '/home/ubuntu/ros2_ws/src/build/camera_drive/install.log'
[12.357s] Invoked command in '/home/ubuntu/ros2_ws/src/camera_drive' returned '0': PYTHONPATH=/home/ubuntu/ros2_ws/src/build/camera_drive/prefix_override:/usr/lib/python3/dist-packages/colcon_core/task/python/colcon_distutils_commands:/home/ubuntu/ros2_ws/src/install/camera_drive/lib/python3.10/site-packages:${PYTHONPATH} /usr/bin/python3 -W ignore:setup.py install is deprecated -W ignore:easy_install command is deprecated setup.py egg_info --egg-base ../build/camera_drive build --build-base /home/ubuntu/ros2_ws/src/build/camera_drive/build install --record /home/ubuntu/ros2_ws/src/build/camera_drive/install.log --single-version-externally-managed install_data
