[7.509s] Invoking command in '/home/ubuntu/ros2_ws/src/camera_drive': PYTHONPATH=/home/ubuntu/ros2_ws/src/build/camera_drive/prefix_override:/usr/lib/python3/dist-packages/colcon_core/task/python/colcon_distutils_commands:/home/ubuntu/ros2_ws/src/install/camera_drive/lib/python3.10/site-packages:${PYTHONPATH} /usr/bin/python3 -W ignore:setup.py install is deprecated -W ignore:easy_install command is deprecated setup.py egg_info --egg-base ../build/camera_drive build --build-base /home/ubuntu/ros2_ws/src/build/camera_drive/build install --record /home/ubuntu/ros2_ws/src/build/camera_drive/install.log --single-version-externally-managed install_data
[9.617s] running egg_info
[9.630s] writing ../build/camera_drive/camera_drive.egg-info/PKG-INFO
[9.632s] writing dependency_links to ../build/camera_drive/camera_drive.egg-info/dependency_links.txt
[9.636s] writing entry points to ../build/camera_drive/camera_drive.egg-info/entry_points.txt
[9.638s] writing requirements to ../build/camera_drive/camera_drive.egg-info/requires.txt
[9.641s] writing top-level names to ../build/camera_drive/camera_drive.egg-info/top_level.txt
[9.670s] reading manifest file '../build/camera_drive/camera_drive.egg-info/SOURCES.txt'
[9.683s] writing manifest file '../build/camera_drive/camera_drive.egg-info/SOURCES.txt'
[9.695s] running build
[9.697s] running build_py
[9.700s] running install
[9.728s] running install_lib
[9.747s] running install_data
[9.750s] running install_egg_info
[9.763s] removing '/home/ubuntu/ros2_ws/src/install/camera_drive/lib/python3.10/site-packages/camera_drive-0.0.0-py3.10.egg-info' (and everything under it)
[9.765s] Copying ../build/camera_drive/camera_drive.egg-info to /home/ubuntu/ros2_ws/src/install/camera_drive/lib/python3.10/site-packages/camera_drive-0.0.0-py3.10.egg-info
[9.772s] running install_scripts
[9.902s] Installing camera_dive script to /home/ubuntu/ros2_ws/src/install/camera_drive/lib/camera_drive
[9.904s] writing list of installed files to '/home/ubuntu/ros2_ws/src/build/camera_drive/install.log'
[10.044s] Invoked command in '/home/ubuntu/ros2_ws/src/camera_drive' returned '0': PYTHONPATH=/home/ubuntu/ros2_ws/src/build/camera_drive/prefix_override:/usr/lib/python3/dist-packages/colcon_core/task/python/colcon_distutils_commands:/home/ubuntu/ros2_ws/src/install/camera_drive/lib/python3.10/site-packages:${PYTHONPATH} /usr/bin/python3 -W ignore:setup.py install is deprecated -W ignore:easy_install command is deprecated setup.py egg_info --egg-base ../build/camera_drive build --build-base /home/ubuntu/ros2_ws/src/build/camera_drive/build install --record /home/ubuntu/ros2_ws/src/build/camera_drive/install.log --single-version-externally-managed install_data
