[7.592s] Invoking command in '/home/ubuntu/ros2_ws/src/camera': PYTHONPATH=/home/ubuntu/ros2_ws/src/build/camera/prefix_override:/usr/lib/python3/dist-packages/colcon_core/task/python/colcon_distutils_commands:/home/ubuntu/ros2_ws/src/install/camera/lib/python3.10/site-packages:${PYTHONPATH} /usr/bin/python3 -W ignore:setup.py install is deprecated -W ignore:easy_install command is deprecated setup.py egg_info --egg-base ../build/camera build --build-base /home/ubuntu/ros2_ws/src/build/camera/build install --record /home/ubuntu/ros2_ws/src/build/camera/install.log --single-version-externally-managed install_data
[9.631s] running egg_info
[9.635s] writing ../build/camera/camera.egg-info/PKG-INFO
[9.636s] writing dependency_links to ../build/camera/camera.egg-info/dependency_links.txt
[9.639s] writing entry points to ../build/camera/camera.egg-info/entry_points.txt
[9.640s] writing requirements to ../build/camera/camera.egg-info/requires.txt
[9.641s] writing top-level names to ../build/camera/camera.egg-info/top_level.txt
[9.650s] reading manifest file '../build/camera/camera.egg-info/SOURCES.txt'
[9.656s] writing manifest file '../build/camera/camera.egg-info/SOURCES.txt'
[9.657s] running build
[9.658s] running build_py
[9.659s] copying camera/camera.py -> /home/ubuntu/ros2_ws/src/build/camera/build/lib/camera
[9.660s] running install
[9.661s] running install_lib
[9.675s] copying /home/ubuntu/ros2_ws/src/build/camera/build/lib/camera/camera.py -> /home/ubuntu/ros2_ws/src/install/camera/lib/python3.10/site-packages/camera
[9.684s] byte-compiling /home/ubuntu/ros2_ws/src/install/camera/lib/python3.10/site-packages/camera/camera.py to camera.cpython-310.pyc
[9.686s] running install_data
[9.688s] running install_egg_info
[9.696s] removing '/home/ubuntu/ros2_ws/src/install/camera/lib/python3.10/site-packages/camera-0.0.0-py3.10.egg-info' (and everything under it)
[9.698s] Copying ../build/camera/camera.egg-info to /home/ubuntu/ros2_ws/src/install/camera/lib/python3.10/site-packages/camera-0.0.0-py3.10.egg-info
[9.707s] running install_scripts
[9.904s] Installing camera script to /home/ubuntu/ros2_ws/src/install/camera/lib/camera
[9.906s] writing list of installed files to '/home/ubuntu/ros2_ws/src/build/camera/install.log'
[10.113s] Invoked command in '/home/ubuntu/ros2_ws/src/camera' returned '0': PYTHONPATH=/home/ubuntu/ros2_ws/src/build/camera/prefix_override:/usr/lib/python3/dist-packages/colcon_core/task/python/colcon_distutils_commands:/home/ubuntu/ros2_ws/src/install/camera/lib/python3.10/site-packages:${PYTHONPATH} /usr/bin/python3 -W ignore:setup.py install is deprecated -W ignore:easy_install command is deprecated setup.py egg_info --egg-base ../build/camera build --build-base /home/ubuntu/ros2_ws/src/build/camera/build install --record /home/ubuntu/ros2_ws/src/build/camera/install.log --single-version-externally-managed install_data
