[7.837s] Invoking command in '/home/ubuntu/ros2_ws/src/tb_04': PYTHONPATH=/home/ubuntu/ros2_ws/src/build/tb_04/prefix_override:/usr/lib/python3/dist-packages/colcon_core/task/python/colcon_distutils_commands:/home/ubuntu/ros2_ws/src/install/tb_04/lib/python3.10/site-packages:${PYTHONPATH} /usr/bin/python3 -W ignore:setup.py install is deprecated -W ignore:easy_install command is deprecated setup.py egg_info --egg-base ../build/tb_04 build --build-base /home/ubuntu/ros2_ws/src/build/tb_04/build install --record /home/ubuntu/ros2_ws/src/build/tb_04/install.log --single-version-externally-managed install_data
[9.916s] running egg_info
[9.918s] writing ../build/tb_04/tb_04.egg-info/PKG-INFO
[9.919s] writing dependency_links to ../build/tb_04/tb_04.egg-info/dependency_links.txt
[9.920s] writing entry points to ../build/tb_04/tb_04.egg-info/entry_points.txt
[9.921s] writing requirements to ../build/tb_04/tb_04.egg-info/requires.txt
[9.921s] writing top-level names to ../build/tb_04/tb_04.egg-info/top_level.txt
[9.929s] reading manifest file '../build/tb_04/tb_04.egg-info/SOURCES.txt'
[9.933s] writing manifest file '../build/tb_04/tb_04.egg-info/SOURCES.txt'
[9.933s] running build
[9.934s] running build_py
[9.935s] copying tb_04/camera_drive.py -> /home/ubuntu/ros2_ws/src/build/tb_04/build/lib/tb_04
[9.936s] running install
[9.938s] running install_lib
[9.941s] copying /home/ubuntu/ros2_ws/src/build/tb_04/build/lib/tb_04/camera_drive.py -> /home/ubuntu/ros2_ws/src/install/tb_04/lib/python3.10/site-packages/tb_04
[9.945s] byte-compiling /home/ubuntu/ros2_ws/src/install/tb_04/lib/python3.10/site-packages/tb_04/camera_drive.py to camera_drive.cpython-310.pyc
[9.949s] running install_data
[9.949s] running install_egg_info
[9.956s] removing '/home/ubuntu/ros2_ws/src/install/tb_04/lib/python3.10/site-packages/tb_04-0.0.0-py3.10.egg-info' (and everything under it)
[9.957s] Copying ../build/tb_04/tb_04.egg-info to /home/ubuntu/ros2_ws/src/install/tb_04/lib/python3.10/site-packages/tb_04-0.0.0-py3.10.egg-info
[9.964s] running install_scripts
[10.061s] Installing camera script to /home/ubuntu/ros2_ws/src/install/tb_04/lib/tb_04
[10.063s] Installing drive script to /home/ubuntu/ros2_ws/src/install/tb_04/lib/tb_04
[10.065s] Installing wheels script to /home/ubuntu/ros2_ws/src/install/tb_04/lib/tb_04
[10.068s] writing list of installed files to '/home/ubuntu/ros2_ws/src/build/tb_04/install.log'
[10.206s] Invoked command in '/home/ubuntu/ros2_ws/src/tb_04' returned '0': PYTHONPATH=/home/ubuntu/ros2_ws/src/build/tb_04/prefix_override:/usr/lib/python3/dist-packages/colcon_core/task/python/colcon_distutils_commands:/home/ubuntu/ros2_ws/src/install/tb_04/lib/python3.10/site-packages:${PYTHONPATH} /usr/bin/python3 -W ignore:setup.py install is deprecated -W ignore:easy_install command is deprecated setup.py egg_info --egg-base ../build/tb_04 build --build-base /home/ubuntu/ros2_ws/src/build/tb_04/build install --record /home/ubuntu/ros2_ws/src/build/tb_04/install.log --single-version-externally-managed install_data
