[5.666s] Invoking command in '/home/ubuntu/ros2_ws/src/camera_drive': PYTHONPATH=/home/ubuntu/ros2_ws/src/build/camera_drive/prefix_override:/usr/lib/python3/dist-packages/colcon_core/task/python/colcon_distutils_commands:/home/ubuntu/ros2_ws/src/install/camera_drive/lib/python3.10/site-packages:${PYTHONPATH} /usr/bin/python3 -W ignore:setup.py install is deprecated -W ignore:easy_install command is deprecated setup.py egg_info --egg-base ../build/camera_drive build --build-base /home/ubuntu/ros2_ws/src/build/camera_drive/build install --record /home/ubuntu/ros2_ws/src/build/camera_drive/install.log --single-version-externally-managed install_data
[6.989s] running egg_info
[6.993s] writing ../build/camera_drive/camera_drive.egg-info/PKG-INFO
[6.994s] writing dependency_links to ../build/camera_drive/camera_drive.egg-info/dependency_links.txt
[6.995s] writing entry points to ../build/camera_drive/camera_drive.egg-info/entry_points.txt
[6.996s] writing requirements to ../build/camera_drive/camera_drive.egg-info/requires.txt
[6.997s] writing top-level names to ../build/camera_drive/camera_drive.egg-info/top_level.txt
[7.007s] reading manifest file '../build/camera_drive/camera_drive.egg-info/SOURCES.txt'
[7.012s] writing manifest file '../build/camera_drive/camera_drive.egg-info/SOURCES.txt'
[7.013s] running build
[7.014s] running build_py
[7.017s] running install
[7.018s] running install_lib
[7.022s] running install_data
[7.023s] running install_egg_info
[7.033s] removing '/home/ubuntu/ros2_ws/src/install/camera_drive/lib/python3.10/site-packages/camera_drive-0.0.0-py3.10.egg-info' (and everything under it)
[7.035s] Copying ../build/camera_drive/camera_drive.egg-info to /home/ubuntu/ros2_ws/src/install/camera_drive/lib/python3.10/site-packages/camera_drive-0.0.0-py3.10.egg-info
[7.042s] running install_scripts
[7.171s] Installing camera_dive script to /home/ubuntu/ros2_ws/src/install/camera_drive/lib/camera_drive
[7.175s] writing list of installed files to '/home/ubuntu/ros2_ws/src/build/camera_drive/install.log'
