[2.703s] Invoking command in '/home/ubuntu/ros2_ws/src/wheels': PYTHONPATH=/home/ubuntu/ros2_ws/src/build/wheels/prefix_override:/usr/lib/python3/dist-packages/colcon_core/task/python/colcon_distutils_commands:/home/ubuntu/ros2_ws/src/install/wheels/lib/python3.10/site-packages:${PYTHONPATH} /usr/bin/python3 -W ignore:setup.py install is deprecated -W ignore:easy_install command is deprecated setup.py egg_info --egg-base ../build/wheels build --build-base /home/ubuntu/ros2_ws/src/build/wheels/build install --record /home/ubuntu/ros2_ws/src/build/wheels/install.log --single-version-externally-managed install_data
[3.724s] running egg_info
[3.726s] writing ../build/wheels/wheels.egg-info/PKG-INFO
[3.727s] writing dependency_links to ../build/wheels/wheels.egg-info/dependency_links.txt
[3.728s] writing entry points to ../build/wheels/wheels.egg-info/entry_points.txt
[3.729s] writing requirements to ../build/wheels/wheels.egg-info/requires.txt
[3.730s] writing top-level names to ../build/wheels/wheels.egg-info/top_level.txt
[3.738s] reading manifest file '../build/wheels/wheels.egg-info/SOURCES.txt'
[3.742s] writing manifest file '../build/wheels/wheels.egg-info/SOURCES.txt'
[3.742s] running build
[3.743s] running build_py
[3.743s] copying wheels/wheel_control.py -> /home/ubuntu/ros2_ws/src/build/wheels/build/lib/wheels
[3.745s] running install
[3.746s] running install_lib
[3.749s] copying /home/ubuntu/ros2_ws/src/build/wheels/build/lib/wheels/wheel_control.py -> /home/ubuntu/ros2_ws/src/install/wheels/lib/python3.10/site-packages/wheels
[3.752s] byte-compiling /home/ubuntu/ros2_ws/src/install/wheels/lib/python3.10/site-packages/wheels/wheel_control.py to wheel_control.cpython-310.pyc
[3.755s] running install_data
[3.755s] running install_egg_info
[3.762s] removing '/home/ubuntu/ros2_ws/src/install/wheels/lib/python3.10/site-packages/wheels-0.0.0-py3.10.egg-info' (and everything under it)
[3.764s] Copying ../build/wheels/wheels.egg-info to /home/ubuntu/ros2_ws/src/install/wheels/lib/python3.10/site-packages/wheels-0.0.0-py3.10.egg-info
[3.769s] running install_scripts
[3.848s] Installing wheels script to /home/ubuntu/ros2_ws/src/install/wheels/lib/wheels
[3.850s] writing list of installed files to '/home/ubuntu/ros2_ws/src/build/wheels/install.log'
[3.968s] Invoked command in '/home/ubuntu/ros2_ws/src/wheels' returned '0': PYTHONPATH=/home/ubuntu/ros2_ws/src/build/wheels/prefix_override:/usr/lib/python3/dist-packages/colcon_core/task/python/colcon_distutils_commands:/home/ubuntu/ros2_ws/src/install/wheels/lib/python3.10/site-packages:${PYTHONPATH} /usr/bin/python3 -W ignore:setup.py install is deprecated -W ignore:easy_install command is deprecated setup.py egg_info --egg-base ../build/wheels build --build-base /home/ubuntu/ros2_ws/src/build/wheels/build install --record /home/ubuntu/ros2_ws/src/build/wheels/install.log --single-version-externally-managed install_data
