[7.227s] Invoking command in '/home/ubuntu/ros2_ws/src/camera': PYTHONPATH=/home/ubuntu/ros2_ws/src/build/camera/prefix_override:/usr/lib/python3/dist-packages/colcon_core/task/python/colcon_distutils_commands:/home/ubuntu/ros2_ws/src/install/camera/lib/python3.10/site-packages:${PYTHONPATH} /usr/bin/python3 -W ignore:setup.py install is deprecated -W ignore:easy_install command is deprecated setup.py egg_info --egg-base ../build/camera build --build-base /home/ubuntu/ros2_ws/src/build/camera/build install --record /home/ubuntu/ros2_ws/src/build/camera/install.log --single-version-externally-managed install_data
[9.205s] running egg_info
[9.206s] writing ../build/camera/camera.egg-info/PKG-INFO
[9.207s] writing dependency_links to ../build/camera/camera.egg-info/dependency_links.txt
[9.209s] writing entry points to ../build/camera/camera.egg-info/entry_points.txt
[9.211s] writing requirements to ../build/camera/camera.egg-info/requires.txt
[9.212s] writing top-level names to ../build/camera/camera.egg-info/top_level.txt
[9.222s] reading manifest file '../build/camera/camera.egg-info/SOURCES.txt'
[9.227s] writing manifest file '../build/camera/camera.egg-info/SOURCES.txt'
[9.228s] running build
[9.229s] running build_py
[9.230s] copying camera/camera.py -> /home/ubuntu/ros2_ws/src/build/camera/build/lib/camera
[9.231s] running install
[9.233s] running install_lib
[9.239s] copying /home/ubuntu/ros2_ws/src/build/camera/build/lib/camera/camera.py -> /home/ubuntu/ros2_ws/src/install/camera/lib/python3.10/site-packages/camera
[9.258s] byte-compiling /home/ubuntu/ros2_ws/src/install/camera/lib/python3.10/site-packages/camera/camera.py to camera.cpython-310.pyc
[9.262s] running install_data
[9.262s] running install_egg_info
[9.269s] removing '/home/ubuntu/ros2_ws/src/install/camera/lib/python3.10/site-packages/camera-0.0.0-py3.10.egg-info' (and everything under it)
[9.270s] Copying ../build/camera/camera.egg-info to /home/ubuntu/ros2_ws/src/install/camera/lib/python3.10/site-packages/camera-0.0.0-py3.10.egg-info
[9.279s] running install_scripts
[9.408s] Installing camera script to /home/ubuntu/ros2_ws/src/install/camera/lib/camera
[9.411s] writing list of installed files to '/home/ubuntu/ros2_ws/src/build/camera/install.log'
[9.670s] Invoked command in '/home/ubuntu/ros2_ws/src/camera' returned '0': PYTHONPATH=/home/ubuntu/ros2_ws/src/build/camera/prefix_override:/usr/lib/python3/dist-packages/colcon_core/task/python/colcon_distutils_commands:/home/ubuntu/ros2_ws/src/install/camera/lib/python3.10/site-packages:${PYTHONPATH} /usr/bin/python3 -W ignore:setup.py install is deprecated -W ignore:easy_install command is deprecated setup.py egg_info --egg-base ../build/camera build --build-base /home/ubuntu/ros2_ws/src/build/camera/build install --record /home/ubuntu/ros2_ws/src/build/camera/install.log --single-version-externally-managed install_data
