running egg_info
writing ../build/camera_drive/camera_drive.egg-info/PKG-INFO
writing dependency_links to ../build/camera_drive/camera_drive.egg-info/dependency_links.txt
writing entry points to ../build/camera_drive/camera_drive.egg-info/entry_points.txt
writing requirements to ../build/camera_drive/camera_drive.egg-info/requires.txt
writing top-level names to ../build/camera_drive/camera_drive.egg-info/top_level.txt
reading manifest file '../build/camera_drive/camera_drive.egg-info/SOURCES.txt'
writing manifest file '../build/camera_drive/camera_drive.egg-info/SOURCES.txt'
running build
running build_py
copying camera_drive/camera_drive.py -> /home/ubuntu/ros2_ws/src/build/camera_drive/build/lib/camera_drive
running install
running install_lib
copying /home/ubuntu/ros2_ws/src/build/camera_drive/build/lib/camera_drive/camera_drive.py -> /home/ubuntu/ros2_ws/src/install/camera_drive/lib/python3.10/site-packages/camera_drive
byte-compiling /home/ubuntu/ros2_ws/src/install/camera_drive/lib/python3.10/site-packages/camera_drive/camera_drive.py to camera_drive.cpython-310.pyc
running install_data
running install_egg_info
removing '/home/ubuntu/ros2_ws/src/install/camera_drive/lib/python3.10/site-packages/camera_drive-0.0.0-py3.10.egg-info' (and everything under it)
Copying ../build/camera_drive/camera_drive.egg-info to /home/ubuntu/ros2_ws/src/install/camera_drive/lib/python3.10/site-packages/camera_drive-0.0.0-py3.10.egg-info
running install_scripts
Installing camera_dive script to /home/ubuntu/ros2_ws/src/install/camera_drive/lib/camera_drive
writing list of installed files to '/home/ubuntu/ros2_ws/src/build/camera_drive/install.log'
