[17.630s] Invoking command in '/home/ubuntu/ros2_ws/src/camera_drive': PYTHONPATH=/home/ubuntu/ros2_ws/src/build/camera_drive/prefix_override:/usr/lib/python3/dist-packages/colcon_core/task/python/colcon_distutils_commands:/home/ubuntu/ros2_ws/src/install/camera_drive/lib/python3.10/site-packages:${PYTHONPATH} /usr/bin/python3 -W ignore:setup.py install is deprecated -W ignore:easy_install command is deprecated setup.py egg_info --egg-base ../build/camera_drive build --build-base /home/ubuntu/ros2_ws/src/build/camera_drive/build install --record /home/ubuntu/ros2_ws/src/build/camera_drive/install.log --single-version-externally-managed install_data
[21.167s] running egg_info
[21.178s] writing ../build/camera_drive/camera_drive.egg-info/PKG-INFO
[21.179s] writing dependency_links to ../build/camera_drive/camera_drive.egg-info/dependency_links.txt
[21.190s] writing entry points to ../build/camera_drive/camera_drive.egg-info/entry_points.txt
[21.202s] writing requirements to ../build/camera_drive/camera_drive.egg-info/requires.txt
[21.203s] writing top-level names to ../build/camera_drive/camera_drive.egg-info/top_level.txt
[21.205s] reading manifest file '../build/camera_drive/camera_drive.egg-info/SOURCES.txt'
[21.211s] writing manifest file '../build/camera_drive/camera_drive.egg-info/SOURCES.txt'
[21.238s] running build
[21.241s] running build_py
[21.242s] running install
[21.249s] running install_lib
[21.251s] running install_data
[21.252s] running install_egg_info
[21.253s] removing '/home/ubuntu/ros2_ws/src/install/camera_drive/lib/python3.10/site-packages/camera_drive-0.0.0-py3.10.egg-info' (and everything under it)
[21.260s] Copying ../build/camera_drive/camera_drive.egg-info to /home/ubuntu/ros2_ws/src/install/camera_drive/lib/python3.10/site-packages/camera_drive-0.0.0-py3.10.egg-info
[21.300s] running install_scripts
[21.444s] Installing camera_dive script to /home/ubuntu/ros2_ws/src/install/camera_drive/lib/camera_drive
[21.447s] writing list of installed files to '/home/ubuntu/ros2_ws/src/build/camera_drive/install.log'
[21.698s] Invoked command in '/home/ubuntu/ros2_ws/src/camera_drive' returned '0': PYTHONPATH=/home/ubuntu/ros2_ws/src/build/camera_drive/prefix_override:/usr/lib/python3/dist-packages/colcon_core/task/python/colcon_distutils_commands:/home/ubuntu/ros2_ws/src/install/camera_drive/lib/python3.10/site-packages:${PYTHONPATH} /usr/bin/python3 -W ignore:setup.py install is deprecated -W ignore:easy_install command is deprecated setup.py egg_info --egg-base ../build/camera_drive build --build-base /home/ubuntu/ros2_ws/src/build/camera_drive/build install --record /home/ubuntu/ros2_ws/src/build/camera_drive/install.log --single-version-externally-managed install_data
