[0.458s] DEBUG:colcon:Command line arguments: ['/usr/bin/colcon', 'build']
[0.458s] DEBUG:colcon:Parsed command line arguments: Namespace(log_base=None, log_level=None, verb_name='build', build_base='build', install_base='install', merge_install=False, symlink_install=False, test_result_base=None, continue_on_error=False, executor='parallel', parallel_workers=4, event_handlers=None, ignore_user_meta=False, metas=['./colcon.meta'], base_paths=['.'], packages_ignore=None, packages_ignore_regex=None, paths=None, packages_up_to=None, packages_up_to_regex=None, packages_above=None, packages_above_and_dependencies=None, packages_above_depth=None, packages_select_by_dep=None, packages_skip_by_dep=None, packages_skip_up_to=None, packages_select_build_failed=False, packages_skip_build_finished=False, packages_select_test_failures=False, packages_skip_test_passed=False, packages_select=None, packages_skip=None, packages_select_regex=None, packages_skip_regex=None, packages_start=None, packages_end=None, allow_overriding=[], cmake_args=None, cmake_target=None, cmake_target_skip_unavailable=False, cmake_clean_cache=False, cmake_clean_first=False, cmake_force_configure=False, ament_cmake_args=None, catkin_cmake_args=None, catkin_skip_building_tests=False, mixin_files=None, mixin=None, verb_parser=<colcon_mixin.mixin.mixin_argument.MixinArgumentDecorator object at 0xffff8ba40d30>, verb_extension=<colcon_core.verb.build.BuildVerb object at 0xffff8ba406a0>, main=<bound method BuildVerb.main of <colcon_core.verb.build.BuildVerb object at 0xffff8ba406a0>>, mixin_verb=('build',))
[1.201s] Level 1:colcon.colcon_core.package_discovery:discover_packages(colcon_meta) check parameters
[1.202s] Level 1:colcon.colcon_core.package_discovery:discover_packages(recursive) check parameters
[1.202s] Level 1:colcon.colcon_core.package_discovery:discover_packages(ignore) check parameters
[1.202s] Level 1:colcon.colcon_core.package_discovery:discover_packages(path) check parameters
[1.202s] Level 1:colcon.colcon_core.package_discovery:discover_packages(colcon_meta) discover
[1.202s] Level 1:colcon.colcon_core.package_discovery:discover_packages(recursive) discover
[1.202s] INFO:colcon.colcon_core.package_discovery:Crawling recursively for packages in '/home/ubuntu/ros2_ws/src'
[1.203s] Level 1:colcon.colcon_core.package_identification:_identify(.) by extensions ['ignore', 'ignore_ament_install']
[1.203s] Level 1:colcon.colcon_core.package_identification:_identify(.) by extension 'ignore'
[1.204s] Level 1:colcon.colcon_core.package_identification:_identify(.) by extension 'ignore_ament_install'
[1.204s] Level 1:colcon.colcon_core.package_identification:_identify(.) by extensions ['colcon_pkg']
[1.204s] Level 1:colcon.colcon_core.package_identification:_identify(.) by extension 'colcon_pkg'
[1.204s] Level 1:colcon.colcon_core.package_identification:_identify(.) by extensions ['colcon_meta']
[1.204s] Level 1:colcon.colcon_core.package_identification:_identify(.) by extension 'colcon_meta'
[1.205s] Level 1:colcon.colcon_core.package_identification:_identify(.) by extensions ['ros']
[1.205s] Level 1:colcon.colcon_core.package_identification:_identify(.) by extension 'ros'
[1.252s] Level 1:colcon.colcon_core.package_identification:_identify(.) by extensions ['cmake', 'python']
[1.253s] Level 1:colcon.colcon_core.package_identification:_identify(.) by extension 'cmake'
[1.258s] Level 1:colcon.colcon_core.package_identification:_identify(.) by extension 'python'
[1.258s] Level 1:colcon.colcon_core.package_identification:_identify(.) by extensions ['python_setup_py']
[1.258s] Level 1:colcon.colcon_core.package_identification:_identify(.) by extension 'python_setup_py'
[1.259s] Level 1:colcon.colcon_core.package_identification:_identify(build) by extensions ['ignore', 'ignore_ament_install']
[1.259s] Level 1:colcon.colcon_core.package_identification:_identify(build) by extension 'ignore'
[1.259s] Level 1:colcon.colcon_core.package_identification:_identify(build) ignored
[1.260s] Level 1:colcon.colcon_core.package_identification:_identify(camera) by extensions ['ignore', 'ignore_ament_install']
[1.260s] Level 1:colcon.colcon_core.package_identification:_identify(camera) by extension 'ignore'
[1.260s] Level 1:colcon.colcon_core.package_identification:_identify(camera) by extension 'ignore_ament_install'
[1.261s] Level 1:colcon.colcon_core.package_identification:_identify(camera) by extensions ['colcon_pkg']
[1.261s] Level 1:colcon.colcon_core.package_identification:_identify(camera) by extension 'colcon_pkg'
[1.261s] Level 1:colcon.colcon_core.package_identification:_identify(camera) by extensions ['colcon_meta']
[1.261s] Level 1:colcon.colcon_core.package_identification:_identify(camera) by extension 'colcon_meta'
[1.261s] Level 1:colcon.colcon_core.package_identification:_identify(camera) by extensions ['ros']
[1.261s] Level 1:colcon.colcon_core.package_identification:_identify(camera) by extension 'ros'
[1.271s] DEBUG:colcon.colcon_core.package_identification:Package 'camera' with type 'ros.ament_python' and name 'camera'
[1.272s] Level 1:colcon.colcon_core.package_identification:_identify(camera_drive) by extensions ['ignore', 'ignore_ament_install']
[1.272s] Level 1:colcon.colcon_core.package_identification:_identify(camera_drive) by extension 'ignore'
[1.272s] Level 1:colcon.colcon_core.package_identification:_identify(camera_drive) by extension 'ignore_ament_install'
[1.273s] Level 1:colcon.colcon_core.package_identification:_identify(camera_drive) by extensions ['colcon_pkg']
[1.273s] Level 1:colcon.colcon_core.package_identification:_identify(camera_drive) by extension 'colcon_pkg'
[1.273s] Level 1:colcon.colcon_core.package_identification:_identify(camera_drive) by extensions ['colcon_meta']
[1.273s] Level 1:colcon.colcon_core.package_identification:_identify(camera_drive) by extension 'colcon_meta'
[1.274s] Level 1:colcon.colcon_core.package_identification:_identify(camera_drive) by extensions ['ros']
[1.274s] Level 1:colcon.colcon_core.package_identification:_identify(camera_drive) by extension 'ros'
[1.278s] DEBUG:colcon.colcon_core.package_identification:Package 'camera_drive' with type 'ros.ament_python' and name 'camera_drive'
[1.278s] Level 1:colcon.colcon_core.package_identification:_identify(install) by extensions ['ignore', 'ignore_ament_install']
[1.279s] Level 1:colcon.colcon_core.package_identification:_identify(install) by extension 'ignore'
[1.279s] Level 1:colcon.colcon_core.package_identification:_identify(install) ignored
[1.280s] Level 1:colcon.colcon_core.package_identification:_identify(log) by extensions ['ignore', 'ignore_ament_install']
[1.281s] Level 1:colcon.colcon_core.package_identification:_identify(log) by extension 'ignore'
[1.281s] Level 1:colcon.colcon_core.package_identification:_identify(log) ignored
[1.281s] Level 1:colcon.colcon_core.package_identification:_identify(wheels) by extensions ['ignore', 'ignore_ament_install']
[1.282s] Level 1:colcon.colcon_core.package_identification:_identify(wheels) by extension 'ignore'
[1.282s] Level 1:colcon.colcon_core.package_identification:_identify(wheels) by extension 'ignore_ament_install'
[1.282s] Level 1:colcon.colcon_core.package_identification:_identify(wheels) by extensions ['colcon_pkg']
[1.282s] Level 1:colcon.colcon_core.package_identification:_identify(wheels) by extension 'colcon_pkg'
[1.282s] Level 1:colcon.colcon_core.package_identification:_identify(wheels) by extensions ['colcon_meta']
[1.282s] Level 1:colcon.colcon_core.package_identification:_identify(wheels) by extension 'colcon_meta'
[1.283s] Level 1:colcon.colcon_core.package_identification:_identify(wheels) by extensions ['ros']
[1.283s] Level 1:colcon.colcon_core.package_identification:_identify(wheels) by extension 'ros'
[1.285s] DEBUG:colcon.colcon_core.package_identification:Package 'wheels' with type 'ros.ament_python' and name 'wheels'
[1.286s] Level 1:colcon.colcon_core.package_discovery:discover_packages(recursive) using defaults
[1.286s] Level 1:colcon.colcon_core.package_discovery:discover_packages(ignore) discover
[1.286s] Level 1:colcon.colcon_core.package_discovery:discover_packages(ignore) using defaults
[1.286s] Level 1:colcon.colcon_core.package_discovery:discover_packages(path) discover
[1.286s] Level 1:colcon.colcon_core.package_discovery:discover_packages(path) using defaults
[1.367s] Level 1:colcon.colcon_core.package_discovery:discover_packages(prefix_path) check parameters
[1.367s] Level 1:colcon.colcon_core.package_discovery:discover_packages(prefix_path) discover
[1.375s] DEBUG:colcon.colcon_installed_package_information.package_discovery:Found 3 installed packages in /home/ubuntu/ros2_ws/src/install
[1.386s] DEBUG:colcon.colcon_installed_package_information.package_discovery:Found 327 installed packages in /opt/ros/humble
[1.432s] Level 1:colcon.colcon_core.package_discovery:discover_packages(prefix_path) using defaults
[1.610s] Level 5:colcon.colcon_core.verb:set package 'camera' build argument 'cmake_args' from command line to 'None'
[1.610s] Level 5:colcon.colcon_core.verb:set package 'camera' build argument 'cmake_target' from command line to 'None'
[1.610s] Level 5:colcon.colcon_core.verb:set package 'camera' build argument 'cmake_target_skip_unavailable' from command line to 'False'
[1.610s] Level 5:colcon.colcon_core.verb:set package 'camera' build argument 'cmake_clean_cache' from command line to 'False'
[1.610s] Level 5:colcon.colcon_core.verb:set package 'camera' build argument 'cmake_clean_first' from command line to 'False'
[1.610s] Level 5:colcon.colcon_core.verb:set package 'camera' build argument 'cmake_force_configure' from command line to 'False'
[1.611s] Level 5:colcon.colcon_core.verb:set package 'camera' build argument 'ament_cmake_args' from command line to 'None'
[1.611s] Level 5:colcon.colcon_core.verb:set package 'camera' build argument 'catkin_cmake_args' from command line to 'None'
[1.611s] Level 5:colcon.colcon_core.verb:set package 'camera' build argument 'catkin_skip_building_tests' from command line to 'False'
[1.611s] DEBUG:colcon.colcon_core.verb:Building package 'camera' with the following arguments: {'ament_cmake_args': None, 'build_base': '/home/ubuntu/ros2_ws/src/build/camera', 'catkin_cmake_args': None, 'catkin_skip_building_tests': False, 'cmake_args': None, 'cmake_clean_cache': False, 'cmake_clean_first': False, 'cmake_force_configure': False, 'cmake_target': None, 'cmake_target_skip_unavailable': False, 'install_base': '/home/ubuntu/ros2_ws/src/install/camera', 'merge_install': False, 'path': '/home/ubuntu/ros2_ws/src/camera', 'symlink_install': False, 'test_result_base': None}
[1.612s] Level 5:colcon.colcon_core.verb:set package 'camera_drive' build argument 'cmake_args' from command line to 'None'
[1.612s] Level 5:colcon.colcon_core.verb:set package 'camera_drive' build argument 'cmake_target' from command line to 'None'
[1.613s] Level 5:colcon.colcon_core.verb:set package 'camera_drive' build argument 'cmake_target_skip_unavailable' from command line to 'False'
[1.613s] Level 5:colcon.colcon_core.verb:set package 'camera_drive' build argument 'cmake_clean_cache' from command line to 'False'
[1.613s] Level 5:colcon.colcon_core.verb:set package 'camera_drive' build argument 'cmake_clean_first' from command line to 'False'
[1.613s] Level 5:colcon.colcon_core.verb:set package 'camera_drive' build argument 'cmake_force_configure' from command line to 'False'
[1.613s] Level 5:colcon.colcon_core.verb:set package 'camera_drive' build argument 'ament_cmake_args' from command line to 'None'
[1.613s] Level 5:colcon.colcon_core.verb:set package 'camera_drive' build argument 'catkin_cmake_args' from command line to 'None'
[1.613s] Level 5:colcon.colcon_core.verb:set package 'camera_drive' build argument 'catkin_skip_building_tests' from command line to 'False'
[1.613s] DEBUG:colcon.colcon_core.verb:Building package 'camera_drive' with the following arguments: {'ament_cmake_args': None, 'build_base': '/home/ubuntu/ros2_ws/src/build/camera_drive', 'catkin_cmake_args': None, 'catkin_skip_building_tests': False, 'cmake_args': None, 'cmake_clean_cache': False, 'cmake_clean_first': False, 'cmake_force_configure': False, 'cmake_target': None, 'cmake_target_skip_unavailable': False, 'install_base': '/home/ubuntu/ros2_ws/src/install/camera_drive', 'merge_install': False, 'path': '/home/ubuntu/ros2_ws/src/camera_drive', 'symlink_install': False, 'test_result_base': None}
[1.615s] Level 5:colcon.colcon_core.verb:set package 'wheels' build argument 'cmake_args' from command line to 'None'
[1.615s] Level 5:colcon.colcon_core.verb:set package 'wheels' build argument 'cmake_target' from command line to 'None'
[1.615s] Level 5:colcon.colcon_core.verb:set package 'wheels' build argument 'cmake_target_skip_unavailable' from command line to 'False'
[1.615s] Level 5:colcon.colcon_core.verb:set package 'wheels' build argument 'cmake_clean_cache' from command line to 'False'
[1.615s] Level 5:colcon.colcon_core.verb:set package 'wheels' build argument 'cmake_clean_first' from command line to 'False'
[1.615s] Level 5:colcon.colcon_core.verb:set package 'wheels' build argument 'cmake_force_configure' from command line to 'False'
[1.615s] Level 5:colcon.colcon_core.verb:set package 'wheels' build argument 'ament_cmake_args' from command line to 'None'
[1.616s] Level 5:colcon.colcon_core.verb:set package 'wheels' build argument 'catkin_cmake_args' from command line to 'None'
[1.616s] Level 5:colcon.colcon_core.verb:set package 'wheels' build argument 'catkin_skip_building_tests' from command line to 'False'
[1.616s] DEBUG:colcon.colcon_core.verb:Building package 'wheels' with the following arguments: {'ament_cmake_args': None, 'build_base': '/home/ubuntu/ros2_ws/src/build/wheels', 'catkin_cmake_args': None, 'catkin_skip_building_tests': False, 'cmake_args': None, 'cmake_clean_cache': False, 'cmake_clean_first': False, 'cmake_force_configure': False, 'cmake_target': None, 'cmake_target_skip_unavailable': False, 'install_base': '/home/ubuntu/ros2_ws/src/install/wheels', 'merge_install': False, 'path': '/home/ubuntu/ros2_ws/src/wheels', 'symlink_install': False, 'test_result_base': None}
[1.616s] INFO:colcon.colcon_core.executor:Executing jobs using 'parallel' executor
[1.619s] DEBUG:colcon.colcon_parallel_executor.executor.parallel:run_until_complete
[1.620s] INFO:colcon.colcon_ros.task.ament_python.build:Building ROS package in '/home/ubuntu/ros2_ws/src/camera' with build type 'ament_python'
[1.621s] Level 1:colcon.colcon_core.shell:create_environment_hook('camera', 'ament_prefix_path')
[1.630s] INFO:colcon.colcon_core.plugin_system:Skipping extension 'colcon_core.shell.bat': Not used on non-Windows systems
[1.631s] INFO:colcon.colcon_core.shell:Creating environment hook '/home/ubuntu/ros2_ws/src/install/camera/share/camera/hook/ament_prefix_path.ps1'
[1.634s] INFO:colcon.colcon_core.shell:Creating environment descriptor '/home/ubuntu/ros2_ws/src/install/camera/share/camera/hook/ament_prefix_path.dsv'
[1.636s] INFO:colcon.colcon_core.shell:Creating environment hook '/home/ubuntu/ros2_ws/src/install/camera/share/camera/hook/ament_prefix_path.sh'
[1.640s] INFO:colcon.colcon_core.shell:Skip shell extension 'powershell' for command environment: Not usable outside of PowerShell
[1.640s] DEBUG:colcon.colcon_core.shell:Skip shell extension 'dsv' for command environment
[1.659s] INFO:colcon.colcon_ros.task.ament_python.build:Building ROS package in '/home/ubuntu/ros2_ws/src/camera_drive' with build type 'ament_python'
[1.659s] Level 1:colcon.colcon_core.shell:create_environment_hook('camera_drive', 'ament_prefix_path')
[1.660s] INFO:colcon.colcon_core.shell:Creating environment hook '/home/ubuntu/ros2_ws/src/install/camera_drive/share/camera_drive/hook/ament_prefix_path.ps1'
[1.663s] INFO:colcon.colcon_core.shell:Creating environment descriptor '/home/ubuntu/ros2_ws/src/install/camera_drive/share/camera_drive/hook/ament_prefix_path.dsv'
[1.665s] INFO:colcon.colcon_core.shell:Creating environment hook '/home/ubuntu/ros2_ws/src/install/camera_drive/share/camera_drive/hook/ament_prefix_path.sh'
[1.668s] INFO:colcon.colcon_core.shell:Skip shell extension 'powershell' for command environment: Not usable outside of PowerShell
[1.669s] DEBUG:colcon.colcon_core.shell:Skip shell extension 'dsv' for command environment
[1.687s] INFO:colcon.colcon_ros.task.ament_python.build:Building ROS package in '/home/ubuntu/ros2_ws/src/wheels' with build type 'ament_python'
[1.688s] Level 1:colcon.colcon_core.shell:create_environment_hook('wheels', 'ament_prefix_path')
[1.689s] INFO:colcon.colcon_core.shell:Creating environment hook '/home/ubuntu/ros2_ws/src/install/wheels/share/wheels/hook/ament_prefix_path.ps1'
[1.691s] INFO:colcon.colcon_core.shell:Creating environment descriptor '/home/ubuntu/ros2_ws/src/install/wheels/share/wheels/hook/ament_prefix_path.dsv'
[1.693s] INFO:colcon.colcon_core.shell:Creating environment hook '/home/ubuntu/ros2_ws/src/install/wheels/share/wheels/hook/ament_prefix_path.sh'
[1.697s] INFO:colcon.colcon_core.shell:Skip shell extension 'powershell' for command environment: Not usable outside of PowerShell
[1.697s] DEBUG:colcon.colcon_core.shell:Skip shell extension 'dsv' for command environment
[2.834s] INFO:colcon.colcon_core.task.python.build:Building Python package in '/home/ubuntu/ros2_ws/src/camera'
[2.835s] INFO:colcon.colcon_core.shell:Skip shell extension 'powershell' for command environment: Not usable outside of PowerShell
[2.835s] DEBUG:colcon.colcon_core.shell:Skip shell extension 'dsv' for command environment
[3.961s] INFO:colcon.colcon_core.task.python.build:Building Python package in '/home/ubuntu/ros2_ws/src/camera_drive'
[3.962s] INFO:colcon.colcon_core.shell:Skip shell extension 'powershell' for command environment: Not usable outside of PowerShell
[3.962s] DEBUG:colcon.colcon_core.shell:Skip shell extension 'dsv' for command environment
[5.120s] INFO:colcon.colcon_core.task.python.build:Building Python package in '/home/ubuntu/ros2_ws/src/wheels'
[5.121s] INFO:colcon.colcon_core.shell:Skip shell extension 'powershell' for command environment: Not usable outside of PowerShell
[5.121s] DEBUG:colcon.colcon_core.shell:Skip shell extension 'dsv' for command environment
[7.144s] DEBUG:colcon.colcon_core.event_handler.log_command:Invoking command in '/home/ubuntu/ros2_ws/src/camera': PYTHONPATH=/home/ubuntu/ros2_ws/src/build/camera/prefix_override:/usr/lib/python3/dist-packages/colcon_core/task/python/colcon_distutils_commands:/home/ubuntu/ros2_ws/src/install/camera/lib/python3.10/site-packages:${PYTHONPATH} /usr/bin/python3 -W ignore:setup.py install is deprecated -W ignore:easy_install command is deprecated setup.py egg_info --egg-base ../build/camera build --build-base /home/ubuntu/ros2_ws/src/build/camera/build install --record /home/ubuntu/ros2_ws/src/build/camera/install.log --single-version-externally-managed install_data
[7.170s] DEBUG:colcon.colcon_core.event_handler.log_command:Invoking command in '/home/ubuntu/ros2_ws/src/camera_drive': PYTHONPATH=/home/ubuntu/ros2_ws/src/build/camera_drive/prefix_override:/usr/lib/python3/dist-packages/colcon_core/task/python/colcon_distutils_commands:/home/ubuntu/ros2_ws/src/install/camera_drive/lib/python3.10/site-packages:${PYTHONPATH} /usr/bin/python3 -W ignore:setup.py install is deprecated -W ignore:easy_install command is deprecated setup.py egg_info --egg-base ../build/camera_drive build --build-base /home/ubuntu/ros2_ws/src/build/camera_drive/build install --record /home/ubuntu/ros2_ws/src/build/camera_drive/install.log --single-version-externally-managed install_data
[7.377s] DEBUG:colcon.colcon_core.event_handler.log_command:Invoking command in '/home/ubuntu/ros2_ws/src/wheels': PYTHONPATH=/home/ubuntu/ros2_ws/src/build/wheels/prefix_override:/usr/lib/python3/dist-packages/colcon_core/task/python/colcon_distutils_commands:/home/ubuntu/ros2_ws/src/install/wheels/lib/python3.10/site-packages:${PYTHONPATH} /usr/bin/python3 -W ignore:setup.py install is deprecated -W ignore:easy_install command is deprecated setup.py egg_info --egg-base ../build/wheels build --build-base /home/ubuntu/ros2_ws/src/build/wheels/build install --record /home/ubuntu/ros2_ws/src/build/wheels/install.log --single-version-externally-managed install_data
[8.818s] DEBUG:colcon.colcon_core.event_handler.log_command:Invoked command in '/home/ubuntu/ros2_ws/src/camera' returned '0': PYTHONPATH=/home/ubuntu/ros2_ws/src/build/camera/prefix_override:/usr/lib/python3/dist-packages/colcon_core/task/python/colcon_distutils_commands:/home/ubuntu/ros2_ws/src/install/camera/lib/python3.10/site-packages:${PYTHONPATH} /usr/bin/python3 -W ignore:setup.py install is deprecated -W ignore:easy_install command is deprecated setup.py egg_info --egg-base ../build/camera build --build-base /home/ubuntu/ros2_ws/src/build/camera/build install --record /home/ubuntu/ros2_ws/src/build/camera/install.log --single-version-externally-managed install_data
[8.834s] Level 1:colcon.colcon_core.environment:checking '/home/ubuntu/ros2_ws/src/install/camera' for CMake module files
[8.837s] Level 1:colcon.colcon_core.environment:checking '/home/ubuntu/ros2_ws/src/install/camera' for CMake config files
[8.841s] Level 1:colcon.colcon_core.environment:checking '/home/ubuntu/ros2_ws/src/install/camera/lib'
[8.842s] Level 1:colcon.colcon_core.environment:checking '/home/ubuntu/ros2_ws/src/install/camera/bin'
[8.843s] Level 1:colcon.colcon_core.environment:checking '/home/ubuntu/ros2_ws/src/install/camera/lib/pkgconfig/camera.pc'
[8.844s] Level 1:colcon.colcon_core.environment:checking '/home/ubuntu/ros2_ws/src/install/camera/lib/python3.10/site-packages'
[8.844s] Level 1:colcon.colcon_core.shell:create_environment_hook('camera', 'pythonpath')
[8.846s] INFO:colcon.colcon_core.shell:Creating environment hook '/home/ubuntu/ros2_ws/src/install/camera/share/camera/hook/pythonpath.ps1'
[8.850s] INFO:colcon.colcon_core.shell:Creating environment descriptor '/home/ubuntu/ros2_ws/src/install/camera/share/camera/hook/pythonpath.dsv'
[8.852s] INFO:colcon.colcon_core.shell:Creating environment hook '/home/ubuntu/ros2_ws/src/install/camera/share/camera/hook/pythonpath.sh'
[8.856s] Level 1:colcon.colcon_core.environment:checking '/home/ubuntu/ros2_ws/src/install/camera/bin'
[8.857s] Level 1:colcon.colcon_core.environment:create_environment_scripts_only(camera)
[8.859s] INFO:colcon.colcon_core.shell:Creating package script '/home/ubuntu/ros2_ws/src/install/camera/share/camera/package.ps1'
[8.868s] INFO:colcon.colcon_core.shell:Creating package descriptor '/home/ubuntu/ros2_ws/src/install/camera/share/camera/package.dsv'
[8.875s] INFO:colcon.colcon_core.shell:Creating package script '/home/ubuntu/ros2_ws/src/install/camera/share/camera/package.sh'
[8.885s] INFO:colcon.colcon_core.shell:Creating package script '/home/ubuntu/ros2_ws/src/install/camera/share/camera/package.bash'
[8.891s] INFO:colcon.colcon_core.shell:Creating package script '/home/ubuntu/ros2_ws/src/install/camera/share/camera/package.zsh'
[8.900s] Level 1:colcon.colcon_core.environment:create_file_with_runtime_dependencies(/home/ubuntu/ros2_ws/src/install/camera/share/colcon-core/packages/camera)
[9.022s] Level 1:colcon.colcon_core.environment:checking '/home/ubuntu/ros2_ws/src/install/camera_drive' for CMake module files
[9.025s] DEBUG:colcon.colcon_core.event_handler.log_command:Invoked command in '/home/ubuntu/ros2_ws/src/camera_drive' returned '0': PYTHONPATH=/home/ubuntu/ros2_ws/src/build/camera_drive/prefix_override:/usr/lib/python3/dist-packages/colcon_core/task/python/colcon_distutils_commands:/home/ubuntu/ros2_ws/src/install/camera_drive/lib/python3.10/site-packages:${PYTHONPATH} /usr/bin/python3 -W ignore:setup.py install is deprecated -W ignore:easy_install command is deprecated setup.py egg_info --egg-base ../build/camera_drive build --build-base /home/ubuntu/ros2_ws/src/build/camera_drive/build install --record /home/ubuntu/ros2_ws/src/build/camera_drive/install.log --single-version-externally-managed install_data
[9.027s] Level 1:colcon.colcon_core.environment:checking '/home/ubuntu/ros2_ws/src/install/camera_drive' for CMake config files
[9.031s] Level 1:colcon.colcon_core.environment:checking '/home/ubuntu/ros2_ws/src/install/camera_drive/lib'
[9.032s] Level 1:colcon.colcon_core.environment:checking '/home/ubuntu/ros2_ws/src/install/camera_drive/bin'
[9.033s] Level 1:colcon.colcon_core.environment:checking '/home/ubuntu/ros2_ws/src/install/camera_drive/lib/pkgconfig/camera_drive.pc'
[9.034s] Level 1:colcon.colcon_core.environment:checking '/home/ubuntu/ros2_ws/src/install/camera_drive/lib/python3.10/site-packages'
[9.035s] Level 1:colcon.colcon_core.shell:create_environment_hook('camera_drive', 'pythonpath')
[9.036s] INFO:colcon.colcon_core.shell:Creating environment hook '/home/ubuntu/ros2_ws/src/install/camera_drive/share/camera_drive/hook/pythonpath.ps1'
[9.040s] INFO:colcon.colcon_core.shell:Creating environment descriptor '/home/ubuntu/ros2_ws/src/install/camera_drive/share/camera_drive/hook/pythonpath.dsv'
[9.044s] INFO:colcon.colcon_core.shell:Creating environment hook '/home/ubuntu/ros2_ws/src/install/camera_drive/share/camera_drive/hook/pythonpath.sh'
[9.050s] Level 1:colcon.colcon_core.environment:checking '/home/ubuntu/ros2_ws/src/install/camera_drive/bin'
[9.050s] Level 1:colcon.colcon_core.environment:create_environment_scripts_only(camera_drive)
[9.052s] INFO:colcon.colcon_core.shell:Creating package script '/home/ubuntu/ros2_ws/src/install/camera_drive/share/camera_drive/package.ps1'
[9.057s] INFO:colcon.colcon_core.shell:Creating package descriptor '/home/ubuntu/ros2_ws/src/install/camera_drive/share/camera_drive/package.dsv'
[9.060s] INFO:colcon.colcon_core.shell:Creating package script '/home/ubuntu/ros2_ws/src/install/camera_drive/share/camera_drive/package.sh'
[9.064s] INFO:colcon.colcon_core.shell:Creating package script '/home/ubuntu/ros2_ws/src/install/camera_drive/share/camera_drive/package.bash'
[9.066s] INFO:colcon.colcon_core.shell:Creating package script '/home/ubuntu/ros2_ws/src/install/camera_drive/share/camera_drive/package.zsh'
[9.069s] Level 1:colcon.colcon_core.environment:create_file_with_runtime_dependencies(/home/ubuntu/ros2_ws/src/install/camera_drive/share/colcon-core/packages/camera_drive)
[9.087s] Level 1:colcon.colcon_core.environment:checking '/home/ubuntu/ros2_ws/src/install/wheels' for CMake module files
[9.089s] DEBUG:colcon.colcon_core.event_handler.log_command:Invoked command in '/home/ubuntu/ros2_ws/src/wheels' returned '0': PYTHONPATH=/home/ubuntu/ros2_ws/src/build/wheels/prefix_override:/usr/lib/python3/dist-packages/colcon_core/task/python/colcon_distutils_commands:/home/ubuntu/ros2_ws/src/install/wheels/lib/python3.10/site-packages:${PYTHONPATH} /usr/bin/python3 -W ignore:setup.py install is deprecated -W ignore:easy_install command is deprecated setup.py egg_info --egg-base ../build/wheels build --build-base /home/ubuntu/ros2_ws/src/build/wheels/build install --record /home/ubuntu/ros2_ws/src/build/wheels/install.log --single-version-externally-managed install_data
[9.091s] Level 1:colcon.colcon_core.environment:checking '/home/ubuntu/ros2_ws/src/install/wheels' for CMake config files
[9.094s] Level 1:colcon.colcon_core.environment:checking '/home/ubuntu/ros2_ws/src/install/wheels/lib'
[9.094s] Level 1:colcon.colcon_core.environment:checking '/home/ubuntu/ros2_ws/src/install/wheels/bin'
[9.095s] Level 1:colcon.colcon_core.environment:checking '/home/ubuntu/ros2_ws/src/install/wheels/lib/pkgconfig/wheels.pc'
[9.096s] Level 1:colcon.colcon_core.environment:checking '/home/ubuntu/ros2_ws/src/install/wheels/lib/python3.10/site-packages'
[9.096s] Level 1:colcon.colcon_core.shell:create_environment_hook('wheels', 'pythonpath')
[9.097s] INFO:colcon.colcon_core.shell:Creating environment hook '/home/ubuntu/ros2_ws/src/install/wheels/share/wheels/hook/pythonpath.ps1'
[9.099s] INFO:colcon.colcon_core.shell:Creating environment descriptor '/home/ubuntu/ros2_ws/src/install/wheels/share/wheels/hook/pythonpath.dsv'
[9.101s] INFO:colcon.colcon_core.shell:Creating environment hook '/home/ubuntu/ros2_ws/src/install/wheels/share/wheels/hook/pythonpath.sh'
[9.103s] Level 1:colcon.colcon_core.environment:checking '/home/ubuntu/ros2_ws/src/install/wheels/bin'
[9.104s] Level 1:colcon.colcon_core.environment:create_environment_scripts_only(wheels)
[9.105s] INFO:colcon.colcon_core.shell:Creating package script '/home/ubuntu/ros2_ws/src/install/wheels/share/wheels/package.ps1'
[9.108s] INFO:colcon.colcon_core.shell:Creating package descriptor '/home/ubuntu/ros2_ws/src/install/wheels/share/wheels/package.dsv'
[9.110s] INFO:colcon.colcon_core.shell:Creating package script '/home/ubuntu/ros2_ws/src/install/wheels/share/wheels/package.sh'
[9.112s] INFO:colcon.colcon_core.shell:Creating package script '/home/ubuntu/ros2_ws/src/install/wheels/share/wheels/package.bash'
[9.114s] INFO:colcon.colcon_core.shell:Creating package script '/home/ubuntu/ros2_ws/src/install/wheels/share/wheels/package.zsh'
[9.116s] Level 1:colcon.colcon_core.environment:create_file_with_runtime_dependencies(/home/ubuntu/ros2_ws/src/install/wheels/share/colcon-core/packages/wheels)
[9.117s] DEBUG:colcon.colcon_parallel_executor.executor.parallel:closing loop
[9.118s] DEBUG:colcon.colcon_parallel_executor.executor.parallel:loop closed
[9.119s] DEBUG:colcon.colcon_parallel_executor.executor.parallel:run_until_complete finished with '0'
[9.119s] DEBUG:colcon.colcon_core.event_reactor:joining thread
[9.140s] INFO:colcon.colcon_core.plugin_system:Skipping extension 'colcon_notification.desktop_notification.notify_send': Could not find 'notify-send'
[9.140s] INFO:colcon.colcon_core.plugin_system:Skipping extension 'colcon_notification.desktop_notification.terminal_notifier': Not used on non-Darwin systems
[9.140s] INFO:colcon.colcon_core.plugin_system:Skipping extension 'colcon_notification.desktop_notification.win32': Not used on non-Windows systems
[9.141s] INFO:colcon.colcon_notification.desktop_notification:Sending desktop notification using 'notify2'
[9.143s] DEBUG:colcon.colcon_notification.desktop_notification.notify2:Failed to initialize notify2: org.freedesktop.DBus.Error.ServiceUnknown: The name org.freedesktop.Notifications was not provided by any .service files
[9.144s] DEBUG:colcon.colcon_core.event_reactor:joined thread
[9.145s] INFO:colcon.colcon_core.shell:Creating prefix script '/home/ubuntu/ros2_ws/src/install/local_setup.ps1'
[9.148s] INFO:colcon.colcon_core.shell:Creating prefix util module '/home/ubuntu/ros2_ws/src/install/_local_setup_util_ps1.py'
[9.154s] INFO:colcon.colcon_core.shell:Creating prefix chain script '/home/ubuntu/ros2_ws/src/install/setup.ps1'
[9.160s] INFO:colcon.colcon_core.shell:Creating prefix script '/home/ubuntu/ros2_ws/src/install/local_setup.sh'
[9.163s] INFO:colcon.colcon_core.shell:Creating prefix util module '/home/ubuntu/ros2_ws/src/install/_local_setup_util_sh.py'
[9.167s] INFO:colcon.colcon_core.shell:Creating prefix chain script '/home/ubuntu/ros2_ws/src/install/setup.sh'
[9.172s] INFO:colcon.colcon_core.shell:Creating prefix script '/home/ubuntu/ros2_ws/src/install/local_setup.bash'
[9.175s] INFO:colcon.colcon_core.shell:Creating prefix chain script '/home/ubuntu/ros2_ws/src/install/setup.bash'
[9.180s] INFO:colcon.colcon_core.shell:Creating prefix script '/home/ubuntu/ros2_ws/src/install/local_setup.zsh'
[9.182s] INFO:colcon.colcon_core.shell:Creating prefix chain script '/home/ubuntu/ros2_ws/src/install/setup.zsh'
