[11.858s] Invoking command in '/home/ubuntu/ros2_ws/src/camera_drive': PYTHONPATH=/home/ubuntu/ros2_ws/src/build/camera_drive/prefix_override:/usr/lib/python3/dist-packages/colcon_core/task/python/colcon_distutils_commands:/home/ubuntu/ros2_ws/src/install/camera_drive/lib/python3.10/site-packages:${PYTHONPATH} /usr/bin/python3 -W ignore:setup.py install is deprecated -W ignore:easy_install command is deprecated setup.py egg_info --egg-base ../build/camera_drive build --build-base /home/ubuntu/ros2_ws/src/build/camera_drive/build install --record /home/ubuntu/ros2_ws/src/build/camera_drive/install.log --single-version-externally-managed install_data
[14.670s] running egg_info
[14.675s] writing ../build/camera_drive/camera_drive.egg-info/PKG-INFO
[14.677s] writing dependency_links to ../build/camera_drive/camera_drive.egg-info/dependency_links.txt
[14.678s] writing entry points to ../build/camera_drive/camera_drive.egg-info/entry_points.txt
[14.679s] writing requirements to ../build/camera_drive/camera_drive.egg-info/requires.txt
[14.680s] writing top-level names to ../build/camera_drive/camera_drive.egg-info/top_level.txt
[14.712s] reading manifest file '../build/camera_drive/camera_drive.egg-info/SOURCES.txt'
[14.719s] writing manifest file '../build/camera_drive/camera_drive.egg-info/SOURCES.txt'
[14.721s] running build
[14.722s] running build_py
[14.725s] running install
[14.735s] running install_lib
[14.748s] running install_data
[14.752s] running install_egg_info
[14.773s] removing '/home/ubuntu/ros2_ws/src/install/camera_drive/lib/python3.10/site-packages/camera_drive-0.0.0-py3.10.egg-info' (and everything under it)
[14.782s] Copying ../build/camera_drive/camera_drive.egg-info to /home/ubuntu/ros2_ws/src/install/camera_drive/lib/python3.10/site-packages/camera_drive-0.0.0-py3.10.egg-info
[14.801s] running install_scripts
[14.968s] Installing camera_dive script to /home/ubuntu/ros2_ws/src/install/camera_drive/lib/camera_drive
[14.971s] writing list of installed files to '/home/ubuntu/ros2_ws/src/build/camera_drive/install.log'
[15.222s] Invoked command in '/home/ubuntu/ros2_ws/src/camera_drive' returned '0': PYTHONPATH=/home/ubuntu/ros2_ws/src/build/camera_drive/prefix_override:/usr/lib/python3/dist-packages/colcon_core/task/python/colcon_distutils_commands:/home/ubuntu/ros2_ws/src/install/camera_drive/lib/python3.10/site-packages:${PYTHONPATH} /usr/bin/python3 -W ignore:setup.py install is deprecated -W ignore:easy_install command is deprecated setup.py egg_info --egg-base ../build/camera_drive build --build-base /home/ubuntu/ros2_ws/src/build/camera_drive/build install --record /home/ubuntu/ros2_ws/src/build/camera_drive/install.log --single-version-externally-managed install_data
