[7.479s] Invoking command in '/home/ubuntu/ros2_ws/src/camera': PYTHONPATH=/home/ubuntu/ros2_ws/src/build/camera/prefix_override:/usr/lib/python3/dist-packages/colcon_core/task/python/colcon_distutils_commands:/home/ubuntu/ros2_ws/src/install/camera/lib/python3.10/site-packages:${PYTHONPATH} /usr/bin/python3 -W ignore:setup.py install is deprecated -W ignore:easy_install command is deprecated setup.py egg_info --egg-base ../build/camera build --build-base /home/ubuntu/ros2_ws/src/build/camera/build install --record /home/ubuntu/ros2_ws/src/build/camera/install.log --single-version-externally-managed install_data
[9.614s] running egg_info
[9.622s] writing ../build/camera/camera.egg-info/PKG-INFO
[9.625s] writing dependency_links to ../build/camera/camera.egg-info/dependency_links.txt
[9.627s] writing entry points to ../build/camera/camera.egg-info/entry_points.txt
[9.628s] writing requirements to ../build/camera/camera.egg-info/requires.txt
[9.629s] writing top-level names to ../build/camera/camera.egg-info/top_level.txt
[9.638s] reading manifest file '../build/camera/camera.egg-info/SOURCES.txt'
[9.644s] writing manifest file '../build/camera/camera.egg-info/SOURCES.txt'
[9.645s] running build
[9.645s] running build_py
[9.646s] copying camera/camera.py -> /home/ubuntu/ros2_ws/src/build/camera/build/lib/camera
[9.648s] running install
[9.651s] running install_lib
[9.657s] copying /home/ubuntu/ros2_ws/src/build/camera/build/lib/camera/camera.py -> /home/ubuntu/ros2_ws/src/install/camera/lib/python3.10/site-packages/camera
[9.661s] byte-compiling /home/ubuntu/ros2_ws/src/install/camera/lib/python3.10/site-packages/camera/camera.py to camera.cpython-310.pyc
[9.670s] running install_data
[9.671s] running install_egg_info
[9.682s] removing '/home/ubuntu/ros2_ws/src/install/camera/lib/python3.10/site-packages/camera-0.0.0-py3.10.egg-info' (and everything under it)
[9.685s] Copying ../build/camera/camera.egg-info to /home/ubuntu/ros2_ws/src/install/camera/lib/python3.10/site-packages/camera-0.0.0-py3.10.egg-info
[9.696s] running install_scripts
[9.825s] Installing camera script to /home/ubuntu/ros2_ws/src/install/camera/lib/camera
[9.827s] writing list of installed files to '/home/ubuntu/ros2_ws/src/build/camera/install.log'
[10.058s] Invoked command in '/home/ubuntu/ros2_ws/src/camera' returned '0': PYTHONPATH=/home/ubuntu/ros2_ws/src/build/camera/prefix_override:/usr/lib/python3/dist-packages/colcon_core/task/python/colcon_distutils_commands:/home/ubuntu/ros2_ws/src/install/camera/lib/python3.10/site-packages:${PYTHONPATH} /usr/bin/python3 -W ignore:setup.py install is deprecated -W ignore:easy_install command is deprecated setup.py egg_info --egg-base ../build/camera build --build-base /home/ubuntu/ros2_ws/src/build/camera/build install --record /home/ubuntu/ros2_ws/src/build/camera/install.log --single-version-externally-managed install_data
