[7.458s] Invoking command in '/home/ubuntu/ros2_ws/src/camera': PYTHONPATH=/home/ubuntu/ros2_ws/src/build/camera/prefix_override:/usr/lib/python3/dist-packages/colcon_core/task/python/colcon_distutils_commands:/home/ubuntu/ros2_ws/src/install/camera/lib/python3.10/site-packages:${PYTHONPATH} /usr/bin/python3 -W ignore:setup.py install is deprecated -W ignore:easy_install command is deprecated setup.py egg_info --egg-base ../build/camera build --build-base /home/ubuntu/ros2_ws/src/build/camera/build install --record /home/ubuntu/ros2_ws/src/build/camera/install.log --single-version-externally-managed install_data
[9.482s] running egg_info
[9.491s] writing ../build/camera/camera.egg-info/PKG-INFO
[9.495s] writing dependency_links to ../build/camera/camera.egg-info/dependency_links.txt
[9.499s] writing entry points to ../build/camera/camera.egg-info/entry_points.txt
[9.504s] writing requirements to ../build/camera/camera.egg-info/requires.txt
[9.509s] writing top-level names to ../build/camera/camera.egg-info/top_level.txt
[9.514s] reading manifest file '../build/camera/camera.egg-info/SOURCES.txt'
[9.521s] writing manifest file '../build/camera/camera.egg-info/SOURCES.txt'
[9.522s] running build
[9.526s] running build_py
[9.527s] copying camera/camera.py -> /home/ubuntu/ros2_ws/src/build/camera/build/lib/camera
[9.528s] running install
[9.529s] running install_lib
[9.536s] copying /home/ubuntu/ros2_ws/src/build/camera/build/lib/camera/camera.py -> /home/ubuntu/ros2_ws/src/install/camera/lib/python3.10/site-packages/camera
[9.543s] byte-compiling /home/ubuntu/ros2_ws/src/install/camera/lib/python3.10/site-packages/camera/camera.py to camera.cpython-310.pyc
[9.563s] running install_data
[9.565s] running install_egg_info
[9.585s] removing '/home/ubuntu/ros2_ws/src/install/camera/lib/python3.10/site-packages/camera-0.0.0-py3.10.egg-info' (and everything under it)
[9.586s] Copying ../build/camera/camera.egg-info to /home/ubuntu/ros2_ws/src/install/camera/lib/python3.10/site-packages/camera-0.0.0-py3.10.egg-info
[9.587s] running install_scripts
[9.711s] Installing camera script to /home/ubuntu/ros2_ws/src/install/camera/lib/camera
[9.713s] writing list of installed files to '/home/ubuntu/ros2_ws/src/build/camera/install.log'
[9.917s] Invoked command in '/home/ubuntu/ros2_ws/src/camera' returned '0': PYTHONPATH=/home/ubuntu/ros2_ws/src/build/camera/prefix_override:/usr/lib/python3/dist-packages/colcon_core/task/python/colcon_distutils_commands:/home/ubuntu/ros2_ws/src/install/camera/lib/python3.10/site-packages:${PYTHONPATH} /usr/bin/python3 -W ignore:setup.py install is deprecated -W ignore:easy_install command is deprecated setup.py egg_info --egg-base ../build/camera build --build-base /home/ubuntu/ros2_ws/src/build/camera/build install --record /home/ubuntu/ros2_ws/src/build/camera/install.log --single-version-externally-managed install_data
