[5.402s] Invoking command in '/home/ubuntu/ros2_ws/src/tb_04': PYTHONPATH=/home/ubuntu/ros2_ws/src/build/tb_04/prefix_override:/usr/lib/python3/dist-packages/colcon_core/task/python/colcon_distutils_commands:/home/ubuntu/ros2_ws/src/install/tb_04/lib/python3.10/site-packages:${PYTHONPATH} /usr/bin/python3 -W ignore:setup.py install is deprecated -W ignore:easy_install command is deprecated setup.py egg_info --egg-base ../build/tb_04 build --build-base /home/ubuntu/ros2_ws/src/build/tb_04/build install --record /home/ubuntu/ros2_ws/src/build/tb_04/install.log --single-version-externally-managed install_data
[6.707s] running egg_info
[6.711s] writing ../build/tb_04/tb_04.egg-info/PKG-INFO
[6.713s] writing dependency_links to ../build/tb_04/tb_04.egg-info/dependency_links.txt
[6.714s] writing entry points to ../build/tb_04/tb_04.egg-info/entry_points.txt
[6.715s] writing requirements to ../build/tb_04/tb_04.egg-info/requires.txt
[6.715s] writing top-level names to ../build/tb_04/tb_04.egg-info/top_level.txt
[6.724s] reading manifest file '../build/tb_04/tb_04.egg-info/SOURCES.txt'
[6.730s] writing manifest file '../build/tb_04/tb_04.egg-info/SOURCES.txt'
[6.731s] running build
[6.732s] running build_py
[6.738s] running install
[6.739s] running install_lib
[6.744s] running install_data
[6.745s] running install_egg_info
[6.751s] removing '/home/ubuntu/ros2_ws/src/install/tb_04/lib/python3.10/site-packages/tb_04-0.0.0-py3.10.egg-info' (and everything under it)
[6.754s] Copying ../build/tb_04/tb_04.egg-info to /home/ubuntu/ros2_ws/src/install/tb_04/lib/python3.10/site-packages/tb_04-0.0.0-py3.10.egg-info
[6.761s] running install_scripts
[6.875s] Installing camera script to /home/ubuntu/ros2_ws/src/install/tb_04/lib/tb_04
[6.877s] Installing drive script to /home/ubuntu/ros2_ws/src/install/tb_04/lib/tb_04
[6.878s] Installing wheels script to /home/ubuntu/ros2_ws/src/install/tb_04/lib/tb_04
[6.882s] writing list of installed files to '/home/ubuntu/ros2_ws/src/build/tb_04/install.log'
[7.174s] Invoked command in '/home/ubuntu/ros2_ws/src/tb_04' returned '0': PYTHONPATH=/home/ubuntu/ros2_ws/src/build/tb_04/prefix_override:/usr/lib/python3/dist-packages/colcon_core/task/python/colcon_distutils_commands:/home/ubuntu/ros2_ws/src/install/tb_04/lib/python3.10/site-packages:${PYTHONPATH} /usr/bin/python3 -W ignore:setup.py install is deprecated -W ignore:easy_install command is deprecated setup.py egg_info --egg-base ../build/tb_04 build --build-base /home/ubuntu/ros2_ws/src/build/tb_04/build install --record /home/ubuntu/ros2_ws/src/build/tb_04/install.log --single-version-externally-managed install_data
