[4.109s] Invoking command in '/home/ubuntu/ros2_ws/src/camera': PYTHONPATH=/home/ubuntu/ros2_ws/src/build/camera/prefix_override:/usr/lib/python3/dist-packages/colcon_core/task/python/colcon_distutils_commands:/home/ubuntu/ros2_ws/src/install/camera/lib/python3.10/site-packages:${PYTHONPATH} /usr/bin/python3 -W ignore:setup.py install is deprecated -W ignore:easy_install command is deprecated setup.py egg_info --egg-base ../build/camera build --build-base /home/ubuntu/ros2_ws/src/build/camera/build install --record /home/ubuntu/ros2_ws/src/build/camera/install.log --single-version-externally-managed install_data
[5.277s] running egg_info
[5.280s] writing ../build/camera/camera.egg-info/PKG-INFO
[5.281s] writing dependency_links to ../build/camera/camera.egg-info/dependency_links.txt
[5.282s] writing entry points to ../build/camera/camera.egg-info/entry_points.txt
[5.283s] writing requirements to ../build/camera/camera.egg-info/requires.txt
[5.284s] writing top-level names to ../build/camera/camera.egg-info/top_level.txt
[5.293s] reading manifest file '../build/camera/camera.egg-info/SOURCES.txt'
[5.297s] writing manifest file '../build/camera/camera.egg-info/SOURCES.txt'
[5.298s] running build
[5.299s] running build_py
[5.301s] copying camera/camera.py -> /home/ubuntu/ros2_ws/src/build/camera/build/lib/camera
[5.302s] running install
[5.303s] running install_lib
[5.306s] copying /home/ubuntu/ros2_ws/src/build/camera/build/lib/camera/camera.py -> /home/ubuntu/ros2_ws/src/install/camera/lib/python3.10/site-packages/camera
[5.309s] byte-compiling /home/ubuntu/ros2_ws/src/install/camera/lib/python3.10/site-packages/camera/camera.py to camera.cpython-310.pyc
[5.313s] running install_data
[5.314s] running install_egg_info
[5.322s] removing '/home/ubuntu/ros2_ws/src/install/camera/lib/python3.10/site-packages/camera-0.0.0-py3.10.egg-info' (and everything under it)
[5.325s] Copying ../build/camera/camera.egg-info to /home/ubuntu/ros2_ws/src/install/camera/lib/python3.10/site-packages/camera-0.0.0-py3.10.egg-info
[5.330s] running install_scripts
[5.422s] Installing camera script to /home/ubuntu/ros2_ws/src/install/camera/lib/camera
[5.423s] writing list of installed files to '/home/ubuntu/ros2_ws/src/build/camera/install.log'
[5.607s] Invoked command in '/home/ubuntu/ros2_ws/src/camera' returned '0': PYTHONPATH=/home/ubuntu/ros2_ws/src/build/camera/prefix_override:/usr/lib/python3/dist-packages/colcon_core/task/python/colcon_distutils_commands:/home/ubuntu/ros2_ws/src/install/camera/lib/python3.10/site-packages:${PYTHONPATH} /usr/bin/python3 -W ignore:setup.py install is deprecated -W ignore:easy_install command is deprecated setup.py egg_info --egg-base ../build/camera build --build-base /home/ubuntu/ros2_ws/src/build/camera/build install --record /home/ubuntu/ros2_ws/src/build/camera/install.log --single-version-externally-managed install_data
