[7.841s] Invoking command in '/home/ubuntu/ros2_ws/src/wheels': PYTHONPATH=/home/ubuntu/ros2_ws/src/build/wheels/prefix_override:/usr/lib/python3/dist-packages/colcon_core/task/python/colcon_distutils_commands:/home/ubuntu/ros2_ws/src/install/wheels/lib/python3.10/site-packages:${PYTHONPATH} /usr/bin/python3 -W ignore:setup.py install is deprecated -W ignore:easy_install command is deprecated setup.py egg_info --egg-base ../build/wheels build --build-base /home/ubuntu/ros2_ws/src/build/wheels/build install --record /home/ubuntu/ros2_ws/src/build/wheels/install.log --single-version-externally-managed install_data
[9.394s] Traceback (most recent call last):
[9.395s]   File "/home/ubuntu/ros2_ws/src/wheels/setup.py", line 1, in <module>
[9.396s]     from setuptools import find_packages, setup
[9.398s]   File "/usr/lib/python3/dist-packages/setuptools/__init__.py", line 16, in <module>
[9.403s]     import setuptools.version
[9.405s]   File "/usr/lib/python3/dist-packages/setuptools/version.py", line 1, in <module>
[9.406s]     import pkg_resources
[9.409s]   File "/usr/lib/python3/dist-packages/pkg_resources/__init__.py", line 3267, in <module>
[9.435s]     def _initialize_master_working_set():
[9.439s]   File "/usr/lib/python3/dist-packages/pkg_resources/__init__.py", line 3241, in _call_aside
[9.446s]     f(*args, **kwargs)
[9.454s]   File "/usr/lib/python3/dist-packages/pkg_resources/__init__.py", line 3302, in _initialize_master_working_set
[9.463s]     list(map(working_set.add_entry, sys.path))
[9.465s]   File "/usr/lib/python3/dist-packages/pkg_resources/__init__.py", line 613, in add_entry
[9.468s]     for dist in find_distributions(entry, True):
[9.470s]   File "/usr/lib/python3/dist-packages/pkg_resources/__init__.py", line 2077, in find_on_path
[9.472s]     for dist in factory(fullpath):
[9.474s]   File "/usr/lib/python3/dist-packages/pkg_resources/__init__.py", line 2135, in distributions_from_metadata
[9.480s]     if len(os.listdir(path)) == 0:
[9.482s] KeyboardInterrupt
