[5.435s] Invoking command in '/home/ubuntu/ros2_ws/src/camera': PYTHONPATH=/home/ubuntu/ros2_ws/src/build/camera/prefix_override:/usr/lib/python3/dist-packages/colcon_core/task/python/colcon_distutils_commands:/home/ubuntu/ros2_ws/src/install/camera/lib/python3.10/site-packages:${PYTHONPATH} /usr/bin/python3 -W ignore:setup.py install is deprecated -W ignore:easy_install command is deprecated setup.py egg_info --egg-base ../build/camera build --build-base /home/ubuntu/ros2_ws/src/build/camera/build install --record /home/ubuntu/ros2_ws/src/build/camera/install.log --single-version-externally-managed install_data
[6.807s] running egg_info
[6.811s] writing ../build/camera/camera.egg-info/PKG-INFO
[6.812s] writing dependency_links to ../build/camera/camera.egg-info/dependency_links.txt
[6.813s] writing entry points to ../build/camera/camera.egg-info/entry_points.txt
[6.814s] writing requirements to ../build/camera/camera.egg-info/requires.txt
[6.815s] writing top-level names to ../build/camera/camera.egg-info/top_level.txt
[6.823s] reading manifest file '../build/camera/camera.egg-info/SOURCES.txt'
[6.827s] writing manifest file '../build/camera/camera.egg-info/SOURCES.txt'
[6.828s] running build
[6.829s] running build_py
[6.830s] running install
[6.832s] running install_lib
[6.838s] running install_data
[6.839s] running install_egg_info
[6.847s] removing '/home/ubuntu/ros2_ws/src/install/camera/lib/python3.10/site-packages/camera-0.0.0-py3.10.egg-info' (and everything under it)
[6.849s] Copying ../build/camera/camera.egg-info to /home/ubuntu/ros2_ws/src/install/camera/lib/python3.10/site-packages/camera-0.0.0-py3.10.egg-info
[6.857s] running install_scripts
[6.955s] Installing camera script to /home/ubuntu/ros2_ws/src/install/camera/lib/camera
[6.956s] writing list of installed files to '/home/ubuntu/ros2_ws/src/build/camera/install.log'
[7.110s] Invoked command in '/home/ubuntu/ros2_ws/src/camera' returned '0': PYTHONPATH=/home/ubuntu/ros2_ws/src/build/camera/prefix_override:/usr/lib/python3/dist-packages/colcon_core/task/python/colcon_distutils_commands:/home/ubuntu/ros2_ws/src/install/camera/lib/python3.10/site-packages:${PYTHONPATH} /usr/bin/python3 -W ignore:setup.py install is deprecated -W ignore:easy_install command is deprecated setup.py egg_info --egg-base ../build/camera build --build-base /home/ubuntu/ros2_ws/src/build/camera/build install --record /home/ubuntu/ros2_ws/src/build/camera/install.log --single-version-externally-managed install_data
