[12.477s] Invoking command in '/home/ubuntu/ros2_ws/src/wheels': PYTHONPATH=/home/ubuntu/ros2_ws/src/build/wheels/prefix_override:/usr/lib/python3/dist-packages/colcon_core/task/python/colcon_distutils_commands:/home/ubuntu/ros2_ws/src/install/wheels/lib/python3.10/site-packages:${PYTHONPATH} /usr/bin/python3 -W ignore:setup.py install is deprecated -W ignore:easy_install command is deprecated setup.py egg_info --egg-base ../build/wheels build --build-base /home/ubuntu/ros2_ws/src/build/wheels/build install --record /home/ubuntu/ros2_ws/src/build/wheels/install.log --single-version-externally-managed install_data
[15.902s] running egg_info
[15.907s] writing ../build/wheels/wheels.egg-info/PKG-INFO
[15.909s] writing dependency_links to ../build/wheels/wheels.egg-info/dependency_links.txt
[15.911s] writing entry points to ../build/wheels/wheels.egg-info/entry_points.txt
[15.912s] writing requirements to ../build/wheels/wheels.egg-info/requires.txt
[15.914s] writing top-level names to ../build/wheels/wheels.egg-info/top_level.txt
[15.934s] reading manifest file '../build/wheels/wheels.egg-info/SOURCES.txt'
[15.942s] writing manifest file '../build/wheels/wheels.egg-info/SOURCES.txt'
[15.943s] running build
[15.944s] running build_py
[15.945s] running install
[15.948s] running install_lib
[15.965s] running install_data
[15.966s] running install_egg_info
[15.978s] removing '/home/ubuntu/ros2_ws/src/install/wheels/lib/python3.10/site-packages/wheels-0.0.0-py3.10.egg-info' (and everything under it)
[15.983s] Copying ../build/wheels/wheels.egg-info to /home/ubuntu/ros2_ws/src/install/wheels/lib/python3.10/site-packages/wheels-0.0.0-py3.10.egg-info
[16.003s] running install_scripts
[16.224s] Installing wheels script to /home/ubuntu/ros2_ws/src/install/wheels/lib/wheels
[16.227s] writing list of installed files to '/home/ubuntu/ros2_ws/src/build/wheels/install.log'
[16.501s] Invoked command in '/home/ubuntu/ros2_ws/src/wheels' returned '0': PYTHONPATH=/home/ubuntu/ros2_ws/src/build/wheels/prefix_override:/usr/lib/python3/dist-packages/colcon_core/task/python/colcon_distutils_commands:/home/ubuntu/ros2_ws/src/install/wheels/lib/python3.10/site-packages:${PYTHONPATH} /usr/bin/python3 -W ignore:setup.py install is deprecated -W ignore:easy_install command is deprecated setup.py egg_info --egg-base ../build/wheels build --build-base /home/ubuntu/ros2_ws/src/build/wheels/build install --record /home/ubuntu/ros2_ws/src/build/wheels/install.log --single-version-externally-managed install_data
