[5.466s] Invoking command in '/home/ubuntu/ros2_ws/src/tb_04': PYTHONPATH=/home/ubuntu/ros2_ws/src/build/tb_04/prefix_override:/usr/lib/python3/dist-packages/colcon_core/task/python/colcon_distutils_commands:/home/ubuntu/ros2_ws/src/install/tb_04/lib/python3.10/site-packages:${PYTHONPATH} /usr/bin/python3 -W ignore:setup.py install is deprecated -W ignore:easy_install command is deprecated setup.py egg_info --egg-base ../build/tb_04 build --build-base /home/ubuntu/ros2_ws/src/build/tb_04/build install --record /home/ubuntu/ros2_ws/src/build/tb_04/install.log --single-version-externally-managed install_data
[6.782s] running egg_info
[6.786s] writing ../build/tb_04/tb_04.egg-info/PKG-INFO
[6.787s] writing dependency_links to ../build/tb_04/tb_04.egg-info/dependency_links.txt
[6.788s] writing entry points to ../build/tb_04/tb_04.egg-info/entry_points.txt
[6.790s] writing requirements to ../build/tb_04/tb_04.egg-info/requires.txt
[6.791s] writing top-level names to ../build/tb_04/tb_04.egg-info/top_level.txt
[6.799s] reading manifest file '../build/tb_04/tb_04.egg-info/SOURCES.txt'
[6.805s] writing manifest file '../build/tb_04/tb_04.egg-info/SOURCES.txt'
[6.806s] running build
[6.807s] running build_py
[6.807s] copying tb_04/camera_drive.py -> /home/ubuntu/ros2_ws/src/build/tb_04/build/lib/tb_04
[6.809s] running install
[6.811s] running install_lib
[6.814s] copying /home/ubuntu/ros2_ws/src/build/tb_04/build/lib/tb_04/camera_drive.py -> /home/ubuntu/ros2_ws/src/install/tb_04/lib/python3.10/site-packages/tb_04
[6.819s] byte-compiling /home/ubuntu/ros2_ws/src/install/tb_04/lib/python3.10/site-packages/tb_04/camera_drive.py to camera_drive.cpython-310.pyc
[6.823s] running install_data
[6.824s] running install_egg_info
[6.832s] removing '/home/ubuntu/ros2_ws/src/install/tb_04/lib/python3.10/site-packages/tb_04-0.0.0-py3.10.egg-info' (and everything under it)
[6.834s] Copying ../build/tb_04/tb_04.egg-info to /home/ubuntu/ros2_ws/src/install/tb_04/lib/python3.10/site-packages/tb_04-0.0.0-py3.10.egg-info
[6.841s] running install_scripts
[6.972s] Installing camera script to /home/ubuntu/ros2_ws/src/install/tb_04/lib/tb_04
[6.975s] Installing drive script to /home/ubuntu/ros2_ws/src/install/tb_04/lib/tb_04
[6.978s] Installing wheels script to /home/ubuntu/ros2_ws/src/install/tb_04/lib/tb_04
[6.983s] writing list of installed files to '/home/ubuntu/ros2_ws/src/build/tb_04/install.log'
[7.228s] Invoked command in '/home/ubuntu/ros2_ws/src/tb_04' returned '0': PYTHONPATH=/home/ubuntu/ros2_ws/src/build/tb_04/prefix_override:/usr/lib/python3/dist-packages/colcon_core/task/python/colcon_distutils_commands:/home/ubuntu/ros2_ws/src/install/tb_04/lib/python3.10/site-packages:${PYTHONPATH} /usr/bin/python3 -W ignore:setup.py install is deprecated -W ignore:easy_install command is deprecated setup.py egg_info --egg-base ../build/tb_04 build --build-base /home/ubuntu/ros2_ws/src/build/tb_04/build install --record /home/ubuntu/ros2_ws/src/build/tb_04/install.log --single-version-externally-managed install_data
