[5.503s] Invoking command in '/home/ubuntu/ros2_ws/src/wheels': PYTHONPATH=/home/ubuntu/ros2_ws/src/build/wheels/prefix_override:/usr/lib/python3/dist-packages/colcon_core/task/python/colcon_distutils_commands:/home/ubuntu/ros2_ws/src/install/wheels/lib/python3.10/site-packages:${PYTHONPATH} /usr/bin/python3 -W ignore:setup.py install is deprecated -W ignore:easy_install command is deprecated setup.py egg_info --egg-base ../build/wheels build --build-base /home/ubuntu/ros2_ws/src/build/wheels/build install --record /home/ubuntu/ros2_ws/src/build/wheels/install.log --single-version-externally-managed install_data
[6.864s] running egg_info
[6.868s] writing ../build/wheels/wheels.egg-info/PKG-INFO
[6.869s] writing dependency_links to ../build/wheels/wheels.egg-info/dependency_links.txt
[6.870s] writing entry points to ../build/wheels/wheels.egg-info/entry_points.txt
[6.871s] writing requirements to ../build/wheels/wheels.egg-info/requires.txt
[6.872s] writing top-level names to ../build/wheels/wheels.egg-info/top_level.txt
[6.880s] reading manifest file '../build/wheels/wheels.egg-info/SOURCES.txt'
[6.884s] writing manifest file '../build/wheels/wheels.egg-info/SOURCES.txt'
[6.885s] running build
[6.885s] running build_py
[6.886s] running install
[6.888s] running install_lib
[6.894s] running install_data
[6.895s] running install_egg_info
[6.903s] removing '/home/ubuntu/ros2_ws/src/install/wheels/lib/python3.10/site-packages/wheels-0.0.0-py3.10.egg-info' (and everything under it)
[6.905s] Copying ../build/wheels/wheels.egg-info to /home/ubuntu/ros2_ws/src/install/wheels/lib/python3.10/site-packages/wheels-0.0.0-py3.10.egg-info
[6.912s] running install_scripts
[7.011s] Installing wheels script to /home/ubuntu/ros2_ws/src/install/wheels/lib/wheels
[7.013s] writing list of installed files to '/home/ubuntu/ros2_ws/src/build/wheels/install.log'
[7.173s] Invoked command in '/home/ubuntu/ros2_ws/src/wheels' returned '0': PYTHONPATH=/home/ubuntu/ros2_ws/src/build/wheels/prefix_override:/usr/lib/python3/dist-packages/colcon_core/task/python/colcon_distutils_commands:/home/ubuntu/ros2_ws/src/install/wheels/lib/python3.10/site-packages:${PYTHONPATH} /usr/bin/python3 -W ignore:setup.py install is deprecated -W ignore:easy_install command is deprecated setup.py egg_info --egg-base ../build/wheels build --build-base /home/ubuntu/ros2_ws/src/build/wheels/build install --record /home/ubuntu/ros2_ws/src/build/wheels/install.log --single-version-externally-managed install_data
