running egg_info
creating ../build/tb_04/camera.egg-info
writing ../build/tb_04/camera.egg-info/PKG-INFO
writing dependency_links to ../build/tb_04/camera.egg-info/dependency_links.txt
writing entry points to ../build/tb_04/camera.egg-info/entry_points.txt
writing requirements to ../build/tb_04/camera.egg-info/requires.txt
writing top-level names to ../build/tb_04/camera.egg-info/top_level.txt
writing manifest file '../build/tb_04/camera.egg-info/SOURCES.txt'
reading manifest file '../build/tb_04/camera.egg-info/SOURCES.txt'
writing manifest file '../build/tb_04/camera.egg-info/SOURCES.txt'
running build
running build_py
creating /home/ubuntu/ros2_ws/src/build/tb_04/build
creating /home/ubuntu/ros2_ws/src/build/tb_04/build/lib
creating /home/ubuntu/ros2_ws/src/build/tb_04/build/lib/tb_04
copying tb_04/__init__.py -> /home/ubuntu/ros2_ws/src/build/tb_04/build/lib/tb_04
copying tb_04/wheel_control.py -> /home/ubuntu/ros2_ws/src/build/tb_04/build/lib/tb_04
copying tb_04/camera.py -> /home/ubuntu/ros2_ws/src/build/tb_04/build/lib/tb_04
running install
running install_lib
creating /home/ubuntu/ros2_ws/src/install/tb_04/lib/python3.10/site-packages/tb_04
copying /home/ubuntu/ros2_ws/src/build/tb_04/build/lib/tb_04/__init__.py -> /home/ubuntu/ros2_ws/src/install/tb_04/lib/python3.10/site-packages/tb_04
copying /home/ubuntu/ros2_ws/src/build/tb_04/build/lib/tb_04/wheel_control.py -> /home/ubuntu/ros2_ws/src/install/tb_04/lib/python3.10/site-packages/tb_04
copying /home/ubuntu/ros2_ws/src/build/tb_04/build/lib/tb_04/camera.py -> /home/ubuntu/ros2_ws/src/install/tb_04/lib/python3.10/site-packages/tb_04
byte-compiling /home/ubuntu/ros2_ws/src/install/tb_04/lib/python3.10/site-packages/tb_04/__init__.py to __init__.cpython-310.pyc
byte-compiling /home/ubuntu/ros2_ws/src/install/tb_04/lib/python3.10/site-packages/tb_04/wheel_control.py to wheel_control.cpython-310.pyc
byte-compiling /home/ubuntu/ros2_ws/src/install/tb_04/lib/python3.10/site-packages/tb_04/camera.py to camera.cpython-310.pyc
running install_data
copying resource/camera -> /home/ubuntu/ros2_ws/src/install/tb_04/share/ament_index/resource_index/packages
creating /home/ubuntu/ros2_ws/src/install/tb_04/share/camera
copying package.xml -> /home/ubuntu/ros2_ws/src/install/tb_04/share/camera
running install_egg_info
Copying ../build/tb_04/camera.egg-info to /home/ubuntu/ros2_ws/src/install/tb_04/lib/python3.10/site-packages/camera-0.0.0-py3.10.egg-info
running install_scripts
Installing camera script to /home/ubuntu/ros2_ws/src/install/tb_04/lib/tb_04
Installing wheels script to /home/ubuntu/ros2_ws/src/install/tb_04/lib/tb_04
writing list of installed files to '/home/ubuntu/ros2_ws/src/build/tb_04/install.log'
