[5.452s] Invoking command in '/home/ubuntu/ros2_ws/src/tb_04': PYTHONPATH=/home/ubuntu/ros2_ws/src/build/tb_04/prefix_override:/usr/lib/python3/dist-packages/colcon_core/task/python/colcon_distutils_commands:/home/ubuntu/ros2_ws/src/install/tb_04/lib/python3.10/site-packages:${PYTHONPATH} /usr/bin/python3 -W ignore:setup.py install is deprecated -W ignore:easy_install command is deprecated setup.py egg_info --egg-base ../build/tb_04 build --build-base /home/ubuntu/ros2_ws/src/build/tb_04/build install --record /home/ubuntu/ros2_ws/src/build/tb_04/install.log --single-version-externally-managed install_data
[6.750s] running egg_info
[6.752s] writing ../build/tb_04/tb_04.egg-info/PKG-INFO
[6.754s] writing dependency_links to ../build/tb_04/tb_04.egg-info/dependency_links.txt
[6.755s] writing entry points to ../build/tb_04/tb_04.egg-info/entry_points.txt
[6.756s] writing requirements to ../build/tb_04/tb_04.egg-info/requires.txt
[6.758s] writing top-level names to ../build/tb_04/tb_04.egg-info/top_level.txt
[6.768s] reading manifest file '../build/tb_04/tb_04.egg-info/SOURCES.txt'
[6.775s] writing manifest file '../build/tb_04/tb_04.egg-info/SOURCES.txt'
[6.776s] running build
[6.777s] running build_py
[6.777s] copying tb_04/camera_drive.py -> /home/ubuntu/ros2_ws/src/build/tb_04/build/lib/tb_04
[6.779s] running install
[6.781s] running install_lib
[6.784s] copying /home/ubuntu/ros2_ws/src/build/tb_04/build/lib/tb_04/camera_drive.py -> /home/ubuntu/ros2_ws/src/install/tb_04/lib/python3.10/site-packages/tb_04
[6.790s] byte-compiling /home/ubuntu/ros2_ws/src/install/tb_04/lib/python3.10/site-packages/tb_04/camera_drive.py to camera_drive.cpython-310.pyc
[6.794s] running install_data
[6.794s] running install_egg_info
[6.803s] removing '/home/ubuntu/ros2_ws/src/install/tb_04/lib/python3.10/site-packages/tb_04-0.0.0-py3.10.egg-info' (and everything under it)
[6.806s] Copying ../build/tb_04/tb_04.egg-info to /home/ubuntu/ros2_ws/src/install/tb_04/lib/python3.10/site-packages/tb_04-0.0.0-py3.10.egg-info
[6.813s] running install_scripts
[6.923s] Installing camera script to /home/ubuntu/ros2_ws/src/install/tb_04/lib/tb_04
[6.925s] Installing drive script to /home/ubuntu/ros2_ws/src/install/tb_04/lib/tb_04
[6.927s] Installing wheels script to /home/ubuntu/ros2_ws/src/install/tb_04/lib/tb_04
[6.930s] writing list of installed files to '/home/ubuntu/ros2_ws/src/build/tb_04/install.log'
[7.188s] Invoked command in '/home/ubuntu/ros2_ws/src/tb_04' returned '0': PYTHONPATH=/home/ubuntu/ros2_ws/src/build/tb_04/prefix_override:/usr/lib/python3/dist-packages/colcon_core/task/python/colcon_distutils_commands:/home/ubuntu/ros2_ws/src/install/tb_04/lib/python3.10/site-packages:${PYTHONPATH} /usr/bin/python3 -W ignore:setup.py install is deprecated -W ignore:easy_install command is deprecated setup.py egg_info --egg-base ../build/tb_04 build --build-base /home/ubuntu/ros2_ws/src/build/tb_04/build install --record /home/ubuntu/ros2_ws/src/build/tb_04/install.log --single-version-externally-managed install_data
