[7.528s] Invoking command in '/home/ubuntu/ros2_ws/src/camera': PYTHONPATH=/home/ubuntu/ros2_ws/src/build/camera/prefix_override:/usr/lib/python3/dist-packages/colcon_core/task/python/colcon_distutils_commands:/home/ubuntu/ros2_ws/src/install/camera/lib/python3.10/site-packages:${PYTHONPATH} /usr/bin/python3 -W ignore:setup.py install is deprecated -W ignore:easy_install command is deprecated setup.py egg_info --egg-base ../build/camera build --build-base /home/ubuntu/ros2_ws/src/build/camera/build install --record /home/ubuntu/ros2_ws/src/build/camera/install.log --single-version-externally-managed install_data
[9.533s] running egg_info
[9.538s] writing ../build/camera/camera.egg-info/PKG-INFO
[9.540s] writing dependency_links to ../build/camera/camera.egg-info/dependency_links.txt
[9.541s] writing entry points to ../build/camera/camera.egg-info/entry_points.txt
[9.542s] writing requirements to ../build/camera/camera.egg-info/requires.txt
[9.544s] writing top-level names to ../build/camera/camera.egg-info/top_level.txt
[9.558s] reading manifest file '../build/camera/camera.egg-info/SOURCES.txt'
[9.562s] writing manifest file '../build/camera/camera.egg-info/SOURCES.txt'
[9.563s] running build
[9.563s] running build_py
[9.565s] running install
[9.567s] running install_lib
[9.573s] running install_data
[9.574s] running install_egg_info
[9.582s] removing '/home/ubuntu/ros2_ws/src/install/camera/lib/python3.10/site-packages/camera-0.0.0-py3.10.egg-info' (and everything under it)
[9.585s] Copying ../build/camera/camera.egg-info to /home/ubuntu/ros2_ws/src/install/camera/lib/python3.10/site-packages/camera-0.0.0-py3.10.egg-info
[9.591s] running install_scripts
[9.719s] Installing camera script to /home/ubuntu/ros2_ws/src/install/camera/lib/camera
[9.721s] writing list of installed files to '/home/ubuntu/ros2_ws/src/build/camera/install.log'
[9.951s] Invoked command in '/home/ubuntu/ros2_ws/src/camera' returned '0': PYTHONPATH=/home/ubuntu/ros2_ws/src/build/camera/prefix_override:/usr/lib/python3/dist-packages/colcon_core/task/python/colcon_distutils_commands:/home/ubuntu/ros2_ws/src/install/camera/lib/python3.10/site-packages:${PYTHONPATH} /usr/bin/python3 -W ignore:setup.py install is deprecated -W ignore:easy_install command is deprecated setup.py egg_info --egg-base ../build/camera build --build-base /home/ubuntu/ros2_ws/src/build/camera/build install --record /home/ubuntu/ros2_ws/src/build/camera/install.log --single-version-externally-managed install_data
