[6.109s] Invoking command in '/home/ubuntu/ros2_ws/src/camera': PYTHONPATH=/home/ubuntu/ros2_ws/src/build/camera/prefix_override:/usr/lib/python3/dist-packages/colcon_core/task/python/colcon_distutils_commands:/home/ubuntu/ros2_ws/src/install/camera/lib/python3.10/site-packages:${PYTHONPATH} /usr/bin/python3 -W ignore:setup.py install is deprecated -W ignore:easy_install command is deprecated setup.py egg_info --egg-base ../build/camera build --build-base /home/ubuntu/ros2_ws/src/build/camera/build install --record /home/ubuntu/ros2_ws/src/build/camera/install.log --single-version-externally-managed install_data
[7.679s] running egg_info
[7.683s] writing ../build/camera/camera.egg-info/PKG-INFO
[7.686s] writing dependency_links to ../build/camera/camera.egg-info/dependency_links.txt
[7.687s] writing entry points to ../build/camera/camera.egg-info/entry_points.txt
[7.688s] writing requirements to ../build/camera/camera.egg-info/requires.txt
[7.689s] writing top-level names to ../build/camera/camera.egg-info/top_level.txt
[7.699s] reading manifest file '../build/camera/camera.egg-info/SOURCES.txt'
[7.704s] writing manifest file '../build/camera/camera.egg-info/SOURCES.txt'
[7.704s] running build
[7.707s] running build_py
[7.709s] copying camera/camera.py -> /home/ubuntu/ros2_ws/src/build/camera/build/lib/camera
[7.710s] running install
[7.712s] running install_lib
[7.716s] copying /home/ubuntu/ros2_ws/src/build/camera/build/lib/camera/camera.py -> /home/ubuntu/ros2_ws/src/install/camera/lib/python3.10/site-packages/camera
[7.719s] byte-compiling /home/ubuntu/ros2_ws/src/install/camera/lib/python3.10/site-packages/camera/camera.py to camera.cpython-310.pyc
[7.725s] running install_data
[7.725s] running install_egg_info
[7.732s] removing '/home/ubuntu/ros2_ws/src/install/camera/lib/python3.10/site-packages/camera-0.0.0-py3.10.egg-info' (and everything under it)
[7.734s] Copying ../build/camera/camera.egg-info to /home/ubuntu/ros2_ws/src/install/camera/lib/python3.10/site-packages/camera-0.0.0-py3.10.egg-info
[7.741s] running install_scripts
[7.853s] Installing camera script to /home/ubuntu/ros2_ws/src/install/camera/lib/camera
[7.854s] writing list of installed files to '/home/ubuntu/ros2_ws/src/build/camera/install.log'
[8.037s] Invoked command in '/home/ubuntu/ros2_ws/src/camera' returned '0': PYTHONPATH=/home/ubuntu/ros2_ws/src/build/camera/prefix_override:/usr/lib/python3/dist-packages/colcon_core/task/python/colcon_distutils_commands:/home/ubuntu/ros2_ws/src/install/camera/lib/python3.10/site-packages:${PYTHONPATH} /usr/bin/python3 -W ignore:setup.py install is deprecated -W ignore:easy_install command is deprecated setup.py egg_info --egg-base ../build/camera build --build-base /home/ubuntu/ros2_ws/src/build/camera/build install --record /home/ubuntu/ros2_ws/src/build/camera/install.log --single-version-externally-managed install_data
