[18.681s] Invoking command in '/home/ubuntu/ros2_ws/src/tb_04': PYTHONPATH=/home/ubuntu/ros2_ws/src/build/tb_04/prefix_override:/usr/lib/python3/dist-packages/colcon_core/task/python/colcon_distutils_commands:/home/ubuntu/ros2_ws/src/install/tb_04/lib/python3.10/site-packages:${PYTHONPATH} /usr/bin/python3 -W ignore:setup.py install is deprecated -W ignore:easy_install command is deprecated setup.py egg_info --egg-base ../build/tb_04 build --build-base /home/ubuntu/ros2_ws/src/build/tb_04/build install --record /home/ubuntu/ros2_ws/src/build/tb_04/install.log --single-version-externally-managed install_data
[22.213s] running egg_info
[22.218s] writing ../build/tb_04/tb_04.egg-info/PKG-INFO
[22.219s] writing dependency_links to ../build/tb_04/tb_04.egg-info/dependency_links.txt
[22.224s] writing entry points to ../build/tb_04/tb_04.egg-info/entry_points.txt
[22.225s] writing requirements to ../build/tb_04/tb_04.egg-info/requires.txt
[22.226s] writing top-level names to ../build/tb_04/tb_04.egg-info/top_level.txt
[22.238s] reading manifest file '../build/tb_04/tb_04.egg-info/SOURCES.txt'
[22.246s] writing manifest file '../build/tb_04/tb_04.egg-info/SOURCES.txt'
[22.246s] running build
[22.247s] running build_py
[22.248s] copying tb_04/camera_drive.py -> /home/ubuntu/ros2_ws/src/build/tb_04/build/lib/tb_04
[22.251s] running install
[22.264s] running install_lib
[22.265s] copying /home/ubuntu/ros2_ws/src/build/tb_04/build/lib/tb_04/camera_drive.py -> /home/ubuntu/ros2_ws/src/install/tb_04/lib/python3.10/site-packages/tb_04
[22.278s] byte-compiling /home/ubuntu/ros2_ws/src/install/tb_04/lib/python3.10/site-packages/tb_04/camera_drive.py to camera_drive.cpython-310.pyc
[22.278s] running install_data
[22.286s] running install_egg_info
[22.297s] removing '/home/ubuntu/ros2_ws/src/install/tb_04/lib/python3.10/site-packages/tb_04-0.0.0-py3.10.egg-info' (and everything under it)
[22.297s] Copying ../build/tb_04/tb_04.egg-info to /home/ubuntu/ros2_ws/src/install/tb_04/lib/python3.10/site-packages/tb_04-0.0.0-py3.10.egg-info
[22.311s] running install_scripts
[22.474s] Installing camera script to /home/ubuntu/ros2_ws/src/install/tb_04/lib/tb_04
[22.475s] Installing drive script to /home/ubuntu/ros2_ws/src/install/tb_04/lib/tb_04
[22.478s] Installing wheels script to /home/ubuntu/ros2_ws/src/install/tb_04/lib/tb_04
[22.483s] writing list of installed files to '/home/ubuntu/ros2_ws/src/build/tb_04/install.log'
[22.745s] Invoked command in '/home/ubuntu/ros2_ws/src/tb_04' returned '0': PYTHONPATH=/home/ubuntu/ros2_ws/src/build/tb_04/prefix_override:/usr/lib/python3/dist-packages/colcon_core/task/python/colcon_distutils_commands:/home/ubuntu/ros2_ws/src/install/tb_04/lib/python3.10/site-packages:${PYTHONPATH} /usr/bin/python3 -W ignore:setup.py install is deprecated -W ignore:easy_install command is deprecated setup.py egg_info --egg-base ../build/tb_04 build --build-base /home/ubuntu/ros2_ws/src/build/tb_04/build install --record /home/ubuntu/ros2_ws/src/build/tb_04/install.log --single-version-externally-managed install_data
