[0.597s] DEBUG:colcon:Command line arguments: ['/usr/bin/colcon', 'build']
[0.598s] DEBUG:colcon:Parsed command line arguments: Namespace(log_base=None, log_level=None, verb_name='build', build_base='build', install_base='install', merge_install=False, symlink_install=False, test_result_base=None, continue_on_error=False, executor='parallel', parallel_workers=4, event_handlers=None, ignore_user_meta=False, metas=['./colcon.meta'], base_paths=['.'], packages_ignore=None, packages_ignore_regex=None, paths=None, packages_up_to=None, packages_up_to_regex=None, packages_above=None, packages_above_and_dependencies=None, packages_above_depth=None, packages_select_by_dep=None, packages_skip_by_dep=None, packages_skip_up_to=None, packages_select_build_failed=False, packages_skip_build_finished=False, packages_select_test_failures=False, packages_skip_test_passed=False, packages_select=None, packages_skip=None, packages_select_regex=None, packages_skip_regex=None, packages_start=None, packages_end=None, allow_overriding=[], cmake_args=None, cmake_target=None, cmake_target_skip_unavailable=False, cmake_clean_cache=False, cmake_clean_first=False, cmake_force_configure=False, ament_cmake_args=None, catkin_cmake_args=None, catkin_skip_building_tests=False, mixin_files=None, mixin=None, verb_parser=<colcon_mixin.mixin.mixin_argument.MixinArgumentDecorator object at 0xffffb1d44dc0>, verb_extension=<colcon_core.verb.build.BuildVerb object at 0xffffb1d44730>, main=<bound method BuildVerb.main of <colcon_core.verb.build.BuildVerb object at 0xffffb1d44730>>, mixin_verb=('build',))
[1.571s] Level 1:colcon.colcon_core.package_discovery:discover_packages(colcon_meta) check parameters
[1.571s] Level 1:colcon.colcon_core.package_discovery:discover_packages(recursive) check parameters
[1.571s] Level 1:colcon.colcon_core.package_discovery:discover_packages(ignore) check parameters
[1.571s] Level 1:colcon.colcon_core.package_discovery:discover_packages(path) check parameters
[1.571s] Level 1:colcon.colcon_core.package_discovery:discover_packages(colcon_meta) discover
[1.572s] Level 1:colcon.colcon_core.package_discovery:discover_packages(recursive) discover
[1.572s] INFO:colcon.colcon_core.package_discovery:Crawling recursively for packages in '/home/ubuntu/ros2_ws/src'
[1.572s] Level 1:colcon.colcon_core.package_identification:_identify(.) by extensions ['ignore', 'ignore_ament_install']
[1.573s] Level 1:colcon.colcon_core.package_identification:_identify(.) by extension 'ignore'
[1.573s] Level 1:colcon.colcon_core.package_identification:_identify(.) by extension 'ignore_ament_install'
[1.573s] Level 1:colcon.colcon_core.package_identification:_identify(.) by extensions ['colcon_pkg']
[1.574s] Level 1:colcon.colcon_core.package_identification:_identify(.) by extension 'colcon_pkg'
[1.574s] Level 1:colcon.colcon_core.package_identification:_identify(.) by extensions ['colcon_meta']
[1.574s] Level 1:colcon.colcon_core.package_identification:_identify(.) by extension 'colcon_meta'
[1.574s] Level 1:colcon.colcon_core.package_identification:_identify(.) by extensions ['ros']
[1.574s] Level 1:colcon.colcon_core.package_identification:_identify(.) by extension 'ros'
[1.634s] Level 1:colcon.colcon_core.package_identification:_identify(.) by extensions ['cmake', 'python']
[1.634s] Level 1:colcon.colcon_core.package_identification:_identify(.) by extension 'cmake'
[1.635s] Level 1:colcon.colcon_core.package_identification:_identify(.) by extension 'python'
[1.635s] Level 1:colcon.colcon_core.package_identification:_identify(.) by extensions ['python_setup_py']
[1.635s] Level 1:colcon.colcon_core.package_identification:_identify(.) by extension 'python_setup_py'
[1.635s] Level 1:colcon.colcon_core.package_identification:_identify(build) by extensions ['ignore', 'ignore_ament_install']
[1.636s] Level 1:colcon.colcon_core.package_identification:_identify(build) by extension 'ignore'
[1.636s] Level 1:colcon.colcon_core.package_identification:_identify(build) ignored
[1.636s] Level 1:colcon.colcon_core.package_identification:_identify(camera) by extensions ['ignore', 'ignore_ament_install']
[1.637s] Level 1:colcon.colcon_core.package_identification:_identify(camera) by extension 'ignore'
[1.637s] Level 1:colcon.colcon_core.package_identification:_identify(camera) by extension 'ignore_ament_install'
[1.637s] Level 1:colcon.colcon_core.package_identification:_identify(camera) by extensions ['colcon_pkg']
[1.637s] Level 1:colcon.colcon_core.package_identification:_identify(camera) by extension 'colcon_pkg'
[1.637s] Level 1:colcon.colcon_core.package_identification:_identify(camera) by extensions ['colcon_meta']
[1.638s] Level 1:colcon.colcon_core.package_identification:_identify(camera) by extension 'colcon_meta'
[1.638s] Level 1:colcon.colcon_core.package_identification:_identify(camera) by extensions ['ros']
[1.638s] Level 1:colcon.colcon_core.package_identification:_identify(camera) by extension 'ros'
[1.647s] DEBUG:colcon.colcon_core.package_identification:Package 'camera' with type 'ros.ament_python' and name 'camera'
[1.648s] Level 1:colcon.colcon_core.package_identification:_identify(camera_drive) by extensions ['ignore', 'ignore_ament_install']
[1.648s] Level 1:colcon.colcon_core.package_identification:_identify(camera_drive) by extension 'ignore'
[1.648s] Level 1:colcon.colcon_core.package_identification:_identify(camera_drive) by extension 'ignore_ament_install'
[1.649s] Level 1:colcon.colcon_core.package_identification:_identify(camera_drive) by extensions ['colcon_pkg']
[1.649s] Level 1:colcon.colcon_core.package_identification:_identify(camera_drive) by extension 'colcon_pkg'
[1.649s] Level 1:colcon.colcon_core.package_identification:_identify(camera_drive) by extensions ['colcon_meta']
[1.650s] Level 1:colcon.colcon_core.package_identification:_identify(camera_drive) by extension 'colcon_meta'
[1.650s] Level 1:colcon.colcon_core.package_identification:_identify(camera_drive) by extensions ['ros']
[1.651s] Level 1:colcon.colcon_core.package_identification:_identify(camera_drive) by extension 'ros'
[1.659s] DEBUG:colcon.colcon_core.package_identification:Package 'camera_drive' with type 'ros.ament_python' and name 'camera_drive'
[1.660s] Level 1:colcon.colcon_core.package_identification:_identify(install) by extensions ['ignore', 'ignore_ament_install']
[1.661s] Level 1:colcon.colcon_core.package_identification:_identify(install) by extension 'ignore'
[1.662s] Level 1:colcon.colcon_core.package_identification:_identify(install) ignored
[1.663s] Level 1:colcon.colcon_core.package_identification:_identify(log) by extensions ['ignore', 'ignore_ament_install']
[1.664s] Level 1:colcon.colcon_core.package_identification:_identify(log) by extension 'ignore'
[1.664s] Level 1:colcon.colcon_core.package_identification:_identify(log) ignored
[1.665s] Level 1:colcon.colcon_core.package_identification:_identify(wheels) by extensions ['ignore', 'ignore_ament_install']
[1.665s] Level 1:colcon.colcon_core.package_identification:_identify(wheels) by extension 'ignore'
[1.665s] Level 1:colcon.colcon_core.package_identification:_identify(wheels) by extension 'ignore_ament_install'
[1.666s] Level 1:colcon.colcon_core.package_identification:_identify(wheels) by extensions ['colcon_pkg']
[1.666s] Level 1:colcon.colcon_core.package_identification:_identify(wheels) by extension 'colcon_pkg'
[1.666s] Level 1:colcon.colcon_core.package_identification:_identify(wheels) by extensions ['colcon_meta']
[1.666s] Level 1:colcon.colcon_core.package_identification:_identify(wheels) by extension 'colcon_meta'
[1.666s] Level 1:colcon.colcon_core.package_identification:_identify(wheels) by extensions ['ros']
[1.666s] Level 1:colcon.colcon_core.package_identification:_identify(wheels) by extension 'ros'
[1.669s] DEBUG:colcon.colcon_core.package_identification:Package 'wheels' with type 'ros.ament_python' and name 'wheels'
[1.669s] Level 1:colcon.colcon_core.package_discovery:discover_packages(recursive) using defaults
[1.670s] Level 1:colcon.colcon_core.package_discovery:discover_packages(ignore) discover
[1.671s] Level 1:colcon.colcon_core.package_discovery:discover_packages(ignore) using defaults
[1.672s] Level 1:colcon.colcon_core.package_discovery:discover_packages(path) discover
[1.673s] Level 1:colcon.colcon_core.package_discovery:discover_packages(path) using defaults
[1.775s] Level 1:colcon.colcon_core.package_discovery:discover_packages(prefix_path) check parameters
[1.776s] Level 1:colcon.colcon_core.package_discovery:discover_packages(prefix_path) discover
[1.790s] DEBUG:colcon.colcon_installed_package_information.package_discovery:Found 3 installed packages in /home/ubuntu/ros2_ws/src/install
[1.801s] DEBUG:colcon.colcon_installed_package_information.package_discovery:Found 327 installed packages in /opt/ros/humble
[1.867s] Level 1:colcon.colcon_core.package_discovery:discover_packages(prefix_path) using defaults
[2.087s] Level 5:colcon.colcon_core.verb:set package 'camera' build argument 'cmake_args' from command line to 'None'
[2.088s] Level 5:colcon.colcon_core.verb:set package 'camera' build argument 'cmake_target' from command line to 'None'
[2.088s] Level 5:colcon.colcon_core.verb:set package 'camera' build argument 'cmake_target_skip_unavailable' from command line to 'False'
[2.088s] Level 5:colcon.colcon_core.verb:set package 'camera' build argument 'cmake_clean_cache' from command line to 'False'
[2.088s] Level 5:colcon.colcon_core.verb:set package 'camera' build argument 'cmake_clean_first' from command line to 'False'
[2.088s] Level 5:colcon.colcon_core.verb:set package 'camera' build argument 'cmake_force_configure' from command line to 'False'
[2.088s] Level 5:colcon.colcon_core.verb:set package 'camera' build argument 'ament_cmake_args' from command line to 'None'
[2.088s] Level 5:colcon.colcon_core.verb:set package 'camera' build argument 'catkin_cmake_args' from command line to 'None'
[2.088s] Level 5:colcon.colcon_core.verb:set package 'camera' build argument 'catkin_skip_building_tests' from command line to 'False'
[2.088s] DEBUG:colcon.colcon_core.verb:Building package 'camera' with the following arguments: {'ament_cmake_args': None, 'build_base': '/home/ubuntu/ros2_ws/src/build/camera', 'catkin_cmake_args': None, 'catkin_skip_building_tests': False, 'cmake_args': None, 'cmake_clean_cache': False, 'cmake_clean_first': False, 'cmake_force_configure': False, 'cmake_target': None, 'cmake_target_skip_unavailable': False, 'install_base': '/home/ubuntu/ros2_ws/src/install/camera', 'merge_install': False, 'path': '/home/ubuntu/ros2_ws/src/camera', 'symlink_install': False, 'test_result_base': None}
[2.090s] Level 5:colcon.colcon_core.verb:set package 'camera_drive' build argument 'cmake_args' from command line to 'None'
[2.090s] Level 5:colcon.colcon_core.verb:set package 'camera_drive' build argument 'cmake_target' from command line to 'None'
[2.090s] Level 5:colcon.colcon_core.verb:set package 'camera_drive' build argument 'cmake_target_skip_unavailable' from command line to 'False'
[2.090s] Level 5:colcon.colcon_core.verb:set package 'camera_drive' build argument 'cmake_clean_cache' from command line to 'False'
[2.090s] Level 5:colcon.colcon_core.verb:set package 'camera_drive' build argument 'cmake_clean_first' from command line to 'False'
[2.090s] Level 5:colcon.colcon_core.verb:set package 'camera_drive' build argument 'cmake_force_configure' from command line to 'False'
[2.091s] Level 5:colcon.colcon_core.verb:set package 'camera_drive' build argument 'ament_cmake_args' from command line to 'None'
[2.091s] Level 5:colcon.colcon_core.verb:set package 'camera_drive' build argument 'catkin_cmake_args' from command line to 'None'
[2.091s] Level 5:colcon.colcon_core.verb:set package 'camera_drive' build argument 'catkin_skip_building_tests' from command line to 'False'
[2.091s] DEBUG:colcon.colcon_core.verb:Building package 'camera_drive' with the following arguments: {'ament_cmake_args': None, 'build_base': '/home/ubuntu/ros2_ws/src/build/camera_drive', 'catkin_cmake_args': None, 'catkin_skip_building_tests': False, 'cmake_args': None, 'cmake_clean_cache': False, 'cmake_clean_first': False, 'cmake_force_configure': False, 'cmake_target': None, 'cmake_target_skip_unavailable': False, 'install_base': '/home/ubuntu/ros2_ws/src/install/camera_drive', 'merge_install': False, 'path': '/home/ubuntu/ros2_ws/src/camera_drive', 'symlink_install': False, 'test_result_base': None}
[2.092s] Level 5:colcon.colcon_core.verb:set package 'wheels' build argument 'cmake_args' from command line to 'None'
[2.093s] Level 5:colcon.colcon_core.verb:set package 'wheels' build argument 'cmake_target' from command line to 'None'
[2.093s] Level 5:colcon.colcon_core.verb:set package 'wheels' build argument 'cmake_target_skip_unavailable' from command line to 'False'
[2.093s] Level 5:colcon.colcon_core.verb:set package 'wheels' build argument 'cmake_clean_cache' from command line to 'False'
[2.093s] Level 5:colcon.colcon_core.verb:set package 'wheels' build argument 'cmake_clean_first' from command line to 'False'
[2.093s] Level 5:colcon.colcon_core.verb:set package 'wheels' build argument 'cmake_force_configure' from command line to 'False'
[2.093s] Level 5:colcon.colcon_core.verb:set package 'wheels' build argument 'ament_cmake_args' from command line to 'None'
[2.093s] Level 5:colcon.colcon_core.verb:set package 'wheels' build argument 'catkin_cmake_args' from command line to 'None'
[2.093s] Level 5:colcon.colcon_core.verb:set package 'wheels' build argument 'catkin_skip_building_tests' from command line to 'False'
[2.093s] DEBUG:colcon.colcon_core.verb:Building package 'wheels' with the following arguments: {'ament_cmake_args': None, 'build_base': '/home/ubuntu/ros2_ws/src/build/wheels', 'catkin_cmake_args': None, 'catkin_skip_building_tests': False, 'cmake_args': None, 'cmake_clean_cache': False, 'cmake_clean_first': False, 'cmake_force_configure': False, 'cmake_target': None, 'cmake_target_skip_unavailable': False, 'install_base': '/home/ubuntu/ros2_ws/src/install/wheels', 'merge_install': False, 'path': '/home/ubuntu/ros2_ws/src/wheels', 'symlink_install': False, 'test_result_base': None}
[2.094s] INFO:colcon.colcon_core.executor:Executing jobs using 'parallel' executor
[2.098s] DEBUG:colcon.colcon_parallel_executor.executor.parallel:run_until_complete
[2.101s] INFO:colcon.colcon_ros.task.ament_python.build:Building ROS package in '/home/ubuntu/ros2_ws/src/camera' with build type 'ament_python'
[2.102s] Level 1:colcon.colcon_core.shell:create_environment_hook('camera', 'ament_prefix_path')
[2.118s] INFO:colcon.colcon_core.plugin_system:Skipping extension 'colcon_core.shell.bat': Not used on non-Windows systems
[2.119s] INFO:colcon.colcon_core.shell:Creating environment hook '/home/ubuntu/ros2_ws/src/install/camera/share/camera/hook/ament_prefix_path.ps1'
[2.122s] INFO:colcon.colcon_core.shell:Creating environment descriptor '/home/ubuntu/ros2_ws/src/install/camera/share/camera/hook/ament_prefix_path.dsv'
[2.124s] INFO:colcon.colcon_core.shell:Creating environment hook '/home/ubuntu/ros2_ws/src/install/camera/share/camera/hook/ament_prefix_path.sh'
[2.128s] INFO:colcon.colcon_core.shell:Skip shell extension 'powershell' for command environment: Not usable outside of PowerShell
[2.128s] DEBUG:colcon.colcon_core.shell:Skip shell extension 'dsv' for command environment
[2.148s] INFO:colcon.colcon_ros.task.ament_python.build:Building ROS package in '/home/ubuntu/ros2_ws/src/camera_drive' with build type 'ament_python'
[2.148s] Level 1:colcon.colcon_core.shell:create_environment_hook('camera_drive', 'ament_prefix_path')
[2.150s] INFO:colcon.colcon_core.shell:Creating environment hook '/home/ubuntu/ros2_ws/src/install/camera_drive/share/camera_drive/hook/ament_prefix_path.ps1'
[2.154s] INFO:colcon.colcon_core.shell:Creating environment descriptor '/home/ubuntu/ros2_ws/src/install/camera_drive/share/camera_drive/hook/ament_prefix_path.dsv'
[2.156s] INFO:colcon.colcon_core.shell:Creating environment hook '/home/ubuntu/ros2_ws/src/install/camera_drive/share/camera_drive/hook/ament_prefix_path.sh'
[2.159s] INFO:colcon.colcon_core.shell:Skip shell extension 'powershell' for command environment: Not usable outside of PowerShell
[2.159s] DEBUG:colcon.colcon_core.shell:Skip shell extension 'dsv' for command environment
[2.185s] INFO:colcon.colcon_ros.task.ament_python.build:Building ROS package in '/home/ubuntu/ros2_ws/src/wheels' with build type 'ament_python'
[2.185s] Level 1:colcon.colcon_core.shell:create_environment_hook('wheels', 'ament_prefix_path')
[2.188s] INFO:colcon.colcon_core.shell:Creating environment hook '/home/ubuntu/ros2_ws/src/install/wheels/share/wheels/hook/ament_prefix_path.ps1'
[2.194s] INFO:colcon.colcon_core.shell:Creating environment descriptor '/home/ubuntu/ros2_ws/src/install/wheels/share/wheels/hook/ament_prefix_path.dsv'
[2.196s] INFO:colcon.colcon_core.shell:Creating environment hook '/home/ubuntu/ros2_ws/src/install/wheels/share/wheels/hook/ament_prefix_path.sh'
[2.199s] INFO:colcon.colcon_core.shell:Skip shell extension 'powershell' for command environment: Not usable outside of PowerShell
[2.200s] DEBUG:colcon.colcon_core.shell:Skip shell extension 'dsv' for command environment
[3.744s] INFO:colcon.colcon_core.task.python.build:Building Python package in '/home/ubuntu/ros2_ws/src/camera'
[3.746s] INFO:colcon.colcon_core.shell:Skip shell extension 'powershell' for command environment: Not usable outside of PowerShell
[3.746s] DEBUG:colcon.colcon_core.shell:Skip shell extension 'dsv' for command environment
[5.279s] INFO:colcon.colcon_core.task.python.build:Building Python package in '/home/ubuntu/ros2_ws/src/camera_drive'
[5.280s] INFO:colcon.colcon_core.shell:Skip shell extension 'powershell' for command environment: Not usable outside of PowerShell
[5.280s] DEBUG:colcon.colcon_core.shell:Skip shell extension 'dsv' for command environment
[6.779s] INFO:colcon.colcon_core.task.python.build:Building Python package in '/home/ubuntu/ros2_ws/src/wheels'
[6.781s] INFO:colcon.colcon_core.shell:Skip shell extension 'powershell' for command environment: Not usable outside of PowerShell
[6.782s] DEBUG:colcon.colcon_core.shell:Skip shell extension 'dsv' for command environment
[9.448s] DEBUG:colcon.colcon_core.event_handler.log_command:Invoking command in '/home/ubuntu/ros2_ws/src/camera_drive': PYTHONPATH=/home/ubuntu/ros2_ws/src/build/camera_drive/prefix_override:/usr/lib/python3/dist-packages/colcon_core/task/python/colcon_distutils_commands:/home/ubuntu/ros2_ws/src/install/camera_drive/lib/python3.10/site-packages:${PYTHONPATH} /usr/bin/python3 -W ignore:setup.py install is deprecated -W ignore:easy_install command is deprecated setup.py egg_info --egg-base ../build/camera_drive build --build-base /home/ubuntu/ros2_ws/src/build/camera_drive/build install --record /home/ubuntu/ros2_ws/src/build/camera_drive/install.log --single-version-externally-managed install_data
[9.722s] DEBUG:colcon.colcon_core.event_handler.log_command:Invoking command in '/home/ubuntu/ros2_ws/src/camera': PYTHONPATH=/home/ubuntu/ros2_ws/src/build/camera/prefix_override:/usr/lib/python3/dist-packages/colcon_core/task/python/colcon_distutils_commands:/home/ubuntu/ros2_ws/src/install/camera/lib/python3.10/site-packages:${PYTHONPATH} /usr/bin/python3 -W ignore:setup.py install is deprecated -W ignore:easy_install command is deprecated setup.py egg_info --egg-base ../build/camera build --build-base /home/ubuntu/ros2_ws/src/build/camera/build install --record /home/ubuntu/ros2_ws/src/build/camera/install.log --single-version-externally-managed install_data
[9.790s] DEBUG:colcon.colcon_core.event_handler.log_command:Invoking command in '/home/ubuntu/ros2_ws/src/wheels': PYTHONPATH=/home/ubuntu/ros2_ws/src/build/wheels/prefix_override:/usr/lib/python3/dist-packages/colcon_core/task/python/colcon_distutils_commands:/home/ubuntu/ros2_ws/src/install/wheels/lib/python3.10/site-packages:${PYTHONPATH} /usr/bin/python3 -W ignore:setup.py install is deprecated -W ignore:easy_install command is deprecated setup.py egg_info --egg-base ../build/wheels build --build-base /home/ubuntu/ros2_ws/src/build/wheels/build install --record /home/ubuntu/ros2_ws/src/build/wheels/install.log --single-version-externally-managed install_data
[11.864s] DEBUG:colcon.colcon_core.event_handler.log_command:Invoked command in '/home/ubuntu/ros2_ws/src/camera_drive' returned '0': PYTHONPATH=/home/ubuntu/ros2_ws/src/build/camera_drive/prefix_override:/usr/lib/python3/dist-packages/colcon_core/task/python/colcon_distutils_commands:/home/ubuntu/ros2_ws/src/install/camera_drive/lib/python3.10/site-packages:${PYTHONPATH} /usr/bin/python3 -W ignore:setup.py install is deprecated -W ignore:easy_install command is deprecated setup.py egg_info --egg-base ../build/camera_drive build --build-base /home/ubuntu/ros2_ws/src/build/camera_drive/build install --record /home/ubuntu/ros2_ws/src/build/camera_drive/install.log --single-version-externally-managed install_data
[11.885s] Level 1:colcon.colcon_core.environment:checking '/home/ubuntu/ros2_ws/src/install/camera_drive' for CMake module files
[11.893s] Level 1:colcon.colcon_core.environment:checking '/home/ubuntu/ros2_ws/src/install/camera_drive' for CMake config files
[11.909s] Level 1:colcon.colcon_core.environment:checking '/home/ubuntu/ros2_ws/src/install/camera_drive/lib'
[11.913s] Level 1:colcon.colcon_core.environment:checking '/home/ubuntu/ros2_ws/src/install/camera_drive/bin'
[11.914s] Level 1:colcon.colcon_core.environment:checking '/home/ubuntu/ros2_ws/src/install/camera_drive/lib/pkgconfig/camera_drive.pc'
[11.917s] Level 1:colcon.colcon_core.environment:checking '/home/ubuntu/ros2_ws/src/install/camera_drive/lib/python3.10/site-packages'
[11.918s] Level 1:colcon.colcon_core.shell:create_environment_hook('camera_drive', 'pythonpath')
[11.921s] INFO:colcon.colcon_core.shell:Creating environment hook '/home/ubuntu/ros2_ws/src/install/camera_drive/share/camera_drive/hook/pythonpath.ps1'
[11.928s] INFO:colcon.colcon_core.shell:Creating environment descriptor '/home/ubuntu/ros2_ws/src/install/camera_drive/share/camera_drive/hook/pythonpath.dsv'
[11.938s] INFO:colcon.colcon_core.shell:Creating environment hook '/home/ubuntu/ros2_ws/src/install/camera_drive/share/camera_drive/hook/pythonpath.sh'
[11.945s] Level 1:colcon.colcon_core.environment:checking '/home/ubuntu/ros2_ws/src/install/camera_drive/bin'
[11.946s] Level 1:colcon.colcon_core.environment:create_environment_scripts_only(camera_drive)
[11.948s] INFO:colcon.colcon_core.shell:Creating package script '/home/ubuntu/ros2_ws/src/install/camera_drive/share/camera_drive/package.ps1'
[11.957s] INFO:colcon.colcon_core.shell:Creating package descriptor '/home/ubuntu/ros2_ws/src/install/camera_drive/share/camera_drive/package.dsv'
[11.965s] INFO:colcon.colcon_core.shell:Creating package script '/home/ubuntu/ros2_ws/src/install/camera_drive/share/camera_drive/package.sh'
[11.977s] INFO:colcon.colcon_core.shell:Creating package script '/home/ubuntu/ros2_ws/src/install/camera_drive/share/camera_drive/package.bash'
[11.987s] INFO:colcon.colcon_core.shell:Creating package script '/home/ubuntu/ros2_ws/src/install/camera_drive/share/camera_drive/package.zsh'
[11.995s] Level 1:colcon.colcon_core.environment:create_file_with_runtime_dependencies(/home/ubuntu/ros2_ws/src/install/camera_drive/share/colcon-core/packages/camera_drive)
[12.057s] Level 1:colcon.colcon_core.environment:checking '/home/ubuntu/ros2_ws/src/install/wheels' for CMake module files
[12.063s] DEBUG:colcon.colcon_core.event_handler.log_command:Invoked command in '/home/ubuntu/ros2_ws/src/wheels' returned '0': PYTHONPATH=/home/ubuntu/ros2_ws/src/build/wheels/prefix_override:/usr/lib/python3/dist-packages/colcon_core/task/python/colcon_distutils_commands:/home/ubuntu/ros2_ws/src/install/wheels/lib/python3.10/site-packages:${PYTHONPATH} /usr/bin/python3 -W ignore:setup.py install is deprecated -W ignore:easy_install command is deprecated setup.py egg_info --egg-base ../build/wheels build --build-base /home/ubuntu/ros2_ws/src/build/wheels/build install --record /home/ubuntu/ros2_ws/src/build/wheels/install.log --single-version-externally-managed install_data
[12.066s] Level 1:colcon.colcon_core.environment:checking '/home/ubuntu/ros2_ws/src/install/wheels' for CMake config files
[12.075s] Level 1:colcon.colcon_core.environment:checking '/home/ubuntu/ros2_ws/src/install/wheels/lib'
[12.078s] Level 1:colcon.colcon_core.environment:checking '/home/ubuntu/ros2_ws/src/install/wheels/bin'
[12.080s] Level 1:colcon.colcon_core.environment:checking '/home/ubuntu/ros2_ws/src/install/wheels/lib/pkgconfig/wheels.pc'
[12.083s] Level 1:colcon.colcon_core.environment:checking '/home/ubuntu/ros2_ws/src/install/wheels/lib/python3.10/site-packages'
[12.084s] Level 1:colcon.colcon_core.shell:create_environment_hook('wheels', 'pythonpath')
[12.086s] INFO:colcon.colcon_core.shell:Creating environment hook '/home/ubuntu/ros2_ws/src/install/wheels/share/wheels/hook/pythonpath.ps1'
[12.090s] INFO:colcon.colcon_core.shell:Creating environment descriptor '/home/ubuntu/ros2_ws/src/install/wheels/share/wheels/hook/pythonpath.dsv'
[12.095s] INFO:colcon.colcon_core.shell:Creating environment hook '/home/ubuntu/ros2_ws/src/install/wheels/share/wheels/hook/pythonpath.sh'
[12.099s] Level 1:colcon.colcon_core.environment:checking '/home/ubuntu/ros2_ws/src/install/wheels/bin'
[12.100s] Level 1:colcon.colcon_core.environment:create_environment_scripts_only(wheels)
[12.102s] INFO:colcon.colcon_core.shell:Creating package script '/home/ubuntu/ros2_ws/src/install/wheels/share/wheels/package.ps1'
[12.107s] INFO:colcon.colcon_core.shell:Creating package descriptor '/home/ubuntu/ros2_ws/src/install/wheels/share/wheels/package.dsv'
[12.110s] INFO:colcon.colcon_core.shell:Creating package script '/home/ubuntu/ros2_ws/src/install/wheels/share/wheels/package.sh'
[12.114s] INFO:colcon.colcon_core.shell:Creating package script '/home/ubuntu/ros2_ws/src/install/wheels/share/wheels/package.bash'
[12.121s] INFO:colcon.colcon_core.shell:Creating package script '/home/ubuntu/ros2_ws/src/install/wheels/share/wheels/package.zsh'
[12.127s] Level 1:colcon.colcon_core.environment:create_file_with_runtime_dependencies(/home/ubuntu/ros2_ws/src/install/wheels/share/colcon-core/packages/wheels)
[12.148s] Level 1:colcon.colcon_core.environment:checking '/home/ubuntu/ros2_ws/src/install/camera' for CMake module files
[12.152s] DEBUG:colcon.colcon_core.event_handler.log_command:Invoked command in '/home/ubuntu/ros2_ws/src/camera' returned '0': PYTHONPATH=/home/ubuntu/ros2_ws/src/build/camera/prefix_override:/usr/lib/python3/dist-packages/colcon_core/task/python/colcon_distutils_commands:/home/ubuntu/ros2_ws/src/install/camera/lib/python3.10/site-packages:${PYTHONPATH} /usr/bin/python3 -W ignore:setup.py install is deprecated -W ignore:easy_install command is deprecated setup.py egg_info --egg-base ../build/camera build --build-base /home/ubuntu/ros2_ws/src/build/camera/build install --record /home/ubuntu/ros2_ws/src/build/camera/install.log --single-version-externally-managed install_data
[12.160s] Level 1:colcon.colcon_core.environment:checking '/home/ubuntu/ros2_ws/src/install/camera' for CMake config files
[12.168s] Level 1:colcon.colcon_core.environment:checking '/home/ubuntu/ros2_ws/src/install/camera/lib'
[12.172s] Level 1:colcon.colcon_core.environment:checking '/home/ubuntu/ros2_ws/src/install/camera/bin'
[12.174s] Level 1:colcon.colcon_core.environment:checking '/home/ubuntu/ros2_ws/src/install/camera/lib/pkgconfig/camera.pc'
[12.177s] Level 1:colcon.colcon_core.environment:checking '/home/ubuntu/ros2_ws/src/install/camera/lib/python3.10/site-packages'
[12.177s] Level 1:colcon.colcon_core.shell:create_environment_hook('camera', 'pythonpath')
[12.179s] INFO:colcon.colcon_core.shell:Creating environment hook '/home/ubuntu/ros2_ws/src/install/camera/share/camera/hook/pythonpath.ps1'
[12.181s] INFO:colcon.colcon_core.shell:Creating environment descriptor '/home/ubuntu/ros2_ws/src/install/camera/share/camera/hook/pythonpath.dsv'
[12.183s] INFO:colcon.colcon_core.shell:Creating environment hook '/home/ubuntu/ros2_ws/src/install/camera/share/camera/hook/pythonpath.sh'
[12.186s] Level 1:colcon.colcon_core.environment:checking '/home/ubuntu/ros2_ws/src/install/camera/bin'
[12.186s] Level 1:colcon.colcon_core.environment:create_environment_scripts_only(camera)
[12.187s] INFO:colcon.colcon_core.shell:Creating package script '/home/ubuntu/ros2_ws/src/install/camera/share/camera/package.ps1'
[12.190s] INFO:colcon.colcon_core.shell:Creating package descriptor '/home/ubuntu/ros2_ws/src/install/camera/share/camera/package.dsv'
[12.192s] INFO:colcon.colcon_core.shell:Creating package script '/home/ubuntu/ros2_ws/src/install/camera/share/camera/package.sh'
[12.194s] INFO:colcon.colcon_core.shell:Creating package script '/home/ubuntu/ros2_ws/src/install/camera/share/camera/package.bash'
[12.196s] INFO:colcon.colcon_core.shell:Creating package script '/home/ubuntu/ros2_ws/src/install/camera/share/camera/package.zsh'
[12.198s] Level 1:colcon.colcon_core.environment:create_file_with_runtime_dependencies(/home/ubuntu/ros2_ws/src/install/camera/share/colcon-core/packages/camera)
[12.199s] DEBUG:colcon.colcon_parallel_executor.executor.parallel:closing loop
[12.200s] DEBUG:colcon.colcon_parallel_executor.executor.parallel:loop closed
[12.201s] DEBUG:colcon.colcon_parallel_executor.executor.parallel:run_until_complete finished with '0'
[12.201s] DEBUG:colcon.colcon_core.event_reactor:joining thread
[12.233s] INFO:colcon.colcon_core.plugin_system:Skipping extension 'colcon_notification.desktop_notification.notify_send': Could not find 'notify-send'
[12.233s] INFO:colcon.colcon_core.plugin_system:Skipping extension 'colcon_notification.desktop_notification.terminal_notifier': Not used on non-Darwin systems
[12.233s] INFO:colcon.colcon_core.plugin_system:Skipping extension 'colcon_notification.desktop_notification.win32': Not used on non-Windows systems
[12.234s] INFO:colcon.colcon_notification.desktop_notification:Sending desktop notification using 'notify2'
[12.236s] DEBUG:colcon.colcon_notification.desktop_notification.notify2:Failed to initialize notify2: org.freedesktop.DBus.Error.ServiceUnknown: The name org.freedesktop.Notifications was not provided by any .service files
[12.237s] DEBUG:colcon.colcon_core.event_reactor:joined thread
[12.238s] INFO:colcon.colcon_core.shell:Creating prefix script '/home/ubuntu/ros2_ws/src/install/local_setup.ps1'
[12.242s] INFO:colcon.colcon_core.shell:Creating prefix util module '/home/ubuntu/ros2_ws/src/install/_local_setup_util_ps1.py'
[12.250s] INFO:colcon.colcon_core.shell:Creating prefix chain script '/home/ubuntu/ros2_ws/src/install/setup.ps1'
[12.256s] INFO:colcon.colcon_core.shell:Creating prefix script '/home/ubuntu/ros2_ws/src/install/local_setup.sh'
[12.260s] INFO:colcon.colcon_core.shell:Creating prefix util module '/home/ubuntu/ros2_ws/src/install/_local_setup_util_sh.py'
[12.262s] INFO:colcon.colcon_core.shell:Creating prefix chain script '/home/ubuntu/ros2_ws/src/install/setup.sh'
[12.267s] INFO:colcon.colcon_core.shell:Creating prefix script '/home/ubuntu/ros2_ws/src/install/local_setup.bash'
[12.269s] INFO:colcon.colcon_core.shell:Creating prefix chain script '/home/ubuntu/ros2_ws/src/install/setup.bash'
[12.274s] INFO:colcon.colcon_core.shell:Creating prefix script '/home/ubuntu/ros2_ws/src/install/local_setup.zsh'
[12.278s] INFO:colcon.colcon_core.shell:Creating prefix chain script '/home/ubuntu/ros2_ws/src/install/setup.zsh'
