[9.942s] Invoking command in '/home/ubuntu/ros2_ws/src/wheels': PYTHONPATH=/home/ubuntu/ros2_ws/src/build/wheels/prefix_override:/usr/lib/python3/dist-packages/colcon_core/task/python/colcon_distutils_commands:/home/ubuntu/ros2_ws/src/install/wheels/lib/python3.10/site-packages:${PYTHONPATH} /usr/bin/python3 -W ignore:setup.py install is deprecated -W ignore:easy_install command is deprecated setup.py egg_info --egg-base ../build/wheels build --build-base /home/ubuntu/ros2_ws/src/build/wheels/build install --record /home/ubuntu/ros2_ws/src/build/wheels/install.log --single-version-externally-managed install_data
[12.544s] running egg_info
[12.571s] writing ../build/wheels/wheels.egg-info/PKG-INFO
[12.575s] writing dependency_links to ../build/wheels/wheels.egg-info/dependency_links.txt
[12.579s] writing entry points to ../build/wheels/wheels.egg-info/entry_points.txt
[12.585s] writing requirements to ../build/wheels/wheels.egg-info/requires.txt
[12.591s] writing top-level names to ../build/wheels/wheels.egg-info/top_level.txt
[12.640s] reading manifest file '../build/wheels/wheels.egg-info/SOURCES.txt'
[12.645s] writing manifest file '../build/wheels/wheels.egg-info/SOURCES.txt'
[12.648s] running build
[12.648s] running build_py
[12.650s] copying wheels/wheel_control.py -> /home/ubuntu/ros2_ws/src/build/wheels/build/lib/wheels
[12.651s] running install
[12.652s] running install_lib
[12.659s] copying /home/ubuntu/ros2_ws/src/build/wheels/build/lib/wheels/wheel_control.py -> /home/ubuntu/ros2_ws/src/install/wheels/lib/python3.10/site-packages/wheels
[12.670s] byte-compiling /home/ubuntu/ros2_ws/src/install/wheels/lib/python3.10/site-packages/wheels/wheel_control.py to wheel_control.cpython-310.pyc
[12.683s] running install_data
[12.684s]   File "/home/ubuntu/ros2_ws/src/install/wheels/lib/python3.10/site-packages/wheels/wheel_control.py", line 105
[12.684s]     
[12.685s]     ^
[12.685s] SyntaxError: expected 'except' or 'finally' block
[12.686s] 
[12.697s] running install_egg_info
[12.698s] removing '/home/ubuntu/ros2_ws/src/install/wheels/lib/python3.10/site-packages/wheels-0.0.0-py3.10.egg-info' (and everything under it)
[12.700s] Copying ../build/wheels/wheels.egg-info to /home/ubuntu/ros2_ws/src/install/wheels/lib/python3.10/site-packages/wheels-0.0.0-py3.10.egg-info
[12.712s] running install_scripts
[12.887s] Installing wheels script to /home/ubuntu/ros2_ws/src/install/wheels/lib/wheels
[12.902s] writing list of installed files to '/home/ubuntu/ros2_ws/src/build/wheels/install.log'
[13.246s] Invoked command in '/home/ubuntu/ros2_ws/src/wheels' returned '0': PYTHONPATH=/home/ubuntu/ros2_ws/src/build/wheels/prefix_override:/usr/lib/python3/dist-packages/colcon_core/task/python/colcon_distutils_commands:/home/ubuntu/ros2_ws/src/install/wheels/lib/python3.10/site-packages:${PYTHONPATH} /usr/bin/python3 -W ignore:setup.py install is deprecated -W ignore:easy_install command is deprecated setup.py egg_info --egg-base ../build/wheels build --build-base /home/ubuntu/ros2_ws/src/build/wheels/build install --record /home/ubuntu/ros2_ws/src/build/wheels/install.log --single-version-externally-managed install_data
