[5.529s] Invoking command in '/home/ubuntu/ros2_ws/src/tb_04': PYTHONPATH=/home/ubuntu/ros2_ws/src/build/tb_04/prefix_override:/usr/lib/python3/dist-packages/colcon_core/task/python/colcon_distutils_commands:/home/ubuntu/ros2_ws/src/install/tb_04/lib/python3.10/site-packages:${PYTHONPATH} /usr/bin/python3 -W ignore:setup.py install is deprecated -W ignore:easy_install command is deprecated setup.py egg_info --egg-base ../build/tb_04 build --build-base /home/ubuntu/ros2_ws/src/build/tb_04/build install --record /home/ubuntu/ros2_ws/src/build/tb_04/install.log --single-version-externally-managed install_data
[6.968s] running egg_info
[6.972s] writing ../build/tb_04/tb_04.egg-info/PKG-INFO
[6.973s] writing dependency_links to ../build/tb_04/tb_04.egg-info/dependency_links.txt
[6.974s] writing entry points to ../build/tb_04/tb_04.egg-info/entry_points.txt
[6.976s] writing requirements to ../build/tb_04/tb_04.egg-info/requires.txt
[6.976s] writing top-level names to ../build/tb_04/tb_04.egg-info/top_level.txt
[6.985s] reading manifest file '../build/tb_04/tb_04.egg-info/SOURCES.txt'
[6.991s] writing manifest file '../build/tb_04/tb_04.egg-info/SOURCES.txt'
[6.992s] running build
[6.993s] running build_py
[6.994s] copying tb_04/camera_drive.py -> /home/ubuntu/ros2_ws/src/build/tb_04/build/lib/tb_04
[6.996s] running install
[6.997s] running install_lib
[7.001s] copying /home/ubuntu/ros2_ws/src/build/tb_04/build/lib/tb_04/camera_drive.py -> /home/ubuntu/ros2_ws/src/install/tb_04/lib/python3.10/site-packages/tb_04
[7.005s] byte-compiling /home/ubuntu/ros2_ws/src/install/tb_04/lib/python3.10/site-packages/tb_04/camera_drive.py to camera_drive.cpython-310.pyc
[7.008s] running install_data
[7.009s] running install_egg_info
[7.017s] removing '/home/ubuntu/ros2_ws/src/install/tb_04/lib/python3.10/site-packages/tb_04-0.0.0-py3.10.egg-info' (and everything under it)
[7.019s] Copying ../build/tb_04/tb_04.egg-info to /home/ubuntu/ros2_ws/src/install/tb_04/lib/python3.10/site-packages/tb_04-0.0.0-py3.10.egg-info
[7.026s] running install_scripts
[7.130s] Installing camera script to /home/ubuntu/ros2_ws/src/install/tb_04/lib/tb_04
[7.132s] Installing drive script to /home/ubuntu/ros2_ws/src/install/tb_04/lib/tb_04
[7.133s] Installing wheels script to /home/ubuntu/ros2_ws/src/install/tb_04/lib/tb_04
[7.135s] writing list of installed files to '/home/ubuntu/ros2_ws/src/build/tb_04/install.log'
[7.322s] Invoked command in '/home/ubuntu/ros2_ws/src/tb_04' returned '0': PYTHONPATH=/home/ubuntu/ros2_ws/src/build/tb_04/prefix_override:/usr/lib/python3/dist-packages/colcon_core/task/python/colcon_distutils_commands:/home/ubuntu/ros2_ws/src/install/tb_04/lib/python3.10/site-packages:${PYTHONPATH} /usr/bin/python3 -W ignore:setup.py install is deprecated -W ignore:easy_install command is deprecated setup.py egg_info --egg-base ../build/tb_04 build --build-base /home/ubuntu/ros2_ws/src/build/tb_04/build install --record /home/ubuntu/ros2_ws/src/build/tb_04/install.log --single-version-externally-managed install_data
