[5.711s] Invoking command in '/home/ubuntu/ros2_ws/src/tb_04': PYTHONPATH=/home/ubuntu/ros2_ws/src/build/camera/prefix_override:/usr/lib/python3/dist-packages/colcon_core/task/python/colcon_distutils_commands:/home/ubuntu/ros2_ws/src/install/camera/lib/python3.10/site-packages:${PYTHONPATH} /usr/bin/python3 -W ignore:setup.py install is deprecated -W ignore:easy_install command is deprecated setup.py egg_info --egg-base ../build/camera build --build-base /home/ubuntu/ros2_ws/src/build/camera/build install --record /home/ubuntu/ros2_ws/src/build/camera/install.log --single-version-externally-managed install_data
[7.091s] running egg_info
[7.095s] writing ../build/camera/camera.egg-info/PKG-INFO
[7.097s] writing dependency_links to ../build/camera/camera.egg-info/dependency_links.txt
[7.098s] writing entry points to ../build/camera/camera.egg-info/entry_points.txt
[7.100s] writing requirements to ../build/camera/camera.egg-info/requires.txt
[7.101s] writing top-level names to ../build/camera/camera.egg-info/top_level.txt
[7.112s] reading manifest file '../build/camera/camera.egg-info/SOURCES.txt'
[7.118s] writing manifest file '../build/camera/camera.egg-info/SOURCES.txt'
[7.118s] running build
[7.119s] running build_py
[7.122s] running install
[7.124s] running install_lib
[7.131s] running install_data
[7.132s] running install_egg_info
[7.142s] removing '/home/ubuntu/ros2_ws/src/install/camera/lib/python3.10/site-packages/camera-0.0.0-py3.10.egg-info' (and everything under it)
[7.145s] Copying ../build/camera/camera.egg-info to /home/ubuntu/ros2_ws/src/install/camera/lib/python3.10/site-packages/camera-0.0.0-py3.10.egg-info
[7.152s] running install_scripts
[7.327s] Installing camera script to /home/ubuntu/ros2_ws/src/install/camera/lib/tb_04
[7.333s] Installing wheels script to /home/ubuntu/ros2_ws/src/install/camera/lib/tb_04
[7.335s] writing list of installed files to '/home/ubuntu/ros2_ws/src/build/camera/install.log'
[7.504s] Invoked command in '/home/ubuntu/ros2_ws/src/tb_04' returned '0': PYTHONPATH=/home/ubuntu/ros2_ws/src/build/camera/prefix_override:/usr/lib/python3/dist-packages/colcon_core/task/python/colcon_distutils_commands:/home/ubuntu/ros2_ws/src/install/camera/lib/python3.10/site-packages:${PYTHONPATH} /usr/bin/python3 -W ignore:setup.py install is deprecated -W ignore:easy_install command is deprecated setup.py egg_info --egg-base ../build/camera build --build-base /home/ubuntu/ros2_ws/src/build/camera/build install --record /home/ubuntu/ros2_ws/src/build/camera/install.log --single-version-externally-managed install_data
