[5.527s] Invoking command in '/home/ubuntu/ros2_ws/src/camera_drive': PYTHONPATH=/home/ubuntu/ros2_ws/src/build/camera_drive/prefix_override:/usr/lib/python3/dist-packages/colcon_core/task/python/colcon_distutils_commands:/home/ubuntu/ros2_ws/src/install/camera_drive/lib/python3.10/site-packages:${PYTHONPATH} /usr/bin/python3 -W ignore:setup.py install is deprecated -W ignore:easy_install command is deprecated setup.py egg_info --egg-base ../build/camera_drive build --build-base /home/ubuntu/ros2_ws/src/build/camera_drive/build install --record /home/ubuntu/ros2_ws/src/build/camera_drive/install.log --single-version-externally-managed install_data
[6.845s] running egg_info
[6.849s] writing ../build/camera_drive/camera_drive.egg-info/PKG-INFO
[6.851s] writing dependency_links to ../build/camera_drive/camera_drive.egg-info/dependency_links.txt
[6.852s] writing entry points to ../build/camera_drive/camera_drive.egg-info/entry_points.txt
[6.853s] writing requirements to ../build/camera_drive/camera_drive.egg-info/requires.txt
[6.854s] writing top-level names to ../build/camera_drive/camera_drive.egg-info/top_level.txt
[6.864s] reading manifest file '../build/camera_drive/camera_drive.egg-info/SOURCES.txt'
[6.868s] writing manifest file '../build/camera_drive/camera_drive.egg-info/SOURCES.txt'
[6.869s] running build
[6.870s] running build_py
[6.871s] running install
[6.873s] running install_lib
[6.880s] running install_data
[6.881s] running install_egg_info
[6.889s] removing '/home/ubuntu/ros2_ws/src/install/camera_drive/lib/python3.10/site-packages/camera_drive-0.0.0-py3.10.egg-info' (and everything under it)
[6.891s] Copying ../build/camera_drive/camera_drive.egg-info to /home/ubuntu/ros2_ws/src/install/camera_drive/lib/python3.10/site-packages/camera_drive-0.0.0-py3.10.egg-info
[6.898s] running install_scripts
[6.996s] Installing camera_dive script to /home/ubuntu/ros2_ws/src/install/camera_drive/lib/camera_drive
[6.998s] writing list of installed files to '/home/ubuntu/ros2_ws/src/build/camera_drive/install.log'
[7.157s] Invoked command in '/home/ubuntu/ros2_ws/src/camera_drive' returned '0': PYTHONPATH=/home/ubuntu/ros2_ws/src/build/camera_drive/prefix_override:/usr/lib/python3/dist-packages/colcon_core/task/python/colcon_distutils_commands:/home/ubuntu/ros2_ws/src/install/camera_drive/lib/python3.10/site-packages:${PYTHONPATH} /usr/bin/python3 -W ignore:setup.py install is deprecated -W ignore:easy_install command is deprecated setup.py egg_info --egg-base ../build/camera_drive build --build-base /home/ubuntu/ros2_ws/src/build/camera_drive/build install --record /home/ubuntu/ros2_ws/src/build/camera_drive/install.log --single-version-externally-managed install_data
