[5.425s] Invoking command in '/home/ubuntu/ros2_ws/src/tb_04': PYTHONPATH=/home/ubuntu/ros2_ws/src/build/tb_04/prefix_override:/usr/lib/python3/dist-packages/colcon_core/task/python/colcon_distutils_commands:/home/ubuntu/ros2_ws/src/install/tb_04/lib/python3.10/site-packages:${PYTHONPATH} /usr/bin/python3 -W ignore:setup.py install is deprecated -W ignore:easy_install command is deprecated setup.py egg_info --egg-base ../build/tb_04 build --build-base /home/ubuntu/ros2_ws/src/build/tb_04/build install --record /home/ubuntu/ros2_ws/src/build/tb_04/install.log --single-version-externally-managed install_data
[6.743s] running egg_info
[6.752s] writing ../build/tb_04/tb_04.egg-info/PKG-INFO
[6.754s] writing dependency_links to ../build/tb_04/tb_04.egg-info/dependency_links.txt
[6.754s] writing entry points to ../build/tb_04/tb_04.egg-info/entry_points.txt
[6.756s] writing requirements to ../build/tb_04/tb_04.egg-info/requires.txt
[6.756s] writing top-level names to ../build/tb_04/tb_04.egg-info/top_level.txt
[6.763s] reading manifest file '../build/tb_04/tb_04.egg-info/SOURCES.txt'
[6.769s] writing manifest file '../build/tb_04/tb_04.egg-info/SOURCES.txt'
[6.770s] running build
[6.771s] running build_py
[6.772s] copying tb_04/camera_drive.py -> /home/ubuntu/ros2_ws/src/build/tb_04/build/lib/tb_04
[6.773s] running install
[6.774s] running install_lib
[6.777s] copying /home/ubuntu/ros2_ws/src/build/tb_04/build/lib/tb_04/camera_drive.py -> /home/ubuntu/ros2_ws/src/install/tb_04/lib/python3.10/site-packages/tb_04
[6.782s] byte-compiling /home/ubuntu/ros2_ws/src/install/tb_04/lib/python3.10/site-packages/tb_04/camera_drive.py to camera_drive.cpython-310.pyc
[6.785s] running install_data
[6.787s] running install_egg_info
[6.794s] removing '/home/ubuntu/ros2_ws/src/install/tb_04/lib/python3.10/site-packages/tb_04-0.0.0-py3.10.egg-info' (and everything under it)
[6.796s] Copying ../build/tb_04/tb_04.egg-info to /home/ubuntu/ros2_ws/src/install/tb_04/lib/python3.10/site-packages/tb_04-0.0.0-py3.10.egg-info
[6.803s] running install_scripts
[6.906s] Installing camera script to /home/ubuntu/ros2_ws/src/install/tb_04/lib/tb_04
[6.908s] Installing drive script to /home/ubuntu/ros2_ws/src/install/tb_04/lib/tb_04
[6.911s] Installing wheels script to /home/ubuntu/ros2_ws/src/install/tb_04/lib/tb_04
[6.914s] writing list of installed files to '/home/ubuntu/ros2_ws/src/build/tb_04/install.log'
[7.219s] Invoked command in '/home/ubuntu/ros2_ws/src/tb_04' returned '0': PYTHONPATH=/home/ubuntu/ros2_ws/src/build/tb_04/prefix_override:/usr/lib/python3/dist-packages/colcon_core/task/python/colcon_distutils_commands:/home/ubuntu/ros2_ws/src/install/tb_04/lib/python3.10/site-packages:${PYTHONPATH} /usr/bin/python3 -W ignore:setup.py install is deprecated -W ignore:easy_install command is deprecated setup.py egg_info --egg-base ../build/tb_04 build --build-base /home/ubuntu/ros2_ws/src/build/tb_04/build install --record /home/ubuntu/ros2_ws/src/build/tb_04/install.log --single-version-externally-managed install_data
