[10.344s] Invoking command in '/home/ubuntu/ros2_ws/src/camera_drive': PYTHONPATH=/home/ubuntu/ros2_ws/src/build/camera_drive/prefix_override:/usr/lib/python3/dist-packages/colcon_core/task/python/colcon_distutils_commands:/home/ubuntu/ros2_ws/src/install/camera_drive/lib/python3.10/site-packages:${PYTHONPATH} /usr/bin/python3 -W ignore:setup.py install is deprecated -W ignore:easy_install command is deprecated setup.py egg_info --egg-base ../build/camera_drive build --build-base /home/ubuntu/ros2_ws/src/build/camera_drive/build install --record /home/ubuntu/ros2_ws/src/build/camera_drive/install.log --single-version-externally-managed install_data
[11.709s] running egg_info
[11.717s] writing ../build/camera_drive/camera_drive.egg-info/PKG-INFO
[11.721s] writing dependency_links to ../build/camera_drive/camera_drive.egg-info/dependency_links.txt
[11.722s] writing entry points to ../build/camera_drive/camera_drive.egg-info/entry_points.txt
[11.723s] writing requirements to ../build/camera_drive/camera_drive.egg-info/requires.txt
[11.724s] writing top-level names to ../build/camera_drive/camera_drive.egg-info/top_level.txt
[11.727s] reading manifest file '../build/camera_drive/camera_drive.egg-info/SOURCES.txt'
[11.733s] writing manifest file '../build/camera_drive/camera_drive.egg-info/SOURCES.txt'
[11.734s] running build
[11.735s] running build_py
[11.736s] running install
[11.737s] running install_lib
[11.743s] running install_data
[11.744s] running install_egg_info
[11.753s] removing '/home/ubuntu/ros2_ws/src/install/camera_drive/lib/python3.10/site-packages/camera_drive-0.0.0-py3.10.egg-info' (and everything under it)
[11.756s] Copying ../build/camera_drive/camera_drive.egg-info to /home/ubuntu/ros2_ws/src/install/camera_drive/lib/python3.10/site-packages/camera_drive-0.0.0-py3.10.egg-info
[11.764s] running install_scripts
[11.879s] Installing camera_dive script to /home/ubuntu/ros2_ws/src/install/camera_drive/lib/camera_drive
[11.883s] writing list of installed files to '/home/ubuntu/ros2_ws/src/build/camera_drive/install.log'
[12.171s] Invoked command in '/home/ubuntu/ros2_ws/src/camera_drive' returned '0': PYTHONPATH=/home/ubuntu/ros2_ws/src/build/camera_drive/prefix_override:/usr/lib/python3/dist-packages/colcon_core/task/python/colcon_distutils_commands:/home/ubuntu/ros2_ws/src/install/camera_drive/lib/python3.10/site-packages:${PYTHONPATH} /usr/bin/python3 -W ignore:setup.py install is deprecated -W ignore:easy_install command is deprecated setup.py egg_info --egg-base ../build/camera_drive build --build-base /home/ubuntu/ros2_ws/src/build/camera_drive/build install --record /home/ubuntu/ros2_ws/src/build/camera_drive/install.log --single-version-externally-managed install_data
