[7.857s] Invoking command in '/home/ubuntu/ros2_ws/src/wheels': PYTHONPATH=/home/ubuntu/ros2_ws/src/build/wheels/prefix_override:/usr/lib/python3/dist-packages/colcon_core/task/python/colcon_distutils_commands:/home/ubuntu/ros2_ws/src/install/wheels/lib/python3.10/site-packages:${PYTHONPATH} /usr/bin/python3 -W ignore:setup.py install is deprecated -W ignore:easy_install command is deprecated setup.py egg_info --egg-base ../build/wheels build --build-base /home/ubuntu/ros2_ws/src/build/wheels/build install --record /home/ubuntu/ros2_ws/src/build/wheels/install.log --single-version-externally-managed install_data
[9.934s] running egg_info
[9.938s] writing ../build/wheels/wheels.egg-info/PKG-INFO
[9.939s] writing dependency_links to ../build/wheels/wheels.egg-info/dependency_links.txt
[9.940s] writing entry points to ../build/wheels/wheels.egg-info/entry_points.txt
[9.941s] writing requirements to ../build/wheels/wheels.egg-info/requires.txt
[9.941s] writing top-level names to ../build/wheels/wheels.egg-info/top_level.txt
[9.950s] reading manifest file '../build/wheels/wheels.egg-info/SOURCES.txt'
[9.954s] writing manifest file '../build/wheels/wheels.egg-info/SOURCES.txt'
[9.954s] running build
[9.955s] running build_py
[9.957s] running install
[9.958s] running install_lib
[9.964s] running install_data
[9.965s] running install_egg_info
[9.974s] removing '/home/ubuntu/ros2_ws/src/install/wheels/lib/python3.10/site-packages/wheels-0.0.0-py3.10.egg-info' (and everything under it)
[9.976s] Copying ../build/wheels/wheels.egg-info to /home/ubuntu/ros2_ws/src/install/wheels/lib/python3.10/site-packages/wheels-0.0.0-py3.10.egg-info
[9.982s] running install_scripts
[10.083s] Installing wheels script to /home/ubuntu/ros2_ws/src/install/wheels/lib/wheels
[10.084s] writing list of installed files to '/home/ubuntu/ros2_ws/src/build/wheels/install.log'
[10.230s] Invoked command in '/home/ubuntu/ros2_ws/src/wheels' returned '0': PYTHONPATH=/home/ubuntu/ros2_ws/src/build/wheels/prefix_override:/usr/lib/python3/dist-packages/colcon_core/task/python/colcon_distutils_commands:/home/ubuntu/ros2_ws/src/install/wheels/lib/python3.10/site-packages:${PYTHONPATH} /usr/bin/python3 -W ignore:setup.py install is deprecated -W ignore:easy_install command is deprecated setup.py egg_info --egg-base ../build/wheels build --build-base /home/ubuntu/ros2_ws/src/build/wheels/build install --record /home/ubuntu/ros2_ws/src/build/wheels/install.log --single-version-externally-managed install_data
