[5.478s] Invoking command in '/home/ubuntu/ros2_ws/src/camera_drive': PYTHONPATH=/home/ubuntu/ros2_ws/src/build/camera_drive/prefix_override:/usr/lib/python3/dist-packages/colcon_core/task/python/colcon_distutils_commands:/home/ubuntu/ros2_ws/src/install/camera_drive/lib/python3.10/site-packages:${PYTHONPATH} /usr/bin/python3 -W ignore:setup.py install is deprecated -W ignore:easy_install command is deprecated setup.py egg_info --egg-base ../build/camera_drive build --build-base /home/ubuntu/ros2_ws/src/build/camera_drive/build install --record /home/ubuntu/ros2_ws/src/build/camera_drive/install.log --single-version-externally-managed install_data
[6.876s] running egg_info
[6.880s] writing ../build/camera_drive/camera_drive.egg-info/PKG-INFO
[6.882s] writing dependency_links to ../build/camera_drive/camera_drive.egg-info/dependency_links.txt
[6.883s] writing entry points to ../build/camera_drive/camera_drive.egg-info/entry_points.txt
[6.886s] writing requirements to ../build/camera_drive/camera_drive.egg-info/requires.txt
[6.886s] writing top-level names to ../build/camera_drive/camera_drive.egg-info/top_level.txt
[6.895s] reading manifest file '../build/camera_drive/camera_drive.egg-info/SOURCES.txt'
[6.899s] writing manifest file '../build/camera_drive/camera_drive.egg-info/SOURCES.txt'
[6.900s] running build
[6.901s] running build_py
[6.902s] running install
[6.903s] running install_lib
[6.910s] running install_data
[6.911s] running install_egg_info
[6.921s] removing '/home/ubuntu/ros2_ws/src/install/camera_drive/lib/python3.10/site-packages/camera_drive-0.0.0-py3.10.egg-info' (and everything under it)
[6.924s] Copying ../build/camera_drive/camera_drive.egg-info to /home/ubuntu/ros2_ws/src/install/camera_drive/lib/python3.10/site-packages/camera_drive-0.0.0-py3.10.egg-info
[6.932s] running install_scripts
[7.055s] Installing camera_dive script to /home/ubuntu/ros2_ws/src/install/camera_drive/lib/camera_drive
[7.059s] writing list of installed files to '/home/ubuntu/ros2_ws/src/build/camera_drive/install.log'
[7.228s] Invoked command in '/home/ubuntu/ros2_ws/src/camera_drive' returned '0': PYTHONPATH=/home/ubuntu/ros2_ws/src/build/camera_drive/prefix_override:/usr/lib/python3/dist-packages/colcon_core/task/python/colcon_distutils_commands:/home/ubuntu/ros2_ws/src/install/camera_drive/lib/python3.10/site-packages:${PYTHONPATH} /usr/bin/python3 -W ignore:setup.py install is deprecated -W ignore:easy_install command is deprecated setup.py egg_info --egg-base ../build/camera_drive build --build-base /home/ubuntu/ros2_ws/src/build/camera_drive/build install --record /home/ubuntu/ros2_ws/src/build/camera_drive/install.log --single-version-externally-managed install_data
