[2.715s] Invoking command in '/home/ubuntu/ros2_ws/src/wheels': PYTHONPATH=/home/ubuntu/ros2_ws/src/build/wheels/prefix_override:/usr/lib/python3/dist-packages/colcon_core/task/python/colcon_distutils_commands:/home/ubuntu/ros2_ws/src/install/wheels/lib/python3.10/site-packages:${PYTHONPATH} /usr/bin/python3 -W ignore:setup.py install is deprecated -W ignore:easy_install command is deprecated setup.py egg_info --egg-base ../build/wheels build --build-base /home/ubuntu/ros2_ws/src/build/wheels/build install --record /home/ubuntu/ros2_ws/src/build/wheels/install.log --single-version-externally-managed install_data
[3.740s] running egg_info
[3.742s] writing ../build/wheels/wheels.egg-info/PKG-INFO
[3.743s] writing dependency_links to ../build/wheels/wheels.egg-info/dependency_links.txt
[3.744s] writing entry points to ../build/wheels/wheels.egg-info/entry_points.txt
[3.745s] writing requirements to ../build/wheels/wheels.egg-info/requires.txt
[3.745s] writing top-level names to ../build/wheels/wheels.egg-info/top_level.txt
[3.753s] reading manifest file '../build/wheels/wheels.egg-info/SOURCES.txt'
[3.757s] writing manifest file '../build/wheels/wheels.egg-info/SOURCES.txt'
[3.757s] running build
[3.758s] running build_py
[3.758s] copying wheels/wheel_control.py -> /home/ubuntu/ros2_ws/src/build/wheels/build/lib/wheels
[3.760s] running install
[3.761s] running install_lib
[3.764s] copying /home/ubuntu/ros2_ws/src/build/wheels/build/lib/wheels/wheel_control.py -> /home/ubuntu/ros2_ws/src/install/wheels/lib/python3.10/site-packages/wheels
[3.767s] byte-compiling /home/ubuntu/ros2_ws/src/install/wheels/lib/python3.10/site-packages/wheels/wheel_control.py to wheel_control.cpython-310.pyc
[3.771s] running install_data
[3.771s] running install_egg_info
[3.778s] removing '/home/ubuntu/ros2_ws/src/install/wheels/lib/python3.10/site-packages/wheels-0.0.0-py3.10.egg-info' (and everything under it)
[3.779s] Copying ../build/wheels/wheels.egg-info to /home/ubuntu/ros2_ws/src/install/wheels/lib/python3.10/site-packages/wheels-0.0.0-py3.10.egg-info
[3.784s] running install_scripts
[3.864s] Installing wheels script to /home/ubuntu/ros2_ws/src/install/wheels/lib/wheels
[3.866s] writing list of installed files to '/home/ubuntu/ros2_ws/src/build/wheels/install.log'
[3.982s] Invoked command in '/home/ubuntu/ros2_ws/src/wheels' returned '0': PYTHONPATH=/home/ubuntu/ros2_ws/src/build/wheels/prefix_override:/usr/lib/python3/dist-packages/colcon_core/task/python/colcon_distutils_commands:/home/ubuntu/ros2_ws/src/install/wheels/lib/python3.10/site-packages:${PYTHONPATH} /usr/bin/python3 -W ignore:setup.py install is deprecated -W ignore:easy_install command is deprecated setup.py egg_info --egg-base ../build/wheels build --build-base /home/ubuntu/ros2_ws/src/build/wheels/build install --record /home/ubuntu/ros2_ws/src/build/wheels/install.log --single-version-externally-managed install_data
