[5.633s] Invoking command in '/home/ubuntu/ros2_ws/src/tb_04': PYTHONPATH=/home/ubuntu/ros2_ws/src/build/tb_04/prefix_override:/usr/lib/python3/dist-packages/colcon_core/task/python/colcon_distutils_commands:/home/ubuntu/ros2_ws/src/install/tb_04/lib/python3.10/site-packages:${PYTHONPATH} /usr/bin/python3 -W ignore:setup.py install is deprecated -W ignore:easy_install command is deprecated setup.py egg_info --egg-base ../build/tb_04 build --build-base /home/ubuntu/ros2_ws/src/build/tb_04/build install --record /home/ubuntu/ros2_ws/src/build/tb_04/install.log --single-version-externally-managed install_data
[6.994s] running egg_info
[6.997s] writing ../build/tb_04/tb_04.egg-info/PKG-INFO
[6.998s] writing dependency_links to ../build/tb_04/tb_04.egg-info/dependency_links.txt
[7.000s] writing entry points to ../build/tb_04/tb_04.egg-info/entry_points.txt
[7.001s] writing requirements to ../build/tb_04/tb_04.egg-info/requires.txt
[7.002s] writing top-level names to ../build/tb_04/tb_04.egg-info/top_level.txt
[7.012s] reading manifest file '../build/tb_04/tb_04.egg-info/SOURCES.txt'
[7.017s] writing manifest file '../build/tb_04/tb_04.egg-info/SOURCES.txt'
[7.019s] running build
[7.019s] running build_py
[7.021s] running install
[7.022s] running install_lib
[7.029s] running install_data
[7.030s] running install_egg_info
[7.039s] removing '/home/ubuntu/ros2_ws/src/install/tb_04/lib/python3.10/site-packages/tb_04-0.0.0-py3.10.egg-info' (and everything under it)
[7.041s] Copying ../build/tb_04/tb_04.egg-info to /home/ubuntu/ros2_ws/src/install/tb_04/lib/python3.10/site-packages/tb_04-0.0.0-py3.10.egg-info
[7.049s] running install_scripts
[7.171s] Installing camera script to /home/ubuntu/ros2_ws/src/install/tb_04/lib/tb_04
[7.173s] Installing drive script to /home/ubuntu/ros2_ws/src/install/tb_04/lib/tb_04
[7.175s] Installing wheels script to /home/ubuntu/ros2_ws/src/install/tb_04/lib/tb_04
[7.180s] writing list of installed files to '/home/ubuntu/ros2_ws/src/build/tb_04/install.log'
[7.431s] Invoked command in '/home/ubuntu/ros2_ws/src/tb_04' returned '0': PYTHONPATH=/home/ubuntu/ros2_ws/src/build/tb_04/prefix_override:/usr/lib/python3/dist-packages/colcon_core/task/python/colcon_distutils_commands:/home/ubuntu/ros2_ws/src/install/tb_04/lib/python3.10/site-packages:${PYTHONPATH} /usr/bin/python3 -W ignore:setup.py install is deprecated -W ignore:easy_install command is deprecated setup.py egg_info --egg-base ../build/tb_04 build --build-base /home/ubuntu/ros2_ws/src/build/tb_04/build install --record /home/ubuntu/ros2_ws/src/build/tb_04/install.log --single-version-externally-managed install_data
