[5.474s] Invoking command in '/home/ubuntu/ros2_ws/src/tb_04': PYTHONPATH=/home/ubuntu/ros2_ws/src/build/tb_04/prefix_override:/usr/lib/python3/dist-packages/colcon_core/task/python/colcon_distutils_commands:/home/ubuntu/ros2_ws/src/install/tb_04/lib/python3.10/site-packages:${PYTHONPATH} /usr/bin/python3 -W ignore:setup.py install is deprecated -W ignore:easy_install command is deprecated setup.py egg_info --egg-base ../build/tb_04 build --build-base /home/ubuntu/ros2_ws/src/build/tb_04/build install --record /home/ubuntu/ros2_ws/src/build/tb_04/install.log --single-version-externally-managed install_data
[6.790s] running egg_info
[6.794s] writing ../build/tb_04/tb_04.egg-info/PKG-INFO
[6.795s] writing dependency_links to ../build/tb_04/tb_04.egg-info/dependency_links.txt
[6.796s] writing entry points to ../build/tb_04/tb_04.egg-info/entry_points.txt
[6.798s] writing requirements to ../build/tb_04/tb_04.egg-info/requires.txt
[6.799s] writing top-level names to ../build/tb_04/tb_04.egg-info/top_level.txt
[6.809s] reading manifest file '../build/tb_04/tb_04.egg-info/SOURCES.txt'
[6.813s] writing manifest file '../build/tb_04/tb_04.egg-info/SOURCES.txt'
[6.814s] running build
[6.815s] running build_py
[6.817s] running install
[6.819s] running install_lib
[6.826s] running install_data
[6.827s] running install_egg_info
[6.839s] Copying ../build/tb_04/tb_04.egg-info to /home/ubuntu/ros2_ws/src/install/tb_04/lib/python3.10/site-packages/tb_04-0.0.0-py3.10.egg-info
[6.845s] running install_scripts
[6.971s] Installing camera script to /home/ubuntu/ros2_ws/src/install/tb_04/lib/tb_04
[6.974s] Installing drive script to /home/ubuntu/ros2_ws/src/install/tb_04/lib/tb_04
[6.976s] Installing wheels script to /home/ubuntu/ros2_ws/src/install/tb_04/lib/tb_04
[6.981s] writing list of installed files to '/home/ubuntu/ros2_ws/src/build/tb_04/install.log'
[7.247s] Invoked command in '/home/ubuntu/ros2_ws/src/tb_04' returned '0': PYTHONPATH=/home/ubuntu/ros2_ws/src/build/tb_04/prefix_override:/usr/lib/python3/dist-packages/colcon_core/task/python/colcon_distutils_commands:/home/ubuntu/ros2_ws/src/install/tb_04/lib/python3.10/site-packages:${PYTHONPATH} /usr/bin/python3 -W ignore:setup.py install is deprecated -W ignore:easy_install command is deprecated setup.py egg_info --egg-base ../build/tb_04 build --build-base /home/ubuntu/ros2_ws/src/build/tb_04/build install --record /home/ubuntu/ros2_ws/src/build/tb_04/install.log --single-version-externally-managed install_data
