[4.101s] Invoking command in '/home/ubuntu/ros2_ws/src/wheels': PYTHONPATH=/home/ubuntu/ros2_ws/src/build/wheels/prefix_override:/usr/lib/python3/dist-packages/colcon_core/task/python/colcon_distutils_commands:/home/ubuntu/ros2_ws/src/install/wheels/lib/python3.10/site-packages:${PYTHONPATH} /usr/bin/python3 -W ignore:setup.py install is deprecated -W ignore:easy_install command is deprecated setup.py egg_info --egg-base ../build/wheels build --build-base /home/ubuntu/ros2_ws/src/build/wheels/build install --record /home/ubuntu/ros2_ws/src/build/wheels/install.log --single-version-externally-managed install_data
[5.302s] running egg_info
[5.307s] writing ../build/wheels/wheels.egg-info/PKG-INFO
[5.309s] writing dependency_links to ../build/wheels/wheels.egg-info/dependency_links.txt
[5.311s] writing entry points to ../build/wheels/wheels.egg-info/entry_points.txt
[5.312s] writing requirements to ../build/wheels/wheels.egg-info/requires.txt
[5.312s] writing top-level names to ../build/wheels/wheels.egg-info/top_level.txt
[5.320s] reading manifest file '../build/wheels/wheels.egg-info/SOURCES.txt'
[5.324s] writing manifest file '../build/wheels/wheels.egg-info/SOURCES.txt'
[5.325s] running build
[5.325s] running build_py
[5.326s] copying wheels/wheel_control.py -> /home/ubuntu/ros2_ws/src/build/wheels/build/lib/wheels
[5.328s] running install
[5.329s] running install_lib
[5.332s] copying /home/ubuntu/ros2_ws/src/build/wheels/build/lib/wheels/wheel_control.py -> /home/ubuntu/ros2_ws/src/install/wheels/lib/python3.10/site-packages/wheels
[5.336s] byte-compiling /home/ubuntu/ros2_ws/src/install/wheels/lib/python3.10/site-packages/wheels/wheel_control.py to wheel_control.cpython-310.pyc
[5.340s] running install_data
[5.340s] running install_egg_info
[5.349s] removing '/home/ubuntu/ros2_ws/src/install/wheels/lib/python3.10/site-packages/wheels-0.0.0-py3.10.egg-info' (and everything under it)
[5.351s] Copying ../build/wheels/wheels.egg-info to /home/ubuntu/ros2_ws/src/install/wheels/lib/python3.10/site-packages/wheels-0.0.0-py3.10.egg-info
[5.358s] running install_scripts
[5.463s] Installing wheels script to /home/ubuntu/ros2_ws/src/install/wheels/lib/wheels
[5.468s] writing list of installed files to '/home/ubuntu/ros2_ws/src/build/wheels/install.log'
[5.652s] Invoked command in '/home/ubuntu/ros2_ws/src/wheels' returned '0': PYTHONPATH=/home/ubuntu/ros2_ws/src/build/wheels/prefix_override:/usr/lib/python3/dist-packages/colcon_core/task/python/colcon_distutils_commands:/home/ubuntu/ros2_ws/src/install/wheels/lib/python3.10/site-packages:${PYTHONPATH} /usr/bin/python3 -W ignore:setup.py install is deprecated -W ignore:easy_install command is deprecated setup.py egg_info --egg-base ../build/wheels build --build-base /home/ubuntu/ros2_ws/src/build/wheels/build install --record /home/ubuntu/ros2_ws/src/build/wheels/install.log --single-version-externally-managed install_data
