[7.681s] Invoking command in '/home/ubuntu/ros2_ws/src/camera': PYTHONPATH=/home/ubuntu/ros2_ws/src/build/camera/prefix_override:/usr/lib/python3/dist-packages/colcon_core/task/python/colcon_distutils_commands:/home/ubuntu/ros2_ws/src/install/camera/lib/python3.10/site-packages:${PYTHONPATH} /usr/bin/python3 -W ignore:setup.py install is deprecated -W ignore:easy_install command is deprecated setup.py egg_info --egg-base ../build/camera build --build-base /home/ubuntu/ros2_ws/src/build/camera/build install --record /home/ubuntu/ros2_ws/src/build/camera/install.log --single-version-externally-managed install_data
[9.981s] running egg_info
[9.989s] writing ../build/camera/camera.egg-info/PKG-INFO
[9.990s] writing dependency_links to ../build/camera/camera.egg-info/dependency_links.txt
[9.992s] writing entry points to ../build/camera/camera.egg-info/entry_points.txt
[9.993s] writing requirements to ../build/camera/camera.egg-info/requires.txt
[9.994s] writing top-level names to ../build/camera/camera.egg-info/top_level.txt
[10.001s] reading manifest file '../build/camera/camera.egg-info/SOURCES.txt'
[10.005s] writing manifest file '../build/camera/camera.egg-info/SOURCES.txt'
[10.006s] running build
[10.007s] running build_py
[10.013s] running install
[10.014s] running install_lib
[10.023s] running install_data
[10.023s] running install_egg_info
[10.031s] removing '/home/ubuntu/ros2_ws/src/install/camera/lib/python3.10/site-packages/camera-0.0.0-py3.10.egg-info' (and everything under it)
[10.032s] Copying ../build/camera/camera.egg-info to /home/ubuntu/ros2_ws/src/install/camera/lib/python3.10/site-packages/camera-0.0.0-py3.10.egg-info
[10.037s] running install_scripts
[10.141s] Installing camera script to /home/ubuntu/ros2_ws/src/install/camera/lib/camera
[10.144s] writing list of installed files to '/home/ubuntu/ros2_ws/src/build/camera/install.log'
[10.295s] Invoked command in '/home/ubuntu/ros2_ws/src/camera' returned '0': PYTHONPATH=/home/ubuntu/ros2_ws/src/build/camera/prefix_override:/usr/lib/python3/dist-packages/colcon_core/task/python/colcon_distutils_commands:/home/ubuntu/ros2_ws/src/install/camera/lib/python3.10/site-packages:${PYTHONPATH} /usr/bin/python3 -W ignore:setup.py install is deprecated -W ignore:easy_install command is deprecated setup.py egg_info --egg-base ../build/camera build --build-base /home/ubuntu/ros2_ws/src/build/camera/build install --record /home/ubuntu/ros2_ws/src/build/camera/install.log --single-version-externally-managed install_data
