[5.493s] Invoking command in '/home/ubuntu/ros2_ws/src/wheels': PYTHONPATH=/home/ubuntu/ros2_ws/src/build/wheels/prefix_override:/usr/lib/python3/dist-packages/colcon_core/task/python/colcon_distutils_commands:/home/ubuntu/ros2_ws/src/install/wheels/lib/python3.10/site-packages:${PYTHONPATH} /usr/bin/python3 -W ignore:setup.py install is deprecated -W ignore:easy_install command is deprecated setup.py egg_info --egg-base ../build/wheels build --build-base /home/ubuntu/ros2_ws/src/build/wheels/build install --record /home/ubuntu/ros2_ws/src/build/wheels/install.log --single-version-externally-managed install_data
[6.827s] running egg_info
[6.833s] writing ../build/wheels/wheels.egg-info/PKG-INFO
[6.837s] writing dependency_links to ../build/wheels/wheels.egg-info/dependency_links.txt
[6.838s] writing entry points to ../build/wheels/wheels.egg-info/entry_points.txt
[6.839s] writing requirements to ../build/wheels/wheels.egg-info/requires.txt
[6.841s] writing top-level names to ../build/wheels/wheels.egg-info/top_level.txt
[6.847s] reading manifest file '../build/wheels/wheels.egg-info/SOURCES.txt'
[6.854s] writing manifest file '../build/wheels/wheels.egg-info/SOURCES.txt'
[6.855s] running build
[6.856s] running build_py
[6.857s] copying wheels/wheel_control.py -> /home/ubuntu/ros2_ws/src/build/wheels/build/lib/wheels
[6.859s] running install
[6.860s] running install_lib
[6.864s] copying /home/ubuntu/ros2_ws/src/build/wheels/build/lib/wheels/wheel_control.py -> /home/ubuntu/ros2_ws/src/install/wheels/lib/python3.10/site-packages/wheels
[6.869s] byte-compiling /home/ubuntu/ros2_ws/src/install/wheels/lib/python3.10/site-packages/wheels/wheel_control.py to wheel_control.cpython-310.pyc
[6.873s] running install_data
[6.874s] running install_egg_info
[6.882s] removing '/home/ubuntu/ros2_ws/src/install/wheels/lib/python3.10/site-packages/wheels-0.0.0-py3.10.egg-info' (and everything under it)
[6.885s] Copying ../build/wheels/wheels.egg-info to /home/ubuntu/ros2_ws/src/install/wheels/lib/python3.10/site-packages/wheels-0.0.0-py3.10.egg-info
[6.894s] running install_scripts
[7.021s] Installing wheels script to /home/ubuntu/ros2_ws/src/install/wheels/lib/wheels
[7.023s] writing list of installed files to '/home/ubuntu/ros2_ws/src/build/wheels/install.log'
[7.219s] Invoked command in '/home/ubuntu/ros2_ws/src/wheels' returned '0': PYTHONPATH=/home/ubuntu/ros2_ws/src/build/wheels/prefix_override:/usr/lib/python3/dist-packages/colcon_core/task/python/colcon_distutils_commands:/home/ubuntu/ros2_ws/src/install/wheels/lib/python3.10/site-packages:${PYTHONPATH} /usr/bin/python3 -W ignore:setup.py install is deprecated -W ignore:easy_install command is deprecated setup.py egg_info --egg-base ../build/wheels build --build-base /home/ubuntu/ros2_ws/src/build/wheels/build install --record /home/ubuntu/ros2_ws/src/build/wheels/install.log --single-version-externally-managed install_data
