[7.964s] Invoking command in '/home/ubuntu/ros2_ws/src/wheels': PYTHONPATH=/home/ubuntu/ros2_ws/src/build/wheels/prefix_override:/usr/lib/python3/dist-packages/colcon_core/task/python/colcon_distutils_commands:/home/ubuntu/ros2_ws/src/install/wheels/lib/python3.10/site-packages:${PYTHONPATH} /usr/bin/python3 -W ignore:setup.py install is deprecated -W ignore:easy_install command is deprecated setup.py egg_info --egg-base ../build/wheels build --build-base /home/ubuntu/ros2_ws/src/build/wheels/build install --record /home/ubuntu/ros2_ws/src/build/wheels/install.log --single-version-externally-managed install_data
[10.055s] running egg_info
[10.072s] writing ../build/wheels/wheels.egg-info/PKG-INFO
[10.073s] writing dependency_links to ../build/wheels/wheels.egg-info/dependency_links.txt
[10.075s] writing entry points to ../build/wheels/wheels.egg-info/entry_points.txt
[10.080s] writing requirements to ../build/wheels/wheels.egg-info/requires.txt
[10.082s] writing top-level names to ../build/wheels/wheels.egg-info/top_level.txt
[10.101s] reading manifest file '../build/wheels/wheels.egg-info/SOURCES.txt'
[10.124s] writing manifest file '../build/wheels/wheels.egg-info/SOURCES.txt'
[10.132s] running build
[10.134s] running build_py
[10.136s] running install
[10.141s] running install_lib
[10.146s] running install_data
[10.147s] running install_egg_info
[10.169s] removing '/home/ubuntu/ros2_ws/src/install/wheels/lib/python3.10/site-packages/wheels-0.0.0-py3.10.egg-info' (and everything under it)
[10.178s] Copying ../build/wheels/wheels.egg-info to /home/ubuntu/ros2_ws/src/install/wheels/lib/python3.10/site-packages/wheels-0.0.0-py3.10.egg-info
[10.199s] running install_scripts
[10.349s] Installing wheels script to /home/ubuntu/ros2_ws/src/install/wheels/lib/wheels
[10.352s] writing list of installed files to '/home/ubuntu/ros2_ws/src/build/wheels/install.log'
[10.496s] Invoked command in '/home/ubuntu/ros2_ws/src/wheels' returned '0': PYTHONPATH=/home/ubuntu/ros2_ws/src/build/wheels/prefix_override:/usr/lib/python3/dist-packages/colcon_core/task/python/colcon_distutils_commands:/home/ubuntu/ros2_ws/src/install/wheels/lib/python3.10/site-packages:${PYTHONPATH} /usr/bin/python3 -W ignore:setup.py install is deprecated -W ignore:easy_install command is deprecated setup.py egg_info --egg-base ../build/wheels build --build-base /home/ubuntu/ros2_ws/src/build/wheels/build install --record /home/ubuntu/ros2_ws/src/build/wheels/install.log --single-version-externally-managed install_data
