[5.606s] Invoking command in '/home/ubuntu/ros2_ws/src/camera': PYTHONPATH=/home/ubuntu/ros2_ws/src/build/camera/prefix_override:/usr/lib/python3/dist-packages/colcon_core/task/python/colcon_distutils_commands:/home/ubuntu/ros2_ws/src/install/camera/lib/python3.10/site-packages:${PYTHONPATH} /usr/bin/python3 -W ignore:setup.py install is deprecated -W ignore:easy_install command is deprecated setup.py egg_info --egg-base ../build/camera build --build-base /home/ubuntu/ros2_ws/src/build/camera/build install --record /home/ubuntu/ros2_ws/src/build/camera/install.log --single-version-externally-managed install_data
[6.940s] running egg_info
[6.944s] writing ../build/camera/camera.egg-info/PKG-INFO
[6.945s] writing dependency_links to ../build/camera/camera.egg-info/dependency_links.txt
[6.946s] writing entry points to ../build/camera/camera.egg-info/entry_points.txt
[6.947s] writing requirements to ../build/camera/camera.egg-info/requires.txt
[6.948s] writing top-level names to ../build/camera/camera.egg-info/top_level.txt
[6.956s] reading manifest file '../build/camera/camera.egg-info/SOURCES.txt'
[6.960s] writing manifest file '../build/camera/camera.egg-info/SOURCES.txt'
[6.962s] running build
[6.962s] running build_py
[6.963s] running install
[6.965s] running install_lib
[6.971s] running install_data
[6.972s] running install_egg_info
[6.980s] removing '/home/ubuntu/ros2_ws/src/install/camera/lib/python3.10/site-packages/camera-0.0.0-py3.10.egg-info' (and everything under it)
[6.983s] Copying ../build/camera/camera.egg-info to /home/ubuntu/ros2_ws/src/install/camera/lib/python3.10/site-packages/camera-0.0.0-py3.10.egg-info
[6.989s] running install_scripts
[7.086s] Installing camera script to /home/ubuntu/ros2_ws/src/install/camera/lib/camera
[7.088s] writing list of installed files to '/home/ubuntu/ros2_ws/src/build/camera/install.log'
[7.261s] Invoked command in '/home/ubuntu/ros2_ws/src/camera' returned '0': PYTHONPATH=/home/ubuntu/ros2_ws/src/build/camera/prefix_override:/usr/lib/python3/dist-packages/colcon_core/task/python/colcon_distutils_commands:/home/ubuntu/ros2_ws/src/install/camera/lib/python3.10/site-packages:${PYTHONPATH} /usr/bin/python3 -W ignore:setup.py install is deprecated -W ignore:easy_install command is deprecated setup.py egg_info --egg-base ../build/camera build --build-base /home/ubuntu/ros2_ws/src/build/camera/build install --record /home/ubuntu/ros2_ws/src/build/camera/install.log --single-version-externally-managed install_data
