[16.137s] Invoking command in '/home/ubuntu/ros2_ws/src/wheels': PYTHONPATH=/home/ubuntu/ros2_ws/src/build/wheels/prefix_override:/usr/lib/python3/dist-packages/colcon_core/task/python/colcon_distutils_commands:/home/ubuntu/ros2_ws/src/install/wheels/lib/python3.10/site-packages:${PYTHONPATH} /usr/bin/python3 -W ignore:setup.py install is deprecated -W ignore:easy_install command is deprecated setup.py egg_info --egg-base ../build/wheels build --build-base /home/ubuntu/ros2_ws/src/build/wheels/build install --record /home/ubuntu/ros2_ws/src/build/wheels/install.log --single-version-externally-managed install_data
[19.096s] running egg_info
[19.099s] writing ../build/wheels/wheels.egg-info/PKG-INFO
[19.101s] writing dependency_links to ../build/wheels/wheels.egg-info/dependency_links.txt
[19.103s] writing entry points to ../build/wheels/wheels.egg-info/entry_points.txt
[19.108s] writing requirements to ../build/wheels/wheels.egg-info/requires.txt
[19.108s] writing top-level names to ../build/wheels/wheels.egg-info/top_level.txt
[19.127s] reading manifest file '../build/wheels/wheels.egg-info/SOURCES.txt'
[19.134s] writing manifest file '../build/wheels/wheels.egg-info/SOURCES.txt'
[19.135s] running build
[19.135s] running build_py
[19.136s] running install
[19.137s] running install_lib
[19.143s] running install_data
[19.144s] running install_egg_info
[19.166s] removing '/home/ubuntu/ros2_ws/src/install/wheels/lib/python3.10/site-packages/wheels-0.0.0-py3.10.egg-info' (and everything under it)
[19.169s] Copying ../build/wheels/wheels.egg-info to /home/ubuntu/ros2_ws/src/install/wheels/lib/python3.10/site-packages/wheels-0.0.0-py3.10.egg-info
[19.180s] running install_scripts
[19.333s] Installing wheels script to /home/ubuntu/ros2_ws/src/install/wheels/lib/wheels
[19.336s] writing list of installed files to '/home/ubuntu/ros2_ws/src/build/wheels/install.log'
[19.567s] Invoked command in '/home/ubuntu/ros2_ws/src/wheels' returned '0': PYTHONPATH=/home/ubuntu/ros2_ws/src/build/wheels/prefix_override:/usr/lib/python3/dist-packages/colcon_core/task/python/colcon_distutils_commands:/home/ubuntu/ros2_ws/src/install/wheels/lib/python3.10/site-packages:${PYTHONPATH} /usr/bin/python3 -W ignore:setup.py install is deprecated -W ignore:easy_install command is deprecated setup.py egg_info --egg-base ../build/wheels build --build-base /home/ubuntu/ros2_ws/src/build/wheels/build install --record /home/ubuntu/ros2_ws/src/build/wheels/install.log --single-version-externally-managed install_data
