[0.464s] DEBUG:colcon:Command line arguments: ['/usr/bin/colcon', 'build']
[0.465s] DEBUG:colcon:Parsed command line arguments: Namespace(log_base=None, log_level=None, verb_name='build', build_base='build', install_base='install', merge_install=False, symlink_install=False, test_result_base=None, continue_on_error=False, executor='parallel', parallel_workers=4, event_handlers=None, ignore_user_meta=False, metas=['./colcon.meta'], base_paths=['.'], packages_ignore=None, packages_ignore_regex=None, paths=None, packages_up_to=None, packages_up_to_regex=None, packages_above=None, packages_above_and_dependencies=None, packages_above_depth=None, packages_select_by_dep=None, packages_skip_by_dep=None, packages_skip_up_to=None, packages_select_build_failed=False, packages_skip_build_finished=False, packages_select_test_failures=False, packages_skip_test_passed=False, packages_select=None, packages_skip=None, packages_select_regex=None, packages_skip_regex=None, packages_start=None, packages_end=None, allow_overriding=[], cmake_args=None, cmake_target=None, cmake_target_skip_unavailable=False, cmake_clean_cache=False, cmake_clean_first=False, cmake_force_configure=False, ament_cmake_args=None, catkin_cmake_args=None, catkin_skip_building_tests=False, mixin_files=None, mixin=None, verb_parser=<colcon_mixin.mixin.mixin_argument.MixinArgumentDecorator object at 0xffffb80f1180>, verb_extension=<colcon_core.verb.build.BuildVerb object at 0xffffb80f0af0>, main=<bound method BuildVerb.main of <colcon_core.verb.build.BuildVerb object at 0xffffb80f0af0>>, mixin_verb=('build',))
[1.216s] Level 1:colcon.colcon_core.package_discovery:discover_packages(colcon_meta) check parameters
[1.216s] Level 1:colcon.colcon_core.package_discovery:discover_packages(recursive) check parameters
[1.216s] Level 1:colcon.colcon_core.package_discovery:discover_packages(ignore) check parameters
[1.216s] Level 1:colcon.colcon_core.package_discovery:discover_packages(path) check parameters
[1.216s] Level 1:colcon.colcon_core.package_discovery:discover_packages(colcon_meta) discover
[1.217s] Level 1:colcon.colcon_core.package_discovery:discover_packages(recursive) discover
[1.217s] INFO:colcon.colcon_core.package_discovery:Crawling recursively for packages in '/home/ubuntu/ros2_ws/src'
[1.217s] Level 1:colcon.colcon_core.package_identification:_identify(.) by extensions ['ignore', 'ignore_ament_install']
[1.218s] Level 1:colcon.colcon_core.package_identification:_identify(.) by extension 'ignore'
[1.219s] Level 1:colcon.colcon_core.package_identification:_identify(.) by extension 'ignore_ament_install'
[1.219s] Level 1:colcon.colcon_core.package_identification:_identify(.) by extensions ['colcon_pkg']
[1.219s] Level 1:colcon.colcon_core.package_identification:_identify(.) by extension 'colcon_pkg'
[1.219s] Level 1:colcon.colcon_core.package_identification:_identify(.) by extensions ['colcon_meta']
[1.219s] Level 1:colcon.colcon_core.package_identification:_identify(.) by extension 'colcon_meta'
[1.220s] Level 1:colcon.colcon_core.package_identification:_identify(.) by extensions ['ros']
[1.220s] Level 1:colcon.colcon_core.package_identification:_identify(.) by extension 'ros'
[1.267s] Level 1:colcon.colcon_core.package_identification:_identify(.) by extensions ['cmake', 'python']
[1.267s] Level 1:colcon.colcon_core.package_identification:_identify(.) by extension 'cmake'
[1.268s] Level 1:colcon.colcon_core.package_identification:_identify(.) by extension 'python'
[1.268s] Level 1:colcon.colcon_core.package_identification:_identify(.) by extensions ['python_setup_py']
[1.268s] Level 1:colcon.colcon_core.package_identification:_identify(.) by extension 'python_setup_py'
[1.268s] Level 1:colcon.colcon_core.package_identification:_identify(blob_detection) by extensions ['ignore', 'ignore_ament_install']
[1.269s] Level 1:colcon.colcon_core.package_identification:_identify(blob_detection) by extension 'ignore'
[1.269s] Level 1:colcon.colcon_core.package_identification:_identify(blob_detection) by extension 'ignore_ament_install'
[1.269s] Level 1:colcon.colcon_core.package_identification:_identify(blob_detection) by extensions ['colcon_pkg']
[1.269s] Level 1:colcon.colcon_core.package_identification:_identify(blob_detection) by extension 'colcon_pkg'
[1.269s] Level 1:colcon.colcon_core.package_identification:_identify(blob_detection) by extensions ['colcon_meta']
[1.270s] Level 1:colcon.colcon_core.package_identification:_identify(blob_detection) by extension 'colcon_meta'
[1.270s] Level 1:colcon.colcon_core.package_identification:_identify(blob_detection) by extensions ['ros']
[1.270s] Level 1:colcon.colcon_core.package_identification:_identify(blob_detection) by extension 'ros'
[1.270s] Level 1:colcon.colcon_core.package_identification:_identify(blob_detection) by extensions ['cmake', 'python']
[1.270s] Level 1:colcon.colcon_core.package_identification:_identify(blob_detection) by extension 'cmake'
[1.270s] Level 1:colcon.colcon_core.package_identification:_identify(blob_detection) by extension 'python'
[1.271s] Level 1:colcon.colcon_core.package_identification:_identify(blob_detection) by extensions ['python_setup_py']
[1.271s] Level 1:colcon.colcon_core.package_identification:_identify(blob_detection) by extension 'python_setup_py'
[1.271s] Level 1:colcon.colcon_core.package_identification:_identify(build) by extensions ['ignore', 'ignore_ament_install']
[1.271s] Level 1:colcon.colcon_core.package_identification:_identify(build) by extension 'ignore'
[1.272s] Level 1:colcon.colcon_core.package_identification:_identify(build) ignored
[1.272s] Level 1:colcon.colcon_core.package_identification:_identify(camera_drive) by extensions ['ignore', 'ignore_ament_install']
[1.272s] Level 1:colcon.colcon_core.package_identification:_identify(camera_drive) by extension 'ignore'
[1.273s] Level 1:colcon.colcon_core.package_identification:_identify(camera_drive) by extension 'ignore_ament_install'
[1.273s] Level 1:colcon.colcon_core.package_identification:_identify(camera_drive) by extensions ['colcon_pkg']
[1.273s] Level 1:colcon.colcon_core.package_identification:_identify(camera_drive) by extension 'colcon_pkg'
[1.273s] Level 1:colcon.colcon_core.package_identification:_identify(camera_drive) by extensions ['colcon_meta']
[1.273s] Level 1:colcon.colcon_core.package_identification:_identify(camera_drive) by extension 'colcon_meta'
[1.273s] Level 1:colcon.colcon_core.package_identification:_identify(camera_drive) by extensions ['ros']
[1.273s] Level 1:colcon.colcon_core.package_identification:_identify(camera_drive) by extension 'ros'
[1.283s] DEBUG:colcon.colcon_core.package_identification:Package 'camera_drive' with type 'ros.ament_python' and name 'camera_drive'
[1.284s] Level 1:colcon.colcon_core.package_identification:_identify(install) by extensions ['ignore', 'ignore_ament_install']
[1.284s] Level 1:colcon.colcon_core.package_identification:_identify(install) by extension 'ignore'
[1.285s] Level 1:colcon.colcon_core.package_identification:_identify(install) ignored
[1.287s] Level 1:colcon.colcon_core.package_identification:_identify(log) by extensions ['ignore', 'ignore_ament_install']
[1.287s] Level 1:colcon.colcon_core.package_identification:_identify(log) by extension 'ignore'
[1.287s] Level 1:colcon.colcon_core.package_identification:_identify(log) ignored
[1.288s] Level 1:colcon.colcon_core.package_identification:_identify(tb_04) by extensions ['ignore', 'ignore_ament_install']
[1.288s] Level 1:colcon.colcon_core.package_identification:_identify(tb_04) by extension 'ignore'
[1.288s] Level 1:colcon.colcon_core.package_identification:_identify(tb_04) by extension 'ignore_ament_install'
[1.289s] Level 1:colcon.colcon_core.package_identification:_identify(tb_04) by extensions ['colcon_pkg']
[1.289s] Level 1:colcon.colcon_core.package_identification:_identify(tb_04) by extension 'colcon_pkg'
[1.289s] Level 1:colcon.colcon_core.package_identification:_identify(tb_04) by extensions ['colcon_meta']
[1.289s] Level 1:colcon.colcon_core.package_identification:_identify(tb_04) by extension 'colcon_meta'
[1.289s] Level 1:colcon.colcon_core.package_identification:_identify(tb_04) by extensions ['ros']
[1.289s] Level 1:colcon.colcon_core.package_identification:_identify(tb_04) by extension 'ros'
[1.293s] DEBUG:colcon.colcon_core.package_identification:Package 'tb_04' with type 'ros.ament_python' and name 'tb_04'
[1.293s] Level 1:colcon.colcon_core.package_identification:_identify(wheel_control) by extensions ['ignore', 'ignore_ament_install']
[1.293s] Level 1:colcon.colcon_core.package_identification:_identify(wheel_control) by extension 'ignore'
[1.294s] Level 1:colcon.colcon_core.package_identification:_identify(wheel_control) by extension 'ignore_ament_install'
[1.294s] Level 1:colcon.colcon_core.package_identification:_identify(wheel_control) by extensions ['colcon_pkg']
[1.294s] Level 1:colcon.colcon_core.package_identification:_identify(wheel_control) by extension 'colcon_pkg'
[1.294s] Level 1:colcon.colcon_core.package_identification:_identify(wheel_control) by extensions ['colcon_meta']
[1.294s] Level 1:colcon.colcon_core.package_identification:_identify(wheel_control) by extension 'colcon_meta'
[1.294s] Level 1:colcon.colcon_core.package_identification:_identify(wheel_control) by extensions ['ros']
[1.295s] Level 1:colcon.colcon_core.package_identification:_identify(wheel_control) by extension 'ros'
[1.295s] Level 1:colcon.colcon_core.package_identification:_identify(wheel_control) by extensions ['cmake', 'python']
[1.295s] Level 1:colcon.colcon_core.package_identification:_identify(wheel_control) by extension 'cmake'
[1.295s] Level 1:colcon.colcon_core.package_identification:_identify(wheel_control) by extension 'python'
[1.295s] Level 1:colcon.colcon_core.package_identification:_identify(wheel_control) by extensions ['python_setup_py']
[1.295s] Level 1:colcon.colcon_core.package_identification:_identify(wheel_control) by extension 'python_setup_py'
[1.296s] Level 1:colcon.colcon_core.package_identification:_identify(wheels) by extensions ['ignore', 'ignore_ament_install']
[1.296s] Level 1:colcon.colcon_core.package_identification:_identify(wheels) by extension 'ignore'
[1.296s] Level 1:colcon.colcon_core.package_identification:_identify(wheels) by extension 'ignore_ament_install'
[1.297s] Level 1:colcon.colcon_core.package_identification:_identify(wheels) by extensions ['colcon_pkg']
[1.297s] Level 1:colcon.colcon_core.package_identification:_identify(wheels) by extension 'colcon_pkg'
[1.297s] Level 1:colcon.colcon_core.package_identification:_identify(wheels) by extensions ['colcon_meta']
[1.297s] Level 1:colcon.colcon_core.package_identification:_identify(wheels) by extension 'colcon_meta'
[1.297s] Level 1:colcon.colcon_core.package_identification:_identify(wheels) by extensions ['ros']
[1.297s] Level 1:colcon.colcon_core.package_identification:_identify(wheels) by extension 'ros'
[1.300s] DEBUG:colcon.colcon_core.package_identification:Package 'wheels' with type 'ros.ament_python' and name 'wheels'
[1.300s] Level 1:colcon.colcon_core.package_discovery:discover_packages(recursive) using defaults
[1.300s] Level 1:colcon.colcon_core.package_discovery:discover_packages(ignore) discover
[1.300s] Level 1:colcon.colcon_core.package_discovery:discover_packages(ignore) using defaults
[1.301s] Level 1:colcon.colcon_core.package_discovery:discover_packages(path) discover
[1.301s] Level 1:colcon.colcon_core.package_discovery:discover_packages(path) using defaults
[1.379s] Level 1:colcon.colcon_core.package_discovery:discover_packages(prefix_path) check parameters
[1.379s] Level 1:colcon.colcon_core.package_discovery:discover_packages(prefix_path) discover
[1.389s] DEBUG:colcon.colcon_installed_package_information.package_discovery:Found 4 installed packages in /home/ubuntu/ros2_ws/src/install
[1.400s] DEBUG:colcon.colcon_installed_package_information.package_discovery:Found 327 installed packages in /opt/ros/humble
[1.447s] Level 1:colcon.colcon_core.package_discovery:discover_packages(prefix_path) using defaults
[1.623s] Level 5:colcon.colcon_core.verb:set package 'camera_drive' build argument 'cmake_args' from command line to 'None'
[1.624s] Level 5:colcon.colcon_core.verb:set package 'camera_drive' build argument 'cmake_target' from command line to 'None'
[1.624s] Level 5:colcon.colcon_core.verb:set package 'camera_drive' build argument 'cmake_target_skip_unavailable' from command line to 'False'
[1.624s] Level 5:colcon.colcon_core.verb:set package 'camera_drive' build argument 'cmake_clean_cache' from command line to 'False'
[1.624s] Level 5:colcon.colcon_core.verb:set package 'camera_drive' build argument 'cmake_clean_first' from command line to 'False'
[1.624s] Level 5:colcon.colcon_core.verb:set package 'camera_drive' build argument 'cmake_force_configure' from command line to 'False'
[1.624s] Level 5:colcon.colcon_core.verb:set package 'camera_drive' build argument 'ament_cmake_args' from command line to 'None'
[1.624s] Level 5:colcon.colcon_core.verb:set package 'camera_drive' build argument 'catkin_cmake_args' from command line to 'None'
[1.625s] Level 5:colcon.colcon_core.verb:set package 'camera_drive' build argument 'catkin_skip_building_tests' from command line to 'False'
[1.625s] DEBUG:colcon.colcon_core.verb:Building package 'camera_drive' with the following arguments: {'ament_cmake_args': None, 'build_base': '/home/ubuntu/ros2_ws/src/build/camera_drive', 'catkin_cmake_args': None, 'catkin_skip_building_tests': False, 'cmake_args': None, 'cmake_clean_cache': False, 'cmake_clean_first': False, 'cmake_force_configure': False, 'cmake_target': None, 'cmake_target_skip_unavailable': False, 'install_base': '/home/ubuntu/ros2_ws/src/install/camera_drive', 'merge_install': False, 'path': '/home/ubuntu/ros2_ws/src/camera_drive', 'symlink_install': False, 'test_result_base': None}
[1.626s] Level 5:colcon.colcon_core.verb:set package 'tb_04' build argument 'cmake_args' from command line to 'None'
[1.626s] Level 5:colcon.colcon_core.verb:set package 'tb_04' build argument 'cmake_target' from command line to 'None'
[1.626s] Level 5:colcon.colcon_core.verb:set package 'tb_04' build argument 'cmake_target_skip_unavailable' from command line to 'False'
[1.627s] Level 5:colcon.colcon_core.verb:set package 'tb_04' build argument 'cmake_clean_cache' from command line to 'False'
[1.627s] Level 5:colcon.colcon_core.verb:set package 'tb_04' build argument 'cmake_clean_first' from command line to 'False'
[1.627s] Level 5:colcon.colcon_core.verb:set package 'tb_04' build argument 'cmake_force_configure' from command line to 'False'
[1.627s] Level 5:colcon.colcon_core.verb:set package 'tb_04' build argument 'ament_cmake_args' from command line to 'None'
[1.627s] Level 5:colcon.colcon_core.verb:set package 'tb_04' build argument 'catkin_cmake_args' from command line to 'None'
[1.627s] Level 5:colcon.colcon_core.verb:set package 'tb_04' build argument 'catkin_skip_building_tests' from command line to 'False'
[1.627s] DEBUG:colcon.colcon_core.verb:Building package 'tb_04' with the following arguments: {'ament_cmake_args': None, 'build_base': '/home/ubuntu/ros2_ws/src/build/tb_04', 'catkin_cmake_args': None, 'catkin_skip_building_tests': False, 'cmake_args': None, 'cmake_clean_cache': False, 'cmake_clean_first': False, 'cmake_force_configure': False, 'cmake_target': None, 'cmake_target_skip_unavailable': False, 'install_base': '/home/ubuntu/ros2_ws/src/install/tb_04', 'merge_install': False, 'path': '/home/ubuntu/ros2_ws/src/tb_04', 'symlink_install': False, 'test_result_base': None}
[1.628s] Level 5:colcon.colcon_core.verb:set package 'wheels' build argument 'cmake_args' from command line to 'None'
[1.629s] Level 5:colcon.colcon_core.verb:set package 'wheels' build argument 'cmake_target' from command line to 'None'
[1.629s] Level 5:colcon.colcon_core.verb:set package 'wheels' build argument 'cmake_target_skip_unavailable' from command line to 'False'
[1.629s] Level 5:colcon.colcon_core.verb:set package 'wheels' build argument 'cmake_clean_cache' from command line to 'False'
[1.629s] Level 5:colcon.colcon_core.verb:set package 'wheels' build argument 'cmake_clean_first' from command line to 'False'
[1.629s] Level 5:colcon.colcon_core.verb:set package 'wheels' build argument 'cmake_force_configure' from command line to 'False'
[1.629s] Level 5:colcon.colcon_core.verb:set package 'wheels' build argument 'ament_cmake_args' from command line to 'None'
[1.629s] Level 5:colcon.colcon_core.verb:set package 'wheels' build argument 'catkin_cmake_args' from command line to 'None'
[1.629s] Level 5:colcon.colcon_core.verb:set package 'wheels' build argument 'catkin_skip_building_tests' from command line to 'False'
[1.630s] DEBUG:colcon.colcon_core.verb:Building package 'wheels' with the following arguments: {'ament_cmake_args': None, 'build_base': '/home/ubuntu/ros2_ws/src/build/wheels', 'catkin_cmake_args': None, 'catkin_skip_building_tests': False, 'cmake_args': None, 'cmake_clean_cache': False, 'cmake_clean_first': False, 'cmake_force_configure': False, 'cmake_target': None, 'cmake_target_skip_unavailable': False, 'install_base': '/home/ubuntu/ros2_ws/src/install/wheels', 'merge_install': False, 'path': '/home/ubuntu/ros2_ws/src/wheels', 'symlink_install': False, 'test_result_base': None}
[1.630s] INFO:colcon.colcon_core.executor:Executing jobs using 'parallel' executor
[1.633s] DEBUG:colcon.colcon_parallel_executor.executor.parallel:run_until_complete
[1.635s] INFO:colcon.colcon_ros.task.ament_python.build:Building ROS package in '/home/ubuntu/ros2_ws/src/camera_drive' with build type 'ament_python'
[1.635s] Level 1:colcon.colcon_core.shell:create_environment_hook('camera_drive', 'ament_prefix_path')
[1.645s] INFO:colcon.colcon_core.plugin_system:Skipping extension 'colcon_core.shell.bat': Not used on non-Windows systems
[1.645s] INFO:colcon.colcon_core.shell:Creating environment hook '/home/ubuntu/ros2_ws/src/install/camera_drive/share/camera_drive/hook/ament_prefix_path.ps1'
[1.648s] INFO:colcon.colcon_core.shell:Creating environment descriptor '/home/ubuntu/ros2_ws/src/install/camera_drive/share/camera_drive/hook/ament_prefix_path.dsv'
[1.651s] INFO:colcon.colcon_core.shell:Creating environment hook '/home/ubuntu/ros2_ws/src/install/camera_drive/share/camera_drive/hook/ament_prefix_path.sh'
[1.654s] INFO:colcon.colcon_core.shell:Skip shell extension 'powershell' for command environment: Not usable outside of PowerShell
[1.655s] DEBUG:colcon.colcon_core.shell:Skip shell extension 'dsv' for command environment
[1.674s] INFO:colcon.colcon_ros.task.ament_python.build:Building ROS package in '/home/ubuntu/ros2_ws/src/tb_04' with build type 'ament_python'
[1.675s] Level 1:colcon.colcon_core.shell:create_environment_hook('tb_04', 'ament_prefix_path')
[1.676s] INFO:colcon.colcon_core.shell:Creating environment hook '/home/ubuntu/ros2_ws/src/install/tb_04/share/tb_04/hook/ament_prefix_path.ps1'
[1.679s] INFO:colcon.colcon_core.shell:Creating environment descriptor '/home/ubuntu/ros2_ws/src/install/tb_04/share/tb_04/hook/ament_prefix_path.dsv'
[1.680s] INFO:colcon.colcon_core.shell:Creating environment hook '/home/ubuntu/ros2_ws/src/install/tb_04/share/tb_04/hook/ament_prefix_path.sh'
[1.684s] INFO:colcon.colcon_core.shell:Skip shell extension 'powershell' for command environment: Not usable outside of PowerShell
[1.684s] DEBUG:colcon.colcon_core.shell:Skip shell extension 'dsv' for command environment
[1.704s] INFO:colcon.colcon_ros.task.ament_python.build:Building ROS package in '/home/ubuntu/ros2_ws/src/wheels' with build type 'ament_python'
[1.705s] Level 1:colcon.colcon_core.shell:create_environment_hook('wheels', 'ament_prefix_path')
[1.707s] INFO:colcon.colcon_core.shell:Creating environment hook '/home/ubuntu/ros2_ws/src/install/wheels/share/wheels/hook/ament_prefix_path.ps1'
[1.709s] INFO:colcon.colcon_core.shell:Creating environment descriptor '/home/ubuntu/ros2_ws/src/install/wheels/share/wheels/hook/ament_prefix_path.dsv'
[1.711s] INFO:colcon.colcon_core.shell:Creating environment hook '/home/ubuntu/ros2_ws/src/install/wheels/share/wheels/hook/ament_prefix_path.sh'
[1.714s] INFO:colcon.colcon_core.shell:Skip shell extension 'powershell' for command environment: Not usable outside of PowerShell
[1.715s] DEBUG:colcon.colcon_core.shell:Skip shell extension 'dsv' for command environment
[2.892s] INFO:colcon.colcon_core.task.python.build:Building Python package in '/home/ubuntu/ros2_ws/src/camera_drive'
[2.893s] INFO:colcon.colcon_core.shell:Skip shell extension 'powershell' for command environment: Not usable outside of PowerShell
[2.893s] DEBUG:colcon.colcon_core.shell:Skip shell extension 'dsv' for command environment
[4.042s] INFO:colcon.colcon_core.task.python.build:Building Python package in '/home/ubuntu/ros2_ws/src/tb_04'
[4.043s] INFO:colcon.colcon_core.shell:Skip shell extension 'powershell' for command environment: Not usable outside of PowerShell
[4.043s] DEBUG:colcon.colcon_core.shell:Skip shell extension 'dsv' for command environment
[5.226s] INFO:colcon.colcon_core.task.python.build:Building Python package in '/home/ubuntu/ros2_ws/src/wheels'
[5.227s] INFO:colcon.colcon_core.shell:Skip shell extension 'powershell' for command environment: Not usable outside of PowerShell
[5.227s] DEBUG:colcon.colcon_core.shell:Skip shell extension 'dsv' for command environment
[7.316s] DEBUG:colcon.colcon_core.event_handler.log_command:Invoking command in '/home/ubuntu/ros2_ws/src/wheels': PYTHONPATH=/home/ubuntu/ros2_ws/src/build/wheels/prefix_override:/usr/lib/python3/dist-packages/colcon_core/task/python/colcon_distutils_commands:/home/ubuntu/ros2_ws/src/install/wheels/lib/python3.10/site-packages:${PYTHONPATH} /usr/bin/python3 -W ignore:setup.py install is deprecated -W ignore:easy_install command is deprecated setup.py egg_info --egg-base ../build/wheels build --build-base /home/ubuntu/ros2_ws/src/build/wheels/build install --record /home/ubuntu/ros2_ws/src/build/wheels/install.log --single-version-externally-managed install_data
[7.360s] DEBUG:colcon.colcon_core.event_handler.log_command:Invoking command in '/home/ubuntu/ros2_ws/src/camera_drive': PYTHONPATH=/home/ubuntu/ros2_ws/src/build/camera_drive/prefix_override:/usr/lib/python3/dist-packages/colcon_core/task/python/colcon_distutils_commands:/home/ubuntu/ros2_ws/src/install/camera_drive/lib/python3.10/site-packages:${PYTHONPATH} /usr/bin/python3 -W ignore:setup.py install is deprecated -W ignore:easy_install command is deprecated setup.py egg_info --egg-base ../build/camera_drive build --build-base /home/ubuntu/ros2_ws/src/build/camera_drive/build install --record /home/ubuntu/ros2_ws/src/build/camera_drive/install.log --single-version-externally-managed install_data
[7.387s] DEBUG:colcon.colcon_core.event_handler.log_command:Invoking command in '/home/ubuntu/ros2_ws/src/tb_04': PYTHONPATH=/home/ubuntu/ros2_ws/src/build/tb_04/prefix_override:/usr/lib/python3/dist-packages/colcon_core/task/python/colcon_distutils_commands:/home/ubuntu/ros2_ws/src/install/tb_04/lib/python3.10/site-packages:${PYTHONPATH} /usr/bin/python3 -W ignore:setup.py install is deprecated -W ignore:easy_install command is deprecated setup.py egg_info --egg-base ../build/tb_04 build --build-base /home/ubuntu/ros2_ws/src/build/tb_04/build install --record /home/ubuntu/ros2_ws/src/build/tb_04/install.log --single-version-externally-managed install_data
[9.028s] DEBUG:colcon.colcon_core.event_handler.log_command:Invoked command in '/home/ubuntu/ros2_ws/src/camera_drive' returned '0': PYTHONPATH=/home/ubuntu/ros2_ws/src/build/camera_drive/prefix_override:/usr/lib/python3/dist-packages/colcon_core/task/python/colcon_distutils_commands:/home/ubuntu/ros2_ws/src/install/camera_drive/lib/python3.10/site-packages:${PYTHONPATH} /usr/bin/python3 -W ignore:setup.py install is deprecated -W ignore:easy_install command is deprecated setup.py egg_info --egg-base ../build/camera_drive build --build-base /home/ubuntu/ros2_ws/src/build/camera_drive/build install --record /home/ubuntu/ros2_ws/src/build/camera_drive/install.log --single-version-externally-managed install_data
[9.053s] Level 1:colcon.colcon_core.environment:checking '/home/ubuntu/ros2_ws/src/install/camera_drive' for CMake module files
[9.059s] Level 1:colcon.colcon_core.environment:checking '/home/ubuntu/ros2_ws/src/install/camera_drive' for CMake config files
[9.069s] Level 1:colcon.colcon_core.environment:checking '/home/ubuntu/ros2_ws/src/install/camera_drive/lib'
[9.073s] Level 1:colcon.colcon_core.environment:checking '/home/ubuntu/ros2_ws/src/install/camera_drive/bin'
[9.074s] Level 1:colcon.colcon_core.environment:checking '/home/ubuntu/ros2_ws/src/install/camera_drive/lib/pkgconfig/camera_drive.pc'
[9.076s] Level 1:colcon.colcon_core.environment:checking '/home/ubuntu/ros2_ws/src/install/camera_drive/lib/python3.10/site-packages'
[9.077s] Level 1:colcon.colcon_core.shell:create_environment_hook('camera_drive', 'pythonpath')
[9.078s] INFO:colcon.colcon_core.shell:Creating environment hook '/home/ubuntu/ros2_ws/src/install/camera_drive/share/camera_drive/hook/pythonpath.ps1'
[9.082s] INFO:colcon.colcon_core.shell:Creating environment descriptor '/home/ubuntu/ros2_ws/src/install/camera_drive/share/camera_drive/hook/pythonpath.dsv'
[9.085s] INFO:colcon.colcon_core.shell:Creating environment hook '/home/ubuntu/ros2_ws/src/install/camera_drive/share/camera_drive/hook/pythonpath.sh'
[9.091s] Level 1:colcon.colcon_core.environment:checking '/home/ubuntu/ros2_ws/src/install/camera_drive/bin'
[9.092s] Level 1:colcon.colcon_core.environment:create_environment_scripts_only(camera_drive)
[9.094s] INFO:colcon.colcon_core.shell:Creating package script '/home/ubuntu/ros2_ws/src/install/camera_drive/share/camera_drive/package.ps1'
[9.100s] INFO:colcon.colcon_core.shell:Creating package descriptor '/home/ubuntu/ros2_ws/src/install/camera_drive/share/camera_drive/package.dsv'
[9.105s] INFO:colcon.colcon_core.shell:Creating package script '/home/ubuntu/ros2_ws/src/install/camera_drive/share/camera_drive/package.sh'
[9.110s] INFO:colcon.colcon_core.shell:Creating package script '/home/ubuntu/ros2_ws/src/install/camera_drive/share/camera_drive/package.bash'
[9.116s] INFO:colcon.colcon_core.shell:Creating package script '/home/ubuntu/ros2_ws/src/install/camera_drive/share/camera_drive/package.zsh'
[9.121s] Level 1:colcon.colcon_core.environment:create_file_with_runtime_dependencies(/home/ubuntu/ros2_ws/src/install/camera_drive/share/colcon-core/packages/camera_drive)
[9.130s] Level 1:colcon.colcon_core.environment:checking '/home/ubuntu/ros2_ws/src/install/wheels' for CMake module files
[9.134s] DEBUG:colcon.colcon_core.event_handler.log_command:Invoked command in '/home/ubuntu/ros2_ws/src/wheels' returned '0': PYTHONPATH=/home/ubuntu/ros2_ws/src/build/wheels/prefix_override:/usr/lib/python3/dist-packages/colcon_core/task/python/colcon_distutils_commands:/home/ubuntu/ros2_ws/src/install/wheels/lib/python3.10/site-packages:${PYTHONPATH} /usr/bin/python3 -W ignore:setup.py install is deprecated -W ignore:easy_install command is deprecated setup.py egg_info --egg-base ../build/wheels build --build-base /home/ubuntu/ros2_ws/src/build/wheels/build install --record /home/ubuntu/ros2_ws/src/build/wheels/install.log --single-version-externally-managed install_data
[9.137s] Level 1:colcon.colcon_core.environment:checking '/home/ubuntu/ros2_ws/src/install/wheels' for CMake config files
[9.143s] Level 1:colcon.colcon_core.environment:checking '/home/ubuntu/ros2_ws/src/install/wheels/lib'
[9.144s] Level 1:colcon.colcon_core.environment:checking '/home/ubuntu/ros2_ws/src/install/wheels/bin'
[9.145s] Level 1:colcon.colcon_core.environment:checking '/home/ubuntu/ros2_ws/src/install/wheels/lib/pkgconfig/wheels.pc'
[9.147s] Level 1:colcon.colcon_core.environment:checking '/home/ubuntu/ros2_ws/src/install/wheels/lib/python3.10/site-packages'
[9.148s] Level 1:colcon.colcon_core.shell:create_environment_hook('wheels', 'pythonpath')
[9.150s] INFO:colcon.colcon_core.shell:Creating environment hook '/home/ubuntu/ros2_ws/src/install/wheels/share/wheels/hook/pythonpath.ps1'
[9.153s] INFO:colcon.colcon_core.shell:Creating environment descriptor '/home/ubuntu/ros2_ws/src/install/wheels/share/wheels/hook/pythonpath.dsv'
[9.156s] INFO:colcon.colcon_core.shell:Creating environment hook '/home/ubuntu/ros2_ws/src/install/wheels/share/wheels/hook/pythonpath.sh'
[9.160s] Level 1:colcon.colcon_core.environment:checking '/home/ubuntu/ros2_ws/src/install/wheels/bin'
[9.161s] Level 1:colcon.colcon_core.environment:create_environment_scripts_only(wheels)
[9.163s] INFO:colcon.colcon_core.shell:Creating package script '/home/ubuntu/ros2_ws/src/install/wheels/share/wheels/package.ps1'
[9.167s] INFO:colcon.colcon_core.shell:Creating package descriptor '/home/ubuntu/ros2_ws/src/install/wheels/share/wheels/package.dsv'
[9.172s] INFO:colcon.colcon_core.shell:Creating package script '/home/ubuntu/ros2_ws/src/install/wheels/share/wheels/package.sh'
[9.175s] INFO:colcon.colcon_core.shell:Creating package script '/home/ubuntu/ros2_ws/src/install/wheels/share/wheels/package.bash'
[9.178s] INFO:colcon.colcon_core.shell:Creating package script '/home/ubuntu/ros2_ws/src/install/wheels/share/wheels/package.zsh'
[9.181s] Level 1:colcon.colcon_core.environment:create_file_with_runtime_dependencies(/home/ubuntu/ros2_ws/src/install/wheels/share/colcon-core/packages/wheels)
[9.185s] Level 1:colcon.colcon_core.environment:checking '/home/ubuntu/ros2_ws/src/install/tb_04' for CMake module files
[9.188s] DEBUG:colcon.colcon_core.event_handler.log_command:Invoked command in '/home/ubuntu/ros2_ws/src/tb_04' returned '0': PYTHONPATH=/home/ubuntu/ros2_ws/src/build/tb_04/prefix_override:/usr/lib/python3/dist-packages/colcon_core/task/python/colcon_distutils_commands:/home/ubuntu/ros2_ws/src/install/tb_04/lib/python3.10/site-packages:${PYTHONPATH} /usr/bin/python3 -W ignore:setup.py install is deprecated -W ignore:easy_install command is deprecated setup.py egg_info --egg-base ../build/tb_04 build --build-base /home/ubuntu/ros2_ws/src/build/tb_04/build install --record /home/ubuntu/ros2_ws/src/build/tb_04/install.log --single-version-externally-managed install_data
[9.189s] Level 1:colcon.colcon_core.environment:checking '/home/ubuntu/ros2_ws/src/install/tb_04' for CMake config files
[9.194s] Level 1:colcon.colcon_core.environment:checking '/home/ubuntu/ros2_ws/src/install/tb_04/lib'
[9.195s] Level 1:colcon.colcon_core.environment:checking '/home/ubuntu/ros2_ws/src/install/tb_04/bin'
[9.196s] Level 1:colcon.colcon_core.environment:checking '/home/ubuntu/ros2_ws/src/install/tb_04/lib/pkgconfig/tb_04.pc'
[9.197s] Level 1:colcon.colcon_core.environment:checking '/home/ubuntu/ros2_ws/src/install/tb_04/lib/python3.10/site-packages'
[9.197s] Level 1:colcon.colcon_core.shell:create_environment_hook('tb_04', 'pythonpath')
[9.198s] INFO:colcon.colcon_core.shell:Creating environment hook '/home/ubuntu/ros2_ws/src/install/tb_04/share/tb_04/hook/pythonpath.ps1'
[9.201s] INFO:colcon.colcon_core.shell:Creating environment descriptor '/home/ubuntu/ros2_ws/src/install/tb_04/share/tb_04/hook/pythonpath.dsv'
[9.203s] INFO:colcon.colcon_core.shell:Creating environment hook '/home/ubuntu/ros2_ws/src/install/tb_04/share/tb_04/hook/pythonpath.sh'
[9.206s] Level 1:colcon.colcon_core.environment:checking '/home/ubuntu/ros2_ws/src/install/tb_04/bin'
[9.206s] Level 1:colcon.colcon_core.environment:create_environment_scripts_only(tb_04)
[9.207s] INFO:colcon.colcon_core.shell:Creating package script '/home/ubuntu/ros2_ws/src/install/tb_04/share/tb_04/package.ps1'
[9.210s] INFO:colcon.colcon_core.shell:Creating package descriptor '/home/ubuntu/ros2_ws/src/install/tb_04/share/tb_04/package.dsv'
[9.212s] INFO:colcon.colcon_core.shell:Creating package script '/home/ubuntu/ros2_ws/src/install/tb_04/share/tb_04/package.sh'
[9.214s] INFO:colcon.colcon_core.shell:Creating package script '/home/ubuntu/ros2_ws/src/install/tb_04/share/tb_04/package.bash'
[9.216s] INFO:colcon.colcon_core.shell:Creating package script '/home/ubuntu/ros2_ws/src/install/tb_04/share/tb_04/package.zsh'
[9.217s] Level 1:colcon.colcon_core.environment:create_file_with_runtime_dependencies(/home/ubuntu/ros2_ws/src/install/tb_04/share/colcon-core/packages/tb_04)
[9.219s] DEBUG:colcon.colcon_parallel_executor.executor.parallel:closing loop
[9.220s] DEBUG:colcon.colcon_parallel_executor.executor.parallel:loop closed
[9.220s] DEBUG:colcon.colcon_parallel_executor.executor.parallel:run_until_complete finished with '0'
[9.220s] DEBUG:colcon.colcon_core.event_reactor:joining thread
[9.243s] INFO:colcon.colcon_core.plugin_system:Skipping extension 'colcon_notification.desktop_notification.notify_send': Could not find 'notify-send'
[9.244s] INFO:colcon.colcon_core.plugin_system:Skipping extension 'colcon_notification.desktop_notification.terminal_notifier': Not used on non-Darwin systems
[9.244s] INFO:colcon.colcon_core.plugin_system:Skipping extension 'colcon_notification.desktop_notification.win32': Not used on non-Windows systems
[9.244s] INFO:colcon.colcon_notification.desktop_notification:Sending desktop notification using 'notify2'
[9.247s] DEBUG:colcon.colcon_notification.desktop_notification.notify2:Failed to initialize notify2: org.freedesktop.DBus.Error.ServiceUnknown: The name org.freedesktop.Notifications was not provided by any .service files
[9.247s] DEBUG:colcon.colcon_core.event_reactor:joined thread
[9.248s] INFO:colcon.colcon_core.shell:Creating prefix script '/home/ubuntu/ros2_ws/src/install/local_setup.ps1'
[9.252s] INFO:colcon.colcon_core.shell:Creating prefix util module '/home/ubuntu/ros2_ws/src/install/_local_setup_util_ps1.py'
[9.257s] INFO:colcon.colcon_core.shell:Creating prefix chain script '/home/ubuntu/ros2_ws/src/install/setup.ps1'
[9.263s] INFO:colcon.colcon_core.shell:Creating prefix script '/home/ubuntu/ros2_ws/src/install/local_setup.sh'
[9.267s] INFO:colcon.colcon_core.shell:Creating prefix util module '/home/ubuntu/ros2_ws/src/install/_local_setup_util_sh.py'
[9.270s] INFO:colcon.colcon_core.shell:Creating prefix chain script '/home/ubuntu/ros2_ws/src/install/setup.sh'
[9.275s] INFO:colcon.colcon_core.shell:Creating prefix script '/home/ubuntu/ros2_ws/src/install/local_setup.bash'
[9.277s] INFO:colcon.colcon_core.shell:Creating prefix chain script '/home/ubuntu/ros2_ws/src/install/setup.bash'
[9.282s] INFO:colcon.colcon_core.shell:Creating prefix script '/home/ubuntu/ros2_ws/src/install/local_setup.zsh'
[9.285s] INFO:colcon.colcon_core.shell:Creating prefix chain script '/home/ubuntu/ros2_ws/src/install/setup.zsh'
