[9.977s] Invoking command in '/home/ubuntu/ros2_ws/src/wheels': PYTHONPATH=/home/ubuntu/ros2_ws/src/build/wheels/prefix_override:/usr/lib/python3/dist-packages/colcon_core/task/python/colcon_distutils_commands:/home/ubuntu/ros2_ws/src/install/wheels/lib/python3.10/site-packages:${PYTHONPATH} /usr/bin/python3 -W ignore:setup.py install is deprecated -W ignore:easy_install command is deprecated setup.py egg_info --egg-base ../build/wheels build --build-base /home/ubuntu/ros2_ws/src/build/wheels/build install --record /home/ubuntu/ros2_ws/src/build/wheels/install.log --single-version-externally-managed install_data
[12.633s] running egg_info
[12.644s] writing ../build/wheels/wheels.egg-info/PKG-INFO
[12.645s] writing dependency_links to ../build/wheels/wheels.egg-info/dependency_links.txt
[12.650s] writing entry points to ../build/wheels/wheels.egg-info/entry_points.txt
[12.652s] writing requirements to ../build/wheels/wheels.egg-info/requires.txt
[12.656s] writing top-level names to ../build/wheels/wheels.egg-info/top_level.txt
[12.683s] reading manifest file '../build/wheels/wheels.egg-info/SOURCES.txt'
[12.688s] writing manifest file '../build/wheels/wheels.egg-info/SOURCES.txt'
[12.692s] running build
[12.693s] running build_py
[12.695s] copying wheels/wheel_control.py -> /home/ubuntu/ros2_ws/src/build/wheels/build/lib/wheels
[12.697s] running install
[12.699s] running install_lib
[12.703s] copying /home/ubuntu/ros2_ws/src/build/wheels/build/lib/wheels/wheel_control.py -> /home/ubuntu/ros2_ws/src/install/wheels/lib/python3.10/site-packages/wheels
[12.707s] byte-compiling /home/ubuntu/ros2_ws/src/install/wheels/lib/python3.10/site-packages/wheels/wheel_control.py to wheel_control.cpython-310.pyc
[12.713s] running install_data
[12.717s] running install_egg_info
[12.735s] removing '/home/ubuntu/ros2_ws/src/install/wheels/lib/python3.10/site-packages/wheels-0.0.0-py3.10.egg-info' (and everything under it)
[12.738s] Copying ../build/wheels/wheels.egg-info to /home/ubuntu/ros2_ws/src/install/wheels/lib/python3.10/site-packages/wheels-0.0.0-py3.10.egg-info
[12.766s] running install_scripts
[13.043s] Installing wheels script to /home/ubuntu/ros2_ws/src/install/wheels/lib/wheels
[13.046s] writing list of installed files to '/home/ubuntu/ros2_ws/src/build/wheels/install.log'
[13.315s] Invoked command in '/home/ubuntu/ros2_ws/src/wheels' returned '0': PYTHONPATH=/home/ubuntu/ros2_ws/src/build/wheels/prefix_override:/usr/lib/python3/dist-packages/colcon_core/task/python/colcon_distutils_commands:/home/ubuntu/ros2_ws/src/install/wheels/lib/python3.10/site-packages:${PYTHONPATH} /usr/bin/python3 -W ignore:setup.py install is deprecated -W ignore:easy_install command is deprecated setup.py egg_info --egg-base ../build/wheels build --build-base /home/ubuntu/ros2_ws/src/build/wheels/build install --record /home/ubuntu/ros2_ws/src/build/wheels/install.log --single-version-externally-managed install_data
