[14.224s] Invoking command in '/home/ubuntu/ros2_ws/src/tb_04': PYTHONPATH=/home/ubuntu/ros2_ws/src/build/tb_04/prefix_override:/usr/lib/python3/dist-packages/colcon_core/task/python/colcon_distutils_commands:/home/ubuntu/ros2_ws/src/install/tb_04/lib/python3.10/site-packages:${PYTHONPATH} /usr/bin/python3 -W ignore:setup.py install is deprecated -W ignore:easy_install command is deprecated setup.py egg_info --egg-base ../build/tb_04 build --build-base /home/ubuntu/ros2_ws/src/build/tb_04/build install --record /home/ubuntu/ros2_ws/src/build/tb_04/install.log --single-version-externally-managed install_data
[16.644s] running egg_info
[16.648s] writing ../build/tb_04/tb_04.egg-info/PKG-INFO
[16.650s] writing dependency_links to ../build/tb_04/tb_04.egg-info/dependency_links.txt
[16.653s] writing entry points to ../build/tb_04/tb_04.egg-info/entry_points.txt
[16.654s] writing requirements to ../build/tb_04/tb_04.egg-info/requires.txt
[16.655s] writing top-level names to ../build/tb_04/tb_04.egg-info/top_level.txt
[16.668s] reading manifest file '../build/tb_04/tb_04.egg-info/SOURCES.txt'
[16.674s] writing manifest file '../build/tb_04/tb_04.egg-info/SOURCES.txt'
[16.675s] running build
[16.676s] running build_py
[16.677s] copying tb_04/camera_drive.py -> /home/ubuntu/ros2_ws/src/build/tb_04/build/lib/tb_04
[16.680s] running install
[16.681s] running install_lib
[16.689s] copying /home/ubuntu/ros2_ws/src/build/tb_04/build/lib/tb_04/camera_drive.py -> /home/ubuntu/ros2_ws/src/install/tb_04/lib/python3.10/site-packages/tb_04
[16.695s] byte-compiling /home/ubuntu/ros2_ws/src/install/tb_04/lib/python3.10/site-packages/tb_04/camera_drive.py to camera_drive.cpython-310.pyc
[16.699s] running install_data
[16.700s] running install_egg_info
[16.715s] removing '/home/ubuntu/ros2_ws/src/install/tb_04/lib/python3.10/site-packages/tb_04-0.0.0-py3.10.egg-info' (and everything under it)
[16.720s] Copying ../build/tb_04/tb_04.egg-info to /home/ubuntu/ros2_ws/src/install/tb_04/lib/python3.10/site-packages/tb_04-0.0.0-py3.10.egg-info
[16.730s] running install_scripts
[16.883s] Installing camera script to /home/ubuntu/ros2_ws/src/install/tb_04/lib/tb_04
[16.885s] Installing drive script to /home/ubuntu/ros2_ws/src/install/tb_04/lib/tb_04
[16.888s] Installing wheels script to /home/ubuntu/ros2_ws/src/install/tb_04/lib/tb_04
[16.895s] writing list of installed files to '/home/ubuntu/ros2_ws/src/build/tb_04/install.log'
[17.122s] Invoked command in '/home/ubuntu/ros2_ws/src/tb_04' returned '0': PYTHONPATH=/home/ubuntu/ros2_ws/src/build/tb_04/prefix_override:/usr/lib/python3/dist-packages/colcon_core/task/python/colcon_distutils_commands:/home/ubuntu/ros2_ws/src/install/tb_04/lib/python3.10/site-packages:${PYTHONPATH} /usr/bin/python3 -W ignore:setup.py install is deprecated -W ignore:easy_install command is deprecated setup.py egg_info --egg-base ../build/tb_04 build --build-base /home/ubuntu/ros2_ws/src/build/tb_04/build install --record /home/ubuntu/ros2_ws/src/build/tb_04/install.log --single-version-externally-managed install_data
