[5.710s] Invoking command in '/home/ubuntu/ros2_ws/src/tb_04': PYTHONPATH=/home/ubuntu/ros2_ws/src/build/camera/prefix_override:/usr/lib/python3/dist-packages/colcon_core/task/python/colcon_distutils_commands:/home/ubuntu/ros2_ws/src/install/camera/lib/python3.10/site-packages:${PYTHONPATH} /usr/bin/python3 -W ignore:setup.py install is deprecated -W ignore:easy_install command is deprecated setup.py egg_info --egg-base ../build/camera build --build-base /home/ubuntu/ros2_ws/src/build/camera/build install --record /home/ubuntu/ros2_ws/src/build/camera/install.log --single-version-externally-managed install_data
[7.067s] running egg_info
[7.071s] writing ../build/camera/camera.egg-info/PKG-INFO
[7.078s] writing dependency_links to ../build/camera/camera.egg-info/dependency_links.txt
[7.079s] writing entry points to ../build/camera/camera.egg-info/entry_points.txt
[7.080s] writing requirements to ../build/camera/camera.egg-info/requires.txt
[7.080s] writing top-level names to ../build/camera/camera.egg-info/top_level.txt
[7.087s] reading manifest file '../build/camera/camera.egg-info/SOURCES.txt'
[7.091s] writing manifest file '../build/camera/camera.egg-info/SOURCES.txt'
[7.092s] running build
[7.093s] running build_py
[7.094s] copying camera/wheel_control.py -> /home/ubuntu/ros2_ws/src/build/camera/build/lib/camera
[7.095s] running install
[7.097s] running install_lib
[7.101s] copying /home/ubuntu/ros2_ws/src/build/camera/build/lib/camera/wheel_control.py -> /home/ubuntu/ros2_ws/src/install/camera/lib/python3.10/site-packages/camera
[7.106s] byte-compiling /home/ubuntu/ros2_ws/src/install/camera/lib/python3.10/site-packages/camera/wheel_control.py to wheel_control.cpython-310.pyc
[7.114s] running install_data
[7.115s] running install_egg_info
[7.129s] removing '/home/ubuntu/ros2_ws/src/install/camera/lib/python3.10/site-packages/camera-0.0.0-py3.10.egg-info' (and everything under it)
[7.135s] Copying ../build/camera/camera.egg-info to /home/ubuntu/ros2_ws/src/install/camera/lib/python3.10/site-packages/camera-0.0.0-py3.10.egg-info
[7.146s] running install_scripts
[7.299s] Installing camera script to /home/ubuntu/ros2_ws/src/install/camera/lib/tb_04
[7.301s] Installing wheels script to /home/ubuntu/ros2_ws/src/install/camera/lib/tb_04
[7.305s] writing list of installed files to '/home/ubuntu/ros2_ws/src/build/camera/install.log'
[7.473s] Invoked command in '/home/ubuntu/ros2_ws/src/tb_04' returned '0': PYTHONPATH=/home/ubuntu/ros2_ws/src/build/camera/prefix_override:/usr/lib/python3/dist-packages/colcon_core/task/python/colcon_distutils_commands:/home/ubuntu/ros2_ws/src/install/camera/lib/python3.10/site-packages:${PYTHONPATH} /usr/bin/python3 -W ignore:setup.py install is deprecated -W ignore:easy_install command is deprecated setup.py egg_info --egg-base ../build/camera build --build-base /home/ubuntu/ros2_ws/src/build/camera/build install --record /home/ubuntu/ros2_ws/src/build/camera/install.log --single-version-externally-managed install_data
