running egg_info
creating ../build/wheels/wheels.egg-info
writing ../build/wheels/wheels.egg-info/PKG-INFO
writing dependency_links to ../build/wheels/wheels.egg-info/dependency_links.txt
writing entry points to ../build/wheels/wheels.egg-info/entry_points.txt
writing requirements to ../build/wheels/wheels.egg-info/requires.txt
writing top-level names to ../build/wheels/wheels.egg-info/top_level.txt
writing manifest file '../build/wheels/wheels.egg-info/SOURCES.txt'
reading manifest file '../build/wheels/wheels.egg-info/SOURCES.txt'
writing manifest file '../build/wheels/wheels.egg-info/SOURCES.txt'
running build
running build_py
creating /home/ubuntu/ros2_ws/src/build/wheels/build
creating /home/ubuntu/ros2_ws/src/build/wheels/build/lib
creating /home/ubuntu/ros2_ws/src/build/wheels/build/lib/wheels
copying wheels/__init__.py -> /home/ubuntu/ros2_ws/src/build/wheels/build/lib/wheels
copying wheels/wheel_control.py -> /home/ubuntu/ros2_ws/src/build/wheels/build/lib/wheels
running install
running install_lib
creating /home/ubuntu/ros2_ws/src/install/wheels/lib/python3.10/site-packages/wheels
copying /home/ubuntu/ros2_ws/src/build/wheels/build/lib/wheels/__init__.py -> /home/ubuntu/ros2_ws/src/install/wheels/lib/python3.10/site-packages/wheels
copying /home/ubuntu/ros2_ws/src/build/wheels/build/lib/wheels/wheel_control.py -> /home/ubuntu/ros2_ws/src/install/wheels/lib/python3.10/site-packages/wheels
byte-compiling /home/ubuntu/ros2_ws/src/install/wheels/lib/python3.10/site-packages/wheels/__init__.py to __init__.cpython-310.pyc
byte-compiling /home/ubuntu/ros2_ws/src/install/wheels/lib/python3.10/site-packages/wheels/wheel_control.py to wheel_control.cpython-310.pyc
running install_data
creating /home/ubuntu/ros2_ws/src/install/wheels/share/ament_index
creating /home/ubuntu/ros2_ws/src/install/wheels/share/ament_index/resource_index
creating /home/ubuntu/ros2_ws/src/install/wheels/share/ament_index/resource_index/packages
copying resource/wheels -> /home/ubuntu/ros2_ws/src/install/wheels/share/ament_index/resource_index/packages
copying package.xml -> /home/ubuntu/ros2_ws/src/install/wheels/share/wheels
running install_egg_info
Copying ../build/wheels/wheels.egg-info to /home/ubuntu/ros2_ws/src/install/wheels/lib/python3.10/site-packages/wheels-0.0.0-py3.10.egg-info
running install_scripts
Installing wheels script to /home/ubuntu/ros2_ws/src/install/wheels/lib/wheels
writing list of installed files to '/home/ubuntu/ros2_ws/src/build/wheels/install.log'
