[7.245s] Invoking command in '/home/ubuntu/ros2_ws/src/tb_04': PYTHONPATH=/home/ubuntu/ros2_ws/src/build/tb_04/prefix_override:/usr/lib/python3/dist-packages/colcon_core/task/python/colcon_distutils_commands:/home/ubuntu/ros2_ws/src/install/tb_04/lib/python3.10/site-packages:${PYTHONPATH} /usr/bin/python3 -W ignore:setup.py install is deprecated -W ignore:easy_install command is deprecated setup.py egg_info --egg-base ../build/tb_04 build --build-base /home/ubuntu/ros2_ws/src/build/tb_04/build install --record /home/ubuntu/ros2_ws/src/build/tb_04/install.log --single-version-externally-managed install_data
[9.161s] running egg_info
[9.166s] writing ../build/tb_04/tb_04.egg-info/PKG-INFO
[9.168s] writing dependency_links to ../build/tb_04/tb_04.egg-info/dependency_links.txt
[9.171s] writing entry points to ../build/tb_04/tb_04.egg-info/entry_points.txt
[9.175s] writing requirements to ../build/tb_04/tb_04.egg-info/requires.txt
[9.176s] writing top-level names to ../build/tb_04/tb_04.egg-info/top_level.txt
[9.195s] reading manifest file '../build/tb_04/tb_04.egg-info/SOURCES.txt'
[9.203s] writing manifest file '../build/tb_04/tb_04.egg-info/SOURCES.txt'
[9.207s] running build
[9.209s] running build_py
[9.210s] copying tb_04/camera_drive.py -> /home/ubuntu/ros2_ws/src/build/tb_04/build/lib/tb_04
[9.212s] running install
[9.214s] running install_lib
[9.217s] copying /home/ubuntu/ros2_ws/src/build/tb_04/build/lib/tb_04/camera_drive.py -> /home/ubuntu/ros2_ws/src/install/tb_04/lib/python3.10/site-packages/tb_04
[9.221s] byte-compiling /home/ubuntu/ros2_ws/src/install/tb_04/lib/python3.10/site-packages/tb_04/camera_drive.py to camera_drive.cpython-310.pyc
[9.227s] running install_data
[9.228s] running install_egg_info
[9.237s] removing '/home/ubuntu/ros2_ws/src/install/tb_04/lib/python3.10/site-packages/tb_04-0.0.0-py3.10.egg-info' (and everything under it)
[9.245s] Copying ../build/tb_04/tb_04.egg-info to /home/ubuntu/ros2_ws/src/install/tb_04/lib/python3.10/site-packages/tb_04-0.0.0-py3.10.egg-info
[9.257s] running install_scripts
[9.445s] Installing camera script to /home/ubuntu/ros2_ws/src/install/tb_04/lib/tb_04
[9.446s] Installing drive script to /home/ubuntu/ros2_ws/src/install/tb_04/lib/tb_04
[9.457s] Installing wheels script to /home/ubuntu/ros2_ws/src/install/tb_04/lib/tb_04
[9.458s] writing list of installed files to '/home/ubuntu/ros2_ws/src/build/tb_04/install.log'
[9.713s] Invoked command in '/home/ubuntu/ros2_ws/src/tb_04' returned '0': PYTHONPATH=/home/ubuntu/ros2_ws/src/build/tb_04/prefix_override:/usr/lib/python3/dist-packages/colcon_core/task/python/colcon_distutils_commands:/home/ubuntu/ros2_ws/src/install/tb_04/lib/python3.10/site-packages:${PYTHONPATH} /usr/bin/python3 -W ignore:setup.py install is deprecated -W ignore:easy_install command is deprecated setup.py egg_info --egg-base ../build/tb_04 build --build-base /home/ubuntu/ros2_ws/src/build/tb_04/build install --record /home/ubuntu/ros2_ws/src/build/tb_04/install.log --single-version-externally-managed install_data
