[5.952s] Invoking command in '/home/ubuntu/ros2_ws/src/camera_drive': PYTHONPATH=/home/ubuntu/ros2_ws/src/build/camera_drive/prefix_override:/usr/lib/python3/dist-packages/colcon_core/task/python/colcon_distutils_commands:/home/ubuntu/ros2_ws/src/install/camera_drive/lib/python3.10/site-packages:${PYTHONPATH} /usr/bin/python3 -W ignore:setup.py install is deprecated -W ignore:easy_install command is deprecated setup.py egg_info --egg-base ../build/camera_drive build --build-base /home/ubuntu/ros2_ws/src/build/camera_drive/build install --record /home/ubuntu/ros2_ws/src/build/camera_drive/install.log --single-version-externally-managed install_data
[7.258s] running egg_info
[7.261s] writing ../build/camera_drive/camera_drive.egg-info/PKG-INFO
[7.264s] writing dependency_links to ../build/camera_drive/camera_drive.egg-info/dependency_links.txt
[7.265s] writing entry points to ../build/camera_drive/camera_drive.egg-info/entry_points.txt
[7.266s] writing requirements to ../build/camera_drive/camera_drive.egg-info/requires.txt
[7.272s] writing top-level names to ../build/camera_drive/camera_drive.egg-info/top_level.txt
[7.278s] reading manifest file '../build/camera_drive/camera_drive.egg-info/SOURCES.txt'
[7.283s] writing manifest file '../build/camera_drive/camera_drive.egg-info/SOURCES.txt'
[7.284s] running build
[7.285s] running build_py
[7.288s] running install
[7.290s] running install_lib
[7.299s] running install_data
[7.303s] running install_egg_info
[7.311s] removing '/home/ubuntu/ros2_ws/src/install/camera_drive/lib/python3.10/site-packages/camera_drive-0.0.0-py3.10.egg-info' (and everything under it)
[7.314s] Copying ../build/camera_drive/camera_drive.egg-info to /home/ubuntu/ros2_ws/src/install/camera_drive/lib/python3.10/site-packages/camera_drive-0.0.0-py3.10.egg-info
[7.323s] running install_scripts
[7.427s] Installing camera_dive script to /home/ubuntu/ros2_ws/src/install/camera_drive/lib/camera_drive
[7.431s] writing list of installed files to '/home/ubuntu/ros2_ws/src/build/camera_drive/install.log'
[7.674s] Invoked command in '/home/ubuntu/ros2_ws/src/camera_drive' returned '0': PYTHONPATH=/home/ubuntu/ros2_ws/src/build/camera_drive/prefix_override:/usr/lib/python3/dist-packages/colcon_core/task/python/colcon_distutils_commands:/home/ubuntu/ros2_ws/src/install/camera_drive/lib/python3.10/site-packages:${PYTHONPATH} /usr/bin/python3 -W ignore:setup.py install is deprecated -W ignore:easy_install command is deprecated setup.py egg_info --egg-base ../build/camera_drive build --build-base /home/ubuntu/ros2_ws/src/build/camera_drive/build install --record /home/ubuntu/ros2_ws/src/build/camera_drive/install.log --single-version-externally-managed install_data
