[5.475s] Invoking command in '/home/ubuntu/ros2_ws/src/camera': PYTHONPATH=/home/ubuntu/ros2_ws/src/build/camera/prefix_override:/usr/lib/python3/dist-packages/colcon_core/task/python/colcon_distutils_commands:/home/ubuntu/ros2_ws/src/install/camera/lib/python3.10/site-packages:${PYTHONPATH} /usr/bin/python3 -W ignore:setup.py install is deprecated -W ignore:easy_install command is deprecated setup.py egg_info --egg-base ../build/camera build --build-base /home/ubuntu/ros2_ws/src/build/camera/build install --record /home/ubuntu/ros2_ws/src/build/camera/install.log --single-version-externally-managed install_data
[7.009s] running egg_info
[7.014s] writing ../build/camera/camera.egg-info/PKG-INFO
[7.015s] writing dependency_links to ../build/camera/camera.egg-info/dependency_links.txt
[7.016s] writing entry points to ../build/camera/camera.egg-info/entry_points.txt
[7.017s] writing requirements to ../build/camera/camera.egg-info/requires.txt
[7.018s] writing top-level names to ../build/camera/camera.egg-info/top_level.txt
[7.029s] reading manifest file '../build/camera/camera.egg-info/SOURCES.txt'
[7.034s] writing manifest file '../build/camera/camera.egg-info/SOURCES.txt'
[7.035s] running build
[7.036s] running build_py
[7.037s] copying camera/camera.py -> /home/ubuntu/ros2_ws/src/build/camera/build/lib/camera
[7.039s] running install
[7.043s] running install_lib
[7.048s] copying /home/ubuntu/ros2_ws/src/build/camera/build/lib/camera/camera.py -> /home/ubuntu/ros2_ws/src/install/camera/lib/python3.10/site-packages/camera
[7.054s] byte-compiling /home/ubuntu/ros2_ws/src/install/camera/lib/python3.10/site-packages/camera/camera.py to camera.cpython-310.pyc
[7.061s] running install_data
[7.067s] running install_egg_info
[7.077s] removing '/home/ubuntu/ros2_ws/src/install/camera/lib/python3.10/site-packages/camera-0.0.0-py3.10.egg-info' (and everything under it)
[7.082s] Copying ../build/camera/camera.egg-info to /home/ubuntu/ros2_ws/src/install/camera/lib/python3.10/site-packages/camera-0.0.0-py3.10.egg-info
[7.095s] running install_scripts
[7.245s] Installing camera script to /home/ubuntu/ros2_ws/src/install/camera/lib/camera
[7.247s] writing list of installed files to '/home/ubuntu/ros2_ws/src/build/camera/install.log'
[7.443s] Invoked command in '/home/ubuntu/ros2_ws/src/camera' returned '0': PYTHONPATH=/home/ubuntu/ros2_ws/src/build/camera/prefix_override:/usr/lib/python3/dist-packages/colcon_core/task/python/colcon_distutils_commands:/home/ubuntu/ros2_ws/src/install/camera/lib/python3.10/site-packages:${PYTHONPATH} /usr/bin/python3 -W ignore:setup.py install is deprecated -W ignore:easy_install command is deprecated setup.py egg_info --egg-base ../build/camera build --build-base /home/ubuntu/ros2_ws/src/build/camera/build install --record /home/ubuntu/ros2_ws/src/build/camera/install.log --single-version-externally-managed install_data
