[5.513s] Invoking command in '/home/ubuntu/ros2_ws/src/tb_04': PYTHONPATH=/home/ubuntu/ros2_ws/src/build/tb_04/prefix_override:/usr/lib/python3/dist-packages/colcon_core/task/python/colcon_distutils_commands:/home/ubuntu/ros2_ws/src/install/tb_04/lib/python3.10/site-packages:${PYTHONPATH} /usr/bin/python3 -W ignore:setup.py install is deprecated -W ignore:easy_install command is deprecated setup.py egg_info --egg-base ../build/tb_04 build --build-base /home/ubuntu/ros2_ws/src/build/tb_04/build install --record /home/ubuntu/ros2_ws/src/build/tb_04/install.log --single-version-externally-managed install_data
[6.872s] running egg_info
[6.876s] writing ../build/tb_04/tb_04.egg-info/PKG-INFO
[6.877s] writing dependency_links to ../build/tb_04/tb_04.egg-info/dependency_links.txt
[6.878s] writing entry points to ../build/tb_04/tb_04.egg-info/entry_points.txt
[6.880s] writing requirements to ../build/tb_04/tb_04.egg-info/requires.txt
[6.881s] writing top-level names to ../build/tb_04/tb_04.egg-info/top_level.txt
[6.891s] reading manifest file '../build/tb_04/tb_04.egg-info/SOURCES.txt'
[6.896s] writing manifest file '../build/tb_04/tb_04.egg-info/SOURCES.txt'
[6.897s] running build
[6.898s] running build_py
[6.898s] copying tb_04/__init__.py -> /home/ubuntu/ros2_ws/src/build/tb_04/build/lib/tb_04
[6.899s] copying tb_04/camera_drive.py -> /home/ubuntu/ros2_ws/src/build/tb_04/build/lib/tb_04
[6.900s] copying tb_04/wheel_control.py -> /home/ubuntu/ros2_ws/src/build/tb_04/build/lib/tb_04
[6.902s] copying tb_04/camera.py -> /home/ubuntu/ros2_ws/src/build/tb_04/build/lib/tb_04
[6.906s] running install
[6.906s] running install_lib
[6.910s] copying /home/ubuntu/ros2_ws/src/build/tb_04/build/lib/tb_04/__init__.py -> /home/ubuntu/ros2_ws/src/install/tb_04/lib/python3.10/site-packages/tb_04
[6.911s] copying /home/ubuntu/ros2_ws/src/build/tb_04/build/lib/tb_04/camera_drive.py -> /home/ubuntu/ros2_ws/src/install/tb_04/lib/python3.10/site-packages/tb_04
[6.913s] copying /home/ubuntu/ros2_ws/src/build/tb_04/build/lib/tb_04/wheel_control.py -> /home/ubuntu/ros2_ws/src/install/tb_04/lib/python3.10/site-packages/tb_04
[6.914s] copying /home/ubuntu/ros2_ws/src/build/tb_04/build/lib/tb_04/camera.py -> /home/ubuntu/ros2_ws/src/install/tb_04/lib/python3.10/site-packages/tb_04
[6.917s] byte-compiling /home/ubuntu/ros2_ws/src/install/tb_04/lib/python3.10/site-packages/tb_04/camera_drive.py to camera_drive.cpython-310.pyc
[6.926s]   File "/home/ubuntu/ros2_ws/src/install/tb_04/lib/python3.10/site-packages/tb_04/camera_drive.py", line 145
[6.927s]     ~                    
[6.927s]                          ^
[6.930s] SyntaxError: invalid syntax
[6.931s] 
[6.932s] byte-compiling /home/ubuntu/ros2_ws/src/install/tb_04/lib/python3.10/site-packages/tb_04/wheel_control.py to wheel_control.cpython-310.pyc
[6.933s] running install_data
[6.934s] copying resource/tb_04 -> /home/ubuntu/ros2_ws/src/install/tb_04/share/ament_index/resource_index/packages
[6.935s] copying package.xml -> /home/ubuntu/ros2_ws/src/install/tb_04/share/tb_04
[6.935s] running install_egg_info
[6.943s] removing '/home/ubuntu/ros2_ws/src/install/tb_04/lib/python3.10/site-packages/tb_04-0.0.0-py3.10.egg-info' (and everything under it)
[6.945s] Copying ../build/tb_04/tb_04.egg-info to /home/ubuntu/ros2_ws/src/install/tb_04/lib/python3.10/site-packages/tb_04-0.0.0-py3.10.egg-info
[6.952s] running install_scripts
[7.060s] Installing camera script to /home/ubuntu/ros2_ws/src/install/tb_04/lib/tb_04
[7.062s] Installing drive script to /home/ubuntu/ros2_ws/src/install/tb_04/lib/tb_04
[7.064s] Installing wheels script to /home/ubuntu/ros2_ws/src/install/tb_04/lib/tb_04
[7.067s] writing list of installed files to '/home/ubuntu/ros2_ws/src/build/tb_04/install.log'
[7.297s] Invoked command in '/home/ubuntu/ros2_ws/src/tb_04' returned '0': PYTHONPATH=/home/ubuntu/ros2_ws/src/build/tb_04/prefix_override:/usr/lib/python3/dist-packages/colcon_core/task/python/colcon_distutils_commands:/home/ubuntu/ros2_ws/src/install/tb_04/lib/python3.10/site-packages:${PYTHONPATH} /usr/bin/python3 -W ignore:setup.py install is deprecated -W ignore:easy_install command is deprecated setup.py egg_info --egg-base ../build/tb_04 build --build-base /home/ubuntu/ros2_ws/src/build/tb_04/build install --record /home/ubuntu/ros2_ws/src/build/tb_04/install.log --single-version-externally-managed install_data
