[5.433s] Invoking command in '/home/ubuntu/ros2_ws/src/tb_04': PYTHONPATH=/home/ubuntu/ros2_ws/src/build/camera/prefix_override:/usr/lib/python3/dist-packages/colcon_core/task/python/colcon_distutils_commands:/home/ubuntu/ros2_ws/src/install/camera/lib/python3.10/site-packages:${PYTHONPATH} /usr/bin/python3 -W ignore:setup.py install is deprecated -W ignore:easy_install command is deprecated setup.py egg_info --egg-base ../build/camera build --build-base /home/ubuntu/ros2_ws/src/build/camera/build install --record /home/ubuntu/ros2_ws/src/build/camera/install.log --single-version-externally-managed install_data
[6.849s] running egg_info
[6.853s] writing ../build/camera/camera.egg-info/PKG-INFO
[6.855s] writing dependency_links to ../build/camera/camera.egg-info/dependency_links.txt
[6.856s] writing entry points to ../build/camera/camera.egg-info/entry_points.txt
[6.857s] writing requirements to ../build/camera/camera.egg-info/requires.txt
[6.858s] writing top-level names to ../build/camera/camera.egg-info/top_level.txt
[6.867s] reading manifest file '../build/camera/camera.egg-info/SOURCES.txt'
[6.871s] writing manifest file '../build/camera/camera.egg-info/SOURCES.txt'
[6.872s] running build
[6.873s] running build_py
[6.874s] creating /home/ubuntu/ros2_ws/src/build/camera/build/lib/tb_04
[6.875s] copying tb_04/__init__.py -> /home/ubuntu/ros2_ws/src/build/camera/build/lib/tb_04
[6.875s] copying tb_04/wheel_control.py -> /home/ubuntu/ros2_ws/src/build/camera/build/lib/tb_04
[6.876s] copying tb_04/camera.py -> /home/ubuntu/ros2_ws/src/build/camera/build/lib/tb_04
[6.877s] running install
[6.878s] running install_lib
[6.883s] creating /home/ubuntu/ros2_ws/src/install/camera/lib/python3.10/site-packages/tb_04
[6.884s] copying /home/ubuntu/ros2_ws/src/build/camera/build/lib/tb_04/__init__.py -> /home/ubuntu/ros2_ws/src/install/camera/lib/python3.10/site-packages/tb_04
[6.884s] copying /home/ubuntu/ros2_ws/src/build/camera/build/lib/tb_04/wheel_control.py -> /home/ubuntu/ros2_ws/src/install/camera/lib/python3.10/site-packages/tb_04
[6.889s] copying /home/ubuntu/ros2_ws/src/build/camera/build/lib/tb_04/camera.py -> /home/ubuntu/ros2_ws/src/install/camera/lib/python3.10/site-packages/tb_04
[6.892s] byte-compiling /home/ubuntu/ros2_ws/src/install/camera/lib/python3.10/site-packages/tb_04/__init__.py to __init__.cpython-310.pyc
[6.893s] byte-compiling /home/ubuntu/ros2_ws/src/install/camera/lib/python3.10/site-packages/tb_04/wheel_control.py to wheel_control.cpython-310.pyc
[6.896s] byte-compiling /home/ubuntu/ros2_ws/src/install/camera/lib/python3.10/site-packages/tb_04/camera.py to camera.cpython-310.pyc
[6.902s] running install_data
[6.902s] running install_egg_info
[6.911s] removing '/home/ubuntu/ros2_ws/src/install/camera/lib/python3.10/site-packages/camera-0.0.0-py3.10.egg-info' (and everything under it)
[6.914s] Copying ../build/camera/camera.egg-info to /home/ubuntu/ros2_ws/src/install/camera/lib/python3.10/site-packages/camera-0.0.0-py3.10.egg-info
[6.922s] running install_scripts
[7.018s] Installing camera script to /home/ubuntu/ros2_ws/src/install/camera/lib/tb_04
[7.019s] Installing wheels script to /home/ubuntu/ros2_ws/src/install/camera/lib/tb_04
[7.021s] writing list of installed files to '/home/ubuntu/ros2_ws/src/build/camera/install.log'
[7.215s] Invoked command in '/home/ubuntu/ros2_ws/src/tb_04' returned '0': PYTHONPATH=/home/ubuntu/ros2_ws/src/build/camera/prefix_override:/usr/lib/python3/dist-packages/colcon_core/task/python/colcon_distutils_commands:/home/ubuntu/ros2_ws/src/install/camera/lib/python3.10/site-packages:${PYTHONPATH} /usr/bin/python3 -W ignore:setup.py install is deprecated -W ignore:easy_install command is deprecated setup.py egg_info --egg-base ../build/camera build --build-base /home/ubuntu/ros2_ws/src/build/camera/build install --record /home/ubuntu/ros2_ws/src/build/camera/install.log --single-version-externally-managed install_data
