[15.967s] Invoking command in '/home/ubuntu/ros2_ws/src/camera_drive': PYTHONPATH=/home/ubuntu/ros2_ws/src/build/camera_drive/prefix_override:/usr/lib/python3/dist-packages/colcon_core/task/python/colcon_distutils_commands:/home/ubuntu/ros2_ws/src/install/camera_drive/lib/python3.10/site-packages:${PYTHONPATH} /usr/bin/python3 -W ignore:setup.py install is deprecated -W ignore:easy_install command is deprecated setup.py egg_info --egg-base ../build/camera_drive build --build-base /home/ubuntu/ros2_ws/src/build/camera_drive/build install --record /home/ubuntu/ros2_ws/src/build/camera_drive/install.log --single-version-externally-managed install_data
[20.863s] running egg_info
[20.870s] writing ../build/camera_drive/camera_drive.egg-info/PKG-INFO
[20.875s] writing dependency_links to ../build/camera_drive/camera_drive.egg-info/dependency_links.txt
[20.878s] writing entry points to ../build/camera_drive/camera_drive.egg-info/entry_points.txt
[20.882s] writing requirements to ../build/camera_drive/camera_drive.egg-info/requires.txt
[20.884s] writing top-level names to ../build/camera_drive/camera_drive.egg-info/top_level.txt
[20.918s] reading manifest file '../build/camera_drive/camera_drive.egg-info/SOURCES.txt'
[20.928s] writing manifest file '../build/camera_drive/camera_drive.egg-info/SOURCES.txt'
[20.930s] running build
[20.931s] running build_py
[20.944s] running install
[20.960s] running install_lib
[20.969s] running install_data
[20.980s] running install_egg_info
[20.993s] removing '/home/ubuntu/ros2_ws/src/install/camera_drive/lib/python3.10/site-packages/camera_drive-0.0.0-py3.10.egg-info' (and everything under it)
[20.998s] Copying ../build/camera_drive/camera_drive.egg-info to /home/ubuntu/ros2_ws/src/install/camera_drive/lib/python3.10/site-packages/camera_drive-0.0.0-py3.10.egg-info
[21.008s] running install_scripts
[21.251s] Installing camera_dive script to /home/ubuntu/ros2_ws/src/install/camera_drive/lib/camera_drive
[21.254s] writing list of installed files to '/home/ubuntu/ros2_ws/src/build/camera_drive/install.log'
[21.515s] Invoked command in '/home/ubuntu/ros2_ws/src/camera_drive' returned '0': PYTHONPATH=/home/ubuntu/ros2_ws/src/build/camera_drive/prefix_override:/usr/lib/python3/dist-packages/colcon_core/task/python/colcon_distutils_commands:/home/ubuntu/ros2_ws/src/install/camera_drive/lib/python3.10/site-packages:${PYTHONPATH} /usr/bin/python3 -W ignore:setup.py install is deprecated -W ignore:easy_install command is deprecated setup.py egg_info --egg-base ../build/camera_drive build --build-base /home/ubuntu/ros2_ws/src/build/camera_drive/build install --record /home/ubuntu/ros2_ws/src/build/camera_drive/install.log --single-version-externally-managed install_data
