[1.080s] DEBUG:colcon:Command line arguments: ['/usr/bin/colcon', 'build']
[1.081s] DEBUG:colcon:Parsed command line arguments: Namespace(log_base=None, log_level=None, verb_name='build', build_base='build', install_base='install', merge_install=False, symlink_install=False, test_result_base=None, continue_on_error=False, executor='parallel', parallel_workers=4, event_handlers=None, ignore_user_meta=False, metas=['./colcon.meta'], base_paths=['.'], packages_ignore=None, packages_ignore_regex=None, paths=None, packages_up_to=None, packages_up_to_regex=None, packages_above=None, packages_above_and_dependencies=None, packages_above_depth=None, packages_select_by_dep=None, packages_skip_by_dep=None, packages_skip_up_to=None, packages_select_build_failed=False, packages_skip_build_finished=False, packages_select_test_failures=False, packages_skip_test_passed=False, packages_select=None, packages_skip=None, packages_select_regex=None, packages_skip_regex=None, packages_start=None, packages_end=None, allow_overriding=[], cmake_args=None, cmake_target=None, cmake_target_skip_unavailable=False, cmake_clean_cache=False, cmake_clean_first=False, cmake_force_configure=False, ament_cmake_args=None, catkin_cmake_args=None, catkin_skip_building_tests=False, mixin_files=None, mixin=None, verb_parser=<colcon_mixin.mixin.mixin_argument.MixinArgumentDecorator object at 0xffff9ebd83d0>, verb_extension=<colcon_core.verb.build.BuildVerb object at 0xffff9eba3d90>, main=<bound method BuildVerb.main of <colcon_core.verb.build.BuildVerb object at 0xffff9eba3d90>>, mixin_verb=('build',))
[3.036s] Level 1:colcon.colcon_core.package_discovery:discover_packages(colcon_meta) check parameters
[3.036s] Level 1:colcon.colcon_core.package_discovery:discover_packages(recursive) check parameters
[3.037s] Level 1:colcon.colcon_core.package_discovery:discover_packages(ignore) check parameters
[3.038s] Level 1:colcon.colcon_core.package_discovery:discover_packages(path) check parameters
[3.038s] Level 1:colcon.colcon_core.package_discovery:discover_packages(colcon_meta) discover
[3.038s] Level 1:colcon.colcon_core.package_discovery:discover_packages(recursive) discover
[3.038s] INFO:colcon.colcon_core.package_discovery:Crawling recursively for packages in '/home/ubuntu/ros2_ws/src'
[3.040s] Level 1:colcon.colcon_core.package_identification:_identify(.) by extensions ['ignore', 'ignore_ament_install']
[3.042s] Level 1:colcon.colcon_core.package_identification:_identify(.) by extension 'ignore'
[3.043s] Level 1:colcon.colcon_core.package_identification:_identify(.) by extension 'ignore_ament_install'
[3.044s] Level 1:colcon.colcon_core.package_identification:_identify(.) by extensions ['colcon_pkg']
[3.044s] Level 1:colcon.colcon_core.package_identification:_identify(.) by extension 'colcon_pkg'
[3.045s] Level 1:colcon.colcon_core.package_identification:_identify(.) by extensions ['colcon_meta']
[3.045s] Level 1:colcon.colcon_core.package_identification:_identify(.) by extension 'colcon_meta'
[3.046s] Level 1:colcon.colcon_core.package_identification:_identify(.) by extensions ['ros']
[3.046s] Level 1:colcon.colcon_core.package_identification:_identify(.) by extension 'ros'
[3.190s] Level 1:colcon.colcon_core.package_identification:_identify(.) by extensions ['cmake', 'python']
[3.190s] Level 1:colcon.colcon_core.package_identification:_identify(.) by extension 'cmake'
[3.191s] Level 1:colcon.colcon_core.package_identification:_identify(.) by extension 'python'
[3.192s] Level 1:colcon.colcon_core.package_identification:_identify(.) by extensions ['python_setup_py']
[3.194s] Level 1:colcon.colcon_core.package_identification:_identify(.) by extension 'python_setup_py'
[3.194s] Level 1:colcon.colcon_core.package_identification:_identify(build) by extensions ['ignore', 'ignore_ament_install']
[3.195s] Level 1:colcon.colcon_core.package_identification:_identify(build) by extension 'ignore'
[3.195s] Level 1:colcon.colcon_core.package_identification:_identify(build) ignored
[3.199s] Level 1:colcon.colcon_core.package_identification:_identify(camera) by extensions ['ignore', 'ignore_ament_install']
[3.201s] Level 1:colcon.colcon_core.package_identification:_identify(camera) by extension 'ignore'
[3.202s] Level 1:colcon.colcon_core.package_identification:_identify(camera) by extension 'ignore_ament_install'
[3.203s] Level 1:colcon.colcon_core.package_identification:_identify(camera) by extensions ['colcon_pkg']
[3.203s] Level 1:colcon.colcon_core.package_identification:_identify(camera) by extension 'colcon_pkg'
[3.204s] Level 1:colcon.colcon_core.package_identification:_identify(camera) by extensions ['colcon_meta']
[3.204s] Level 1:colcon.colcon_core.package_identification:_identify(camera) by extension 'colcon_meta'
[3.204s] Level 1:colcon.colcon_core.package_identification:_identify(camera) by extensions ['ros']
[3.205s] Level 1:colcon.colcon_core.package_identification:_identify(camera) by extension 'ros'
[3.224s] DEBUG:colcon.colcon_core.package_identification:Package 'camera' with type 'ros.ament_python' and name 'camera'
[3.225s] Level 1:colcon.colcon_core.package_identification:_identify(install) by extensions ['ignore', 'ignore_ament_install']
[3.225s] Level 1:colcon.colcon_core.package_identification:_identify(install) by extension 'ignore'
[3.226s] Level 1:colcon.colcon_core.package_identification:_identify(install) ignored
[3.226s] Level 1:colcon.colcon_core.package_identification:_identify(log) by extensions ['ignore', 'ignore_ament_install']
[3.227s] Level 1:colcon.colcon_core.package_identification:_identify(log) by extension 'ignore'
[3.227s] Level 1:colcon.colcon_core.package_identification:_identify(log) ignored
[3.228s] Level 1:colcon.colcon_core.package_identification:_identify(wheels) by extensions ['ignore', 'ignore_ament_install']
[3.230s] Level 1:colcon.colcon_core.package_identification:_identify(wheels) by extension 'ignore'
[3.231s] Level 1:colcon.colcon_core.package_identification:_identify(wheels) by extension 'ignore_ament_install'
[3.232s] Level 1:colcon.colcon_core.package_identification:_identify(wheels) by extensions ['colcon_pkg']
[3.232s] Level 1:colcon.colcon_core.package_identification:_identify(wheels) by extension 'colcon_pkg'
[3.233s] Level 1:colcon.colcon_core.package_identification:_identify(wheels) by extensions ['colcon_meta']
[3.233s] Level 1:colcon.colcon_core.package_identification:_identify(wheels) by extension 'colcon_meta'
[3.234s] Level 1:colcon.colcon_core.package_identification:_identify(wheels) by extensions ['ros']
[3.234s] Level 1:colcon.colcon_core.package_identification:_identify(wheels) by extension 'ros'
[3.238s] DEBUG:colcon.colcon_core.package_identification:Package 'wheels' with type 'ros.ament_python' and name 'wheels'
[3.239s] Level 1:colcon.colcon_core.package_discovery:discover_packages(recursive) using defaults
[3.240s] Level 1:colcon.colcon_core.package_discovery:discover_packages(ignore) discover
[3.240s] Level 1:colcon.colcon_core.package_discovery:discover_packages(ignore) using defaults
[3.240s] Level 1:colcon.colcon_core.package_discovery:discover_packages(path) discover
[3.240s] Level 1:colcon.colcon_core.package_discovery:discover_packages(path) using defaults
[3.372s] Level 1:colcon.colcon_core.package_discovery:discover_packages(prefix_path) check parameters
[3.372s] Level 1:colcon.colcon_core.package_discovery:discover_packages(prefix_path) discover
[3.391s] DEBUG:colcon.colcon_installed_package_information.package_discovery:Found 2 installed packages in /home/ubuntu/ros2_ws/src/install
[3.403s] DEBUG:colcon.colcon_installed_package_information.package_discovery:Found 327 installed packages in /opt/ros/humble
[3.484s] Level 1:colcon.colcon_core.package_discovery:discover_packages(prefix_path) using defaults
[3.892s] Level 5:colcon.colcon_core.verb:set package 'camera' build argument 'cmake_args' from command line to 'None'
[3.892s] Level 5:colcon.colcon_core.verb:set package 'camera' build argument 'cmake_target' from command line to 'None'
[3.893s] Level 5:colcon.colcon_core.verb:set package 'camera' build argument 'cmake_target_skip_unavailable' from command line to 'False'
[3.893s] Level 5:colcon.colcon_core.verb:set package 'camera' build argument 'cmake_clean_cache' from command line to 'False'
[3.893s] Level 5:colcon.colcon_core.verb:set package 'camera' build argument 'cmake_clean_first' from command line to 'False'
[3.893s] Level 5:colcon.colcon_core.verb:set package 'camera' build argument 'cmake_force_configure' from command line to 'False'
[3.894s] Level 5:colcon.colcon_core.verb:set package 'camera' build argument 'ament_cmake_args' from command line to 'None'
[3.894s] Level 5:colcon.colcon_core.verb:set package 'camera' build argument 'catkin_cmake_args' from command line to 'None'
[3.894s] Level 5:colcon.colcon_core.verb:set package 'camera' build argument 'catkin_skip_building_tests' from command line to 'False'
[3.894s] DEBUG:colcon.colcon_core.verb:Building package 'camera' with the following arguments: {'ament_cmake_args': None, 'build_base': '/home/ubuntu/ros2_ws/src/build/camera', 'catkin_cmake_args': None, 'catkin_skip_building_tests': False, 'cmake_args': None, 'cmake_clean_cache': False, 'cmake_clean_first': False, 'cmake_force_configure': False, 'cmake_target': None, 'cmake_target_skip_unavailable': False, 'install_base': '/home/ubuntu/ros2_ws/src/install/camera', 'merge_install': False, 'path': '/home/ubuntu/ros2_ws/src/camera', 'symlink_install': False, 'test_result_base': None}
[3.897s] Level 5:colcon.colcon_core.verb:set package 'wheels' build argument 'cmake_args' from command line to 'None'
[3.897s] Level 5:colcon.colcon_core.verb:set package 'wheels' build argument 'cmake_target' from command line to 'None'
[3.898s] Level 5:colcon.colcon_core.verb:set package 'wheels' build argument 'cmake_target_skip_unavailable' from command line to 'False'
[3.899s] Level 5:colcon.colcon_core.verb:set package 'wheels' build argument 'cmake_clean_cache' from command line to 'False'
[3.899s] Level 5:colcon.colcon_core.verb:set package 'wheels' build argument 'cmake_clean_first' from command line to 'False'
[3.900s] Level 5:colcon.colcon_core.verb:set package 'wheels' build argument 'cmake_force_configure' from command line to 'False'
[3.900s] Level 5:colcon.colcon_core.verb:set package 'wheels' build argument 'ament_cmake_args' from command line to 'None'
[3.900s] Level 5:colcon.colcon_core.verb:set package 'wheels' build argument 'catkin_cmake_args' from command line to 'None'
[3.901s] Level 5:colcon.colcon_core.verb:set package 'wheels' build argument 'catkin_skip_building_tests' from command line to 'False'
[3.901s] DEBUG:colcon.colcon_core.verb:Building package 'wheels' with the following arguments: {'ament_cmake_args': None, 'build_base': '/home/ubuntu/ros2_ws/src/build/wheels', 'catkin_cmake_args': None, 'catkin_skip_building_tests': False, 'cmake_args': None, 'cmake_clean_cache': False, 'cmake_clean_first': False, 'cmake_force_configure': False, 'cmake_target': None, 'cmake_target_skip_unavailable': False, 'install_base': '/home/ubuntu/ros2_ws/src/install/wheels', 'merge_install': False, 'path': '/home/ubuntu/ros2_ws/src/wheels', 'symlink_install': False, 'test_result_base': None}
[3.903s] INFO:colcon.colcon_core.executor:Executing jobs using 'parallel' executor
[3.910s] DEBUG:colcon.colcon_parallel_executor.executor.parallel:run_until_complete
[3.912s] INFO:colcon.colcon_ros.task.ament_python.build:Building ROS package in '/home/ubuntu/ros2_ws/src/camera' with build type 'ament_python'
[3.918s] Level 1:colcon.colcon_core.shell:create_environment_hook('camera', 'ament_prefix_path')
[3.936s] INFO:colcon.colcon_core.plugin_system:Skipping extension 'colcon_core.shell.bat': Not used on non-Windows systems
[3.938s] INFO:colcon.colcon_core.shell:Creating environment hook '/home/ubuntu/ros2_ws/src/install/camera/share/camera/hook/ament_prefix_path.ps1'
[3.942s] INFO:colcon.colcon_core.shell:Creating environment descriptor '/home/ubuntu/ros2_ws/src/install/camera/share/camera/hook/ament_prefix_path.dsv'
[3.945s] INFO:colcon.colcon_core.shell:Creating environment hook '/home/ubuntu/ros2_ws/src/install/camera/share/camera/hook/ament_prefix_path.sh'
[3.949s] INFO:colcon.colcon_core.shell:Skip shell extension 'powershell' for command environment: Not usable outside of PowerShell
[3.949s] DEBUG:colcon.colcon_core.shell:Skip shell extension 'dsv' for command environment
[3.979s] INFO:colcon.colcon_ros.task.ament_python.build:Building ROS package in '/home/ubuntu/ros2_ws/src/wheels' with build type 'ament_python'
[3.980s] Level 1:colcon.colcon_core.shell:create_environment_hook('wheels', 'ament_prefix_path')
[3.982s] INFO:colcon.colcon_core.shell:Creating environment hook '/home/ubuntu/ros2_ws/src/install/wheels/share/wheels/hook/ament_prefix_path.ps1'
[3.987s] INFO:colcon.colcon_core.shell:Creating environment descriptor '/home/ubuntu/ros2_ws/src/install/wheels/share/wheels/hook/ament_prefix_path.dsv'
[3.990s] INFO:colcon.colcon_core.shell:Creating environment hook '/home/ubuntu/ros2_ws/src/install/wheels/share/wheels/hook/ament_prefix_path.sh'
[3.994s] INFO:colcon.colcon_core.shell:Skip shell extension 'powershell' for command environment: Not usable outside of PowerShell
[3.994s] DEBUG:colcon.colcon_core.shell:Skip shell extension 'dsv' for command environment
[6.954s] INFO:colcon.colcon_core.task.python.build:Building Python package in '/home/ubuntu/ros2_ws/src/camera'
[6.956s] INFO:colcon.colcon_core.shell:Skip shell extension 'powershell' for command environment: Not usable outside of PowerShell
[6.959s] DEBUG:colcon.colcon_core.shell:Skip shell extension 'dsv' for command environment
[9.930s] INFO:colcon.colcon_core.task.python.build:Building Python package in '/home/ubuntu/ros2_ws/src/wheels'
[9.932s] INFO:colcon.colcon_core.shell:Skip shell extension 'powershell' for command environment: Not usable outside of PowerShell
[9.934s] DEBUG:colcon.colcon_core.shell:Skip shell extension 'dsv' for command environment
[13.719s] DEBUG:colcon.colcon_core.event_handler.log_command:Invoking command in '/home/ubuntu/ros2_ws/src/camera': PYTHONPATH=/home/ubuntu/ros2_ws/src/build/camera/prefix_override:/usr/lib/python3/dist-packages/colcon_core/task/python/colcon_distutils_commands:/home/ubuntu/ros2_ws/src/install/camera/lib/python3.10/site-packages:${PYTHONPATH} /usr/bin/python3 -W ignore:setup.py install is deprecated -W ignore:easy_install command is deprecated setup.py egg_info --egg-base ../build/camera build --build-base /home/ubuntu/ros2_ws/src/build/camera/build install --record /home/ubuntu/ros2_ws/src/build/camera/install.log --single-version-externally-managed install_data
[13.936s] DEBUG:colcon.colcon_core.event_handler.log_command:Invoking command in '/home/ubuntu/ros2_ws/src/wheels': PYTHONPATH=/home/ubuntu/ros2_ws/src/build/wheels/prefix_override:/usr/lib/python3/dist-packages/colcon_core/task/python/colcon_distutils_commands:/home/ubuntu/ros2_ws/src/install/wheels/lib/python3.10/site-packages:${PYTHONPATH} /usr/bin/python3 -W ignore:setup.py install is deprecated -W ignore:easy_install command is deprecated setup.py egg_info --egg-base ../build/wheels build --build-base /home/ubuntu/ros2_ws/src/build/wheels/build install --record /home/ubuntu/ros2_ws/src/build/wheels/install.log --single-version-externally-managed install_data
[17.073s] DEBUG:colcon.colcon_core.event_handler.log_command:Invoked command in '/home/ubuntu/ros2_ws/src/camera' returned '0': PYTHONPATH=/home/ubuntu/ros2_ws/src/build/camera/prefix_override:/usr/lib/python3/dist-packages/colcon_core/task/python/colcon_distutils_commands:/home/ubuntu/ros2_ws/src/install/camera/lib/python3.10/site-packages:${PYTHONPATH} /usr/bin/python3 -W ignore:setup.py install is deprecated -W ignore:easy_install command is deprecated setup.py egg_info --egg-base ../build/camera build --build-base /home/ubuntu/ros2_ws/src/build/camera/build install --record /home/ubuntu/ros2_ws/src/build/camera/install.log --single-version-externally-managed install_data
[17.118s] Level 1:colcon.colcon_core.environment:checking '/home/ubuntu/ros2_ws/src/install/camera' for CMake module files
[17.123s] Level 1:colcon.colcon_core.environment:checking '/home/ubuntu/ros2_ws/src/install/camera' for CMake config files
[17.131s] Level 1:colcon.colcon_core.environment:checking '/home/ubuntu/ros2_ws/src/install/camera/lib'
[17.141s] Level 1:colcon.colcon_core.environment:checking '/home/ubuntu/ros2_ws/src/install/camera/bin'
[17.142s] Level 1:colcon.colcon_core.environment:checking '/home/ubuntu/ros2_ws/src/install/camera/lib/pkgconfig/camera.pc'
[17.144s] Level 1:colcon.colcon_core.environment:checking '/home/ubuntu/ros2_ws/src/install/camera/lib/python3.10/site-packages'
[17.145s] Level 1:colcon.colcon_core.shell:create_environment_hook('camera', 'pythonpath')
[17.163s] INFO:colcon.colcon_core.shell:Creating environment hook '/home/ubuntu/ros2_ws/src/install/camera/share/camera/hook/pythonpath.ps1'
[17.173s] INFO:colcon.colcon_core.shell:Creating environment descriptor '/home/ubuntu/ros2_ws/src/install/camera/share/camera/hook/pythonpath.dsv'
[17.180s] INFO:colcon.colcon_core.shell:Creating environment hook '/home/ubuntu/ros2_ws/src/install/camera/share/camera/hook/pythonpath.sh'
[17.183s] Level 1:colcon.colcon_core.environment:checking '/home/ubuntu/ros2_ws/src/install/camera/bin'
[17.184s] Level 1:colcon.colcon_core.environment:create_environment_scripts_only(camera)
[17.186s] INFO:colcon.colcon_core.shell:Creating package script '/home/ubuntu/ros2_ws/src/install/camera/share/camera/package.ps1'
[17.191s] INFO:colcon.colcon_core.shell:Creating package descriptor '/home/ubuntu/ros2_ws/src/install/camera/share/camera/package.dsv'
[17.198s] INFO:colcon.colcon_core.shell:Creating package script '/home/ubuntu/ros2_ws/src/install/camera/share/camera/package.sh'
[17.207s] INFO:colcon.colcon_core.shell:Creating package script '/home/ubuntu/ros2_ws/src/install/camera/share/camera/package.bash'
[17.213s] INFO:colcon.colcon_core.shell:Creating package script '/home/ubuntu/ros2_ws/src/install/camera/share/camera/package.zsh'
[17.219s] Level 1:colcon.colcon_core.environment:create_file_with_runtime_dependencies(/home/ubuntu/ros2_ws/src/install/camera/share/colcon-core/packages/camera)
[17.230s] Level 1:colcon.colcon_core.environment:checking '/home/ubuntu/ros2_ws/src/install/wheels' for CMake module files
[17.232s] DEBUG:colcon.colcon_core.event_handler.log_command:Invoked command in '/home/ubuntu/ros2_ws/src/wheels' returned '0': PYTHONPATH=/home/ubuntu/ros2_ws/src/build/wheels/prefix_override:/usr/lib/python3/dist-packages/colcon_core/task/python/colcon_distutils_commands:/home/ubuntu/ros2_ws/src/install/wheels/lib/python3.10/site-packages:${PYTHONPATH} /usr/bin/python3 -W ignore:setup.py install is deprecated -W ignore:easy_install command is deprecated setup.py egg_info --egg-base ../build/wheels build --build-base /home/ubuntu/ros2_ws/src/build/wheels/build install --record /home/ubuntu/ros2_ws/src/build/wheels/install.log --single-version-externally-managed install_data
[17.238s] Level 1:colcon.colcon_core.environment:checking '/home/ubuntu/ros2_ws/src/install/wheels' for CMake config files
[17.243s] Level 1:colcon.colcon_core.environment:checking '/home/ubuntu/ros2_ws/src/install/wheels/lib'
[17.244s] Level 1:colcon.colcon_core.environment:checking '/home/ubuntu/ros2_ws/src/install/wheels/bin'
[17.245s] Level 1:colcon.colcon_core.environment:checking '/home/ubuntu/ros2_ws/src/install/wheels/lib/pkgconfig/wheels.pc'
[17.246s] Level 1:colcon.colcon_core.environment:checking '/home/ubuntu/ros2_ws/src/install/wheels/lib/python3.10/site-packages'
[17.247s] Level 1:colcon.colcon_core.shell:create_environment_hook('wheels', 'pythonpath')
[17.248s] INFO:colcon.colcon_core.shell:Creating environment hook '/home/ubuntu/ros2_ws/src/install/wheels/share/wheels/hook/pythonpath.ps1'
[17.251s] INFO:colcon.colcon_core.shell:Creating environment descriptor '/home/ubuntu/ros2_ws/src/install/wheels/share/wheels/hook/pythonpath.dsv'
[17.255s] INFO:colcon.colcon_core.shell:Creating environment hook '/home/ubuntu/ros2_ws/src/install/wheels/share/wheels/hook/pythonpath.sh'
[17.262s] Level 1:colcon.colcon_core.environment:checking '/home/ubuntu/ros2_ws/src/install/wheels/bin'
[17.263s] Level 1:colcon.colcon_core.environment:create_environment_scripts_only(wheels)
[17.269s] INFO:colcon.colcon_core.shell:Creating package script '/home/ubuntu/ros2_ws/src/install/wheels/share/wheels/package.ps1'
[17.272s] INFO:colcon.colcon_core.shell:Creating package descriptor '/home/ubuntu/ros2_ws/src/install/wheels/share/wheels/package.dsv'
[17.276s] INFO:colcon.colcon_core.shell:Creating package script '/home/ubuntu/ros2_ws/src/install/wheels/share/wheels/package.sh'
[17.282s] INFO:colcon.colcon_core.shell:Creating package script '/home/ubuntu/ros2_ws/src/install/wheels/share/wheels/package.bash'
[17.285s] INFO:colcon.colcon_core.shell:Creating package script '/home/ubuntu/ros2_ws/src/install/wheels/share/wheels/package.zsh'
[17.290s] Level 1:colcon.colcon_core.environment:create_file_with_runtime_dependencies(/home/ubuntu/ros2_ws/src/install/wheels/share/colcon-core/packages/wheels)
[17.307s] DEBUG:colcon.colcon_parallel_executor.executor.parallel:closing loop
[17.308s] DEBUG:colcon.colcon_parallel_executor.executor.parallel:loop closed
[17.310s] DEBUG:colcon.colcon_parallel_executor.executor.parallel:run_until_complete finished with '0'
[17.316s] DEBUG:colcon.colcon_core.event_reactor:joining thread
[17.370s] INFO:colcon.colcon_core.plugin_system:Skipping extension 'colcon_notification.desktop_notification.notify_send': Could not find 'notify-send'
[17.371s] INFO:colcon.colcon_core.plugin_system:Skipping extension 'colcon_notification.desktop_notification.terminal_notifier': Not used on non-Darwin systems
[17.371s] INFO:colcon.colcon_core.plugin_system:Skipping extension 'colcon_notification.desktop_notification.win32': Not used on non-Windows systems
[17.371s] INFO:colcon.colcon_notification.desktop_notification:Sending desktop notification using 'notify2'
[17.374s] DEBUG:colcon.colcon_notification.desktop_notification.notify2:Failed to initialize notify2: org.freedesktop.DBus.Error.ServiceUnknown: The name org.freedesktop.Notifications was not provided by any .service files
[17.374s] DEBUG:colcon.colcon_core.event_reactor:joined thread
[17.375s] INFO:colcon.colcon_core.shell:Creating prefix script '/home/ubuntu/ros2_ws/src/install/local_setup.ps1'
[17.379s] INFO:colcon.colcon_core.shell:Creating prefix util module '/home/ubuntu/ros2_ws/src/install/_local_setup_util_ps1.py'
[17.395s] INFO:colcon.colcon_core.shell:Creating prefix chain script '/home/ubuntu/ros2_ws/src/install/setup.ps1'
[17.403s] INFO:colcon.colcon_core.shell:Creating prefix script '/home/ubuntu/ros2_ws/src/install/local_setup.sh'
[17.413s] INFO:colcon.colcon_core.shell:Creating prefix util module '/home/ubuntu/ros2_ws/src/install/_local_setup_util_sh.py'
[17.420s] INFO:colcon.colcon_core.shell:Creating prefix chain script '/home/ubuntu/ros2_ws/src/install/setup.sh'
[17.426s] INFO:colcon.colcon_core.shell:Creating prefix script '/home/ubuntu/ros2_ws/src/install/local_setup.bash'
[17.430s] INFO:colcon.colcon_core.shell:Creating prefix chain script '/home/ubuntu/ros2_ws/src/install/setup.bash'
[17.441s] INFO:colcon.colcon_core.shell:Creating prefix script '/home/ubuntu/ros2_ws/src/install/local_setup.zsh'
[17.448s] INFO:colcon.colcon_core.shell:Creating prefix chain script '/home/ubuntu/ros2_ws/src/install/setup.zsh'
