[5.532s] Invoking command in '/home/ubuntu/ros2_ws/src/wheels': PYTHONPATH=/home/ubuntu/ros2_ws/src/build/wheels/prefix_override:/usr/lib/python3/dist-packages/colcon_core/task/python/colcon_distutils_commands:/home/ubuntu/ros2_ws/src/install/wheels/lib/python3.10/site-packages:${PYTHONPATH} /usr/bin/python3 -W ignore:setup.py install is deprecated -W ignore:easy_install command is deprecated setup.py egg_info --egg-base ../build/wheels build --build-base /home/ubuntu/ros2_ws/src/build/wheels/build install --record /home/ubuntu/ros2_ws/src/build/wheels/install.log --single-version-externally-managed install_data
[6.966s] running egg_info
[6.968s] writing ../build/wheels/wheels.egg-info/PKG-INFO
[6.969s] writing dependency_links to ../build/wheels/wheels.egg-info/dependency_links.txt
[6.971s] writing entry points to ../build/wheels/wheels.egg-info/entry_points.txt
[6.972s] writing requirements to ../build/wheels/wheels.egg-info/requires.txt
[6.973s] writing top-level names to ../build/wheels/wheels.egg-info/top_level.txt
[6.982s] reading manifest file '../build/wheels/wheels.egg-info/SOURCES.txt'
[6.987s] writing manifest file '../build/wheels/wheels.egg-info/SOURCES.txt'
[6.988s] running build
[6.989s] running build_py
[6.991s] running install
[6.992s] running install_lib
[6.998s] running install_data
[6.999s] running install_egg_info
[7.008s] removing '/home/ubuntu/ros2_ws/src/install/wheels/lib/python3.10/site-packages/wheels-0.0.0-py3.10.egg-info' (and everything under it)
[7.011s] Copying ../build/wheels/wheels.egg-info to /home/ubuntu/ros2_ws/src/install/wheels/lib/python3.10/site-packages/wheels-0.0.0-py3.10.egg-info
[7.019s] running install_scripts
[7.128s] Installing wheels script to /home/ubuntu/ros2_ws/src/install/wheels/lib/wheels
[7.130s] writing list of installed files to '/home/ubuntu/ros2_ws/src/build/wheels/install.log'
[7.355s] Invoked command in '/home/ubuntu/ros2_ws/src/wheels' returned '0': PYTHONPATH=/home/ubuntu/ros2_ws/src/build/wheels/prefix_override:/usr/lib/python3/dist-packages/colcon_core/task/python/colcon_distutils_commands:/home/ubuntu/ros2_ws/src/install/wheels/lib/python3.10/site-packages:${PYTHONPATH} /usr/bin/python3 -W ignore:setup.py install is deprecated -W ignore:easy_install command is deprecated setup.py egg_info --egg-base ../build/wheels build --build-base /home/ubuntu/ros2_ws/src/build/wheels/build install --record /home/ubuntu/ros2_ws/src/build/wheels/install.log --single-version-externally-managed install_data
