[5.688s] Invoking command in '/home/ubuntu/ros2_ws/src/wheels': PYTHONPATH=/home/ubuntu/ros2_ws/src/build/wheels/prefix_override:/usr/lib/python3/dist-packages/colcon_core/task/python/colcon_distutils_commands:/home/ubuntu/ros2_ws/src/install/wheels/lib/python3.10/site-packages:${PYTHONPATH} /usr/bin/python3 -W ignore:setup.py install is deprecated -W ignore:easy_install command is deprecated setup.py egg_info --egg-base ../build/wheels build --build-base /home/ubuntu/ros2_ws/src/build/wheels/build install --record /home/ubuntu/ros2_ws/src/build/wheels/install.log --single-version-externally-managed install_data
[7.058s] running egg_info
[7.064s] writing ../build/wheels/wheels.egg-info/PKG-INFO
[7.066s] writing dependency_links to ../build/wheels/wheels.egg-info/dependency_links.txt
[7.071s] writing entry points to ../build/wheels/wheels.egg-info/entry_points.txt
[7.073s] writing requirements to ../build/wheels/wheels.egg-info/requires.txt
[7.074s] writing top-level names to ../build/wheels/wheels.egg-info/top_level.txt
[7.087s] reading manifest file '../build/wheels/wheels.egg-info/SOURCES.txt'
[7.093s] writing manifest file '../build/wheels/wheels.egg-info/SOURCES.txt'
[7.094s] running build
[7.096s] running build_py
[7.098s] copying wheels/wheel_control.py -> /home/ubuntu/ros2_ws/src/build/wheels/build/lib/wheels
[7.098s] running install
[7.102s] running install_lib
[7.105s] copying /home/ubuntu/ros2_ws/src/build/wheels/build/lib/wheels/wheel_control.py -> /home/ubuntu/ros2_ws/src/install/wheels/lib/python3.10/site-packages/wheels
[7.111s] byte-compiling /home/ubuntu/ros2_ws/src/install/wheels/lib/python3.10/site-packages/wheels/wheel_control.py to wheel_control.cpython-310.pyc
[7.115s] running install_data
[7.116s] running install_egg_info
[7.128s] removing '/home/ubuntu/ros2_ws/src/install/wheels/lib/python3.10/site-packages/wheels-0.0.0-py3.10.egg-info' (and everything under it)
[7.132s] Copying ../build/wheels/wheels.egg-info to /home/ubuntu/ros2_ws/src/install/wheels/lib/python3.10/site-packages/wheels-0.0.0-py3.10.egg-info
[7.137s] running install_scripts
[7.258s] Installing wheels script to /home/ubuntu/ros2_ws/src/install/wheels/lib/wheels
[7.262s] writing list of installed files to '/home/ubuntu/ros2_ws/src/build/wheels/install.log'
[7.401s] Invoked command in '/home/ubuntu/ros2_ws/src/wheels' returned '0': PYTHONPATH=/home/ubuntu/ros2_ws/src/build/wheels/prefix_override:/usr/lib/python3/dist-packages/colcon_core/task/python/colcon_distutils_commands:/home/ubuntu/ros2_ws/src/install/wheels/lib/python3.10/site-packages:${PYTHONPATH} /usr/bin/python3 -W ignore:setup.py install is deprecated -W ignore:easy_install command is deprecated setup.py egg_info --egg-base ../build/wheels build --build-base /home/ubuntu/ros2_ws/src/build/wheels/build install --record /home/ubuntu/ros2_ws/src/build/wheels/install.log --single-version-externally-managed install_data
